"An account was successfully logged on.

Subject:
	Security ID:		S-1-0-0
	Account Name:		-
	Account Domain:		-
	Logon ID:		0x0

Logon Type:			3

Impersonation Level:		Impersonation

New Logon:
	Security ID:		S-1-5-18
	Account Name:		HOME-DC1$
	Account Domain:		HOME
	Logon ID:		0xF484E65
	Logon GUID:		{12A32994-4635-0429-C146-028E3A9C03D6}

Process Information:
	Process ID:		0x0
	Process Name:		-

Network Information:
	Workstation Name:	
	Source Network Address:	::1
	Source Port:		52602

Detailed Authentication Information:
	Logon Process:		Kerberos
	Authentication Package:	Kerberos
	Transited Services:	-
	Package Name (NTLM only):	-
	Key Length:		0

This event is generated when a logon session is created. It is generated on the computer that was accessed.

The subject fields indicate the account on the local system which requested the logon. This is most commonly a service such as the Server service, or a local process such as Winlogon.exe or Services.exe.

The logon type field indicates the kind of logon that occurred. The most common types are 2 (interactive) and 3 (network).

The New Logon fields indicate the account for whom the new logon was created, i.e. the account that was logged on.

The network fields indicate where a remote logon request originated. Workstation name is not always available and may be left blank in some cases.

The impersonation level field indicates the extent to which a process in the logon session can impersonate.

The authentication information fields provide detailed information about this specific logon request.
	- Logon GUID is a unique identifier that can be used to correlate this event with a KDC event.
	- Transited services indicate which intermediate services have participated in this logon request.
	- Package name indicates which sub-protocol was used among the NTLM protocols.
	- Key length indicates the length of the generated session key. This will be 0 if no session key was requested.","S-1-5-18","HOME-DC1$","HOME","0xf484e65","3","4624","1",,"0","12544","0","-9214364837600034816","1052512","Microsoft-Windows-Security-Auditing","54849625-5478-4994-a5ba-3e3b0328c30d","Security","0x0","1788","home-dc1.home.local",,"11/28/2016 11:19:13 PM",,,"security","","System.Diagnostics.Eventing.Reader.EventBookmark","Information","Info","Logon","Audit Success","System.Diagnostics.Eventing.Reader.EventProperty System.Diagnostics.Eventing.Reader.EventProperty System.Diagnostics.Eventing.Reader.EventProperty System.Diagnostics.Eventing.Reader.EventProperty System.Diagnostics.Eventing.Reader.EventProperty System.Diagnostics.Eventing.Reader.EventProperty System.Diagnostics.Eventing.Reader.EventProperty System.Diagnostics.Eventing.Reader.EventProperty System.Diagnostics.Eventing.Reader.EventProperty System.Diagnostics.Eventing.Reader.EventProperty System.Diagnostics.Eventing.Reader.EventProperty System.Diagnostics.Eventing.Reader.EventProperty System.Diagnostics.Eventing.Reader.EventProperty System.Diagnostics.Eventing.Reader.EventProperty System.Diagnostics.Eventing.Reader.EventProperty System.Diagnostics.Eventing.Reader.EventProperty System.Diagnostics.Eventing.Reader.EventProperty System.Diagnostics.Eventing.Reader.EventProperty System.Diagnostics.Eventing.Reader.EventProperty System.Diagnostics.Eventing.Reader.EventProperty System.Diagnostics.Eventing.Reader.EventProperty","home-dc1","aee3f3ab-df13-4a6d-9a89-0a0b03c26c4d","True"
"An account was logged off.

Subject:
	Security ID:		S-1-5-18
	Account Name:		HOME-DC1$
	Account Domain:		HOME
	Logon ID:		0xF484012

Logon Type:			3

This event is generated when a logon session is destroyed. It may be positively correlated with a logon event using the Logon ID value. Logon IDs are only unique between reboots on the same computer.","S-1-5-18","HOME-DC1$","HOME","0xf484012","3","4634","0",,"0","12545","0","-9214364837600034816","1052508","Microsoft-Windows-Security-Auditing","54849625-5478-4994-a5ba-3e3b0328c30d","Security","468","2936","home-dc1.home.local",,"11/28/2016 11:18:13 PM",,,"security","","System.Diagnostics.Eventing.Reader.EventBookmark","Information","Info","Logoff","Audit Success","System.Diagnostics.Eventing.Reader.EventProperty System.Diagnostics.Eventing.Reader.EventProperty System.Diagnostics.Eventing.Reader.EventProperty System.Diagnostics.Eventing.Reader.EventProperty System.Diagnostics.Eventing.Reader.EventProperty","home-dc1","aee3f3ab-df13-4a6d-9a89-0a0b03c26c4d","True"
"An account was successfully logged on.

Subject:
	Security ID:		S-1-0-0
	Account Name:		-
	Account Domain:		-
	Logon ID:		0x0

Logon Type:			3

Impersonation Level:		Impersonation

New Logon:
	Security ID:		S-1-5-18
	Account Name:		HOME-DC1$
	Account Domain:		HOME
	Logon ID:		0xF484012
	Logon GUID:		{12A32994-4635-0429-C146-028E3A9C03D6}

Process Information:
	Process ID:		0x0
	Process Name:		-

Network Information:
	Workstation Name:	
	Source Network Address:	::1
	Source Port:		52601

Detailed Authentication Information:
	Logon Process:		Kerberos
	Authentication Package:	Kerberos
	Transited Services:	-
	Package Name (NTLM only):	-
	Key Length:		0

This event is generated when a logon session is created. It is generated on the computer that was accessed.

The subject fields indicate the account on the local system which requested the logon. This is most commonly a service such as the Server service, or a local process such as Winlogon.exe or Services.exe.

The logon type field indicates the kind of logon that occurred. The most common types are 2 (interactive) and 3 (network).

The New Logon fields indicate the account for whom the new logon was created, i.e. the account that was logged on.

The network fields indicate where a remote logon request originated. Workstation name is not always available and may be left blank in some cases.

The impersonation level field indicates the extent to which a process in the logon session can impersonate.

The authentication information fields provide detailed information about this specific logon request.
	- Logon GUID is a unique identifier that can be used to correlate this event with a KDC event.
	- Transited services indicate which intermediate services have participated in this logon request.
	- Package name indicates which sub-protocol was used among the NTLM protocols.
	- Key length indicates the length of the generated session key. This will be 0 if no session key was requested.","S-1-5-18","HOME-DC1$","HOME","0xf484012","3","4624","1",,"0","12544","0","-9214364837600034816","1052507","Microsoft-Windows-Security-Auditing","54849625-5478-4994-a5ba-3e3b0328c30d","Security","0x0","1788","home-dc1.home.local",,"11/28/2016 11:18:13 PM",,,"security","","System.Diagnostics.Eventing.Reader.EventBookmark","Information","Info","Logon","Audit Success","System.Diagnostics.Eventing.Reader.EventProperty System.Diagnostics.Eventing.Reader.EventProperty System.Diagnostics.Eventing.Reader.EventProperty System.Diagnostics.Eventing.Reader.EventProperty System.Diagnostics.Eventing.Reader.EventProperty System.Diagnostics.Eventing.Reader.EventProperty System.Diagnostics.Eventing.Reader.EventProperty System.Diagnostics.Eventing.Reader.EventProperty System.Diagnostics.Eventing.Reader.EventProperty System.Diagnostics.Eventing.Reader.EventProperty System.Diagnostics.Eventing.Reader.EventProperty System.Diagnostics.Eventing.Reader.EventProperty System.Diagnostics.Eventing.Reader.EventProperty System.Diagnostics.Eventing.Reader.EventProperty System.Diagnostics.Eventing.Reader.EventProperty System.Diagnostics.Eventing.Reader.EventProperty System.Diagnostics.Eventing.Reader.EventProperty System.Diagnostics.Eventing.Reader.EventProperty System.Diagnostics.Eventing.Reader.EventProperty System.Diagnostics.Eventing.Reader.EventProperty System.Diagnostics.Eventing.Reader.EventProperty","home-dc1","aee3f3ab-df13-4a6d-9a89-0a0b03c26c4d","True"
"An account was logged off.

Subject:
	Security ID:		S-1-5-21-1465889373-2168228904-3323032715-500
	Account Name:		DoD_Admin
	Account Domain:		HOME
	Logon ID:		0xF47E81E

Logon Type:			3

This event is generated when a logon session is destroyed. It may be positively correlated with a logon event using the Logon ID value. Logon IDs are only unique between reboots on the same computer.","S-1-5-21-1465889373-2168228904-3323032715-500","DoD_Admin","HOME","0xf47e81e","3","4634","0",,"0","12545","0","-9214364837600034816","1052505","Microsoft-Windows-Security-Auditing","54849625-5478-4994-a5ba-3e3b0328c30d","Security","468","2936","home-dc1.home.local",,"11/28/2016 11:17:55 PM",,,"security","","System.Diagnostics.Eventing.Reader.EventBookmark","Information","Info","Logoff","Audit Success","System.Diagnostics.Eventing.Reader.EventProperty System.Diagnostics.Eventing.Reader.EventProperty System.Diagnostics.Eventing.Reader.EventProperty System.Diagnostics.Eventing.Reader.EventProperty System.Diagnostics.Eventing.Reader.EventProperty","home-dc1","aee3f3ab-df13-4a6d-9a89-0a0b03c26c4d","True"
"An account was successfully logged on.

Subject:
	Security ID:		S-1-0-0
	Account Name:		-
	Account Domain:		-
	Logon ID:		0x0

Logon Type:			3

Impersonation Level:		Delegation

New Logon:
	Security ID:		S-1-5-21-1465889373-2168228904-3323032715-500
	Account Name:		DoD_Admin
	Account Domain:		HOME
	Logon ID:		0xF47E81E
	Logon GUID:		{CC2E1D88-9298-0D67-8E41-8B3FF1FDF4EF}

Process Information:
	Process ID:		0x0
	Process Name:		-

Network Information:
	Workstation Name:	
	Source Network Address:	-
	Source Port:		-

Detailed Authentication Information:
	Logon Process:		Kerberos
	Authentication Package:	Kerberos
	Transited Services:	-
	Package Name (NTLM only):	-
	Key Length:		0

This event is generated when a logon session is created. It is generated on the computer that was accessed.

The subject fields indicate the account on the local system which requested the logon. This is most commonly a service such as the Server service, or a local process such as Winlogon.exe or Services.exe.

The logon type field indicates the kind of logon that occurred. The most common types are 2 (interactive) and 3 (network).

The New Logon fields indicate the account for whom the new logon was created, i.e. the account that was logged on.

The network fields indicate where a remote logon request originated. Workstation name is not always available and may be left blank in some cases.

The impersonation level field indicates the extent to which a process in the logon session can impersonate.

The authentication information fields provide detailed information about this specific logon request.
	- Logon GUID is a unique identifier that can be used to correlate this event with a KDC event.
	- Transited services indicate which intermediate services have participated in this logon request.
	- Package name indicates which sub-protocol was used among the NTLM protocols.
	- Key length indicates the length of the generated session key. This will be 0 if no session key was requested.","S-1-5-21-1465889373-2168228904-3323032715-500","DoD_Admin","HOME","0xf47e81e","3","4624","1",,"0","12544","0","-9214364837600034816","1052504","Microsoft-Windows-Security-Auditing","54849625-5478-4994-a5ba-3e3b0328c30d","Security","0x0","4500","home-dc1.home.local",,"11/28/2016 11:17:51 PM",,,"security","","System.Diagnostics.Eventing.Reader.EventBookmark","Information","Info","Logon","Audit Success","System.Diagnostics.Eventing.Reader.EventProperty System.Diagnostics.Eventing.Reader.EventProperty System.Diagnostics.Eventing.Reader.EventProperty System.Diagnostics.Eventing.Reader.EventProperty System.Diagnostics.Eventing.Reader.EventProperty System.Diagnostics.Eventing.Reader.EventProperty System.Diagnostics.Eventing.Reader.EventProperty System.Diagnostics.Eventing.Reader.EventProperty System.Diagnostics.Eventing.Reader.EventProperty System.Diagnostics.Eventing.Reader.EventProperty System.Diagnostics.Eventing.Reader.EventProperty System.Diagnostics.Eventing.Reader.EventProperty System.Diagnostics.Eventing.Reader.EventProperty System.Diagnostics.Eventing.Reader.EventProperty System.Diagnostics.Eventing.Reader.EventProperty System.Diagnostics.Eventing.Reader.EventProperty System.Diagnostics.Eventing.Reader.EventProperty System.Diagnostics.Eventing.Reader.EventProperty System.Diagnostics.Eventing.Reader.EventProperty System.Diagnostics.Eventing.Reader.EventProperty System.Diagnostics.Eventing.Reader.EventProperty","home-dc1","aee3f3ab-df13-4a6d-9a89-0a0b03c26c4d","True"
"An account was logged off.

Subject:
	Security ID:		S-1-5-21-1465889373-2168228904-3323032715-500
	Account Name:		DoD_Admin
	Account Domain:		HOME
	Logon ID:		0xF45D268

Logon Type:			3

This event is generated when a logon session is destroyed. It may be positively correlated with a logon event using the Logon ID value. Logon IDs are only unique between reboots on the same computer.","S-1-5-21-1465889373-2168228904-3323032715-500","DoD_Admin","HOME","0xf45d268","3","4634","0",,"0","12545","0","-9214364837600034816","1052497","Microsoft-Windows-Security-Auditing","54849625-5478-4994-a5ba-3e3b0328c30d","Security","468","4500","home-dc1.home.local",,"11/28/2016 11:17:51 PM",,,"security","","System.Diagnostics.Eventing.Reader.EventBookmark","Information","Info","Logoff","Audit Success","System.Diagnostics.Eventing.Reader.EventProperty System.Diagnostics.Eventing.Reader.EventProperty System.Diagnostics.Eventing.Reader.EventProperty System.Diagnostics.Eventing.Reader.EventProperty System.Diagnostics.Eventing.Reader.EventProperty","home-dc1","aee3f3ab-df13-4a6d-9a89-0a0b03c26c4d","True"
"An account was successfully logged on.

Subject:
	Security ID:		S-1-0-0
	Account Name:		-
	Account Domain:		-
	Logon ID:		0x0

Logon Type:			3

Impersonation Level:		Delegation

New Logon:
	Security ID:		S-1-5-21-1465889373-2168228904-3323032715-500
	Account Name:		DoD_Admin
	Account Domain:		HOME
	Logon ID:		0xF47DD00
	Logon GUID:		{CC2E1D88-9298-0D67-8E41-8B3FF1FDF4EF}

Process Information:
	Process ID:		0x0
	Process Name:		-

Network Information:
	Workstation Name:	
	Source Network Address:	-
	Source Port:		-

Detailed Authentication Information:
	Logon Process:		Kerberos
	Authentication Package:	Kerberos
	Transited Services:	-
	Package Name (NTLM only):	-
	Key Length:		0

This event is generated when a logon session is created. It is generated on the computer that was accessed.

The subject fields indicate the account on the local system which requested the logon. This is most commonly a service such as the Server service, or a local process such as Winlogon.exe or Services.exe.

The logon type field indicates the kind of logon that occurred. The most common types are 2 (interactive) and 3 (network).

The New Logon fields indicate the account for whom the new logon was created, i.e. the account that was logged on.

The network fields indicate where a remote logon request originated. Workstation name is not always available and may be left blank in some cases.

The impersonation level field indicates the extent to which a process in the logon session can impersonate.

The authentication information fields provide detailed information about this specific logon request.
	- Logon GUID is a unique identifier that can be used to correlate this event with a KDC event.
	- Transited services indicate which intermediate services have participated in this logon request.
	- Package name indicates which sub-protocol was used among the NTLM protocols.
	- Key length indicates the length of the generated session key. This will be 0 if no session key was requested.","S-1-5-21-1465889373-2168228904-3323032715-500","DoD_Admin","HOME","0xf47dd00","3","4624","1",,"0","12544","0","-9214364837600034816","1052496","Microsoft-Windows-Security-Auditing","54849625-5478-4994-a5ba-3e3b0328c30d","Security","0x0","4500","home-dc1.home.local",,"11/28/2016 11:17:51 PM",,,"security","","System.Diagnostics.Eventing.Reader.EventBookmark","Information","Info","Logon","Audit Success","System.Diagnostics.Eventing.Reader.EventProperty System.Diagnostics.Eventing.Reader.EventProperty System.Diagnostics.Eventing.Reader.EventProperty System.Diagnostics.Eventing.Reader.EventProperty System.Diagnostics.Eventing.Reader.EventProperty System.Diagnostics.Eventing.Reader.EventProperty System.Diagnostics.Eventing.Reader.EventProperty System.Diagnostics.Eventing.Reader.EventProperty System.Diagnostics.Eventing.Reader.EventProperty System.Diagnostics.Eventing.Reader.EventProperty System.Diagnostics.Eventing.Reader.EventProperty System.Diagnostics.Eventing.Reader.EventProperty System.Diagnostics.Eventing.Reader.EventProperty System.Diagnostics.Eventing.Reader.EventProperty System.Diagnostics.Eventing.Reader.EventProperty System.Diagnostics.Eventing.Reader.EventProperty System.Diagnostics.Eventing.Reader.EventProperty System.Diagnostics.Eventing.Reader.EventProperty System.Diagnostics.Eventing.Reader.EventProperty System.Diagnostics.Eventing.Reader.EventProperty System.Diagnostics.Eventing.Reader.EventProperty","home-dc1","aee3f3ab-df13-4a6d-9a89-0a0b03c26c4d","True"
"An account was logged off.

Subject:
	Security ID:		S-1-5-18
	Account Name:		HOME-DC1$
	Account Domain:		HOME
	Logon ID:		0xF47D305

Logon Type:			3

This event is generated when a logon session is destroyed. It may be positively correlated with a logon event using the Logon ID value. Logon IDs are only unique between reboots on the same computer.","S-1-5-18","HOME-DC1$","HOME","0xf47d305","3","4634","0",,"0","12545","0","-9214364837600034816","1052492","Microsoft-Windows-Security-Auditing","54849625-5478-4994-a5ba-3e3b0328c30d","Security","468","4500","home-dc1.home.local",,"11/28/2016 11:17:13 PM",,,"security","","System.Diagnostics.Eventing.Reader.EventBookmark","Information","Info","Logoff","Audit Success","System.Diagnostics.Eventing.Reader.EventProperty System.Diagnostics.Eventing.Reader.EventProperty System.Diagnostics.Eventing.Reader.EventProperty System.Diagnostics.Eventing.Reader.EventProperty System.Diagnostics.Eventing.Reader.EventProperty","home-dc1","aee3f3ab-df13-4a6d-9a89-0a0b03c26c4d","True"
"An account was successfully logged on.

Subject:
	Security ID:		S-1-0-0
	Account Name:		-
	Account Domain:		-
	Logon ID:		0x0

Logon Type:			3

Impersonation Level:		Impersonation

New Logon:
	Security ID:		S-1-5-18
	Account Name:		HOME-DC1$
	Account Domain:		HOME
	Logon ID:		0xF47D305
	Logon GUID:		{12A32994-4635-0429-C146-028E3A9C03D6}

Process Information:
	Process ID:		0x0
	Process Name:		-

Network Information:
	Workstation Name:	
	Source Network Address:	::1
	Source Port:		52597

Detailed Authentication Information:
	Logon Process:		Kerberos
	Authentication Package:	Kerberos
	Transited Services:	-
	Package Name (NTLM only):	-
	Key Length:		0

This event is generated when a logon session is created. It is generated on the computer that was accessed.

The subject fields indicate the account on the local system which requested the logon. This is most commonly a service such as the Server service, or a local process such as Winlogon.exe or Services.exe.

The logon type field indicates the kind of logon that occurred. The most common types are 2 (interactive) and 3 (network).

The New Logon fields indicate the account for whom the new logon was created, i.e. the account that was logged on.

The network fields indicate where a remote logon request originated. Workstation name is not always available and may be left blank in some cases.

The impersonation level field indicates the extent to which a process in the logon session can impersonate.

The authentication information fields provide detailed information about this specific logon request.
	- Logon GUID is a unique identifier that can be used to correlate this event with a KDC event.
	- Transited services indicate which intermediate services have participated in this logon request.
	- Package name indicates which sub-protocol was used among the NTLM protocols.
	- Key length indicates the length of the generated session key. This will be 0 if no session key was requested.","S-1-5-18","HOME-DC1$","HOME","0xf47d305","3","4624","1",,"0","12544","0","-9214364837600034816","1052491","Microsoft-Windows-Security-Auditing","54849625-5478-4994-a5ba-3e3b0328c30d","Security","0x0","1788","home-dc1.home.local",,"11/28/2016 11:17:13 PM",,,"security","","System.Diagnostics.Eventing.Reader.EventBookmark","Information","Info","Logon","Audit Success","System.Diagnostics.Eventing.Reader.EventProperty System.Diagnostics.Eventing.Reader.EventProperty System.Diagnostics.Eventing.Reader.EventProperty System.Diagnostics.Eventing.Reader.EventProperty System.Diagnostics.Eventing.Reader.EventProperty System.Diagnostics.Eventing.Reader.EventProperty System.Diagnostics.Eventing.Reader.EventProperty System.Diagnostics.Eventing.Reader.EventProperty System.Diagnostics.Eventing.Reader.EventProperty System.Diagnostics.Eventing.Reader.EventProperty System.Diagnostics.Eventing.Reader.EventProperty System.Diagnostics.Eventing.Reader.EventProperty System.Diagnostics.Eventing.Reader.EventProperty System.Diagnostics.Eventing.Reader.EventProperty System.Diagnostics.Eventing.Reader.EventProperty System.Diagnostics.Eventing.Reader.EventProperty System.Diagnostics.Eventing.Reader.EventProperty System.Diagnostics.Eventing.Reader.EventProperty System.Diagnostics.Eventing.Reader.EventProperty System.Diagnostics.Eventing.Reader.EventProperty System.Diagnostics.Eventing.Reader.EventProperty","home-dc1","aee3f3ab-df13-4a6d-9a89-0a0b03c26c4d","True"
"An account was logged off.

Subject:
	Security ID:		S-1-5-18
	Account Name:		HOME-DC1$
	Account Domain:		HOME
	Logon ID:		0xF47CEAA

Logon Type:			3

This event is generated when a logon session is destroyed. It may be positively correlated with a logon event using the Logon ID value. Logon IDs are only unique between reboots on the same computer.","S-1-5-18","HOME-DC1$","HOME","0xf47ceaa","3","4634","0",,"0","12545","0","-9214364837600034816","1052489","Microsoft-Windows-Security-Auditing","54849625-5478-4994-a5ba-3e3b0328c30d","Security","468","4100","home-dc1.home.local",,"11/28/2016 11:17:08 PM",,,"security","","System.Diagnostics.Eventing.Reader.EventBookmark","Information","Info","Logoff","Audit Success","System.Diagnostics.Eventing.Reader.EventProperty System.Diagnostics.Eventing.Reader.EventProperty System.Diagnostics.Eventing.Reader.EventProperty System.Diagnostics.Eventing.Reader.EventProperty System.Diagnostics.Eventing.Reader.EventProperty","home-dc1","aee3f3ab-df13-4a6d-9a89-0a0b03c26c4d","True"
"An account was successfully logged on.

Subject:
	Security ID:		S-1-0-0
	Account Name:		-
	Account Domain:		-
	Logon ID:		0x0

Logon Type:			3

Impersonation Level:		Delegation

New Logon:
	Security ID:		S-1-5-18
	Account Name:		HOME-DC1$
	Account Domain:		HOME
	Logon ID:		0xF47CEAA
	Logon GUID:		{B1C343D4-E491-1625-3487-4994E85B4DE4}

Process Information:
	Process ID:		0x0
	Process Name:		-

Network Information:
	Workstation Name:	
	Source Network Address:	::1
	Source Port:		52596

Detailed Authentication Information:
	Logon Process:		Kerberos
	Authentication Package:	Kerberos
	Transited Services:	-
	Package Name (NTLM only):	-
	Key Length:		0

This event is generated when a logon session is created. It is generated on the computer that was accessed.

The subject fields indicate the account on the local system which requested the logon. This is most commonly a service such as the Server service, or a local process such as Winlogon.exe or Services.exe.

The logon type field indicates the kind of logon that occurred. The most common types are 2 (interactive) and 3 (network).

The New Logon fields indicate the account for whom the new logon was created, i.e. the account that was logged on.

The network fields indicate where a remote logon request originated. Workstation name is not always available and may be left blank in some cases.

The impersonation level field indicates the extent to which a process in the logon session can impersonate.

The authentication information fields provide detailed information about this specific logon request.
	- Logon GUID is a unique identifier that can be used to correlate this event with a KDC event.
	- Transited services indicate which intermediate services have participated in this logon request.
	- Package name indicates which sub-protocol was used among the NTLM protocols.
	- Key length indicates the length of the generated session key. This will be 0 if no session key was requested.","S-1-5-18","HOME-DC1$","HOME","0xf47ceaa","3","4624","1",,"0","12544","0","-9214364837600034816","1052488","Microsoft-Windows-Security-Auditing","54849625-5478-4994-a5ba-3e3b0328c30d","Security","0x0","4100","home-dc1.home.local",,"11/28/2016 11:16:57 PM",,,"security","","System.Diagnostics.Eventing.Reader.EventBookmark","Information","Info","Logon","Audit Success","System.Diagnostics.Eventing.Reader.EventProperty System.Diagnostics.Eventing.Reader.EventProperty System.Diagnostics.Eventing.Reader.EventProperty System.Diagnostics.Eventing.Reader.EventProperty System.Diagnostics.Eventing.Reader.EventProperty System.Diagnostics.Eventing.Reader.EventProperty System.Diagnostics.Eventing.Reader.EventProperty System.Diagnostics.Eventing.Reader.EventProperty System.Diagnostics.Eventing.Reader.EventProperty System.Diagnostics.Eventing.Reader.EventProperty System.Diagnostics.Eventing.Reader.EventProperty System.Diagnostics.Eventing.Reader.EventProperty System.Diagnostics.Eventing.Reader.EventProperty System.Diagnostics.Eventing.Reader.EventProperty System.Diagnostics.Eventing.Reader.EventProperty System.Diagnostics.Eventing.Reader.EventProperty System.Diagnostics.Eventing.Reader.EventProperty System.Diagnostics.Eventing.Reader.EventProperty System.Diagnostics.Eventing.Reader.EventProperty System.Diagnostics.Eventing.Reader.EventProperty System.Diagnostics.Eventing.Reader.EventProperty","home-dc1","aee3f3ab-df13-4a6d-9a89-0a0b03c26c4d","True"
"An account was logged off.

Subject:
	Security ID:		S-1-5-21-1465889373-2168228904-3323032715-500
	Account Name:		DoD_Admin
	Account Domain:		HOME
	Logon ID:		0xF4777CB

Logon Type:			3

This event is generated when a logon session is destroyed. It may be positively correlated with a logon event using the Logon ID value. Logon IDs are only unique between reboots on the same computer.","S-1-5-21-1465889373-2168228904-3323032715-500","DoD_Admin","HOME","0xf4777cb","3","4634","0",,"0","12545","0","-9214364837600034816","1052485","Microsoft-Windows-Security-Auditing","54849625-5478-4994-a5ba-3e3b0328c30d","Security","468","2936","home-dc1.home.local",,"11/28/2016 11:16:47 PM",,,"security","","System.Diagnostics.Eventing.Reader.EventBookmark","Information","Info","Logoff","Audit Success","System.Diagnostics.Eventing.Reader.EventProperty System.Diagnostics.Eventing.Reader.EventProperty System.Diagnostics.Eventing.Reader.EventProperty System.Diagnostics.Eventing.Reader.EventProperty System.Diagnostics.Eventing.Reader.EventProperty","home-dc1","aee3f3ab-df13-4a6d-9a89-0a0b03c26c4d","True"
"An account was logged off.

Subject:
	Security ID:		S-1-5-21-1465889373-2168228904-3323032715-500
	Account Name:		DoD_Admin
	Account Domain:		HOME
	Logon ID:		0xF476CB5

Logon Type:			3

This event is generated when a logon session is destroyed. It may be positively correlated with a logon event using the Logon ID value. Logon IDs are only unique between reboots on the same computer.","S-1-5-21-1465889373-2168228904-3323032715-500","DoD_Admin","HOME","0xf476cb5","3","4634","0",,"0","12545","0","-9214364837600034816","1052484","Microsoft-Windows-Security-Auditing","54849625-5478-4994-a5ba-3e3b0328c30d","Security","468","4100","home-dc1.home.local",,"11/28/2016 11:16:47 PM",,,"security","","System.Diagnostics.Eventing.Reader.EventBookmark","Information","Info","Logoff","Audit Success","System.Diagnostics.Eventing.Reader.EventProperty System.Diagnostics.Eventing.Reader.EventProperty System.Diagnostics.Eventing.Reader.EventProperty System.Diagnostics.Eventing.Reader.EventProperty System.Diagnostics.Eventing.Reader.EventProperty","home-dc1","aee3f3ab-df13-4a6d-9a89-0a0b03c26c4d","True"
"An account was logged off.

Subject:
	Security ID:		S-1-5-21-1465889373-2168228904-3323032715-1104
	Account Name:		HOME-WIN7-1$
	Account Domain:		HOME
	Logon ID:		0xF476963

Logon Type:			3

This event is generated when a logon session is destroyed. It may be positively correlated with a logon event using the Logon ID value. Logon IDs are only unique between reboots on the same computer.","S-1-5-21-1465889373-2168228904-3323032715-1104","HOME-WIN7-1$","HOME","0xf476963","3","4634","0",,"0","12545","0","-9214364837600034816","1052483","Microsoft-Windows-Security-Auditing","54849625-5478-4994-a5ba-3e3b0328c30d","Security","468","2936","home-dc1.home.local",,"11/28/2016 11:16:44 PM",,,"security","","System.Diagnostics.Eventing.Reader.EventBookmark","Information","Info","Logoff","Audit Success","System.Diagnostics.Eventing.Reader.EventProperty System.Diagnostics.Eventing.Reader.EventProperty System.Diagnostics.Eventing.Reader.EventProperty System.Diagnostics.Eventing.Reader.EventProperty System.Diagnostics.Eventing.Reader.EventProperty","home-dc1","aee3f3ab-df13-4a6d-9a89-0a0b03c26c4d","True"
"An account was successfully logged on.

Subject:
	Security ID:		S-1-0-0
	Account Name:		-
	Account Domain:		-
	Logon ID:		0x0

Logon Type:			3

Impersonation Level:		Delegation

New Logon:
	Security ID:		S-1-5-21-1465889373-2168228904-3323032715-500
	Account Name:		DoD_Admin
	Account Domain:		HOME
	Logon ID:		0xF4777CB
	Logon GUID:		{CC2E1D88-9298-0D67-8E41-8B3FF1FDF4EF}

Process Information:
	Process ID:		0x0
	Process Name:		-

Network Information:
	Workstation Name:	
	Source Network Address:	-
	Source Port:		-

Detailed Authentication Information:
	Logon Process:		Kerberos
	Authentication Package:	Kerberos
	Transited Services:	-
	Package Name (NTLM only):	-
	Key Length:		0

This event is generated when a logon session is created. It is generated on the computer that was accessed.

The subject fields indicate the account on the local system which requested the logon. This is most commonly a service such as the Server service, or a local process such as Winlogon.exe or Services.exe.

The logon type field indicates the kind of logon that occurred. The most common types are 2 (interactive) and 3 (network).

The New Logon fields indicate the account for whom the new logon was created, i.e. the account that was logged on.

The network fields indicate where a remote logon request originated. Workstation name is not always available and may be left blank in some cases.

The impersonation level field indicates the extent to which a process in the logon session can impersonate.

The authentication information fields provide detailed information about this specific logon request.
	- Logon GUID is a unique identifier that can be used to correlate this event with a KDC event.
	- Transited services indicate which intermediate services have participated in this logon request.
	- Package name indicates which sub-protocol was used among the NTLM protocols.
	- Key length indicates the length of the generated session key. This will be 0 if no session key was requested.","S-1-5-21-1465889373-2168228904-3323032715-500","DoD_Admin","HOME","0xf4777cb","3","4624","1",,"0","12544","0","-9214364837600034816","1052482","Microsoft-Windows-Security-Auditing","54849625-5478-4994-a5ba-3e3b0328c30d","Security","0x0","2936","home-dc1.home.local",,"11/28/2016 11:16:44 PM",,,"security","","System.Diagnostics.Eventing.Reader.EventBookmark","Information","Info","Logon","Audit Success","System.Diagnostics.Eventing.Reader.EventProperty System.Diagnostics.Eventing.Reader.EventProperty System.Diagnostics.Eventing.Reader.EventProperty System.Diagnostics.Eventing.Reader.EventProperty System.Diagnostics.Eventing.Reader.EventProperty System.Diagnostics.Eventing.Reader.EventProperty System.Diagnostics.Eventing.Reader.EventProperty System.Diagnostics.Eventing.Reader.EventProperty System.Diagnostics.Eventing.Reader.EventProperty System.Diagnostics.Eventing.Reader.EventProperty System.Diagnostics.Eventing.Reader.EventProperty System.Diagnostics.Eventing.Reader.EventProperty System.Diagnostics.Eventing.Reader.EventProperty System.Diagnostics.Eventing.Reader.EventProperty System.Diagnostics.Eventing.Reader.EventProperty System.Diagnostics.Eventing.Reader.EventProperty System.Diagnostics.Eventing.Reader.EventProperty System.Diagnostics.Eventing.Reader.EventProperty System.Diagnostics.Eventing.Reader.EventProperty System.Diagnostics.Eventing.Reader.EventProperty System.Diagnostics.Eventing.Reader.EventProperty","home-dc1","aee3f3ab-df13-4a6d-9a89-0a0b03c26c4d","True"
"An account was successfully logged on.

Subject:
	Security ID:		S-1-0-0
	Account Name:		-
	Account Domain:		-
	Logon ID:		0x0

Logon Type:			3

Impersonation Level:		Delegation

New Logon:
	Security ID:		S-1-5-21-1465889373-2168228904-3323032715-500
	Account Name:		DoD_Admin
	Account Domain:		HOME
	Logon ID:		0xF476CB5
	Logon GUID:		{CC2E1D88-9298-0D67-8E41-8B3FF1FDF4EF}

Process Information:
	Process ID:		0x0
	Process Name:		-

Network Information:
	Workstation Name:	
	Source Network Address:	-
	Source Port:		-

Detailed Authentication Information:
	Logon Process:		Kerberos
	Authentication Package:	Kerberos
	Transited Services:	-
	Package Name (NTLM only):	-
	Key Length:		0

This event is generated when a logon session is created. It is generated on the computer that was accessed.

The subject fields indicate the account on the local system which requested the logon. This is most commonly a service such as the Server service, or a local process such as Winlogon.exe or Services.exe.

The logon type field indicates the kind of logon that occurred. The most common types are 2 (interactive) and 3 (network).

The New Logon fields indicate the account for whom the new logon was created, i.e. the account that was logged on.

The network fields indicate where a remote logon request originated. Workstation name is not always available and may be left blank in some cases.

The impersonation level field indicates the extent to which a process in the logon session can impersonate.

The authentication information fields provide detailed information about this specific logon request.
	- Logon GUID is a unique identifier that can be used to correlate this event with a KDC event.
	- Transited services indicate which intermediate services have participated in this logon request.
	- Package name indicates which sub-protocol was used among the NTLM protocols.
	- Key length indicates the length of the generated session key. This will be 0 if no session key was requested.","S-1-5-21-1465889373-2168228904-3323032715-500","DoD_Admin","HOME","0xf476cb5","3","4624","1",,"0","12544","0","-9214364837600034816","1052475","Microsoft-Windows-Security-Auditing","54849625-5478-4994-a5ba-3e3b0328c30d","Security","0x0","2936","home-dc1.home.local",,"11/28/2016 11:16:43 PM",,,"security","","System.Diagnostics.Eventing.Reader.EventBookmark","Information","Info","Logon","Audit Success","System.Diagnostics.Eventing.Reader.EventProperty System.Diagnostics.Eventing.Reader.EventProperty System.Diagnostics.Eventing.Reader.EventProperty System.Diagnostics.Eventing.Reader.EventProperty System.Diagnostics.Eventing.Reader.EventProperty System.Diagnostics.Eventing.Reader.EventProperty System.Diagnostics.Eventing.Reader.EventProperty System.Diagnostics.Eventing.Reader.EventProperty System.Diagnostics.Eventing.Reader.EventProperty System.Diagnostics.Eventing.Reader.EventProperty System.Diagnostics.Eventing.Reader.EventProperty System.Diagnostics.Eventing.Reader.EventProperty System.Diagnostics.Eventing.Reader.EventProperty System.Diagnostics.Eventing.Reader.EventProperty System.Diagnostics.Eventing.Reader.EventProperty System.Diagnostics.Eventing.Reader.EventProperty System.Diagnostics.Eventing.Reader.EventProperty System.Diagnostics.Eventing.Reader.EventProperty System.Diagnostics.Eventing.Reader.EventProperty System.Diagnostics.Eventing.Reader.EventProperty System.Diagnostics.Eventing.Reader.EventProperty","home-dc1","aee3f3ab-df13-4a6d-9a89-0a0b03c26c4d","True"
"An account was successfully logged on.

Subject:
	Security ID:		S-1-0-0
	Account Name:		-
	Account Domain:		-
	Logon ID:		0x0

Logon Type:			3

Impersonation Level:		Delegation

New Logon:
	Security ID:		S-1-5-21-1465889373-2168228904-3323032715-1104
	Account Name:		HOME-WIN7-1$
	Account Domain:		HOME
	Logon ID:		0xF476963
	Logon GUID:		{F95765F4-5A85-959D-B060-7EE360569D1F}

Process Information:
	Process ID:		0x0
	Process Name:		-

Network Information:
	Workstation Name:	
	Source Network Address:	192.168.3.116
	Source Port:		49519

Detailed Authentication Information:
	Logon Process:		Kerberos
	Authentication Package:	Kerberos
	Transited Services:	-
	Package Name (NTLM only):	-
	Key Length:		0

This event is generated when a logon session is created. It is generated on the computer that was accessed.

The subject fields indicate the account on the local system which requested the logon. This is most commonly a service such as the Server service, or a local process such as Winlogon.exe or Services.exe.

The logon type field indicates the kind of logon that occurred. The most common types are 2 (interactive) and 3 (network).

The New Logon fields indicate the account for whom the new logon was created, i.e. the account that was logged on.

The network fields indicate where a remote logon request originated. Workstation name is not always available and may be left blank in some cases.

The impersonation level field indicates the extent to which a process in the logon session can impersonate.

The authentication information fields provide detailed information about this specific logon request.
	- Logon GUID is a unique identifier that can be used to correlate this event with a KDC event.
	- Transited services indicate which intermediate services have participated in this logon request.
	- Package name indicates which sub-protocol was used among the NTLM protocols.
	- Key length indicates the length of the generated session key. This will be 0 if no session key was requested.","S-1-5-21-1465889373-2168228904-3323032715-1104","HOME-WIN7-1$","HOME","0xf476963","3","4624","1",,"0","12544","0","-9214364837600034816","1052473","Microsoft-Windows-Security-Auditing","54849625-5478-4994-a5ba-3e3b0328c30d","Security","0x0","2936","home-dc1.home.local",,"11/28/2016 11:16:31 PM",,,"security","","System.Diagnostics.Eventing.Reader.EventBookmark","Information","Info","Logon","Audit Success","System.Diagnostics.Eventing.Reader.EventProperty System.Diagnostics.Eventing.Reader.EventProperty System.Diagnostics.Eventing.Reader.EventProperty System.Diagnostics.Eventing.Reader.EventProperty System.Diagnostics.Eventing.Reader.EventProperty System.Diagnostics.Eventing.Reader.EventProperty System.Diagnostics.Eventing.Reader.EventProperty System.Diagnostics.Eventing.Reader.EventProperty System.Diagnostics.Eventing.Reader.EventProperty System.Diagnostics.Eventing.Reader.EventProperty System.Diagnostics.Eventing.Reader.EventProperty System.Diagnostics.Eventing.Reader.EventProperty System.Diagnostics.Eventing.Reader.EventProperty System.Diagnostics.Eventing.Reader.EventProperty System.Diagnostics.Eventing.Reader.EventProperty System.Diagnostics.Eventing.Reader.EventProperty System.Diagnostics.Eventing.Reader.EventProperty System.Diagnostics.Eventing.Reader.EventProperty System.Diagnostics.Eventing.Reader.EventProperty System.Diagnostics.Eventing.Reader.EventProperty System.Diagnostics.Eventing.Reader.EventProperty","home-dc1","aee3f3ab-df13-4a6d-9a89-0a0b03c26c4d","True"
"An account was logged off.

Subject:
	Security ID:		S-1-5-18
	Account Name:		HOME-DC1$
	Account Domain:		HOME
	Logon ID:		0xF476468

Logon Type:			3

This event is generated when a logon session is destroyed. It may be positively correlated with a logon event using the Logon ID value. Logon IDs are only unique between reboots on the same computer.","S-1-5-18","HOME-DC1$","HOME","0xf476468","3","4634","0",,"0","12545","0","-9214364837600034816","1052471","Microsoft-Windows-Security-Auditing","54849625-5478-4994-a5ba-3e3b0328c30d","Security","468","4100","home-dc1.home.local",,"11/28/2016 11:16:13 PM",,,"security","","System.Diagnostics.Eventing.Reader.EventBookmark","Information","Info","Logoff","Audit Success","System.Diagnostics.Eventing.Reader.EventProperty System.Diagnostics.Eventing.Reader.EventProperty System.Diagnostics.Eventing.Reader.EventProperty System.Diagnostics.Eventing.Reader.EventProperty System.Diagnostics.Eventing.Reader.EventProperty","home-dc1","aee3f3ab-df13-4a6d-9a89-0a0b03c26c4d","True"
"An account was successfully logged on.

Subject:
	Security ID:		S-1-0-0
	Account Name:		-
	Account Domain:		-
	Logon ID:		0x0

Logon Type:			3

Impersonation Level:		Impersonation

New Logon:
	Security ID:		S-1-5-18
	Account Name:		HOME-DC1$
	Account Domain:		HOME
	Logon ID:		0xF476468
	Logon GUID:		{12A32994-4635-0429-C146-028E3A9C03D6}

Process Information:
	Process ID:		0x0
	Process Name:		-

Network Information:
	Workstation Name:	
	Source Network Address:	::1
	Source Port:		52592

Detailed Authentication Information:
	Logon Process:		Kerberos
	Authentication Package:	Kerberos
	Transited Services:	-
	Package Name (NTLM only):	-
	Key Length:		0

This event is generated when a logon session is created. It is generated on the computer that was accessed.

The subject fields indicate the account on the local system which requested the logon. This is most commonly a service such as the Server service, or a local process such as Winlogon.exe or Services.exe.

The logon type field indicates the kind of logon that occurred. The most common types are 2 (interactive) and 3 (network).

The New Logon fields indicate the account for whom the new logon was created, i.e. the account that was logged on.

The network fields indicate where a remote logon request originated. Workstation name is not always available and may be left blank in some cases.

The impersonation level field indicates the extent to which a process in the logon session can impersonate.

The authentication information fields provide detailed information about this specific logon request.
	- Logon GUID is a unique identifier that can be used to correlate this event with a KDC event.
	- Transited services indicate which intermediate services have participated in this logon request.
	- Package name indicates which sub-protocol was used among the NTLM protocols.
	- Key length indicates the length of the generated session key. This will be 0 if no session key was requested.","S-1-5-18","HOME-DC1$","HOME","0xf476468","3","4624","1",,"0","12544","0","-9214364837600034816","1052470","Microsoft-Windows-Security-Auditing","54849625-5478-4994-a5ba-3e3b0328c30d","Security","0x0","1788","home-dc1.home.local",,"11/28/2016 11:16:13 PM",,,"security","","System.Diagnostics.Eventing.Reader.EventBookmark","Information","Info","Logon","Audit Success","System.Diagnostics.Eventing.Reader.EventProperty System.Diagnostics.Eventing.Reader.EventProperty System.Diagnostics.Eventing.Reader.EventProperty System.Diagnostics.Eventing.Reader.EventProperty System.Diagnostics.Eventing.Reader.EventProperty System.Diagnostics.Eventing.Reader.EventProperty System.Diagnostics.Eventing.Reader.EventProperty System.Diagnostics.Eventing.Reader.EventProperty System.Diagnostics.Eventing.Reader.EventProperty System.Diagnostics.Eventing.Reader.EventProperty System.Diagnostics.Eventing.Reader.EventProperty System.Diagnostics.Eventing.Reader.EventProperty System.Diagnostics.Eventing.Reader.EventProperty System.Diagnostics.Eventing.Reader.EventProperty System.Diagnostics.Eventing.Reader.EventProperty System.Diagnostics.Eventing.Reader.EventProperty System.Diagnostics.Eventing.Reader.EventProperty System.Diagnostics.Eventing.Reader.EventProperty System.Diagnostics.Eventing.Reader.EventProperty System.Diagnostics.Eventing.Reader.EventProperty System.Diagnostics.Eventing.Reader.EventProperty","home-dc1","aee3f3ab-df13-4a6d-9a89-0a0b03c26c4d","True"
"An account was logged off.

Subject:
	Security ID:		S-1-5-21-1465889373-2168228904-3323032715-500
	Account Name:		DoD_Admin
	Account Domain:		HOME
	Logon ID:		0xF46DA06

Logon Type:			3

This event is generated when a logon session is destroyed. It may be positively correlated with a logon event using the Logon ID value. Logon IDs are only unique between reboots on the same computer.","S-1-5-21-1465889373-2168228904-3323032715-500","DoD_Admin","HOME","0xf46da06","3","4634","0",,"0","12545","0","-9214364837600034816","1052468","Microsoft-Windows-Security-Auditing","54849625-5478-4994-a5ba-3e3b0328c30d","Security","468","4100","home-dc1.home.local",,"11/28/2016 11:16:13 PM",,,"security","","System.Diagnostics.Eventing.Reader.EventBookmark","Information","Info","Logoff","Audit Success","System.Diagnostics.Eventing.Reader.EventProperty System.Diagnostics.Eventing.Reader.EventProperty System.Diagnostics.Eventing.Reader.EventProperty System.Diagnostics.Eventing.Reader.EventProperty System.Diagnostics.Eventing.Reader.EventProperty","home-dc1","aee3f3ab-df13-4a6d-9a89-0a0b03c26c4d","True"
"An account was logged off.

Subject:
	Security ID:		S-1-5-21-1465889373-2168228904-3323032715-500
	Account Name:		DoD_Admin
	Account Domain:		HOME
	Logon ID:		0xF476336

Logon Type:			3

This event is generated when a logon session is destroyed. It may be positively correlated with a logon event using the Logon ID value. Logon IDs are only unique between reboots on the same computer.","S-1-5-21-1465889373-2168228904-3323032715-500","DoD_Admin","HOME","0xf476336","3","4634","0",,"0","12545","0","-9214364837600034816","1052467","Microsoft-Windows-Security-Auditing","54849625-5478-4994-a5ba-3e3b0328c30d","Security","468","4100","home-dc1.home.local",,"11/28/2016 11:16:13 PM",,,"security","","System.Diagnostics.Eventing.Reader.EventBookmark","Information","Info","Logoff","Audit Success","System.Diagnostics.Eventing.Reader.EventProperty System.Diagnostics.Eventing.Reader.EventProperty System.Diagnostics.Eventing.Reader.EventProperty System.Diagnostics.Eventing.Reader.EventProperty System.Diagnostics.Eventing.Reader.EventProperty","home-dc1","aee3f3ab-df13-4a6d-9a89-0a0b03c26c4d","True"
"An account was logged off.

Subject:
	Security ID:		S-1-5-21-1465889373-2168228904-3323032715-500
	Account Name:		DoD_Admin
	Account Domain:		HOME
	Logon ID:		0xF46E52E

Logon Type:			3

This event is generated when a logon session is destroyed. It may be positively correlated with a logon event using the Logon ID value. Logon IDs are only unique between reboots on the same computer.","S-1-5-21-1465889373-2168228904-3323032715-500","DoD_Admin","HOME","0xf46e52e","3","4634","0",,"0","12545","0","-9214364837600034816","1052466","Microsoft-Windows-Security-Auditing","54849625-5478-4994-a5ba-3e3b0328c30d","Security","468","4500","home-dc1.home.local",,"11/28/2016 11:16:13 PM",,,"security","","System.Diagnostics.Eventing.Reader.EventBookmark","Information","Info","Logoff","Audit Success","System.Diagnostics.Eventing.Reader.EventProperty System.Diagnostics.Eventing.Reader.EventProperty System.Diagnostics.Eventing.Reader.EventProperty System.Diagnostics.Eventing.Reader.EventProperty System.Diagnostics.Eventing.Reader.EventProperty","home-dc1","aee3f3ab-df13-4a6d-9a89-0a0b03c26c4d","True"
