#TYPE Deserialized.Selected.System.Diagnostics.Eventing.Reader.EventLogRecord
"Message","SubjectUserSid","SubjectUserName","SubjectDomainName","SubjectLogonId","LogonGuid","TargetUserName","TargetDomainName","TargetLogonGuid","TargetServerName","TargetInfo","ProcessId","ProcessName","IpAddress","IpPort","Id","Version","Qualifiers","Level","Task","Opcode","Keywords","RecordId","ProviderName","ProviderId","LogName","ThreadId","MachineName","UserId","TimeCreated","ActivityId","RelatedActivityId","ContainerLog","MatchedQueryIds","Bookmark","LevelDisplayName","OpcodeDisplayName","TaskDisplayName","KeywordsDisplayNames","Properties","PSComputerName","RunspaceId","PSShowComputerName"
"A logon was attempted using explicit credentials.

Subject:
	Security ID:		S-1-5-18
	Account Name:		HOME-WIN7-1$
	Account Domain:		HOME
	Logon ID:		0x3e7
	Logon GUID:		{00000000-0000-0000-0000-000000000000}

Account Whose Credentials Were Used:
	Account Name:		asoa
	Account Domain:		HOME
	Logon GUID:		{DAC258FD-4A0D-DFB6-A3F3-33D7F0D24782}

Target Server:
	Target Server Name:	localhost
	Additional Information:	localhost

Process Information:
	Process ID:		0x1ec
	Process Name:		C:\Windows\System32\lsass.exe

Network Information:
	Network Address:	-
	Port:			-

This event is generated when a process attempts to log on an account by explicitly specifying that account?s credentials.  This most commonly occurs in batch-type configurations such as scheduled tasks, or when using the RUNAS command.","S-1-5-18","HOME-WIN7-1$","HOME","0x3e7","{00000000-0000-0000-0000-000000000000}","asoa","HOME","{DAC258FD-4A0D-DFB6-A3F3-33D7F0D24782}","localhost","localhost","0x1ec","C:\Windows\System32\lsass.exe","-","-","4648","0",,"0","12544","0","-9214364837600034816","22165","Microsoft-Windows-Security-Auditing","54849625-5478-4994-a5ba-3e3b0328c30d","Security","2892","home-win7-1.home.local",,"11/29/2016 9:50:38 PM",,,"security","","System.Diagnostics.Eventing.Reader.EventBookmark","Information","Info","Logon","Audit Success","System.Diagnostics.Eventing.Reader.EventProperty System.Diagnostics.Eventing.Reader.EventProperty System.Diagnostics.Eventing.Reader.EventProperty System.Diagnostics.Eventing.Reader.EventProperty System.Diagnostics.Eventing.Reader.EventProperty System.Diagnostics.Eventing.Reader.EventProperty System.Diagnostics.Eventing.Reader.EventProperty System.Diagnostics.Eventing.Reader.EventProperty System.Diagnostics.Eventing.Reader.EventProperty System.Diagnostics.Eventing.Reader.EventProperty System.Diagnostics.Eventing.Reader.EventProperty System.Diagnostics.Eventing.Reader.EventProperty System.Diagnostics.Eventing.Reader.EventProperty System.Diagnostics.Eventing.Reader.EventProperty","home-win7-1","4149dc02-dbc0-492b-b049-a6bd7d74f5de","True"
"A logon was attempted using explicit credentials.

Subject:
	Security ID:		S-1-5-18
	Account Name:		HOME-WIN7-1$
	Account Domain:		HOME
	Logon ID:		0x3e7
	Logon GUID:		{00000000-0000-0000-0000-000000000000}

Account Whose Credentials Were Used:
	Account Name:		asoa
	Account Domain:		HOME
	Logon GUID:		{00000000-0000-0000-0000-000000000000}

Target Server:
	Target Server Name:	localhost
	Additional Information:	localhost

Process Information:
	Process ID:		0xe00
	Process Name:		C:\Windows\System32\winlogon.exe

Network Information:
	Network Address:	127.0.0.1
	Port:			0

This event is generated when a process attempts to log on an account by explicitly specifying that account?s credentials.  This most commonly occurs in batch-type configurations such as scheduled tasks, or when using the RUNAS command.","S-1-5-18","HOME-WIN7-1$","HOME","0x3e7","{00000000-0000-0000-0000-000000000000}","asoa","HOME","{00000000-0000-0000-0000-000000000000}","localhost","localhost","0xe00","C:\Windows\System32\winlogon.exe","127.0.0.1","0","4648","0",,"0","12544","0","-9214364837600034816","22162","Microsoft-Windows-Security-Auditing","54849625-5478-4994-a5ba-3e3b0328c30d","Security","880","home-win7-1.home.local",,"11/29/2016 9:50:38 PM",,,"security","","System.Diagnostics.Eventing.Reader.EventBookmark","Information","Info","Logon","Audit Success","System.Diagnostics.Eventing.Reader.EventProperty System.Diagnostics.Eventing.Reader.EventProperty System.Diagnostics.Eventing.Reader.EventProperty System.Diagnostics.Eventing.Reader.EventProperty System.Diagnostics.Eventing.Reader.EventProperty System.Diagnostics.Eventing.Reader.EventProperty System.Diagnostics.Eventing.Reader.EventProperty System.Diagnostics.Eventing.Reader.EventProperty System.Diagnostics.Eventing.Reader.EventProperty System.Diagnostics.Eventing.Reader.EventProperty System.Diagnostics.Eventing.Reader.EventProperty System.Diagnostics.Eventing.Reader.EventProperty System.Diagnostics.Eventing.Reader.EventProperty System.Diagnostics.Eventing.Reader.EventProperty","home-win7-1","4149dc02-dbc0-492b-b049-a6bd7d74f5de","True"
"A logon was attempted using explicit credentials.

Subject:
	Security ID:		S-1-5-18
	Account Name:		HOME-WIN7-1$
	Account Domain:		HOME
	Logon ID:		0x3e7
	Logon GUID:		{00000000-0000-0000-0000-000000000000}

Account Whose Credentials Were Used:
	Account Name:		DoD_Admin
	Account Domain:		HOME
	Logon GUID:		{00000000-0000-0000-0000-000000000000}

Target Server:
	Target Server Name:	localhost
	Additional Information:	localhost

Process Information:
	Process ID:		0x764
	Process Name:		C:\Windows\System32\consent.exe

Network Information:
	Network Address:	::1
	Port:			0

This event is generated when a process attempts to log on an account by explicitly specifying that account?s credentials.  This most commonly occurs in batch-type configurations such as scheduled tasks, or when using the RUNAS command.","S-1-5-18","HOME-WIN7-1$","HOME","0x3e7","{00000000-0000-0000-0000-000000000000}","DoD_Admin","HOME","{00000000-0000-0000-0000-000000000000}","localhost","localhost","0x764","C:\Windows\System32\consent.exe","::1","0","4648","0",,"0","12544","0","-9214364837600034816","20190","Microsoft-Windows-Security-Auditing","54849625-5478-4994-a5ba-3e3b0328c30d","Security","880","home-win7-1.home.local",,"11/29/2016 9:00:32 PM",,,"security","","System.Diagnostics.Eventing.Reader.EventBookmark","Information","Info","Logon","Audit Success","System.Diagnostics.Eventing.Reader.EventProperty System.Diagnostics.Eventing.Reader.EventProperty System.Diagnostics.Eventing.Reader.EventProperty System.Diagnostics.Eventing.Reader.EventProperty System.Diagnostics.Eventing.Reader.EventProperty System.Diagnostics.Eventing.Reader.EventProperty System.Diagnostics.Eventing.Reader.EventProperty System.Diagnostics.Eventing.Reader.EventProperty System.Diagnostics.Eventing.Reader.EventProperty System.Diagnostics.Eventing.Reader.EventProperty System.Diagnostics.Eventing.Reader.EventProperty System.Diagnostics.Eventing.Reader.EventProperty System.Diagnostics.Eventing.Reader.EventProperty System.Diagnostics.Eventing.Reader.EventProperty","home-win7-1","4149dc02-dbc0-492b-b049-a6bd7d74f5de","True"
"A logon was attempted using explicit credentials.

Subject:
	Security ID:		S-1-5-21-1465889373-2168228904-3323032715-500
	Account Name:		DoD_Admin
	Account Domain:		HOME
	Logon ID:		0x2c2b8e61
	Logon GUID:		{00000000-0000-0000-0000-000000000000}

Account Whose Credentials Were Used:
	Account Name:		DoD_Admin
	Account Domain:		HOME.LOCAL
	Logon GUID:		{54B489AF-4A06-ECF4-7DC3-B8E9819E6F7C}

Target Server:
	Target Server Name:	home-win7-1.home.local
	Additional Information:	HTTP/home-win7-1.home.local

Process Information:
	Process ID:		0x8b0
	Process Name:		C:\Windows\System32\WindowsPowerShell\v1.0\powershell_ise.exe

Network Information:
	Network Address:	-
	Port:			-

This event is generated when a process attempts to log on an account by explicitly specifying that account?s credentials.  This most commonly occurs in batch-type configurations such as scheduled tasks, or when using the RUNAS command.","S-1-5-21-1465889373-2168228904-3323032715-500","DoD_Admin","HOME","0x2c2b8e61","{00000000-0000-0000-0000-000000000000}","DoD_Admin","HOME.LOCAL","{54B489AF-4A06-ECF4-7DC3-B8E9819E6F7C}","home-win7-1.home.local","HTTP/home-win7-1.home.local","0x8b0","C:\Windows\System32\WindowsPowerShell\v1.0\powershell_ise.exe","-","-","4648","0",,"0","12544","0","-9214364837600034816","20179","Microsoft-Windows-Security-Auditing","54849625-5478-4994-a5ba-3e3b0328c30d","Security","880","home-win7-1.home.local",,"11/29/2016 8:57:23 PM",,,"security","","System.Diagnostics.Eventing.Reader.EventBookmark","Information","Info","Logon","Audit Success","System.Diagnostics.Eventing.Reader.EventProperty System.Diagnostics.Eventing.Reader.EventProperty System.Diagnostics.Eventing.Reader.EventProperty System.Diagnostics.Eventing.Reader.EventProperty System.Diagnostics.Eventing.Reader.EventProperty System.Diagnostics.Eventing.Reader.EventProperty System.Diagnostics.Eventing.Reader.EventProperty System.Diagnostics.Eventing.Reader.EventProperty System.Diagnostics.Eventing.Reader.EventProperty System.Diagnostics.Eventing.Reader.EventProperty System.Diagnostics.Eventing.Reader.EventProperty System.Diagnostics.Eventing.Reader.EventProperty System.Diagnostics.Eventing.Reader.EventProperty System.Diagnostics.Eventing.Reader.EventProperty","home-win7-1","4149dc02-dbc0-492b-b049-a6bd7d74f5de","True"
"A logon was attempted using explicit credentials.

Subject:
	Security ID:		S-1-5-21-1465889373-2168228904-3323032715-500
	Account Name:		DoD_Admin
	Account Domain:		HOME
	Logon ID:		0x2c2b8e61
	Logon GUID:		{00000000-0000-0000-0000-000000000000}

Account Whose Credentials Were Used:
	Account Name:		DoD_Admin
	Account Domain:		HOME.LOCAL
	Logon GUID:		{496762B3-F59A-B5CF-D321-37343CEC063D}

Target Server:
	Target Server Name:	home-win7-1.home.local
	Additional Information:	HTTP/home-win7-1.home.local

Process Information:
	Process ID:		0x8b0
	Process Name:		C:\Windows\System32\WindowsPowerShell\v1.0\powershell_ise.exe

Network Information:
	Network Address:	-
	Port:			-

This event is generated when a process attempts to log on an account by explicitly specifying that account?s credentials.  This most commonly occurs in batch-type configurations such as scheduled tasks, or when using the RUNAS command.","S-1-5-21-1465889373-2168228904-3323032715-500","DoD_Admin","HOME","0x2c2b8e61","{00000000-0000-0000-0000-000000000000}","DoD_Admin","HOME.LOCAL","{496762B3-F59A-B5CF-D321-37343CEC063D}","home-win7-1.home.local","HTTP/home-win7-1.home.local","0x8b0","C:\Windows\System32\WindowsPowerShell\v1.0\powershell_ise.exe","-","-","4648","0",,"0","12544","0","-9214364837600034816","20176","Microsoft-Windows-Security-Auditing","54849625-5478-4994-a5ba-3e3b0328c30d","Security","880","home-win7-1.home.local",,"11/29/2016 8:56:34 PM",,,"security","","System.Diagnostics.Eventing.Reader.EventBookmark","Information","Info","Logon","Audit Success","System.Diagnostics.Eventing.Reader.EventProperty System.Diagnostics.Eventing.Reader.EventProperty System.Diagnostics.Eventing.Reader.EventProperty System.Diagnostics.Eventing.Reader.EventProperty System.Diagnostics.Eventing.Reader.EventProperty System.Diagnostics.Eventing.Reader.EventProperty System.Diagnostics.Eventing.Reader.EventProperty System.Diagnostics.Eventing.Reader.EventProperty System.Diagnostics.Eventing.Reader.EventProperty System.Diagnostics.Eventing.Reader.EventProperty System.Diagnostics.Eventing.Reader.EventProperty System.Diagnostics.Eventing.Reader.EventProperty System.Diagnostics.Eventing.Reader.EventProperty System.Diagnostics.Eventing.Reader.EventProperty","home-win7-1","4149dc02-dbc0-492b-b049-a6bd7d74f5de","True"
"A logon was attempted using explicit credentials.

Subject:
	Security ID:		S-1-5-21-1465889373-2168228904-3323032715-500
	Account Name:		DoD_Admin
	Account Domain:		HOME
	Logon ID:		0x2c2b8e61
	Logon GUID:		{00000000-0000-0000-0000-000000000000}

Account Whose Credentials Were Used:
	Account Name:		DoD_Admin
	Account Domain:		HOME.LOCAL
	Logon GUID:		{71498BF3-CBFA-3C13-861B-D5BCFFA3B728}

Target Server:
	Target Server Name:	home-win7-1.home.local
	Additional Information:	HTTP/home-win7-1.home.local

Process Information:
	Process ID:		0x8b0
	Process Name:		C:\Windows\System32\WindowsPowerShell\v1.0\powershell_ise.exe

Network Information:
	Network Address:	-
	Port:			-

This event is generated when a process attempts to log on an account by explicitly specifying that account?s credentials.  This most commonly occurs in batch-type configurations such as scheduled tasks, or when using the RUNAS command.","S-1-5-21-1465889373-2168228904-3323032715-500","DoD_Admin","HOME","0x2c2b8e61","{00000000-0000-0000-0000-000000000000}","DoD_Admin","HOME.LOCAL","{71498BF3-CBFA-3C13-861B-D5BCFFA3B728}","home-win7-1.home.local","HTTP/home-win7-1.home.local","0x8b0","C:\Windows\System32\WindowsPowerShell\v1.0\powershell_ise.exe","-","-","4648","0",,"0","12544","0","-9214364837600034816","20175","Microsoft-Windows-Security-Auditing","54849625-5478-4994-a5ba-3e3b0328c30d","Security","880","home-win7-1.home.local",,"11/29/2016 8:55:13 PM",,,"security","","System.Diagnostics.Eventing.Reader.EventBookmark","Information","Info","Logon","Audit Success","System.Diagnostics.Eventing.Reader.EventProperty System.Diagnostics.Eventing.Reader.EventProperty System.Diagnostics.Eventing.Reader.EventProperty System.Diagnostics.Eventing.Reader.EventProperty System.Diagnostics.Eventing.Reader.EventProperty System.Diagnostics.Eventing.Reader.EventProperty System.Diagnostics.Eventing.Reader.EventProperty System.Diagnostics.Eventing.Reader.EventProperty System.Diagnostics.Eventing.Reader.EventProperty System.Diagnostics.Eventing.Reader.EventProperty System.Diagnostics.Eventing.Reader.EventProperty System.Diagnostics.Eventing.Reader.EventProperty System.Diagnostics.Eventing.Reader.EventProperty System.Diagnostics.Eventing.Reader.EventProperty","home-win7-1","4149dc02-dbc0-492b-b049-a6bd7d74f5de","True"
"A logon was attempted using explicit credentials.

Subject:
	Security ID:		S-1-5-21-1465889373-2168228904-3323032715-500
	Account Name:		DoD_Admin
	Account Domain:		HOME
	Logon ID:		0x2c2b8e61
	Logon GUID:		{00000000-0000-0000-0000-000000000000}

Account Whose Credentials Were Used:
	Account Name:		DoD_Admin
	Account Domain:		HOME.LOCAL
	Logon GUID:		{CADE8A0D-8BE0-0771-8100-09E50B2EDE9A}

Target Server:
	Target Server Name:	home-win7-1.home.local
	Additional Information:	HTTP/home-win7-1.home.local

Process Information:
	Process ID:		0x8b0
	Process Name:		C:\Windows\System32\WindowsPowerShell\v1.0\powershell_ise.exe

Network Information:
	Network Address:	-
	Port:			-

This event is generated when a process attempts to log on an account by explicitly specifying that account?s credentials.  This most commonly occurs in batch-type configurations such as scheduled tasks, or when using the RUNAS command.","S-1-5-21-1465889373-2168228904-3323032715-500","DoD_Admin","HOME","0x2c2b8e61","{00000000-0000-0000-0000-000000000000}","DoD_Admin","HOME.LOCAL","{CADE8A0D-8BE0-0771-8100-09E50B2EDE9A}","home-win7-1.home.local","HTTP/home-win7-1.home.local","0x8b0","C:\Windows\System32\WindowsPowerShell\v1.0\powershell_ise.exe","-","-","4648","0",,"0","12544","0","-9214364837600034816","20174","Microsoft-Windows-Security-Auditing","54849625-5478-4994-a5ba-3e3b0328c30d","Security","880","home-win7-1.home.local",,"11/29/2016 8:54:42 PM",,,"security","","System.Diagnostics.Eventing.Reader.EventBookmark","Information","Info","Logon","Audit Success","System.Diagnostics.Eventing.Reader.EventProperty System.Diagnostics.Eventing.Reader.EventProperty System.Diagnostics.Eventing.Reader.EventProperty System.Diagnostics.Eventing.Reader.EventProperty System.Diagnostics.Eventing.Reader.EventProperty System.Diagnostics.Eventing.Reader.EventProperty System.Diagnostics.Eventing.Reader.EventProperty System.Diagnostics.Eventing.Reader.EventProperty System.Diagnostics.Eventing.Reader.EventProperty System.Diagnostics.Eventing.Reader.EventProperty System.Diagnostics.Eventing.Reader.EventProperty System.Diagnostics.Eventing.Reader.EventProperty System.Diagnostics.Eventing.Reader.EventProperty System.Diagnostics.Eventing.Reader.EventProperty","home-win7-1","4149dc02-dbc0-492b-b049-a6bd7d74f5de","True"
