"A new process has been created.

Subject:
	Security ID:		S-1-5-18
	Account Name:		HOME-WIN7-1$
	Account Domain:		HOME
	Logon ID:		0x3e7

Process Information:
	New Process ID:		0xc8c
	New Process Name:	C:\Windows\System32\taskhost.exe
	Token Elevation Type:	TokenElevationTypeDefault (1)
	Creator Process ID:	0x1dc

Token Elevation Type indicates the type of token that was assigned to the new process in accordance with User Account Control policy.

Type 1 is a full token with no privileges removed or groups disabled.  A full token is only used if User Account Control is disabled or if the user is the built-in Administrator account or a service account.

Type 2 is an elevated token with no privileges removed or groups disabled.  An elevated token is used when User Account Control is enabled and the user chooses to start the program using Run as administrator.  An elevated token is also used when an application is configured to always require administrative privilege or to always require maximum privilege, and the user is a member of the Administrators group.

Type 3 is a limited token with administrative privileges removed and administrative groups disabled.  The limited token is used when User Account Control is enabled, the application does not require administrative privilege, and the user does not choose to start the program using Run as administrator.","S-1-5-18","HOME-WIN7-1$","HOME","0x3e7","0xc8c","C:\Windows\System32\taskhost.exe","%%1936","0x1dc","4688","0",,"0","13312","0","-9214364837600034816","20072","Microsoft-Windows-Security-Auditing","54849625-5478-4994-a5ba-3e3b0328c30d","Security","52","home-win7-1.home.local",,"11/29/2016 6:04:12 AM",,,"security","","System.Diagnostics.Eventing.Reader.EventBookmark","Information","Info","Process Creation","Audit Success","System.Diagnostics.Eventing.Reader.EventProperty System.Diagnostics.Eventing.Reader.EventProperty System.Diagnostics.Eventing.Reader.EventProperty System.Diagnostics.Eventing.Reader.EventProperty System.Diagnostics.Eventing.Reader.EventProperty System.Diagnostics.Eventing.Reader.EventProperty System.Diagnostics.Eventing.Reader.EventProperty System.Diagnostics.Eventing.Reader.EventProperty","home-win7-1","8f3f4f87-5aec-4072-bbd6-db6585200215","True"
"A new process has been created.

Subject:
	Security ID:		S-1-5-18
	Account Name:		HOME-WIN7-1$
	Account Domain:		HOME
	Logon ID:		0x3e7

Process Information:
	New Process ID:		0xe70
	New Process Name:	C:\Windows\System32\mobsync.exe
	Token Elevation Type:	TokenElevationTypeDefault (1)
	Creator Process ID:	0x260

Token Elevation Type indicates the type of token that was assigned to the new process in accordance with User Account Control policy.

Type 1 is a full token with no privileges removed or groups disabled.  A full token is only used if User Account Control is disabled or if the user is the built-in Administrator account or a service account.

Type 2 is an elevated token with no privileges removed or groups disabled.  An elevated token is used when User Account Control is enabled and the user chooses to start the program using Run as administrator.  An elevated token is also used when an application is configured to always require administrative privilege or to always require maximum privilege, and the user is a member of the Administrators group.

Type 3 is a limited token with administrative privileges removed and administrative groups disabled.  The limited token is used when User Account Control is enabled, the application does not require administrative privilege, and the user does not choose to start the program using Run as administrator.","S-1-5-18","HOME-WIN7-1$","HOME","0x3e7","0xe70","C:\Windows\System32\mobsync.exe","%%1936","0x260","4688","0",,"0","13312","0","-9214364837600034816","20071","Microsoft-Windows-Security-Auditing","54849625-5478-4994-a5ba-3e3b0328c30d","Security","52","home-win7-1.home.local",,"11/29/2016 5:37:06 AM",,,"security","","System.Diagnostics.Eventing.Reader.EventBookmark","Information","Info","Process Creation","Audit Success","System.Diagnostics.Eventing.Reader.EventProperty System.Diagnostics.Eventing.Reader.EventProperty System.Diagnostics.Eventing.Reader.EventProperty System.Diagnostics.Eventing.Reader.EventProperty System.Diagnostics.Eventing.Reader.EventProperty System.Diagnostics.Eventing.Reader.EventProperty System.Diagnostics.Eventing.Reader.EventProperty System.Diagnostics.Eventing.Reader.EventProperty","home-win7-1","8f3f4f87-5aec-4072-bbd6-db6585200215","True"
"A new process has been created.

Subject:
	Security ID:		S-1-5-18
	Account Name:		HOME-WIN7-1$
	Account Domain:		HOME
	Logon ID:		0x3e7

Process Information:
	New Process ID:		0xc34
	New Process Name:	C:\Windows\System32\mobsync.exe
	Token Elevation Type:	TokenElevationTypeDefault (1)
	Creator Process ID:	0x260

Token Elevation Type indicates the type of token that was assigned to the new process in accordance with User Account Control policy.

Type 1 is a full token with no privileges removed or groups disabled.  A full token is only used if User Account Control is disabled or if the user is the built-in Administrator account or a service account.

Type 2 is an elevated token with no privileges removed or groups disabled.  An elevated token is used when User Account Control is enabled and the user chooses to start the program using Run as administrator.  An elevated token is also used when an application is configured to always require administrative privilege or to always require maximum privilege, and the user is a member of the Administrators group.

Type 3 is a limited token with administrative privileges removed and administrative groups disabled.  The limited token is used when User Account Control is enabled, the application does not require administrative privilege, and the user does not choose to start the program using Run as administrator.","S-1-5-18","HOME-WIN7-1$","HOME","0x3e7","0xc34","C:\Windows\System32\mobsync.exe","%%1936","0x260","4688","0",,"0","13312","0","-9214364837600034816","20070","Microsoft-Windows-Security-Auditing","54849625-5478-4994-a5ba-3e3b0328c30d","Security","48","home-win7-1.home.local",,"11/29/2016 5:06:55 AM",,,"security","","System.Diagnostics.Eventing.Reader.EventBookmark","Information","Info","Process Creation","Audit Success","System.Diagnostics.Eventing.Reader.EventProperty System.Diagnostics.Eventing.Reader.EventProperty System.Diagnostics.Eventing.Reader.EventProperty System.Diagnostics.Eventing.Reader.EventProperty System.Diagnostics.Eventing.Reader.EventProperty System.Diagnostics.Eventing.Reader.EventProperty System.Diagnostics.Eventing.Reader.EventProperty System.Diagnostics.Eventing.Reader.EventProperty","home-win7-1","8f3f4f87-5aec-4072-bbd6-db6585200215","True"
"A new process has been created.

Subject:
	Security ID:		S-1-5-18
	Account Name:		HOME-WIN7-1$
	Account Domain:		HOME
	Logon ID:		0x3e7

Process Information:
	New Process ID:		0xf04
	New Process Name:	C:\Windows\System32\taskhost.exe
	Token Elevation Type:	TokenElevationTypeDefault (1)
	Creator Process ID:	0x1dc

Token Elevation Type indicates the type of token that was assigned to the new process in accordance with User Account Control policy.

Type 1 is a full token with no privileges removed or groups disabled.  A full token is only used if User Account Control is disabled or if the user is the built-in Administrator account or a service account.

Type 2 is an elevated token with no privileges removed or groups disabled.  An elevated token is used when User Account Control is enabled and the user chooses to start the program using Run as administrator.  An elevated token is also used when an application is configured to always require administrative privilege or to always require maximum privilege, and the user is a member of the Administrators group.

Type 3 is a limited token with administrative privileges removed and administrative groups disabled.  The limited token is used when User Account Control is enabled, the application does not require administrative privilege, and the user does not choose to start the program using Run as administrator.","S-1-5-18","HOME-WIN7-1$","HOME","0x3e7","0xf04","C:\Windows\System32\taskhost.exe","%%1936","0x1dc","4688","0",,"0","13312","0","-9214364837600034816","20069","Microsoft-Windows-Security-Auditing","54849625-5478-4994-a5ba-3e3b0328c30d","Security","52","home-win7-1.home.local",,"11/29/2016 5:04:55 AM",,,"security","","System.Diagnostics.Eventing.Reader.EventBookmark","Information","Info","Process Creation","Audit Success","System.Diagnostics.Eventing.Reader.EventProperty System.Diagnostics.Eventing.Reader.EventProperty System.Diagnostics.Eventing.Reader.EventProperty System.Diagnostics.Eventing.Reader.EventProperty System.Diagnostics.Eventing.Reader.EventProperty System.Diagnostics.Eventing.Reader.EventProperty System.Diagnostics.Eventing.Reader.EventProperty System.Diagnostics.Eventing.Reader.EventProperty","home-win7-1","8f3f4f87-5aec-4072-bbd6-db6585200215","True"
"A new process has been created.

Subject:
	Security ID:		S-1-5-18
	Account Name:		HOME-WIN7-1$
	Account Domain:		HOME
	Logon ID:		0x3e7

Process Information:
	New Process ID:		0xa08
	New Process Name:	C:\Windows\System32\SearchFilterHost.exe
	Token Elevation Type:	TokenElevationTypeDefault (1)
	Creator Process ID:	0xa98

Token Elevation Type indicates the type of token that was assigned to the new process in accordance with User Account Control policy.

Type 1 is a full token with no privileges removed or groups disabled.  A full token is only used if User Account Control is disabled or if the user is the built-in Administrator account or a service account.

Type 2 is an elevated token with no privileges removed or groups disabled.  An elevated token is used when User Account Control is enabled and the user chooses to start the program using Run as administrator.  An elevated token is also used when an application is configured to always require administrative privilege or to always require maximum privilege, and the user is a member of the Administrators group.

Type 3 is a limited token with administrative privileges removed and administrative groups disabled.  The limited token is used when User Account Control is enabled, the application does not require administrative privilege, and the user does not choose to start the program using Run as administrator.","S-1-5-18","HOME-WIN7-1$","HOME","0x3e7","0xa08","C:\Windows\System32\SearchFilterHost.exe","%%1936","0xa98","4688","0",,"0","13312","0","-9214364837600034816","20068","Microsoft-Windows-Security-Auditing","54849625-5478-4994-a5ba-3e3b0328c30d","Security","44","home-win7-1.home.local",,"11/29/2016 4:41:24 AM",,,"security","","System.Diagnostics.Eventing.Reader.EventBookmark","Information","Info","Process Creation","Audit Success","System.Diagnostics.Eventing.Reader.EventProperty System.Diagnostics.Eventing.Reader.EventProperty System.Diagnostics.Eventing.Reader.EventProperty System.Diagnostics.Eventing.Reader.EventProperty System.Diagnostics.Eventing.Reader.EventProperty System.Diagnostics.Eventing.Reader.EventProperty System.Diagnostics.Eventing.Reader.EventProperty System.Diagnostics.Eventing.Reader.EventProperty","home-win7-1","8f3f4f87-5aec-4072-bbd6-db6585200215","True"
"A new process has been created.

Subject:
	Security ID:		S-1-5-18
	Account Name:		HOME-WIN7-1$
	Account Domain:		HOME
	Logon ID:		0x3e7

Process Information:
	New Process ID:		0xf08
	New Process Name:	C:\Windows\System32\SearchProtocolHost.exe
	Token Elevation Type:	TokenElevationTypeDefault (1)
	Creator Process ID:	0xa98

Token Elevation Type indicates the type of token that was assigned to the new process in accordance with User Account Control policy.

Type 1 is a full token with no privileges removed or groups disabled.  A full token is only used if User Account Control is disabled or if the user is the built-in Administrator account or a service account.

Type 2 is an elevated token with no privileges removed or groups disabled.  An elevated token is used when User Account Control is enabled and the user chooses to start the program using Run as administrator.  An elevated token is also used when an application is configured to always require administrative privilege or to always require maximum privilege, and the user is a member of the Administrators group.

Type 3 is a limited token with administrative privileges removed and administrative groups disabled.  The limited token is used when User Account Control is enabled, the application does not require administrative privilege, and the user does not choose to start the program using Run as administrator.","S-1-5-18","HOME-WIN7-1$","HOME","0x3e7","0xf08","C:\Windows\System32\SearchProtocolHost.exe","%%1936","0xa98","4688","0",,"0","13312","0","-9214364837600034816","20067","Microsoft-Windows-Security-Auditing","54849625-5478-4994-a5ba-3e3b0328c30d","Security","44","home-win7-1.home.local",,"11/29/2016 4:41:23 AM",,,"security","","System.Diagnostics.Eventing.Reader.EventBookmark","Information","Info","Process Creation","Audit Success","System.Diagnostics.Eventing.Reader.EventProperty System.Diagnostics.Eventing.Reader.EventProperty System.Diagnostics.Eventing.Reader.EventProperty System.Diagnostics.Eventing.Reader.EventProperty System.Diagnostics.Eventing.Reader.EventProperty System.Diagnostics.Eventing.Reader.EventProperty System.Diagnostics.Eventing.Reader.EventProperty System.Diagnostics.Eventing.Reader.EventProperty","home-win7-1","8f3f4f87-5aec-4072-bbd6-db6585200215","True"
"A new process has been created.

Subject:
	Security ID:		S-1-5-18
	Account Name:		HOME-WIN7-1$
	Account Domain:		HOME
	Logon ID:		0x3e7

Process Information:
	New Process ID:		0xde0
	New Process Name:	C:\Program Files\Windows Defender\MpCmdRun.exe
	Token Elevation Type:	TokenElevationTypeDefault (1)
	Creator Process ID:	0xc2c

Token Elevation Type indicates the type of token that was assigned to the new process in accordance with User Account Control policy.

Type 1 is a full token with no privileges removed or groups disabled.  A full token is only used if User Account Control is disabled or if the user is the built-in Administrator account or a service account.

Type 2 is an elevated token with no privileges removed or groups disabled.  An elevated token is used when User Account Control is enabled and the user chooses to start the program using Run as administrator.  An elevated token is also used when an application is configured to always require administrative privilege or to always require maximum privilege, and the user is a member of the Administrators group.

Type 3 is a limited token with administrative privileges removed and administrative groups disabled.  The limited token is used when User Account Control is enabled, the application does not require administrative privilege, and the user does not choose to start the program using Run as administrator.","S-1-5-18","HOME-WIN7-1$","HOME","0x3e7","0xde0","C:\Program Files\Windows Defender\MpCmdRun.exe","%%1936","0xc2c","4688","0",,"0","13312","0","-9214364837600034816","20066","Microsoft-Windows-Security-Auditing","54849625-5478-4994-a5ba-3e3b0328c30d","Security","52","home-win7-1.home.local",,"11/29/2016 4:40:56 AM",,,"security","","System.Diagnostics.Eventing.Reader.EventBookmark","Information","Info","Process Creation","Audit Success","System.Diagnostics.Eventing.Reader.EventProperty System.Diagnostics.Eventing.Reader.EventProperty System.Diagnostics.Eventing.Reader.EventProperty System.Diagnostics.Eventing.Reader.EventProperty System.Diagnostics.Eventing.Reader.EventProperty System.Diagnostics.Eventing.Reader.EventProperty System.Diagnostics.Eventing.Reader.EventProperty System.Diagnostics.Eventing.Reader.EventProperty","home-win7-1","8f3f4f87-5aec-4072-bbd6-db6585200215","True"
"A new process has been created.

Subject:
	Security ID:		S-1-5-18
	Account Name:		HOME-WIN7-1$
	Account Domain:		HOME
	Logon ID:		0x3e7

Process Information:
	New Process ID:		0xb64
	New Process Name:	C:\Windows\System32\conhost.exe
	Token Elevation Type:	TokenElevationTypeDefault (1)
	Creator Process ID:	0x144

Token Elevation Type indicates the type of token that was assigned to the new process in accordance with User Account Control policy.

Type 1 is a full token with no privileges removed or groups disabled.  A full token is only used if User Account Control is disabled or if the user is the built-in Administrator account or a service account.

Type 2 is an elevated token with no privileges removed or groups disabled.  An elevated token is used when User Account Control is enabled and the user chooses to start the program using Run as administrator.  An elevated token is also used when an application is configured to always require administrative privilege or to always require maximum privilege, and the user is a member of the Administrators group.

Type 3 is a limited token with administrative privileges removed and administrative groups disabled.  The limited token is used when User Account Control is enabled, the application does not require administrative privilege, and the user does not choose to start the program using Run as administrator.","S-1-5-18","HOME-WIN7-1$","HOME","0x3e7","0xb64","C:\Windows\System32\conhost.exe","%%1936","0x144","4688","0",,"0","13312","0","-9214364837600034816","20064","Microsoft-Windows-Security-Auditing","54849625-5478-4994-a5ba-3e3b0328c30d","Security","52","home-win7-1.home.local",,"11/29/2016 4:40:56 AM",,,"security","","System.Diagnostics.Eventing.Reader.EventBookmark","Information","Info","Process Creation","Audit Success","System.Diagnostics.Eventing.Reader.EventProperty System.Diagnostics.Eventing.Reader.EventProperty System.Diagnostics.Eventing.Reader.EventProperty System.Diagnostics.Eventing.Reader.EventProperty System.Diagnostics.Eventing.Reader.EventProperty System.Diagnostics.Eventing.Reader.EventProperty System.Diagnostics.Eventing.Reader.EventProperty System.Diagnostics.Eventing.Reader.EventProperty","home-win7-1","8f3f4f87-5aec-4072-bbd6-db6585200215","True"
"A new process has been created.

Subject:
	Security ID:		S-1-5-18
	Account Name:		HOME-WIN7-1$
	Account Domain:		HOME
	Logon ID:		0x3e7

Process Information:
	New Process ID:		0xc2c
	New Process Name:	C:\Program Files\Windows Defender\MpCmdRun.exe
	Token Elevation Type:	TokenElevationTypeDefault (1)
	Creator Process ID:	0x1dc

Token Elevation Type indicates the type of token that was assigned to the new process in accordance with User Account Control policy.

Type 1 is a full token with no privileges removed or groups disabled.  A full token is only used if User Account Control is disabled or if the user is the built-in Administrator account or a service account.

Type 2 is an elevated token with no privileges removed or groups disabled.  An elevated token is used when User Account Control is enabled and the user chooses to start the program using Run as administrator.  An elevated token is also used when an application is configured to always require administrative privilege or to always require maximum privilege, and the user is a member of the Administrators group.

Type 3 is a limited token with administrative privileges removed and administrative groups disabled.  The limited token is used when User Account Control is enabled, the application does not require administrative privilege, and the user does not choose to start the program using Run as administrator.","S-1-5-18","HOME-WIN7-1$","HOME","0x3e7","0xc2c","C:\Program Files\Windows Defender\MpCmdRun.exe","%%1936","0x1dc","4688","0",,"0","13312","0","-9214364837600034816","20063","Microsoft-Windows-Security-Auditing","54849625-5478-4994-a5ba-3e3b0328c30d","Security","52","home-win7-1.home.local",,"11/29/2016 4:40:56 AM",,,"security","","System.Diagnostics.Eventing.Reader.EventBookmark","Information","Info","Process Creation","Audit Success","System.Diagnostics.Eventing.Reader.EventProperty System.Diagnostics.Eventing.Reader.EventProperty System.Diagnostics.Eventing.Reader.EventProperty System.Diagnostics.Eventing.Reader.EventProperty System.Diagnostics.Eventing.Reader.EventProperty System.Diagnostics.Eventing.Reader.EventProperty System.Diagnostics.Eventing.Reader.EventProperty System.Diagnostics.Eventing.Reader.EventProperty","home-win7-1","8f3f4f87-5aec-4072-bbd6-db6585200215","True"
"A new process has been created.

Subject:
	Security ID:		S-1-5-18
	Account Name:		HOME-WIN7-1$
	Account Domain:		HOME
	Logon ID:		0x3e7

Process Information:
	New Process ID:		0x258
	New Process Name:	C:\Windows\System32\mobsync.exe
	Token Elevation Type:	TokenElevationTypeDefault (1)
	Creator Process ID:	0x260

Token Elevation Type indicates the type of token that was assigned to the new process in accordance with User Account Control policy.

Type 1 is a full token with no privileges removed or groups disabled.  A full token is only used if User Account Control is disabled or if the user is the built-in Administrator account or a service account.

Type 2 is an elevated token with no privileges removed or groups disabled.  An elevated token is used when User Account Control is enabled and the user chooses to start the program using Run as administrator.  An elevated token is also used when an application is configured to always require administrative privilege or to always require maximum privilege, and the user is a member of the Administrators group.

Type 3 is a limited token with administrative privileges removed and administrative groups disabled.  The limited token is used when User Account Control is enabled, the application does not require administrative privilege, and the user does not choose to start the program using Run as administrator.","S-1-5-18","HOME-WIN7-1$","HOME","0x3e7","0x258","C:\Windows\System32\mobsync.exe","%%1936","0x260","4688","0",,"0","13312","0","-9214364837600034816","20062","Microsoft-Windows-Security-Auditing","54849625-5478-4994-a5ba-3e3b0328c30d","Security","52","home-win7-1.home.local",,"11/29/2016 4:35:44 AM",,,"security","","System.Diagnostics.Eventing.Reader.EventBookmark","Information","Info","Process Creation","Audit Success","System.Diagnostics.Eventing.Reader.EventProperty System.Diagnostics.Eventing.Reader.EventProperty System.Diagnostics.Eventing.Reader.EventProperty System.Diagnostics.Eventing.Reader.EventProperty System.Diagnostics.Eventing.Reader.EventProperty System.Diagnostics.Eventing.Reader.EventProperty System.Diagnostics.Eventing.Reader.EventProperty System.Diagnostics.Eventing.Reader.EventProperty","home-win7-1","8f3f4f87-5aec-4072-bbd6-db6585200215","True"
"A new process has been created.

Subject:
	Security ID:		S-1-5-18
	Account Name:		HOME-WIN7-1$
	Account Domain:		HOME
	Logon ID:		0x3e7

Process Information:
	New Process ID:		0xafc
	New Process Name:	C:\Windows\System32\SearchFilterHost.exe
	Token Elevation Type:	TokenElevationTypeDefault (1)
	Creator Process ID:	0xa98

Token Elevation Type indicates the type of token that was assigned to the new process in accordance with User Account Control policy.

Type 1 is a full token with no privileges removed or groups disabled.  A full token is only used if User Account Control is disabled or if the user is the built-in Administrator account or a service account.

Type 2 is an elevated token with no privileges removed or groups disabled.  An elevated token is used when User Account Control is enabled and the user chooses to start the program using Run as administrator.  An elevated token is also used when an application is configured to always require administrative privilege or to always require maximum privilege, and the user is a member of the Administrators group.

Type 3 is a limited token with administrative privileges removed and administrative groups disabled.  The limited token is used when User Account Control is enabled, the application does not require administrative privilege, and the user does not choose to start the program using Run as administrator.","S-1-5-18","HOME-WIN7-1$","HOME","0x3e7","0xafc","C:\Windows\System32\SearchFilterHost.exe","%%1936","0xa98","4688","0",,"0","13312","0","-9214364837600034816","20061","Microsoft-Windows-Security-Auditing","54849625-5478-4994-a5ba-3e3b0328c30d","Security","48","home-win7-1.home.local",,"11/29/2016 4:19:44 AM",,,"security","","System.Diagnostics.Eventing.Reader.EventBookmark","Information","Info","Process Creation","Audit Success","System.Diagnostics.Eventing.Reader.EventProperty System.Diagnostics.Eventing.Reader.EventProperty System.Diagnostics.Eventing.Reader.EventProperty System.Diagnostics.Eventing.Reader.EventProperty System.Diagnostics.Eventing.Reader.EventProperty System.Diagnostics.Eventing.Reader.EventProperty System.Diagnostics.Eventing.Reader.EventProperty System.Diagnostics.Eventing.Reader.EventProperty","home-win7-1","8f3f4f87-5aec-4072-bbd6-db6585200215","True"
"A new process has been created.

Subject:
	Security ID:		S-1-5-18
	Account Name:		HOME-WIN7-1$
	Account Domain:		HOME
	Logon ID:		0x3e7

Process Information:
	New Process ID:		0xdb0
	New Process Name:	C:\Windows\System32\SearchProtocolHost.exe
	Token Elevation Type:	TokenElevationTypeDefault (1)
	Creator Process ID:	0xa98

Token Elevation Type indicates the type of token that was assigned to the new process in accordance with User Account Control policy.

Type 1 is a full token with no privileges removed or groups disabled.  A full token is only used if User Account Control is disabled or if the user is the built-in Administrator account or a service account.

Type 2 is an elevated token with no privileges removed or groups disabled.  An elevated token is used when User Account Control is enabled and the user chooses to start the program using Run as administrator.  An elevated token is also used when an application is configured to always require administrative privilege or to always require maximum privilege, and the user is a member of the Administrators group.

Type 3 is a limited token with administrative privileges removed and administrative groups disabled.  The limited token is used when User Account Control is enabled, the application does not require administrative privilege, and the user does not choose to start the program using Run as administrator.","S-1-5-18","HOME-WIN7-1$","HOME","0x3e7","0xdb0","C:\Windows\System32\SearchProtocolHost.exe","%%1936","0xa98","4688","0",,"0","13312","0","-9214364837600034816","20060","Microsoft-Windows-Security-Auditing","54849625-5478-4994-a5ba-3e3b0328c30d","Security","48","home-win7-1.home.local",,"11/29/2016 4:19:44 AM",,,"security","","System.Diagnostics.Eventing.Reader.EventBookmark","Information","Info","Process Creation","Audit Success","System.Diagnostics.Eventing.Reader.EventProperty System.Diagnostics.Eventing.Reader.EventProperty System.Diagnostics.Eventing.Reader.EventProperty System.Diagnostics.Eventing.Reader.EventProperty System.Diagnostics.Eventing.Reader.EventProperty System.Diagnostics.Eventing.Reader.EventProperty System.Diagnostics.Eventing.Reader.EventProperty System.Diagnostics.Eventing.Reader.EventProperty","home-win7-1","8f3f4f87-5aec-4072-bbd6-db6585200215","True"
"A new process has been created.

Subject:
	Security ID:		S-1-5-18
	Account Name:		HOME-WIN7-1$
	Account Domain:		HOME
	Logon ID:		0x3e7

Process Information:
	New Process ID:		0xff0
	New Process Name:	C:\Windows\System32\taskhost.exe
	Token Elevation Type:	TokenElevationTypeDefault (1)
	Creator Process ID:	0x1dc

Token Elevation Type indicates the type of token that was assigned to the new process in accordance with User Account Control policy.

Type 1 is a full token with no privileges removed or groups disabled.  A full token is only used if User Account Control is disabled or if the user is the built-in Administrator account or a service account.

Type 2 is an elevated token with no privileges removed or groups disabled.  An elevated token is used when User Account Control is enabled and the user chooses to start the program using Run as administrator.  An elevated token is also used when an application is configured to always require administrative privilege or to always require maximum privilege, and the user is a member of the Administrators group.

Type 3 is a limited token with administrative privileges removed and administrative groups disabled.  The limited token is used when User Account Control is enabled, the application does not require administrative privilege, and the user does not choose to start the program using Run as administrator.","S-1-5-18","HOME-WIN7-1$","HOME","0x3e7","0xff0","C:\Windows\System32\taskhost.exe","%%1936","0x1dc","4688","0",,"0","13312","0","-9214364837600034816","20059","Microsoft-Windows-Security-Auditing","54849625-5478-4994-a5ba-3e3b0328c30d","Security","48","home-win7-1.home.local",,"11/29/2016 4:10:47 AM",,,"security","","System.Diagnostics.Eventing.Reader.EventBookmark","Information","Info","Process Creation","Audit Success","System.Diagnostics.Eventing.Reader.EventProperty System.Diagnostics.Eventing.Reader.EventProperty System.Diagnostics.Eventing.Reader.EventProperty System.Diagnostics.Eventing.Reader.EventProperty System.Diagnostics.Eventing.Reader.EventProperty System.Diagnostics.Eventing.Reader.EventProperty System.Diagnostics.Eventing.Reader.EventProperty System.Diagnostics.Eventing.Reader.EventProperty","home-win7-1","8f3f4f87-5aec-4072-bbd6-db6585200215","True"
"A new process has been created.

Subject:
	Security ID:		S-1-5-18
	Account Name:		HOME-WIN7-1$
	Account Domain:		HOME
	Logon ID:		0x3e7

Process Information:
	New Process ID:		0xddc
	New Process Name:	C:\Windows\System32\mobsync.exe
	Token Elevation Type:	TokenElevationTypeDefault (1)
	Creator Process ID:	0x260

Token Elevation Type indicates the type of token that was assigned to the new process in accordance with User Account Control policy.

Type 1 is a full token with no privileges removed or groups disabled.  A full token is only used if User Account Control is disabled or if the user is the built-in Administrator account or a service account.

Type 2 is an elevated token with no privileges removed or groups disabled.  An elevated token is used when User Account Control is enabled and the user chooses to start the program using Run as administrator.  An elevated token is also used when an application is configured to always require administrative privilege or to always require maximum privilege, and the user is a member of the Administrators group.

Type 3 is a limited token with administrative privileges removed and administrative groups disabled.  The limited token is used when User Account Control is enabled, the application does not require administrative privilege, and the user does not choose to start the program using Run as administrator.","S-1-5-18","HOME-WIN7-1$","HOME","0x3e7","0xddc","C:\Windows\System32\mobsync.exe","%%1936","0x260","4688","0",,"0","13312","0","-9214364837600034816","20058","Microsoft-Windows-Security-Auditing","54849625-5478-4994-a5ba-3e3b0328c30d","Security","48","home-win7-1.home.local",,"11/29/2016 4:05:08 AM",,,"security","","System.Diagnostics.Eventing.Reader.EventBookmark","Information","Info","Process Creation","Audit Success","System.Diagnostics.Eventing.Reader.EventProperty System.Diagnostics.Eventing.Reader.EventProperty System.Diagnostics.Eventing.Reader.EventProperty System.Diagnostics.Eventing.Reader.EventProperty System.Diagnostics.Eventing.Reader.EventProperty System.Diagnostics.Eventing.Reader.EventProperty System.Diagnostics.Eventing.Reader.EventProperty System.Diagnostics.Eventing.Reader.EventProperty","home-win7-1","8f3f4f87-5aec-4072-bbd6-db6585200215","True"
"A new process has been created.

Subject:
	Security ID:		S-1-5-18
	Account Name:		HOME-WIN7-1$
	Account Domain:		HOME
	Logon ID:		0x3e7

Process Information:
	New Process ID:		0x8f8
	New Process Name:	C:\Windows\System32\conhost.exe
	Token Elevation Type:	TokenElevationTypeDefault (1)
	Creator Process ID:	0x144

Token Elevation Type indicates the type of token that was assigned to the new process in accordance with User Account Control policy.

Type 1 is a full token with no privileges removed or groups disabled.  A full token is only used if User Account Control is disabled or if the user is the built-in Administrator account or a service account.

Type 2 is an elevated token with no privileges removed or groups disabled.  An elevated token is used when User Account Control is enabled and the user chooses to start the program using Run as administrator.  An elevated token is also used when an application is configured to always require administrative privilege or to always require maximum privilege, and the user is a member of the Administrators group.

Type 3 is a limited token with administrative privileges removed and administrative groups disabled.  The limited token is used when User Account Control is enabled, the application does not require administrative privilege, and the user does not choose to start the program using Run as administrator.","S-1-5-18","HOME-WIN7-1$","HOME","0x3e7","0x8f8","C:\Windows\System32\conhost.exe","%%1936","0x144","4688","0",,"0","13312","0","-9214364837600034816","20056","Microsoft-Windows-Security-Auditing","54849625-5478-4994-a5ba-3e3b0328c30d","Security","52","home-win7-1.home.local",,"11/29/2016 4:00:00 AM",,,"security","","System.Diagnostics.Eventing.Reader.EventBookmark","Information","Info","Process Creation","Audit Success","System.Diagnostics.Eventing.Reader.EventProperty System.Diagnostics.Eventing.Reader.EventProperty System.Diagnostics.Eventing.Reader.EventProperty System.Diagnostics.Eventing.Reader.EventProperty System.Diagnostics.Eventing.Reader.EventProperty System.Diagnostics.Eventing.Reader.EventProperty System.Diagnostics.Eventing.Reader.EventProperty System.Diagnostics.Eventing.Reader.EventProperty","home-win7-1","8f3f4f87-5aec-4072-bbd6-db6585200215","True"
"A new process has been created.

Subject:
	Security ID:		S-1-5-18
	Account Name:		HOME-WIN7-1$
	Account Domain:		HOME
	Logon ID:		0x3e7

Process Information:
	New Process ID:		0xb18
	New Process Name:	C:\Windows\System32\schtasks.exe
	Token Elevation Type:	TokenElevationTypeDefault (1)
	Creator Process ID:	0xa18

Token Elevation Type indicates the type of token that was assigned to the new process in accordance with User Account Control policy.

Type 1 is a full token with no privileges removed or groups disabled.  A full token is only used if User Account Control is disabled or if the user is the built-in Administrator account or a service account.

Type 2 is an elevated token with no privileges removed or groups disabled.  An elevated token is used when User Account Control is enabled and the user chooses to start the program using Run as administrator.  An elevated token is also used when an application is configured to always require administrative privilege or to always require maximum privilege, and the user is a member of the Administrators group.

Type 3 is a limited token with administrative privileges removed and administrative groups disabled.  The limited token is used when User Account Control is enabled, the application does not require administrative privilege, and the user does not choose to start the program using Run as administrator.","S-1-5-18","HOME-WIN7-1$","HOME","0x3e7","0xb18","C:\Windows\System32\schtasks.exe","%%1936","0xa18","4688","0",,"0","13312","0","-9214364837600034816","20055","Microsoft-Windows-Security-Auditing","54849625-5478-4994-a5ba-3e3b0328c30d","Security","52","home-win7-1.home.local",,"11/29/2016 4:00:00 AM",,,"security","","System.Diagnostics.Eventing.Reader.EventBookmark","Information","Info","Process Creation","Audit Success","System.Diagnostics.Eventing.Reader.EventProperty System.Diagnostics.Eventing.Reader.EventProperty System.Diagnostics.Eventing.Reader.EventProperty System.Diagnostics.Eventing.Reader.EventProperty System.Diagnostics.Eventing.Reader.EventProperty System.Diagnostics.Eventing.Reader.EventProperty System.Diagnostics.Eventing.Reader.EventProperty System.Diagnostics.Eventing.Reader.EventProperty","home-win7-1","8f3f4f87-5aec-4072-bbd6-db6585200215","True"
"A new process has been created.

Subject:
	Security ID:		S-1-5-18
	Account Name:		HOME-WIN7-1$
	Account Domain:		HOME
	Logon ID:		0x3e7

Process Information:
	New Process ID:		0xa18
	New Process Name:	C:\Windows\System32\wsqmcons.exe
	Token Elevation Type:	TokenElevationTypeDefault (1)
	Creator Process ID:	0x1dc

Token Elevation Type indicates the type of token that was assigned to the new process in accordance with User Account Control policy.

Type 1 is a full token with no privileges removed or groups disabled.  A full token is only used if User Account Control is disabled or if the user is the built-in Administrator account or a service account.

Type 2 is an elevated token with no privileges removed or groups disabled.  An elevated token is used when User Account Control is enabled and the user chooses to start the program using Run as administrator.  An elevated token is also used when an application is configured to always require administrative privilege or to always require maximum privilege, and the user is a member of the Administrators group.

Type 3 is a limited token with administrative privileges removed and administrative groups disabled.  The limited token is used when User Account Control is enabled, the application does not require administrative privilege, and the user does not choose to start the program using Run as administrator.","S-1-5-18","HOME-WIN7-1$","HOME","0x3e7","0xa18","C:\Windows\System32\wsqmcons.exe","%%1936","0x1dc","4688","0",,"0","13312","0","-9214364837600034816","20054","Microsoft-Windows-Security-Auditing","54849625-5478-4994-a5ba-3e3b0328c30d","Security","52","home-win7-1.home.local",,"11/29/2016 4:00:00 AM",,,"security","","System.Diagnostics.Eventing.Reader.EventBookmark","Information","Info","Process Creation","Audit Success","System.Diagnostics.Eventing.Reader.EventProperty System.Diagnostics.Eventing.Reader.EventProperty System.Diagnostics.Eventing.Reader.EventProperty System.Diagnostics.Eventing.Reader.EventProperty System.Diagnostics.Eventing.Reader.EventProperty System.Diagnostics.Eventing.Reader.EventProperty System.Diagnostics.Eventing.Reader.EventProperty System.Diagnostics.Eventing.Reader.EventProperty","home-win7-1","8f3f4f87-5aec-4072-bbd6-db6585200215","True"
"A new process has been created.

Subject:
	Security ID:		S-1-5-18
	Account Name:		HOME-WIN7-1$
	Account Domain:		HOME
	Logon ID:		0x3e7

Process Information:
	New Process ID:		0xe3c
	New Process Name:	C:\Windows\System32\mobsync.exe
	Token Elevation Type:	TokenElevationTypeDefault (1)
	Creator Process ID:	0x260

Token Elevation Type indicates the type of token that was assigned to the new process in accordance with User Account Control policy.

Type 1 is a full token with no privileges removed or groups disabled.  A full token is only used if User Account Control is disabled or if the user is the built-in Administrator account or a service account.

Type 2 is an elevated token with no privileges removed or groups disabled.  An elevated token is used when User Account Control is enabled and the user chooses to start the program using Run as administrator.  An elevated token is also used when an application is configured to always require administrative privilege or to always require maximum privilege, and the user is a member of the Administrators group.

Type 3 is a limited token with administrative privileges removed and administrative groups disabled.  The limited token is used when User Account Control is enabled, the application does not require administrative privilege, and the user does not choose to start the program using Run as administrator.","S-1-5-18","HOME-WIN7-1$","HOME","0x3e7","0xe3c","C:\Windows\System32\mobsync.exe","%%1936","0x260","4688","0",,"0","13312","0","-9214364837600034816","20053","Microsoft-Windows-Security-Auditing","54849625-5478-4994-a5ba-3e3b0328c30d","Security","52","home-win7-1.home.local",,"11/29/2016 3:34:58 AM",,,"security","","System.Diagnostics.Eventing.Reader.EventBookmark","Information","Info","Process Creation","Audit Success","System.Diagnostics.Eventing.Reader.EventProperty System.Diagnostics.Eventing.Reader.EventProperty System.Diagnostics.Eventing.Reader.EventProperty System.Diagnostics.Eventing.Reader.EventProperty System.Diagnostics.Eventing.Reader.EventProperty System.Diagnostics.Eventing.Reader.EventProperty System.Diagnostics.Eventing.Reader.EventProperty System.Diagnostics.Eventing.Reader.EventProperty","home-win7-1","8f3f4f87-5aec-4072-bbd6-db6585200215","True"
"A new process has been created.

Subject:
	Security ID:		S-1-5-18
	Account Name:		HOME-WIN7-1$
	Account Domain:		HOME
	Logon ID:		0x3e7

Process Information:
	New Process ID:		0x864
	New Process Name:	C:\Windows\System32\mobsync.exe
	Token Elevation Type:	TokenElevationTypeDefault (1)
	Creator Process ID:	0x260

Token Elevation Type indicates the type of token that was assigned to the new process in accordance with User Account Control policy.

Type 1 is a full token with no privileges removed or groups disabled.  A full token is only used if User Account Control is disabled or if the user is the built-in Administrator account or a service account.

Type 2 is an elevated token with no privileges removed or groups disabled.  An elevated token is used when User Account Control is enabled and the user chooses to start the program using Run as administrator.  An elevated token is also used when an application is configured to always require administrative privilege or to always require maximum privilege, and the user is a member of the Administrators group.

Type 3 is a limited token with administrative privileges removed and administrative groups disabled.  The limited token is used when User Account Control is enabled, the application does not require administrative privilege, and the user does not choose to start the program using Run as administrator.","S-1-5-18","HOME-WIN7-1$","HOME","0x3e7","0x864","C:\Windows\System32\mobsync.exe","%%1936","0x260","4688","0",,"0","13312","0","-9214364837600034816","20052","Microsoft-Windows-Security-Auditing","54849625-5478-4994-a5ba-3e3b0328c30d","Security","52","home-win7-1.home.local",,"11/29/2016 3:05:00 AM",,,"security","","System.Diagnostics.Eventing.Reader.EventBookmark","Information","Info","Process Creation","Audit Success","System.Diagnostics.Eventing.Reader.EventProperty System.Diagnostics.Eventing.Reader.EventProperty System.Diagnostics.Eventing.Reader.EventProperty System.Diagnostics.Eventing.Reader.EventProperty System.Diagnostics.Eventing.Reader.EventProperty System.Diagnostics.Eventing.Reader.EventProperty System.Diagnostics.Eventing.Reader.EventProperty System.Diagnostics.Eventing.Reader.EventProperty","home-win7-1","8f3f4f87-5aec-4072-bbd6-db6585200215","True"
"A new process has been created.

Subject:
	Security ID:		S-1-5-18
	Account Name:		HOME-WIN7-1$
	Account Domain:		HOME
	Logon ID:		0x3e7

Process Information:
	New Process ID:		0x6b8
	New Process Name:	C:\Windows\System32\taskhost.exe
	Token Elevation Type:	TokenElevationTypeDefault (1)
	Creator Process ID:	0x1dc

Token Elevation Type indicates the type of token that was assigned to the new process in accordance with User Account Control policy.

Type 1 is a full token with no privileges removed or groups disabled.  A full token is only used if User Account Control is disabled or if the user is the built-in Administrator account or a service account.

Type 2 is an elevated token with no privileges removed or groups disabled.  An elevated token is used when User Account Control is enabled and the user chooses to start the program using Run as administrator.  An elevated token is also used when an application is configured to always require administrative privilege or to always require maximum privilege, and the user is a member of the Administrators group.

Type 3 is a limited token with administrative privileges removed and administrative groups disabled.  The limited token is used when User Account Control is enabled, the application does not require administrative privilege, and the user does not choose to start the program using Run as administrator.","S-1-5-18","HOME-WIN7-1$","HOME","0x3e7","0x6b8","C:\Windows\System32\taskhost.exe","%%1936","0x1dc","4688","0",,"0","13312","0","-9214364837600034816","20051","Microsoft-Windows-Security-Auditing","54849625-5478-4994-a5ba-3e3b0328c30d","Security","48","home-win7-1.home.local",,"11/29/2016 3:02:42 AM",,,"security","","System.Diagnostics.Eventing.Reader.EventBookmark","Information","Info","Process Creation","Audit Success","System.Diagnostics.Eventing.Reader.EventProperty System.Diagnostics.Eventing.Reader.EventProperty System.Diagnostics.Eventing.Reader.EventProperty System.Diagnostics.Eventing.Reader.EventProperty System.Diagnostics.Eventing.Reader.EventProperty System.Diagnostics.Eventing.Reader.EventProperty System.Diagnostics.Eventing.Reader.EventProperty System.Diagnostics.Eventing.Reader.EventProperty","home-win7-1","8f3f4f87-5aec-4072-bbd6-db6585200215","True"
"A new process has been created.

Subject:
	Security ID:		S-1-5-18
	Account Name:		HOME-WIN7-1$
	Account Domain:		HOME
	Logon ID:		0x3e7

Process Information:
	New Process ID:		0xdc8
	New Process Name:	C:\Windows\System32\mobsync.exe
	Token Elevation Type:	TokenElevationTypeDefault (1)
	Creator Process ID:	0x260

Token Elevation Type indicates the type of token that was assigned to the new process in accordance with User Account Control policy.

Type 1 is a full token with no privileges removed or groups disabled.  A full token is only used if User Account Control is disabled or if the user is the built-in Administrator account or a service account.

Type 2 is an elevated token with no privileges removed or groups disabled.  An elevated token is used when User Account Control is enabled and the user chooses to start the program using Run as administrator.  An elevated token is also used when an application is configured to always require administrative privilege or to always require maximum privilege, and the user is a member of the Administrators group.

Type 3 is a limited token with administrative privileges removed and administrative groups disabled.  The limited token is used when User Account Control is enabled, the application does not require administrative privilege, and the user does not choose to start the program using Run as administrator.","S-1-5-18","HOME-WIN7-1$","HOME","0x3e7","0xdc8","C:\Windows\System32\mobsync.exe","%%1936","0x260","4688","0",,"0","13312","0","-9214364837600034816","20050","Microsoft-Windows-Security-Auditing","54849625-5478-4994-a5ba-3e3b0328c30d","Security","48","home-win7-1.home.local",,"11/29/2016 2:34:00 AM",,,"security","","System.Diagnostics.Eventing.Reader.EventBookmark","Information","Info","Process Creation","Audit Success","System.Diagnostics.Eventing.Reader.EventProperty System.Diagnostics.Eventing.Reader.EventProperty System.Diagnostics.Eventing.Reader.EventProperty System.Diagnostics.Eventing.Reader.EventProperty System.Diagnostics.Eventing.Reader.EventProperty System.Diagnostics.Eventing.Reader.EventProperty System.Diagnostics.Eventing.Reader.EventProperty System.Diagnostics.Eventing.Reader.EventProperty","home-win7-1","8f3f4f87-5aec-4072-bbd6-db6585200215","True"
