"An account was successfully logged on.

Subject:
	Security ID:		S-1-0-0
	Account Name:		-
	Account Domain:		-
	Logon ID:		0x0

Logon Type:			3

Impersonation Level:		Impersonation

New Logon:
	Security ID:		S-1-5-18
	Account Name:		HOME-DC1$
	Account Domain:		HOME
	Logon ID:		0xF459423
	Logon GUID:		{B1C343D4-E491-1625-3487-4994E85B4DE4}

Process Information:
	Process ID:		0x0
	Process Name:		-

Network Information:
	Workstation Name:	
	Source Network Address:	192.168.3.220
	Source Port:		52567

Detailed Authentication Information:
	Logon Process:		Kerberos
	Authentication Package:	Kerberos
	Transited Services:	-
	Package Name (NTLM only):	-
	Key Length:		0

This event is generated when a logon session is created. It is generated on the computer that was accessed.

The subject fields indicate the account on the local system which requested the logon. This is most commonly a service such as the Server service, or a local process such as Winlogon.exe or Services.exe.

The logon type field indicates the kind of logon that occurred. The most common types are 2 (interactive) and 3 (network).

The New Logon fields indicate the account for whom the new logon was created, i.e. the account that was logged on.

The network fields indicate where a remote logon request originated. Workstation name is not always available and may be left blank in some cases.

The impersonation level field indicates the extent to which a process in the logon session can impersonate.

The authentication information fields provide detailed information about this specific logon request.
	- Logon GUID is a unique identifier that can be used to correlate this event with a KDC event.
	- Transited services indicate which intermediate services have participated in this logon request.
	- Package name indicates which sub-protocol was used among the NTLM protocols.
	- Key length indicates the length of the generated session key. This will be 0 if no session key was requested.","S-1-5-18","HOME-DC1$","HOME","0xf459423","3","4624","1",,"0","12544","0","-9214364837600034816","1052379","Microsoft-Windows-Security-Auditing","54849625-5478-4994-a5ba-3e3b0328c30d","Security","0x0","2544","home-dc1.home.local",,"11/28/2016 11:09:22 PM",,,"security","","System.Diagnostics.Eventing.Reader.EventBookmark","Information","Info","Logon","Audit Success","System.Diagnostics.Eventing.Reader.EventProperty System.Diagnostics.Eventing.Reader.EventProperty System.Diagnostics.Eventing.Reader.EventProperty System.Diagnostics.Eventing.Reader.EventProperty System.Diagnostics.Eventing.Reader.EventProperty System.Diagnostics.Eventing.Reader.EventProperty System.Diagnostics.Eventing.Reader.EventProperty System.Diagnostics.Eventing.Reader.EventProperty System.Diagnostics.Eventing.Reader.EventProperty System.Diagnostics.Eventing.Reader.EventProperty System.Diagnostics.Eventing.Reader.EventProperty System.Diagnostics.Eventing.Reader.EventProperty System.Diagnostics.Eventing.Reader.EventProperty System.Diagnostics.Eventing.Reader.EventProperty System.Diagnostics.Eventing.Reader.EventProperty System.Diagnostics.Eventing.Reader.EventProperty System.Diagnostics.Eventing.Reader.EventProperty System.Diagnostics.Eventing.Reader.EventProperty System.Diagnostics.Eventing.Reader.EventProperty System.Diagnostics.Eventing.Reader.EventProperty System.Diagnostics.Eventing.Reader.EventProperty","home-dc1","aee3f3ab-df13-4a6d-9a89-0a0b03c26c4d","True"
"An account was successfully logged on.

Subject:
	Security ID:		S-1-0-0
	Account Name:		-
	Account Domain:		-
	Logon ID:		0x0

Logon Type:			3

Impersonation Level:		Impersonation

New Logon:
	Security ID:		S-1-5-18
	Account Name:		HOME-DC1$
	Account Domain:		HOME
	Logon ID:		0xF4593E1
	Logon GUID:		{B1C343D4-E491-1625-3487-4994E85B4DE4}

Process Information:
	Process ID:		0x0
	Process Name:		-

Network Information:
	Workstation Name:	
	Source Network Address:	::1
	Source Port:		0

Detailed Authentication Information:
	Logon Process:		Kerberos
	Authentication Package:	Kerberos
	Transited Services:	-
	Package Name (NTLM only):	-
	Key Length:		0

This event is generated when a logon session is created. It is generated on the computer that was accessed.

The subject fields indicate the account on the local system which requested the logon. This is most commonly a service such as the Server service, or a local process such as Winlogon.exe or Services.exe.

The logon type field indicates the kind of logon that occurred. The most common types are 2 (interactive) and 3 (network).

The New Logon fields indicate the account for whom the new logon was created, i.e. the account that was logged on.

The network fields indicate where a remote logon request originated. Workstation name is not always available and may be left blank in some cases.

The impersonation level field indicates the extent to which a process in the logon session can impersonate.

The authentication information fields provide detailed information about this specific logon request.
	- Logon GUID is a unique identifier that can be used to correlate this event with a KDC event.
	- Transited services indicate which intermediate services have participated in this logon request.
	- Package name indicates which sub-protocol was used among the NTLM protocols.
	- Key length indicates the length of the generated session key. This will be 0 if no session key was requested.","S-1-5-18","HOME-DC1$","HOME","0xf4593e1","3","4624","1",,"0","12544","0","-9214364837600034816","1052377","Microsoft-Windows-Security-Auditing","54849625-5478-4994-a5ba-3e3b0328c30d","Security","0x0","4100","home-dc1.home.local",,"11/28/2016 11:09:22 PM",,,"security","","System.Diagnostics.Eventing.Reader.EventBookmark","Information","Info","Logon","Audit Success","System.Diagnostics.Eventing.Reader.EventProperty System.Diagnostics.Eventing.Reader.EventProperty System.Diagnostics.Eventing.Reader.EventProperty System.Diagnostics.Eventing.Reader.EventProperty System.Diagnostics.Eventing.Reader.EventProperty System.Diagnostics.Eventing.Reader.EventProperty System.Diagnostics.Eventing.Reader.EventProperty System.Diagnostics.Eventing.Reader.EventProperty System.Diagnostics.Eventing.Reader.EventProperty System.Diagnostics.Eventing.Reader.EventProperty System.Diagnostics.Eventing.Reader.EventProperty System.Diagnostics.Eventing.Reader.EventProperty System.Diagnostics.Eventing.Reader.EventProperty System.Diagnostics.Eventing.Reader.EventProperty System.Diagnostics.Eventing.Reader.EventProperty System.Diagnostics.Eventing.Reader.EventProperty System.Diagnostics.Eventing.Reader.EventProperty System.Diagnostics.Eventing.Reader.EventProperty System.Diagnostics.Eventing.Reader.EventProperty System.Diagnostics.Eventing.Reader.EventProperty System.Diagnostics.Eventing.Reader.EventProperty","home-dc1","aee3f3ab-df13-4a6d-9a89-0a0b03c26c4d","True"
"An account was successfully logged on.

Subject:
	Security ID:		S-1-0-0
	Account Name:		-
	Account Domain:		-
	Logon ID:		0x0

Logon Type:			3

Impersonation Level:		Impersonation

New Logon:
	Security ID:		S-1-5-18
	Account Name:		HOME-DC1$
	Account Domain:		HOME
	Logon ID:		0xF459322
	Logon GUID:		{B1C343D4-E491-1625-3487-4994E85B4DE4}

Process Information:
	Process ID:		0x0
	Process Name:		-

Network Information:
	Workstation Name:	
	Source Network Address:	::1
	Source Port:		52566

Detailed Authentication Information:
	Logon Process:		Kerberos
	Authentication Package:	Kerberos
	Transited Services:	-
	Package Name (NTLM only):	-
	Key Length:		0

This event is generated when a logon session is created. It is generated on the computer that was accessed.

The subject fields indicate the account on the local system which requested the logon. This is most commonly a service such as the Server service, or a local process such as Winlogon.exe or Services.exe.

The logon type field indicates the kind of logon that occurred. The most common types are 2 (interactive) and 3 (network).

The New Logon fields indicate the account for whom the new logon was created, i.e. the account that was logged on.

The network fields indicate where a remote logon request originated. Workstation name is not always available and may be left blank in some cases.

The impersonation level field indicates the extent to which a process in the logon session can impersonate.

The authentication information fields provide detailed information about this specific logon request.
	- Logon GUID is a unique identifier that can be used to correlate this event with a KDC event.
	- Transited services indicate which intermediate services have participated in this logon request.
	- Package name indicates which sub-protocol was used among the NTLM protocols.
	- Key length indicates the length of the generated session key. This will be 0 if no session key was requested.","S-1-5-18","HOME-DC1$","HOME","0xf459322","3","4624","1",,"0","12544","0","-9214364837600034816","1052375","Microsoft-Windows-Security-Auditing","54849625-5478-4994-a5ba-3e3b0328c30d","Security","0x0","1788","home-dc1.home.local",,"11/28/2016 11:09:22 PM",,,"security","","System.Diagnostics.Eventing.Reader.EventBookmark","Information","Info","Logon","Audit Success","System.Diagnostics.Eventing.Reader.EventProperty System.Diagnostics.Eventing.Reader.EventProperty System.Diagnostics.Eventing.Reader.EventProperty System.Diagnostics.Eventing.Reader.EventProperty System.Diagnostics.Eventing.Reader.EventProperty System.Diagnostics.Eventing.Reader.EventProperty System.Diagnostics.Eventing.Reader.EventProperty System.Diagnostics.Eventing.Reader.EventProperty System.Diagnostics.Eventing.Reader.EventProperty System.Diagnostics.Eventing.Reader.EventProperty System.Diagnostics.Eventing.Reader.EventProperty System.Diagnostics.Eventing.Reader.EventProperty System.Diagnostics.Eventing.Reader.EventProperty System.Diagnostics.Eventing.Reader.EventProperty System.Diagnostics.Eventing.Reader.EventProperty System.Diagnostics.Eventing.Reader.EventProperty System.Diagnostics.Eventing.Reader.EventProperty System.Diagnostics.Eventing.Reader.EventProperty System.Diagnostics.Eventing.Reader.EventProperty System.Diagnostics.Eventing.Reader.EventProperty System.Diagnostics.Eventing.Reader.EventProperty","home-dc1","aee3f3ab-df13-4a6d-9a89-0a0b03c26c4d","True"
"An account was logged off.

Subject:
	Security ID:		S-1-5-18
	Account Name:		HOME-DC1$
	Account Domain:		HOME
	Logon ID:		0xF4590A3

Logon Type:			3

This event is generated when a logon session is destroyed. It may be positively correlated with a logon event using the Logon ID value. Logon IDs are only unique between reboots on the same computer.","S-1-5-18","HOME-DC1$","HOME","0xf4590a3","3","4634","0",,"0","12545","0","-9214364837600034816","1052372","Microsoft-Windows-Security-Auditing","54849625-5478-4994-a5ba-3e3b0328c30d","Security","468","4100","home-dc1.home.local",,"11/28/2016 11:09:13 PM",,,"security","","System.Diagnostics.Eventing.Reader.EventBookmark","Information","Info","Logoff","Audit Success","System.Diagnostics.Eventing.Reader.EventProperty System.Diagnostics.Eventing.Reader.EventProperty System.Diagnostics.Eventing.Reader.EventProperty System.Diagnostics.Eventing.Reader.EventProperty System.Diagnostics.Eventing.Reader.EventProperty","home-dc1","aee3f3ab-df13-4a6d-9a89-0a0b03c26c4d","True"
"An account was successfully logged on.

Subject:
	Security ID:		S-1-0-0
	Account Name:		-
	Account Domain:		-
	Logon ID:		0x0

Logon Type:			3

Impersonation Level:		Impersonation

New Logon:
	Security ID:		S-1-5-18
	Account Name:		HOME-DC1$
	Account Domain:		HOME
	Logon ID:		0xF4590A3
	Logon GUID:		{12A32994-4635-0429-C146-028E3A9C03D6}

Process Information:
	Process ID:		0x0
	Process Name:		-

Network Information:
	Workstation Name:	
	Source Network Address:	::1
	Source Port:		52565

Detailed Authentication Information:
	Logon Process:		Kerberos
	Authentication Package:	Kerberos
	Transited Services:	-
	Package Name (NTLM only):	-
	Key Length:		0

This event is generated when a logon session is created. It is generated on the computer that was accessed.

The subject fields indicate the account on the local system which requested the logon. This is most commonly a service such as the Server service, or a local process such as Winlogon.exe or Services.exe.

The logon type field indicates the kind of logon that occurred. The most common types are 2 (interactive) and 3 (network).

The New Logon fields indicate the account for whom the new logon was created, i.e. the account that was logged on.

The network fields indicate where a remote logon request originated. Workstation name is not always available and may be left blank in some cases.

The impersonation level field indicates the extent to which a process in the logon session can impersonate.

The authentication information fields provide detailed information about this specific logon request.
	- Logon GUID is a unique identifier that can be used to correlate this event with a KDC event.
	- Transited services indicate which intermediate services have participated in this logon request.
	- Package name indicates which sub-protocol was used among the NTLM protocols.
	- Key length indicates the length of the generated session key. This will be 0 if no session key was requested.","S-1-5-18","HOME-DC1$","HOME","0xf4590a3","3","4624","1",,"0","12544","0","-9214364837600034816","1052371","Microsoft-Windows-Security-Auditing","54849625-5478-4994-a5ba-3e3b0328c30d","Security","0x0","1788","home-dc1.home.local",,"11/28/2016 11:09:13 PM",,,"security","","System.Diagnostics.Eventing.Reader.EventBookmark","Information","Info","Logon","Audit Success","System.Diagnostics.Eventing.Reader.EventProperty System.Diagnostics.Eventing.Reader.EventProperty System.Diagnostics.Eventing.Reader.EventProperty System.Diagnostics.Eventing.Reader.EventProperty System.Diagnostics.Eventing.Reader.EventProperty System.Diagnostics.Eventing.Reader.EventProperty System.Diagnostics.Eventing.Reader.EventProperty System.Diagnostics.Eventing.Reader.EventProperty System.Diagnostics.Eventing.Reader.EventProperty System.Diagnostics.Eventing.Reader.EventProperty System.Diagnostics.Eventing.Reader.EventProperty System.Diagnostics.Eventing.Reader.EventProperty System.Diagnostics.Eventing.Reader.EventProperty System.Diagnostics.Eventing.Reader.EventProperty System.Diagnostics.Eventing.Reader.EventProperty System.Diagnostics.Eventing.Reader.EventProperty System.Diagnostics.Eventing.Reader.EventProperty System.Diagnostics.Eventing.Reader.EventProperty System.Diagnostics.Eventing.Reader.EventProperty System.Diagnostics.Eventing.Reader.EventProperty System.Diagnostics.Eventing.Reader.EventProperty","home-dc1","aee3f3ab-df13-4a6d-9a89-0a0b03c26c4d","True"
"An account was logged off.

Subject:
	Security ID:		S-1-5-18
	Account Name:		HOME-DC1$
	Account Domain:		HOME
	Logon ID:		0xF45823D

Logon Type:			3

This event is generated when a logon session is destroyed. It may be positively correlated with a logon event using the Logon ID value. Logon IDs are only unique between reboots on the same computer.","S-1-5-18","HOME-DC1$","HOME","0xf45823d","3","4634","0",,"0","12545","0","-9214364837600034816","1052367","Microsoft-Windows-Security-Auditing","54849625-5478-4994-a5ba-3e3b0328c30d","Security","468","2936","home-dc1.home.local",,"11/28/2016 11:08:13 PM",,,"security","","System.Diagnostics.Eventing.Reader.EventBookmark","Information","Info","Logoff","Audit Success","System.Diagnostics.Eventing.Reader.EventProperty System.Diagnostics.Eventing.Reader.EventProperty System.Diagnostics.Eventing.Reader.EventProperty System.Diagnostics.Eventing.Reader.EventProperty System.Diagnostics.Eventing.Reader.EventProperty","home-dc1","aee3f3ab-df13-4a6d-9a89-0a0b03c26c4d","True"
"An account was successfully logged on.

Subject:
	Security ID:		S-1-0-0
	Account Name:		-
	Account Domain:		-
	Logon ID:		0x0

Logon Type:			3

Impersonation Level:		Impersonation

New Logon:
	Security ID:		S-1-5-18
	Account Name:		HOME-DC1$
	Account Domain:		HOME
	Logon ID:		0xF45823D
	Logon GUID:		{12A32994-4635-0429-C146-028E3A9C03D6}

Process Information:
	Process ID:		0x0
	Process Name:		-

Network Information:
	Workstation Name:	
	Source Network Address:	::1
	Source Port:		52564

Detailed Authentication Information:
	Logon Process:		Kerberos
	Authentication Package:	Kerberos
	Transited Services:	-
	Package Name (NTLM only):	-
	Key Length:		0

This event is generated when a logon session is created. It is generated on the computer that was accessed.

The subject fields indicate the account on the local system which requested the logon. This is most commonly a service such as the Server service, or a local process such as Winlogon.exe or Services.exe.

The logon type field indicates the kind of logon that occurred. The most common types are 2 (interactive) and 3 (network).

The New Logon fields indicate the account for whom the new logon was created, i.e. the account that was logged on.

The network fields indicate where a remote logon request originated. Workstation name is not always available and may be left blank in some cases.

The impersonation level field indicates the extent to which a process in the logon session can impersonate.

The authentication information fields provide detailed information about this specific logon request.
	- Logon GUID is a unique identifier that can be used to correlate this event with a KDC event.
	- Transited services indicate which intermediate services have participated in this logon request.
	- Package name indicates which sub-protocol was used among the NTLM protocols.
	- Key length indicates the length of the generated session key. This will be 0 if no session key was requested.","S-1-5-18","HOME-DC1$","HOME","0xf45823d","3","4624","1",,"0","12544","0","-9214364837600034816","1052366","Microsoft-Windows-Security-Auditing","54849625-5478-4994-a5ba-3e3b0328c30d","Security","0x0","1788","home-dc1.home.local",,"11/28/2016 11:08:13 PM",,,"security","","System.Diagnostics.Eventing.Reader.EventBookmark","Information","Info","Logon","Audit Success","System.Diagnostics.Eventing.Reader.EventProperty System.Diagnostics.Eventing.Reader.EventProperty System.Diagnostics.Eventing.Reader.EventProperty System.Diagnostics.Eventing.Reader.EventProperty System.Diagnostics.Eventing.Reader.EventProperty System.Diagnostics.Eventing.Reader.EventProperty System.Diagnostics.Eventing.Reader.EventProperty System.Diagnostics.Eventing.Reader.EventProperty System.Diagnostics.Eventing.Reader.EventProperty System.Diagnostics.Eventing.Reader.EventProperty System.Diagnostics.Eventing.Reader.EventProperty System.Diagnostics.Eventing.Reader.EventProperty System.Diagnostics.Eventing.Reader.EventProperty System.Diagnostics.Eventing.Reader.EventProperty System.Diagnostics.Eventing.Reader.EventProperty System.Diagnostics.Eventing.Reader.EventProperty System.Diagnostics.Eventing.Reader.EventProperty System.Diagnostics.Eventing.Reader.EventProperty System.Diagnostics.Eventing.Reader.EventProperty System.Diagnostics.Eventing.Reader.EventProperty System.Diagnostics.Eventing.Reader.EventProperty","home-dc1","aee3f3ab-df13-4a6d-9a89-0a0b03c26c4d","True"
"An account was logged off.

Subject:
	Security ID:		S-1-5-18
	Account Name:		HOME-DC1$
	Account Domain:		HOME
	Logon ID:		0xF4573FE

Logon Type:			3

This event is generated when a logon session is destroyed. It may be positively correlated with a logon event using the Logon ID value. Logon IDs are only unique between reboots on the same computer.","S-1-5-18","HOME-DC1$","HOME","0xf4573fe","3","4634","0",,"0","12545","0","-9214364837600034816","1052362","Microsoft-Windows-Security-Auditing","54849625-5478-4994-a5ba-3e3b0328c30d","Security","468","2936","home-dc1.home.local",,"11/28/2016 11:07:13 PM",,,"security","","System.Diagnostics.Eventing.Reader.EventBookmark","Information","Info","Logoff","Audit Success","System.Diagnostics.Eventing.Reader.EventProperty System.Diagnostics.Eventing.Reader.EventProperty System.Diagnostics.Eventing.Reader.EventProperty System.Diagnostics.Eventing.Reader.EventProperty System.Diagnostics.Eventing.Reader.EventProperty","home-dc1","aee3f3ab-df13-4a6d-9a89-0a0b03c26c4d","True"
"An account was successfully logged on.

Subject:
	Security ID:		S-1-0-0
	Account Name:		-
	Account Domain:		-
	Logon ID:		0x0

Logon Type:			3

Impersonation Level:		Impersonation

New Logon:
	Security ID:		S-1-5-18
	Account Name:		HOME-DC1$
	Account Domain:		HOME
	Logon ID:		0xF4573FE
	Logon GUID:		{12A32994-4635-0429-C146-028E3A9C03D6}

Process Information:
	Process ID:		0x0
	Process Name:		-

Network Information:
	Workstation Name:	
	Source Network Address:	::1
	Source Port:		52563

Detailed Authentication Information:
	Logon Process:		Kerberos
	Authentication Package:	Kerberos
	Transited Services:	-
	Package Name (NTLM only):	-
	Key Length:		0

This event is generated when a logon session is created. It is generated on the computer that was accessed.

The subject fields indicate the account on the local system which requested the logon. This is most commonly a service such as the Server service, or a local process such as Winlogon.exe or Services.exe.

The logon type field indicates the kind of logon that occurred. The most common types are 2 (interactive) and 3 (network).

The New Logon fields indicate the account for whom the new logon was created, i.e. the account that was logged on.

The network fields indicate where a remote logon request originated. Workstation name is not always available and may be left blank in some cases.

The impersonation level field indicates the extent to which a process in the logon session can impersonate.

The authentication information fields provide detailed information about this specific logon request.
	- Logon GUID is a unique identifier that can be used to correlate this event with a KDC event.
	- Transited services indicate which intermediate services have participated in this logon request.
	- Package name indicates which sub-protocol was used among the NTLM protocols.
	- Key length indicates the length of the generated session key. This will be 0 if no session key was requested.","S-1-5-18","HOME-DC1$","HOME","0xf4573fe","3","4624","1",,"0","12544","0","-9214364837600034816","1052361","Microsoft-Windows-Security-Auditing","54849625-5478-4994-a5ba-3e3b0328c30d","Security","0x0","1788","home-dc1.home.local",,"11/28/2016 11:07:13 PM",,,"security","","System.Diagnostics.Eventing.Reader.EventBookmark","Information","Info","Logon","Audit Success","System.Diagnostics.Eventing.Reader.EventProperty System.Diagnostics.Eventing.Reader.EventProperty System.Diagnostics.Eventing.Reader.EventProperty System.Diagnostics.Eventing.Reader.EventProperty System.Diagnostics.Eventing.Reader.EventProperty System.Diagnostics.Eventing.Reader.EventProperty System.Diagnostics.Eventing.Reader.EventProperty System.Diagnostics.Eventing.Reader.EventProperty System.Diagnostics.Eventing.Reader.EventProperty System.Diagnostics.Eventing.Reader.EventProperty System.Diagnostics.Eventing.Reader.EventProperty System.Diagnostics.Eventing.Reader.EventProperty System.Diagnostics.Eventing.Reader.EventProperty System.Diagnostics.Eventing.Reader.EventProperty System.Diagnostics.Eventing.Reader.EventProperty System.Diagnostics.Eventing.Reader.EventProperty System.Diagnostics.Eventing.Reader.EventProperty System.Diagnostics.Eventing.Reader.EventProperty System.Diagnostics.Eventing.Reader.EventProperty System.Diagnostics.Eventing.Reader.EventProperty System.Diagnostics.Eventing.Reader.EventProperty","home-dc1","aee3f3ab-df13-4a6d-9a89-0a0b03c26c4d","True"
"An account was logged off.

Subject:
	Security ID:		S-1-5-18
	Account Name:		HOME-DC1$
	Account Domain:		HOME
	Logon ID:		0xF457006

Logon Type:			3

This event is generated when a logon session is destroyed. It may be positively correlated with a logon event using the Logon ID value. Logon IDs are only unique between reboots on the same computer.","S-1-5-18","HOME-DC1$","HOME","0xf457006","3","4634","0",,"0","12545","0","-9214364837600034816","1052359","Microsoft-Windows-Security-Auditing","54849625-5478-4994-a5ba-3e3b0328c30d","Security","468","2936","home-dc1.home.local",,"11/28/2016 11:07:08 PM",,,"security","","System.Diagnostics.Eventing.Reader.EventBookmark","Information","Info","Logoff","Audit Success","System.Diagnostics.Eventing.Reader.EventProperty System.Diagnostics.Eventing.Reader.EventProperty System.Diagnostics.Eventing.Reader.EventProperty System.Diagnostics.Eventing.Reader.EventProperty System.Diagnostics.Eventing.Reader.EventProperty","home-dc1","aee3f3ab-df13-4a6d-9a89-0a0b03c26c4d","True"
"An account was successfully logged on.

Subject:
	Security ID:		S-1-0-0
	Account Name:		-
	Account Domain:		-
	Logon ID:		0x0

Logon Type:			3

Impersonation Level:		Delegation

New Logon:
	Security ID:		S-1-5-18
	Account Name:		HOME-DC1$
	Account Domain:		HOME
	Logon ID:		0xF457006
	Logon GUID:		{B1C343D4-E491-1625-3487-4994E85B4DE4}

Process Information:
	Process ID:		0x0
	Process Name:		-

Network Information:
	Workstation Name:	
	Source Network Address:	::1
	Source Port:		52562

Detailed Authentication Information:
	Logon Process:		Kerberos
	Authentication Package:	Kerberos
	Transited Services:	-
	Package Name (NTLM only):	-
	Key Length:		0

This event is generated when a logon session is created. It is generated on the computer that was accessed.

The subject fields indicate the account on the local system which requested the logon. This is most commonly a service such as the Server service, or a local process such as Winlogon.exe or Services.exe.

The logon type field indicates the kind of logon that occurred. The most common types are 2 (interactive) and 3 (network).

The New Logon fields indicate the account for whom the new logon was created, i.e. the account that was logged on.

The network fields indicate where a remote logon request originated. Workstation name is not always available and may be left blank in some cases.

The impersonation level field indicates the extent to which a process in the logon session can impersonate.

The authentication information fields provide detailed information about this specific logon request.
	- Logon GUID is a unique identifier that can be used to correlate this event with a KDC event.
	- Transited services indicate which intermediate services have participated in this logon request.
	- Package name indicates which sub-protocol was used among the NTLM protocols.
	- Key length indicates the length of the generated session key. This will be 0 if no session key was requested.","S-1-5-18","HOME-DC1$","HOME","0xf457006","3","4624","1",,"0","12544","0","-9214364837600034816","1052358","Microsoft-Windows-Security-Auditing","54849625-5478-4994-a5ba-3e3b0328c30d","Security","0x0","4100","home-dc1.home.local",,"11/28/2016 11:06:57 PM",,,"security","","System.Diagnostics.Eventing.Reader.EventBookmark","Information","Info","Logon","Audit Success","System.Diagnostics.Eventing.Reader.EventProperty System.Diagnostics.Eventing.Reader.EventProperty System.Diagnostics.Eventing.Reader.EventProperty System.Diagnostics.Eventing.Reader.EventProperty System.Diagnostics.Eventing.Reader.EventProperty System.Diagnostics.Eventing.Reader.EventProperty System.Diagnostics.Eventing.Reader.EventProperty System.Diagnostics.Eventing.Reader.EventProperty System.Diagnostics.Eventing.Reader.EventProperty System.Diagnostics.Eventing.Reader.EventProperty System.Diagnostics.Eventing.Reader.EventProperty System.Diagnostics.Eventing.Reader.EventProperty System.Diagnostics.Eventing.Reader.EventProperty System.Diagnostics.Eventing.Reader.EventProperty System.Diagnostics.Eventing.Reader.EventProperty System.Diagnostics.Eventing.Reader.EventProperty System.Diagnostics.Eventing.Reader.EventProperty System.Diagnostics.Eventing.Reader.EventProperty System.Diagnostics.Eventing.Reader.EventProperty System.Diagnostics.Eventing.Reader.EventProperty System.Diagnostics.Eventing.Reader.EventProperty","home-dc1","aee3f3ab-df13-4a6d-9a89-0a0b03c26c4d","True"
"An account was logged off.

Subject:
	Security ID:		S-1-5-21-1465889373-2168228904-3323032715-500
	Account Name:		DoD_Admin
	Account Domain:		HOME
	Logon ID:		0xF4558A7

Logon Type:			3

This event is generated when a logon session is destroyed. It may be positively correlated with a logon event using the Logon ID value. Logon IDs are only unique between reboots on the same computer.","S-1-5-21-1465889373-2168228904-3323032715-500","DoD_Admin","HOME","0xf4558a7","3","4634","0",,"0","12545","0","-9214364837600034816","1052355","Microsoft-Windows-Security-Auditing","54849625-5478-4994-a5ba-3e3b0328c30d","Security","468","3036","home-dc1.home.local",,"11/28/2016 11:06:22 PM",,,"security","","System.Diagnostics.Eventing.Reader.EventBookmark","Information","Info","Logoff","Audit Success","System.Diagnostics.Eventing.Reader.EventProperty System.Diagnostics.Eventing.Reader.EventProperty System.Diagnostics.Eventing.Reader.EventProperty System.Diagnostics.Eventing.Reader.EventProperty System.Diagnostics.Eventing.Reader.EventProperty","home-dc1","aee3f3ab-df13-4a6d-9a89-0a0b03c26c4d","True"
"An account was logged off.

Subject:
	Security ID:		S-1-5-21-1465889373-2168228904-3323032715-500
	Account Name:		DoD_Admin
	Account Domain:		HOME
	Logon ID:		0xF4563BE

Logon Type:			3

This event is generated when a logon session is destroyed. It may be positively correlated with a logon event using the Logon ID value. Logon IDs are only unique between reboots on the same computer.","S-1-5-21-1465889373-2168228904-3323032715-500","DoD_Admin","HOME","0xf4563be","3","4634","0",,"0","12545","0","-9214364837600034816","1052354","Microsoft-Windows-Security-Auditing","54849625-5478-4994-a5ba-3e3b0328c30d","Security","468","3036","home-dc1.home.local",,"11/28/2016 11:06:22 PM",,,"security","","System.Diagnostics.Eventing.Reader.EventBookmark","Information","Info","Logoff","Audit Success","System.Diagnostics.Eventing.Reader.EventProperty System.Diagnostics.Eventing.Reader.EventProperty System.Diagnostics.Eventing.Reader.EventProperty System.Diagnostics.Eventing.Reader.EventProperty System.Diagnostics.Eventing.Reader.EventProperty","home-dc1","aee3f3ab-df13-4a6d-9a89-0a0b03c26c4d","True"
"An account was logged off.

Subject:
	Security ID:		S-1-5-21-1465889373-2168228904-3323032715-500
	Account Name:		DoD_Admin
	Account Domain:		HOME
	Logon ID:		0xF4565C6

Logon Type:			3

This event is generated when a logon session is destroyed. It may be positively correlated with a logon event using the Logon ID value. Logon IDs are only unique between reboots on the same computer.","S-1-5-21-1465889373-2168228904-3323032715-500","DoD_Admin","HOME","0xf4565c6","3","4634","0",,"0","12545","0","-9214364837600034816","1052353","Microsoft-Windows-Security-Auditing","54849625-5478-4994-a5ba-3e3b0328c30d","Security","468","3036","home-dc1.home.local",,"11/28/2016 11:06:22 PM",,,"security","","System.Diagnostics.Eventing.Reader.EventBookmark","Information","Info","Logoff","Audit Success","System.Diagnostics.Eventing.Reader.EventProperty System.Diagnostics.Eventing.Reader.EventProperty System.Diagnostics.Eventing.Reader.EventProperty System.Diagnostics.Eventing.Reader.EventProperty System.Diagnostics.Eventing.Reader.EventProperty","home-dc1","aee3f3ab-df13-4a6d-9a89-0a0b03c26c4d","True"
"An account was successfully logged on.

Subject:
	Security ID:		S-1-0-0
	Account Name:		-
	Account Domain:		-
	Logon ID:		0x0

Logon Type:			3

Impersonation Level:		Delegation

New Logon:
	Security ID:		S-1-5-21-1465889373-2168228904-3323032715-500
	Account Name:		DoD_Admin
	Account Domain:		HOME
	Logon ID:		0xF4565C6
	Logon GUID:		{CC2E1D88-9298-0D67-8E41-8B3FF1FDF4EF}

Process Information:
	Process ID:		0x0
	Process Name:		-

Network Information:
	Workstation Name:	
	Source Network Address:	-
	Source Port:		-

Detailed Authentication Information:
	Logon Process:		Kerberos
	Authentication Package:	Kerberos
	Transited Services:	-
	Package Name (NTLM only):	-
	Key Length:		0

This event is generated when a logon session is created. It is generated on the computer that was accessed.

The subject fields indicate the account on the local system which requested the logon. This is most commonly a service such as the Server service, or a local process such as Winlogon.exe or Services.exe.

The logon type field indicates the kind of logon that occurred. The most common types are 2 (interactive) and 3 (network).

The New Logon fields indicate the account for whom the new logon was created, i.e. the account that was logged on.

The network fields indicate where a remote logon request originated. Workstation name is not always available and may be left blank in some cases.

The impersonation level field indicates the extent to which a process in the logon session can impersonate.

The authentication information fields provide detailed information about this specific logon request.
	- Logon GUID is a unique identifier that can be used to correlate this event with a KDC event.
	- Transited services indicate which intermediate services have participated in this logon request.
	- Package name indicates which sub-protocol was used among the NTLM protocols.
	- Key length indicates the length of the generated session key. This will be 0 if no session key was requested.","S-1-5-21-1465889373-2168228904-3323032715-500","DoD_Admin","HOME","0xf4565c6","3","4624","1",,"0","12544","0","-9214364837600034816","1052352","Microsoft-Windows-Security-Auditing","54849625-5478-4994-a5ba-3e3b0328c30d","Security","0x0","3036","home-dc1.home.local",,"11/28/2016 11:06:22 PM",,,"security","","System.Diagnostics.Eventing.Reader.EventBookmark","Information","Info","Logon","Audit Success","System.Diagnostics.Eventing.Reader.EventProperty System.Diagnostics.Eventing.Reader.EventProperty System.Diagnostics.Eventing.Reader.EventProperty System.Diagnostics.Eventing.Reader.EventProperty System.Diagnostics.Eventing.Reader.EventProperty System.Diagnostics.Eventing.Reader.EventProperty System.Diagnostics.Eventing.Reader.EventProperty System.Diagnostics.Eventing.Reader.EventProperty System.Diagnostics.Eventing.Reader.EventProperty System.Diagnostics.Eventing.Reader.EventProperty System.Diagnostics.Eventing.Reader.EventProperty System.Diagnostics.Eventing.Reader.EventProperty System.Diagnostics.Eventing.Reader.EventProperty System.Diagnostics.Eventing.Reader.EventProperty System.Diagnostics.Eventing.Reader.EventProperty System.Diagnostics.Eventing.Reader.EventProperty System.Diagnostics.Eventing.Reader.EventProperty System.Diagnostics.Eventing.Reader.EventProperty System.Diagnostics.Eventing.Reader.EventProperty System.Diagnostics.Eventing.Reader.EventProperty System.Diagnostics.Eventing.Reader.EventProperty","home-dc1","aee3f3ab-df13-4a6d-9a89-0a0b03c26c4d","True"
"An account was successfully logged on.

Subject:
	Security ID:		S-1-0-0
	Account Name:		-
	Account Domain:		-
	Logon ID:		0x0

Logon Type:			3

Impersonation Level:		Delegation

New Logon:
	Security ID:		S-1-5-21-1465889373-2168228904-3323032715-500
	Account Name:		DoD_Admin
	Account Domain:		HOME
	Logon ID:		0xF4563BE
	Logon GUID:		{CC2E1D88-9298-0D67-8E41-8B3FF1FDF4EF}

Process Information:
	Process ID:		0x0
	Process Name:		-

Network Information:
	Workstation Name:	
	Source Network Address:	-
	Source Port:		-

Detailed Authentication Information:
	Logon Process:		Kerberos
	Authentication Package:	Kerberos
	Transited Services:	-
	Package Name (NTLM only):	-
	Key Length:		0

This event is generated when a logon session is created. It is generated on the computer that was accessed.

The subject fields indicate the account on the local system which requested the logon. This is most commonly a service such as the Server service, or a local process such as Winlogon.exe or Services.exe.

The logon type field indicates the kind of logon that occurred. The most common types are 2 (interactive) and 3 (network).

The New Logon fields indicate the account for whom the new logon was created, i.e. the account that was logged on.

The network fields indicate where a remote logon request originated. Workstation name is not always available and may be left blank in some cases.

The impersonation level field indicates the extent to which a process in the logon session can impersonate.

The authentication information fields provide detailed information about this specific logon request.
	- Logon GUID is a unique identifier that can be used to correlate this event with a KDC event.
	- Transited services indicate which intermediate services have participated in this logon request.
	- Package name indicates which sub-protocol was used among the NTLM protocols.
	- Key length indicates the length of the generated session key. This will be 0 if no session key was requested.","S-1-5-21-1465889373-2168228904-3323032715-500","DoD_Admin","HOME","0xf4563be","3","4624","1",,"0","12544","0","-9214364837600034816","1052350","Microsoft-Windows-Security-Auditing","54849625-5478-4994-a5ba-3e3b0328c30d","Security","0x0","4100","home-dc1.home.local",,"11/28/2016 11:06:20 PM",,,"security","","System.Diagnostics.Eventing.Reader.EventBookmark","Information","Info","Logon","Audit Success","System.Diagnostics.Eventing.Reader.EventProperty System.Diagnostics.Eventing.Reader.EventProperty System.Diagnostics.Eventing.Reader.EventProperty System.Diagnostics.Eventing.Reader.EventProperty System.Diagnostics.Eventing.Reader.EventProperty System.Diagnostics.Eventing.Reader.EventProperty System.Diagnostics.Eventing.Reader.EventProperty System.Diagnostics.Eventing.Reader.EventProperty System.Diagnostics.Eventing.Reader.EventProperty System.Diagnostics.Eventing.Reader.EventProperty System.Diagnostics.Eventing.Reader.EventProperty System.Diagnostics.Eventing.Reader.EventProperty System.Diagnostics.Eventing.Reader.EventProperty System.Diagnostics.Eventing.Reader.EventProperty System.Diagnostics.Eventing.Reader.EventProperty System.Diagnostics.Eventing.Reader.EventProperty System.Diagnostics.Eventing.Reader.EventProperty System.Diagnostics.Eventing.Reader.EventProperty System.Diagnostics.Eventing.Reader.EventProperty System.Diagnostics.Eventing.Reader.EventProperty System.Diagnostics.Eventing.Reader.EventProperty","home-dc1","aee3f3ab-df13-4a6d-9a89-0a0b03c26c4d","True"
"An account was successfully logged on.

Subject:
	Security ID:		S-1-0-0
	Account Name:		-
	Account Domain:		-
	Logon ID:		0x0

Logon Type:			3

Impersonation Level:		Delegation

New Logon:
	Security ID:		S-1-5-21-1465889373-2168228904-3323032715-500
	Account Name:		DoD_Admin
	Account Domain:		HOME
	Logon ID:		0xF4558A7
	Logon GUID:		{CC2E1D88-9298-0D67-8E41-8B3FF1FDF4EF}

Process Information:
	Process ID:		0x0
	Process Name:		-

Network Information:
	Workstation Name:	
	Source Network Address:	-
	Source Port:		-

Detailed Authentication Information:
	Logon Process:		Kerberos
	Authentication Package:	Kerberos
	Transited Services:	-
	Package Name (NTLM only):	-
	Key Length:		0

This event is generated when a logon session is created. It is generated on the computer that was accessed.

The subject fields indicate the account on the local system which requested the logon. This is most commonly a service such as the Server service, or a local process such as Winlogon.exe or Services.exe.

The logon type field indicates the kind of logon that occurred. The most common types are 2 (interactive) and 3 (network).

The New Logon fields indicate the account for whom the new logon was created, i.e. the account that was logged on.

The network fields indicate where a remote logon request originated. Workstation name is not always available and may be left blank in some cases.

The impersonation level field indicates the extent to which a process in the logon session can impersonate.

The authentication information fields provide detailed information about this specific logon request.
	- Logon GUID is a unique identifier that can be used to correlate this event with a KDC event.
	- Transited services indicate which intermediate services have participated in this logon request.
	- Package name indicates which sub-protocol was used among the NTLM protocols.
	- Key length indicates the length of the generated session key. This will be 0 if no session key was requested.","S-1-5-21-1465889373-2168228904-3323032715-500","DoD_Admin","HOME","0xf4558a7","3","4624","1",,"0","12544","0","-9214364837600034816","1052343","Microsoft-Windows-Security-Auditing","54849625-5478-4994-a5ba-3e3b0328c30d","Security","0x0","3036","home-dc1.home.local",,"11/28/2016 11:06:20 PM",,,"security","","System.Diagnostics.Eventing.Reader.EventBookmark","Information","Info","Logon","Audit Success","System.Diagnostics.Eventing.Reader.EventProperty System.Diagnostics.Eventing.Reader.EventProperty System.Diagnostics.Eventing.Reader.EventProperty System.Diagnostics.Eventing.Reader.EventProperty System.Diagnostics.Eventing.Reader.EventProperty System.Diagnostics.Eventing.Reader.EventProperty System.Diagnostics.Eventing.Reader.EventProperty System.Diagnostics.Eventing.Reader.EventProperty System.Diagnostics.Eventing.Reader.EventProperty System.Diagnostics.Eventing.Reader.EventProperty System.Diagnostics.Eventing.Reader.EventProperty System.Diagnostics.Eventing.Reader.EventProperty System.Diagnostics.Eventing.Reader.EventProperty System.Diagnostics.Eventing.Reader.EventProperty System.Diagnostics.Eventing.Reader.EventProperty System.Diagnostics.Eventing.Reader.EventProperty System.Diagnostics.Eventing.Reader.EventProperty System.Diagnostics.Eventing.Reader.EventProperty System.Diagnostics.Eventing.Reader.EventProperty System.Diagnostics.Eventing.Reader.EventProperty System.Diagnostics.Eventing.Reader.EventProperty","home-dc1","aee3f3ab-df13-4a6d-9a89-0a0b03c26c4d","True"
"An account was logged off.

Subject:
	Security ID:		S-1-5-18
	Account Name:		HOME-DC1$
	Account Domain:		HOME
	Logon ID:		0xF4556AF

Logon Type:			3

This event is generated when a logon session is destroyed. It may be positively correlated with a logon event using the Logon ID value. Logon IDs are only unique between reboots on the same computer.","S-1-5-18","HOME-DC1$","HOME","0xf4556af","3","4634","0",,"0","12545","0","-9214364837600034816","1052340","Microsoft-Windows-Security-Auditing","54849625-5478-4994-a5ba-3e3b0328c30d","Security","468","3036","home-dc1.home.local",,"11/28/2016 11:06:13 PM",,,"security","","System.Diagnostics.Eventing.Reader.EventBookmark","Information","Info","Logoff","Audit Success","System.Diagnostics.Eventing.Reader.EventProperty System.Diagnostics.Eventing.Reader.EventProperty System.Diagnostics.Eventing.Reader.EventProperty System.Diagnostics.Eventing.Reader.EventProperty System.Diagnostics.Eventing.Reader.EventProperty","home-dc1","aee3f3ab-df13-4a6d-9a89-0a0b03c26c4d","True"
"An account was successfully logged on.

Subject:
	Security ID:		S-1-0-0
	Account Name:		-
	Account Domain:		-
	Logon ID:		0x0

Logon Type:			3

Impersonation Level:		Impersonation

New Logon:
	Security ID:		S-1-5-18
	Account Name:		HOME-DC1$
	Account Domain:		HOME
	Logon ID:		0xF4556AF
	Logon GUID:		{12A32994-4635-0429-C146-028E3A9C03D6}

Process Information:
	Process ID:		0x0
	Process Name:		-

Network Information:
	Workstation Name:	
	Source Network Address:	::1
	Source Port:		52558

Detailed Authentication Information:
	Logon Process:		Kerberos
	Authentication Package:	Kerberos
	Transited Services:	-
	Package Name (NTLM only):	-
	Key Length:		0

This event is generated when a logon session is created. It is generated on the computer that was accessed.

The subject fields indicate the account on the local system which requested the logon. This is most commonly a service such as the Server service, or a local process such as Winlogon.exe or Services.exe.

The logon type field indicates the kind of logon that occurred. The most common types are 2 (interactive) and 3 (network).

The New Logon fields indicate the account for whom the new logon was created, i.e. the account that was logged on.

The network fields indicate where a remote logon request originated. Workstation name is not always available and may be left blank in some cases.

The impersonation level field indicates the extent to which a process in the logon session can impersonate.

The authentication information fields provide detailed information about this specific logon request.
	- Logon GUID is a unique identifier that can be used to correlate this event with a KDC event.
	- Transited services indicate which intermediate services have participated in this logon request.
	- Package name indicates which sub-protocol was used among the NTLM protocols.
	- Key length indicates the length of the generated session key. This will be 0 if no session key was requested.","S-1-5-18","HOME-DC1$","HOME","0xf4556af","3","4624","1",,"0","12544","0","-9214364837600034816","1052339","Microsoft-Windows-Security-Auditing","54849625-5478-4994-a5ba-3e3b0328c30d","Security","0x0","1788","home-dc1.home.local",,"11/28/2016 11:06:13 PM",,,"security","","System.Diagnostics.Eventing.Reader.EventBookmark","Information","Info","Logon","Audit Success","System.Diagnostics.Eventing.Reader.EventProperty System.Diagnostics.Eventing.Reader.EventProperty System.Diagnostics.Eventing.Reader.EventProperty System.Diagnostics.Eventing.Reader.EventProperty System.Diagnostics.Eventing.Reader.EventProperty System.Diagnostics.Eventing.Reader.EventProperty System.Diagnostics.Eventing.Reader.EventProperty System.Diagnostics.Eventing.Reader.EventProperty System.Diagnostics.Eventing.Reader.EventProperty System.Diagnostics.Eventing.Reader.EventProperty System.Diagnostics.Eventing.Reader.EventProperty System.Diagnostics.Eventing.Reader.EventProperty System.Diagnostics.Eventing.Reader.EventProperty System.Diagnostics.Eventing.Reader.EventProperty System.Diagnostics.Eventing.Reader.EventProperty System.Diagnostics.Eventing.Reader.EventProperty System.Diagnostics.Eventing.Reader.EventProperty System.Diagnostics.Eventing.Reader.EventProperty System.Diagnostics.Eventing.Reader.EventProperty System.Diagnostics.Eventing.Reader.EventProperty System.Diagnostics.Eventing.Reader.EventProperty","home-dc1","aee3f3ab-df13-4a6d-9a89-0a0b03c26c4d","True"
"An account was logged off.

Subject:
	Security ID:		S-1-5-18
	Account Name:		HOME-DC1$
	Account Domain:		HOME
	Logon ID:		0xF4547B2

Logon Type:			3

This event is generated when a logon session is destroyed. It may be positively correlated with a logon event using the Logon ID value. Logon IDs are only unique between reboots on the same computer.","S-1-5-18","HOME-DC1$","HOME","0xf4547b2","3","4634","0",,"0","12545","0","-9214364837600034816","1052335","Microsoft-Windows-Security-Auditing","54849625-5478-4994-a5ba-3e3b0328c30d","Security","468","3036","home-dc1.home.local",,"11/28/2016 11:05:13 PM",,,"security","","System.Diagnostics.Eventing.Reader.EventBookmark","Information","Info","Logoff","Audit Success","System.Diagnostics.Eventing.Reader.EventProperty System.Diagnostics.Eventing.Reader.EventProperty System.Diagnostics.Eventing.Reader.EventProperty System.Diagnostics.Eventing.Reader.EventProperty System.Diagnostics.Eventing.Reader.EventProperty","home-dc1","aee3f3ab-df13-4a6d-9a89-0a0b03c26c4d","True"
