"A new process has been created.

Subject:
	Security ID:		S-1-5-18
	Account Name:		HOME-WIN7-1$
	Account Domain:		HOME
	Logon ID:		0x3e7

Process Information:
	New Process ID:		0xf08
	New Process Name:	C:\Windows\System32\rundll32.exe
	Token Elevation Type:	TokenElevationTypeDefault (1)
	Creator Process ID:	0x1dc

Token Elevation Type indicates the type of token that was assigned to the new process in accordance with User Account Control policy.

Type 1 is a full token with no privileges removed or groups disabled.  A full token is only used if User Account Control is disabled or if the user is the built-in Administrator account or a service account.

Type 2 is an elevated token with no privileges removed or groups disabled.  An elevated token is used when User Account Control is enabled and the user chooses to start the program using Run as administrator.  An elevated token is also used when an application is configured to always require administrative privilege or to always require maximum privilege, and the user is a member of the Administrators group.

Type 3 is a limited token with administrative privileges removed and administrative groups disabled.  The limited token is used when User Account Control is enabled, the application does not require administrative privilege, and the user does not choose to start the program using Run as administrator.","S-1-5-18","HOME-WIN7-1$","HOME","0x3e7","0xf08","C:\Windows\System32\rundll32.exe","%%1936","0x1dc","4688","0",,"0","13312","0","-9214364837600034816","20022","Microsoft-Windows-Security-Auditing","54849625-5478-4994-a5ba-3e3b0328c30d","Security","48","home-win7-1.home.local",,"11/29/2016 12:46:02 AM",,,"security","","System.Diagnostics.Eventing.Reader.EventBookmark","Information","Info","Process Creation","Audit Success","System.Diagnostics.Eventing.Reader.EventProperty System.Diagnostics.Eventing.Reader.EventProperty System.Diagnostics.Eventing.Reader.EventProperty System.Diagnostics.Eventing.Reader.EventProperty System.Diagnostics.Eventing.Reader.EventProperty System.Diagnostics.Eventing.Reader.EventProperty System.Diagnostics.Eventing.Reader.EventProperty System.Diagnostics.Eventing.Reader.EventProperty","home-win7-1","8f3f4f87-5aec-4072-bbd6-db6585200215","True"
"A new process has been created.

Subject:
	Security ID:		S-1-5-18
	Account Name:		HOME-WIN7-1$
	Account Domain:		HOME
	Logon ID:		0x3e7

Process Information:
	New Process ID:		0x814
	New Process Name:	C:\Windows\System32\SearchFilterHost.exe
	Token Elevation Type:	TokenElevationTypeDefault (1)
	Creator Process ID:	0xa98

Token Elevation Type indicates the type of token that was assigned to the new process in accordance with User Account Control policy.

Type 1 is a full token with no privileges removed or groups disabled.  A full token is only used if User Account Control is disabled or if the user is the built-in Administrator account or a service account.

Type 2 is an elevated token with no privileges removed or groups disabled.  An elevated token is used when User Account Control is enabled and the user chooses to start the program using Run as administrator.  An elevated token is also used when an application is configured to always require administrative privilege or to always require maximum privilege, and the user is a member of the Administrators group.

Type 3 is a limited token with administrative privileges removed and administrative groups disabled.  The limited token is used when User Account Control is enabled, the application does not require administrative privilege, and the user does not choose to start the program using Run as administrator.","S-1-5-18","HOME-WIN7-1$","HOME","0x3e7","0x814","C:\Windows\System32\SearchFilterHost.exe","%%1936","0xa98","4688","0",,"0","13312","0","-9214364837600034816","20021","Microsoft-Windows-Security-Auditing","54849625-5478-4994-a5ba-3e3b0328c30d","Security","48","home-win7-1.home.local",,"11/29/2016 12:45:35 AM",,,"security","","System.Diagnostics.Eventing.Reader.EventBookmark","Information","Info","Process Creation","Audit Success","System.Diagnostics.Eventing.Reader.EventProperty System.Diagnostics.Eventing.Reader.EventProperty System.Diagnostics.Eventing.Reader.EventProperty System.Diagnostics.Eventing.Reader.EventProperty System.Diagnostics.Eventing.Reader.EventProperty System.Diagnostics.Eventing.Reader.EventProperty System.Diagnostics.Eventing.Reader.EventProperty System.Diagnostics.Eventing.Reader.EventProperty","home-win7-1","8f3f4f87-5aec-4072-bbd6-db6585200215","True"
"A new process has been created.

Subject:
	Security ID:		S-1-5-18
	Account Name:		HOME-WIN7-1$
	Account Domain:		HOME
	Logon ID:		0x3e7

Process Information:
	New Process ID:		0x4c0
	New Process Name:	C:\Windows\System32\SearchProtocolHost.exe
	Token Elevation Type:	TokenElevationTypeDefault (1)
	Creator Process ID:	0xa98

Token Elevation Type indicates the type of token that was assigned to the new process in accordance with User Account Control policy.

Type 1 is a full token with no privileges removed or groups disabled.  A full token is only used if User Account Control is disabled or if the user is the built-in Administrator account or a service account.

Type 2 is an elevated token with no privileges removed or groups disabled.  An elevated token is used when User Account Control is enabled and the user chooses to start the program using Run as administrator.  An elevated token is also used when an application is configured to always require administrative privilege or to always require maximum privilege, and the user is a member of the Administrators group.

Type 3 is a limited token with administrative privileges removed and administrative groups disabled.  The limited token is used when User Account Control is enabled, the application does not require administrative privilege, and the user does not choose to start the program using Run as administrator.","S-1-5-18","HOME-WIN7-1$","HOME","0x3e7","0x4c0","C:\Windows\System32\SearchProtocolHost.exe","%%1936","0xa98","4688","0",,"0","13312","0","-9214364837600034816","20020","Microsoft-Windows-Security-Auditing","54849625-5478-4994-a5ba-3e3b0328c30d","Security","48","home-win7-1.home.local",,"11/29/2016 12:45:35 AM",,,"security","","System.Diagnostics.Eventing.Reader.EventBookmark","Information","Info","Process Creation","Audit Success","System.Diagnostics.Eventing.Reader.EventProperty System.Diagnostics.Eventing.Reader.EventProperty System.Diagnostics.Eventing.Reader.EventProperty System.Diagnostics.Eventing.Reader.EventProperty System.Diagnostics.Eventing.Reader.EventProperty System.Diagnostics.Eventing.Reader.EventProperty System.Diagnostics.Eventing.Reader.EventProperty System.Diagnostics.Eventing.Reader.EventProperty","home-win7-1","8f3f4f87-5aec-4072-bbd6-db6585200215","True"
"A new process has been created.

Subject:
	Security ID:		S-1-5-18
	Account Name:		HOME-WIN7-1$
	Account Domain:		HOME
	Logon ID:		0x3e7

Process Information:
	New Process ID:		0xce4
	New Process Name:	C:\Windows\System32\LogonUI.exe
	Token Elevation Type:	TokenElevationTypeDefault (1)
	Creator Process ID:	0xe00

Token Elevation Type indicates the type of token that was assigned to the new process in accordance with User Account Control policy.

Type 1 is a full token with no privileges removed or groups disabled.  A full token is only used if User Account Control is disabled or if the user is the built-in Administrator account or a service account.

Type 2 is an elevated token with no privileges removed or groups disabled.  An elevated token is used when User Account Control is enabled and the user chooses to start the program using Run as administrator.  An elevated token is also used when an application is configured to always require administrative privilege or to always require maximum privilege, and the user is a member of the Administrators group.

Type 3 is a limited token with administrative privileges removed and administrative groups disabled.  The limited token is used when User Account Control is enabled, the application does not require administrative privilege, and the user does not choose to start the program using Run as administrator.","S-1-5-18","HOME-WIN7-1$","HOME","0x3e7","0xce4","C:\Windows\System32\LogonUI.exe","%%1936","0xe00","4688","0",,"0","13312","0","-9214364837600034816","20019","Microsoft-Windows-Security-Auditing","54849625-5478-4994-a5ba-3e3b0328c30d","Security","48","home-win7-1.home.local",,"11/29/2016 12:43:35 AM",,,"security","","System.Diagnostics.Eventing.Reader.EventBookmark","Information","Info","Process Creation","Audit Success","System.Diagnostics.Eventing.Reader.EventProperty System.Diagnostics.Eventing.Reader.EventProperty System.Diagnostics.Eventing.Reader.EventProperty System.Diagnostics.Eventing.Reader.EventProperty System.Diagnostics.Eventing.Reader.EventProperty System.Diagnostics.Eventing.Reader.EventProperty System.Diagnostics.Eventing.Reader.EventProperty System.Diagnostics.Eventing.Reader.EventProperty","home-win7-1","8f3f4f87-5aec-4072-bbd6-db6585200215","True"
"A new process has been created.

Subject:
	Security ID:		S-1-5-18
	Account Name:		HOME-WIN7-1$
	Account Domain:		HOME
	Logon ID:		0x3e7

Process Information:
	New Process ID:		0x730
	New Process Name:	C:\Windows\System32\scrnsave.scr
	Token Elevation Type:	TokenElevationTypeDefault (1)
	Creator Process ID:	0xe00

Token Elevation Type indicates the type of token that was assigned to the new process in accordance with User Account Control policy.

Type 1 is a full token with no privileges removed or groups disabled.  A full token is only used if User Account Control is disabled or if the user is the built-in Administrator account or a service account.

Type 2 is an elevated token with no privileges removed or groups disabled.  An elevated token is used when User Account Control is enabled and the user chooses to start the program using Run as administrator.  An elevated token is also used when an application is configured to always require administrative privilege or to always require maximum privilege, and the user is a member of the Administrators group.

Type 3 is a limited token with administrative privileges removed and administrative groups disabled.  The limited token is used when User Account Control is enabled, the application does not require administrative privilege, and the user does not choose to start the program using Run as administrator.","S-1-5-18","HOME-WIN7-1$","HOME","0x3e7","0x730","C:\Windows\System32\scrnsave.scr","%%1936","0xe00","4688","0",,"0","13312","0","-9214364837600034816","20018","Microsoft-Windows-Security-Auditing","54849625-5478-4994-a5ba-3e3b0328c30d","Security","48","home-win7-1.home.local",,"11/29/2016 12:43:30 AM",,,"security","","System.Diagnostics.Eventing.Reader.EventBookmark","Information","Info","Process Creation","Audit Success","System.Diagnostics.Eventing.Reader.EventProperty System.Diagnostics.Eventing.Reader.EventProperty System.Diagnostics.Eventing.Reader.EventProperty System.Diagnostics.Eventing.Reader.EventProperty System.Diagnostics.Eventing.Reader.EventProperty System.Diagnostics.Eventing.Reader.EventProperty System.Diagnostics.Eventing.Reader.EventProperty System.Diagnostics.Eventing.Reader.EventProperty","home-win7-1","8f3f4f87-5aec-4072-bbd6-db6585200215","True"
"A new process has been created.

Subject:
	Security ID:		S-1-5-18
	Account Name:		HOME-WIN7-1$
	Account Domain:		HOME
	Logon ID:		0x3e7

Process Information:
	New Process ID:		0x678
	New Process Name:	C:\Windows\System32\taskhost.exe
	Token Elevation Type:	TokenElevationTypeDefault (1)
	Creator Process ID:	0x1dc

Token Elevation Type indicates the type of token that was assigned to the new process in accordance with User Account Control policy.

Type 1 is a full token with no privileges removed or groups disabled.  A full token is only used if User Account Control is disabled or if the user is the built-in Administrator account or a service account.

Type 2 is an elevated token with no privileges removed or groups disabled.  An elevated token is used when User Account Control is enabled and the user chooses to start the program using Run as administrator.  An elevated token is also used when an application is configured to always require administrative privilege or to always require maximum privilege, and the user is a member of the Administrators group.

Type 3 is a limited token with administrative privileges removed and administrative groups disabled.  The limited token is used when User Account Control is enabled, the application does not require administrative privilege, and the user does not choose to start the program using Run as administrator.","S-1-5-18","HOME-WIN7-1$","HOME","0x3e7","0x678","C:\Windows\System32\taskhost.exe","%%1936","0x1dc","4688","0",,"0","13312","0","-9214364837600034816","20011","Microsoft-Windows-Security-Auditing","54849625-5478-4994-a5ba-3e3b0328c30d","Security","48","home-win7-1.home.local",,"11/29/2016 12:04:56 AM",,,"security","","System.Diagnostics.Eventing.Reader.EventBookmark","Information","Info","Process Creation","Audit Success","System.Diagnostics.Eventing.Reader.EventProperty System.Diagnostics.Eventing.Reader.EventProperty System.Diagnostics.Eventing.Reader.EventProperty System.Diagnostics.Eventing.Reader.EventProperty System.Diagnostics.Eventing.Reader.EventProperty System.Diagnostics.Eventing.Reader.EventProperty System.Diagnostics.Eventing.Reader.EventProperty System.Diagnostics.Eventing.Reader.EventProperty","home-win7-1","8f3f4f87-5aec-4072-bbd6-db6585200215","True"
"A new process has been created.

Subject:
	Security ID:		S-1-5-18
	Account Name:		HOME-WIN7-1$
	Account Domain:		HOME
	Logon ID:		0x3e7

Process Information:
	New Process ID:		0xe08
	New Process Name:	C:\Windows\System32\svchost.exe
	Token Elevation Type:	TokenElevationTypeDefault (1)
	Creator Process ID:	0x1dc

Token Elevation Type indicates the type of token that was assigned to the new process in accordance with User Account Control policy.

Type 1 is a full token with no privileges removed or groups disabled.  A full token is only used if User Account Control is disabled or if the user is the built-in Administrator account or a service account.

Type 2 is an elevated token with no privileges removed or groups disabled.  An elevated token is used when User Account Control is enabled and the user chooses to start the program using Run as administrator.  An elevated token is also used when an application is configured to always require administrative privilege or to always require maximum privilege, and the user is a member of the Administrators group.

Type 3 is a limited token with administrative privileges removed and administrative groups disabled.  The limited token is used when User Account Control is enabled, the application does not require administrative privilege, and the user does not choose to start the program using Run as administrator.","S-1-5-18","HOME-WIN7-1$","HOME","0x3e7","0xe08","C:\Windows\System32\svchost.exe","%%1936","0x1dc","4688","0",,"0","13312","0","-9214364837600034816","20010","Microsoft-Windows-Security-Auditing","54849625-5478-4994-a5ba-3e3b0328c30d","Security","48","home-win7-1.home.local",,"11/29/2016 12:03:01 AM",,,"security","","System.Diagnostics.Eventing.Reader.EventBookmark","Information","Info","Process Creation","Audit Success","System.Diagnostics.Eventing.Reader.EventProperty System.Diagnostics.Eventing.Reader.EventProperty System.Diagnostics.Eventing.Reader.EventProperty System.Diagnostics.Eventing.Reader.EventProperty System.Diagnostics.Eventing.Reader.EventProperty System.Diagnostics.Eventing.Reader.EventProperty System.Diagnostics.Eventing.Reader.EventProperty System.Diagnostics.Eventing.Reader.EventProperty","home-win7-1","8f3f4f87-5aec-4072-bbd6-db6585200215","True"
"A new process has been created.

Subject:
	Security ID:		S-1-5-18
	Account Name:		HOME-WIN7-1$
	Account Domain:		HOME
	Logon ID:		0x3e7

Process Information:
	New Process ID:		0x510
	New Process Name:	C:\Windows\System32\VSSVC.exe
	Token Elevation Type:	TokenElevationTypeDefault (1)
	Creator Process ID:	0x1dc

Token Elevation Type indicates the type of token that was assigned to the new process in accordance with User Account Control policy.

Type 1 is a full token with no privileges removed or groups disabled.  A full token is only used if User Account Control is disabled or if the user is the built-in Administrator account or a service account.

Type 2 is an elevated token with no privileges removed or groups disabled.  An elevated token is used when User Account Control is enabled and the user chooses to start the program using Run as administrator.  An elevated token is also used when an application is configured to always require administrative privilege or to always require maximum privilege, and the user is a member of the Administrators group.

Type 3 is a limited token with administrative privileges removed and administrative groups disabled.  The limited token is used when User Account Control is enabled, the application does not require administrative privilege, and the user does not choose to start the program using Run as administrator.","S-1-5-18","HOME-WIN7-1$","HOME","0x3e7","0x510","C:\Windows\System32\VSSVC.exe","%%1936","0x1dc","4688","0",,"0","13312","0","-9214364837600034816","20007","Microsoft-Windows-Security-Auditing","54849625-5478-4994-a5ba-3e3b0328c30d","Security","48","home-win7-1.home.local",,"11/29/2016 12:03:00 AM",,,"security","","System.Diagnostics.Eventing.Reader.EventBookmark","Information","Info","Process Creation","Audit Success","System.Diagnostics.Eventing.Reader.EventProperty System.Diagnostics.Eventing.Reader.EventProperty System.Diagnostics.Eventing.Reader.EventProperty System.Diagnostics.Eventing.Reader.EventProperty System.Diagnostics.Eventing.Reader.EventProperty System.Diagnostics.Eventing.Reader.EventProperty System.Diagnostics.Eventing.Reader.EventProperty System.Diagnostics.Eventing.Reader.EventProperty","home-win7-1","8f3f4f87-5aec-4072-bbd6-db6585200215","True"
"A new process has been created.

Subject:
	Security ID:		S-1-5-18
	Account Name:		HOME-WIN7-1$
	Account Domain:		HOME
	Logon ID:		0x3e7

Process Information:
	New Process ID:		0xb84
	New Process Name:	C:\Windows\System32\rundll32.exe
	Token Elevation Type:	TokenElevationTypeDefault (1)
	Creator Process ID:	0x1dc

Token Elevation Type indicates the type of token that was assigned to the new process in accordance with User Account Control policy.

Type 1 is a full token with no privileges removed or groups disabled.  A full token is only used if User Account Control is disabled or if the user is the built-in Administrator account or a service account.

Type 2 is an elevated token with no privileges removed or groups disabled.  An elevated token is used when User Account Control is enabled and the user chooses to start the program using Run as administrator.  An elevated token is also used when an application is configured to always require administrative privilege or to always require maximum privilege, and the user is a member of the Administrators group.

Type 3 is a limited token with administrative privileges removed and administrative groups disabled.  The limited token is used when User Account Control is enabled, the application does not require administrative privilege, and the user does not choose to start the program using Run as administrator.","S-1-5-18","HOME-WIN7-1$","HOME","0x3e7","0xb84","C:\Windows\System32\rundll32.exe","%%1936","0x1dc","4688","0",,"0","13312","0","-9214364837600034816","20003","Microsoft-Windows-Security-Auditing","54849625-5478-4994-a5ba-3e3b0328c30d","Security","48","home-win7-1.home.local",,"11/29/2016 12:03:00 AM",,,"security","","System.Diagnostics.Eventing.Reader.EventBookmark","Information","Info","Process Creation","Audit Success","System.Diagnostics.Eventing.Reader.EventProperty System.Diagnostics.Eventing.Reader.EventProperty System.Diagnostics.Eventing.Reader.EventProperty System.Diagnostics.Eventing.Reader.EventProperty System.Diagnostics.Eventing.Reader.EventProperty System.Diagnostics.Eventing.Reader.EventProperty System.Diagnostics.Eventing.Reader.EventProperty System.Diagnostics.Eventing.Reader.EventProperty","home-win7-1","8f3f4f87-5aec-4072-bbd6-db6585200215","True"
"A new process has been created.

Subject:
	Security ID:		S-1-5-18
	Account Name:		HOME-WIN7-1$
	Account Domain:		HOME
	Logon ID:		0x3e7

Process Information:
	New Process ID:		0xe88
	New Process Name:	C:\Windows\System32\mobsync.exe
	Token Elevation Type:	TokenElevationTypeDefault (1)
	Creator Process ID:	0x260

Token Elevation Type indicates the type of token that was assigned to the new process in accordance with User Account Control policy.

Type 1 is a full token with no privileges removed or groups disabled.  A full token is only used if User Account Control is disabled or if the user is the built-in Administrator account or a service account.

Type 2 is an elevated token with no privileges removed or groups disabled.  An elevated token is used when User Account Control is enabled and the user chooses to start the program using Run as administrator.  An elevated token is also used when an application is configured to always require administrative privilege or to always require maximum privilege, and the user is a member of the Administrators group.

Type 3 is a limited token with administrative privileges removed and administrative groups disabled.  The limited token is used when User Account Control is enabled, the application does not require administrative privilege, and the user does not choose to start the program using Run as administrator.","S-1-5-18","HOME-WIN7-1$","HOME","0x3e7","0xe88","C:\Windows\System32\mobsync.exe","%%1936","0x260","4688","0",,"0","13312","0","-9214364837600034816","20002","Microsoft-Windows-Security-Auditing","54849625-5478-4994-a5ba-3e3b0328c30d","Security","48","home-win7-1.home.local",,"11/28/2016 11:59:52 PM",,,"security","","System.Diagnostics.Eventing.Reader.EventBookmark","Information","Info","Process Creation","Audit Success","System.Diagnostics.Eventing.Reader.EventProperty System.Diagnostics.Eventing.Reader.EventProperty System.Diagnostics.Eventing.Reader.EventProperty System.Diagnostics.Eventing.Reader.EventProperty System.Diagnostics.Eventing.Reader.EventProperty System.Diagnostics.Eventing.Reader.EventProperty System.Diagnostics.Eventing.Reader.EventProperty System.Diagnostics.Eventing.Reader.EventProperty","home-win7-1","8f3f4f87-5aec-4072-bbd6-db6585200215","True"
"A new process has been created.

Subject:
	Security ID:		S-1-5-18
	Account Name:		HOME-WIN7-1$
	Account Domain:		HOME
	Logon ID:		0x3e7

Process Information:
	New Process ID:		0x8f8
	New Process Name:	C:\Windows\System32\mobsync.exe
	Token Elevation Type:	TokenElevationTypeDefault (1)
	Creator Process ID:	0x260

Token Elevation Type indicates the type of token that was assigned to the new process in accordance with User Account Control policy.

Type 1 is a full token with no privileges removed or groups disabled.  A full token is only used if User Account Control is disabled or if the user is the built-in Administrator account or a service account.

Type 2 is an elevated token with no privileges removed or groups disabled.  An elevated token is used when User Account Control is enabled and the user chooses to start the program using Run as administrator.  An elevated token is also used when an application is configured to always require administrative privilege or to always require maximum privilege, and the user is a member of the Administrators group.

Type 3 is a limited token with administrative privileges removed and administrative groups disabled.  The limited token is used when User Account Control is enabled, the application does not require administrative privilege, and the user does not choose to start the program using Run as administrator.","S-1-5-18","HOME-WIN7-1$","HOME","0x3e7","0x8f8","C:\Windows\System32\mobsync.exe","%%1936","0x260","4688","0",,"0","13312","0","-9214364837600034816","20001","Microsoft-Windows-Security-Auditing","54849625-5478-4994-a5ba-3e3b0328c30d","Security","52","home-win7-1.home.local",,"11/28/2016 11:29:57 PM",,,"security","","System.Diagnostics.Eventing.Reader.EventBookmark","Information","Info","Process Creation","Audit Success","System.Diagnostics.Eventing.Reader.EventProperty System.Diagnostics.Eventing.Reader.EventProperty System.Diagnostics.Eventing.Reader.EventProperty System.Diagnostics.Eventing.Reader.EventProperty System.Diagnostics.Eventing.Reader.EventProperty System.Diagnostics.Eventing.Reader.EventProperty System.Diagnostics.Eventing.Reader.EventProperty System.Diagnostics.Eventing.Reader.EventProperty","home-win7-1","8f3f4f87-5aec-4072-bbd6-db6585200215","True"
"A new process has been created.

Subject:
	Security ID:		S-1-5-18
	Account Name:		HOME-WIN7-1$
	Account Domain:		HOME
	Logon ID:		0x3e7

Process Information:
	New Process ID:		0x1b8
	New Process Name:	C:\Windows\System32\taskhost.exe
	Token Elevation Type:	TokenElevationTypeDefault (1)
	Creator Process ID:	0x1dc

Token Elevation Type indicates the type of token that was assigned to the new process in accordance with User Account Control policy.

Type 1 is a full token with no privileges removed or groups disabled.  A full token is only used if User Account Control is disabled or if the user is the built-in Administrator account or a service account.

Type 2 is an elevated token with no privileges removed or groups disabled.  An elevated token is used when User Account Control is enabled and the user chooses to start the program using Run as administrator.  An elevated token is also used when an application is configured to always require administrative privilege or to always require maximum privilege, and the user is a member of the Administrators group.

Type 3 is a limited token with administrative privileges removed and administrative groups disabled.  The limited token is used when User Account Control is enabled, the application does not require administrative privilege, and the user does not choose to start the program using Run as administrator.","S-1-5-18","HOME-WIN7-1$","HOME","0x3e7","0x1b8","C:\Windows\System32\taskhost.exe","%%1936","0x1dc","4688","0",,"0","13312","0","-9214364837600034816","20000","Microsoft-Windows-Security-Auditing","54849625-5478-4994-a5ba-3e3b0328c30d","Security","52","home-win7-1.home.local",,"11/28/2016 11:10:36 PM",,,"security","","System.Diagnostics.Eventing.Reader.EventBookmark","Information","Info","Process Creation","Audit Success","System.Diagnostics.Eventing.Reader.EventProperty System.Diagnostics.Eventing.Reader.EventProperty System.Diagnostics.Eventing.Reader.EventProperty System.Diagnostics.Eventing.Reader.EventProperty System.Diagnostics.Eventing.Reader.EventProperty System.Diagnostics.Eventing.Reader.EventProperty System.Diagnostics.Eventing.Reader.EventProperty System.Diagnostics.Eventing.Reader.EventProperty","home-win7-1","8f3f4f87-5aec-4072-bbd6-db6585200215","True"
"A new process has been created.

Subject:
	Security ID:		S-1-5-18
	Account Name:		HOME-WIN7-1$
	Account Domain:		HOME
	Logon ID:		0x3e7

Process Information:
	New Process ID:		0x88c
	New Process Name:	C:\Windows\System32\SearchFilterHost.exe
	Token Elevation Type:	TokenElevationTypeDefault (1)
	Creator Process ID:	0xa98

Token Elevation Type indicates the type of token that was assigned to the new process in accordance with User Account Control policy.

Type 1 is a full token with no privileges removed or groups disabled.  A full token is only used if User Account Control is disabled or if the user is the built-in Administrator account or a service account.

Type 2 is an elevated token with no privileges removed or groups disabled.  An elevated token is used when User Account Control is enabled and the user chooses to start the program using Run as administrator.  An elevated token is also used when an application is configured to always require administrative privilege or to always require maximum privilege, and the user is a member of the Administrators group.

Type 3 is a limited token with administrative privileges removed and administrative groups disabled.  The limited token is used when User Account Control is enabled, the application does not require administrative privilege, and the user does not choose to start the program using Run as administrator.","S-1-5-18","HOME-WIN7-1$","HOME","0x3e7","0x88c","C:\Windows\System32\SearchFilterHost.exe","%%1936","0xa98","4688","0",,"0","13312","0","-9214364837600034816","19999","Microsoft-Windows-Security-Auditing","54849625-5478-4994-a5ba-3e3b0328c30d","Security","52","home-win7-1.home.local",,"11/28/2016 11:07:34 PM",,,"security","","System.Diagnostics.Eventing.Reader.EventBookmark","Information","Info","Process Creation","Audit Success","System.Diagnostics.Eventing.Reader.EventProperty System.Diagnostics.Eventing.Reader.EventProperty System.Diagnostics.Eventing.Reader.EventProperty System.Diagnostics.Eventing.Reader.EventProperty System.Diagnostics.Eventing.Reader.EventProperty System.Diagnostics.Eventing.Reader.EventProperty System.Diagnostics.Eventing.Reader.EventProperty System.Diagnostics.Eventing.Reader.EventProperty","home-win7-1","8f3f4f87-5aec-4072-bbd6-db6585200215","True"
"A new process has been created.

Subject:
	Security ID:		S-1-5-18
	Account Name:		HOME-WIN7-1$
	Account Domain:		HOME
	Logon ID:		0x3e7

Process Information:
	New Process ID:		0x6a8
	New Process Name:	C:\Windows\System32\SearchProtocolHost.exe
	Token Elevation Type:	TokenElevationTypeDefault (1)
	Creator Process ID:	0xa98

Token Elevation Type indicates the type of token that was assigned to the new process in accordance with User Account Control policy.

Type 1 is a full token with no privileges removed or groups disabled.  A full token is only used if User Account Control is disabled or if the user is the built-in Administrator account or a service account.

Type 2 is an elevated token with no privileges removed or groups disabled.  An elevated token is used when User Account Control is enabled and the user chooses to start the program using Run as administrator.  An elevated token is also used when an application is configured to always require administrative privilege or to always require maximum privilege, and the user is a member of the Administrators group.

Type 3 is a limited token with administrative privileges removed and administrative groups disabled.  The limited token is used when User Account Control is enabled, the application does not require administrative privilege, and the user does not choose to start the program using Run as administrator.","S-1-5-18","HOME-WIN7-1$","HOME","0x3e7","0x6a8","C:\Windows\System32\SearchProtocolHost.exe","%%1936","0xa98","4688","0",,"0","13312","0","-9214364837600034816","19998","Microsoft-Windows-Security-Auditing","54849625-5478-4994-a5ba-3e3b0328c30d","Security","52","home-win7-1.home.local",,"11/28/2016 11:07:34 PM",,,"security","","System.Diagnostics.Eventing.Reader.EventBookmark","Information","Info","Process Creation","Audit Success","System.Diagnostics.Eventing.Reader.EventProperty System.Diagnostics.Eventing.Reader.EventProperty System.Diagnostics.Eventing.Reader.EventProperty System.Diagnostics.Eventing.Reader.EventProperty System.Diagnostics.Eventing.Reader.EventProperty System.Diagnostics.Eventing.Reader.EventProperty System.Diagnostics.Eventing.Reader.EventProperty System.Diagnostics.Eventing.Reader.EventProperty","home-win7-1","8f3f4f87-5aec-4072-bbd6-db6585200215","True"
"A new process has been created.

Subject:
	Security ID:		S-1-5-18
	Account Name:		HOME-WIN7-1$
	Account Domain:		HOME
	Logon ID:		0x3e7

Process Information:
	New Process ID:		0x630
	New Process Name:	C:\Windows\System32\conhost.exe
	Token Elevation Type:	TokenElevationTypeDefault (1)
	Creator Process ID:	0x144

Token Elevation Type indicates the type of token that was assigned to the new process in accordance with User Account Control policy.

Type 1 is a full token with no privileges removed or groups disabled.  A full token is only used if User Account Control is disabled or if the user is the built-in Administrator account or a service account.

Type 2 is an elevated token with no privileges removed or groups disabled.  An elevated token is used when User Account Control is enabled and the user chooses to start the program using Run as administrator.  An elevated token is also used when an application is configured to always require administrative privilege or to always require maximum privilege, and the user is a member of the Administrators group.

Type 3 is a limited token with administrative privileges removed and administrative groups disabled.  The limited token is used when User Account Control is enabled, the application does not require administrative privilege, and the user does not choose to start the program using Run as administrator.","S-1-5-18","HOME-WIN7-1$","HOME","0x3e7","0x630","C:\Windows\System32\conhost.exe","%%1936","0x144","4688","0",,"0","13312","0","-9214364837600034816","19997","Microsoft-Windows-Security-Auditing","54849625-5478-4994-a5ba-3e3b0328c30d","Security","52","home-win7-1.home.local",,"11/28/2016 11:05:01 PM",,,"security","","System.Diagnostics.Eventing.Reader.EventBookmark","Information","Info","Process Creation","Audit Success","System.Diagnostics.Eventing.Reader.EventProperty System.Diagnostics.Eventing.Reader.EventProperty System.Diagnostics.Eventing.Reader.EventProperty System.Diagnostics.Eventing.Reader.EventProperty System.Diagnostics.Eventing.Reader.EventProperty System.Diagnostics.Eventing.Reader.EventProperty System.Diagnostics.Eventing.Reader.EventProperty System.Diagnostics.Eventing.Reader.EventProperty","home-win7-1","8f3f4f87-5aec-4072-bbd6-db6585200215","True"
"A new process has been created.

Subject:
	Security ID:		S-1-5-18
	Account Name:		HOME-WIN7-1$
	Account Domain:		HOME
	Logon ID:		0x3e7

Process Information:
	New Process ID:		0xf38
	New Process Name:	C:\Windows\System32\appidcertstorecheck.exe
	Token Elevation Type:	TokenElevationTypeDefault (1)
	Creator Process ID:	0x1dc

Token Elevation Type indicates the type of token that was assigned to the new process in accordance with User Account Control policy.

Type 1 is a full token with no privileges removed or groups disabled.  A full token is only used if User Account Control is disabled or if the user is the built-in Administrator account or a service account.

Type 2 is an elevated token with no privileges removed or groups disabled.  An elevated token is used when User Account Control is enabled and the user chooses to start the program using Run as administrator.  An elevated token is also used when an application is configured to always require administrative privilege or to always require maximum privilege, and the user is a member of the Administrators group.

Type 3 is a limited token with administrative privileges removed and administrative groups disabled.  The limited token is used when User Account Control is enabled, the application does not require administrative privilege, and the user does not choose to start the program using Run as administrator.","S-1-5-18","HOME-WIN7-1$","HOME","0x3e7","0xf38","C:\Windows\System32\appidcertstorecheck.exe","%%1936","0x1dc","4688","0",,"0","13312","0","-9214364837600034816","19996","Microsoft-Windows-Security-Auditing","54849625-5478-4994-a5ba-3e3b0328c30d","Security","52","home-win7-1.home.local",,"11/28/2016 11:05:01 PM",,,"security","","System.Diagnostics.Eventing.Reader.EventBookmark","Information","Info","Process Creation","Audit Success","System.Diagnostics.Eventing.Reader.EventProperty System.Diagnostics.Eventing.Reader.EventProperty System.Diagnostics.Eventing.Reader.EventProperty System.Diagnostics.Eventing.Reader.EventProperty System.Diagnostics.Eventing.Reader.EventProperty System.Diagnostics.Eventing.Reader.EventProperty System.Diagnostics.Eventing.Reader.EventProperty System.Diagnostics.Eventing.Reader.EventProperty","home-win7-1","8f3f4f87-5aec-4072-bbd6-db6585200215","True"
"A new process has been created.

Subject:
	Security ID:		S-1-5-18
	Account Name:		HOME-WIN7-1$
	Account Domain:		HOME
	Logon ID:		0x3e7

Process Information:
	New Process ID:		0xcb0
	New Process Name:	C:\Windows\System32\mobsync.exe
	Token Elevation Type:	TokenElevationTypeDefault (1)
	Creator Process ID:	0x260

Token Elevation Type indicates the type of token that was assigned to the new process in accordance with User Account Control policy.

Type 1 is a full token with no privileges removed or groups disabled.  A full token is only used if User Account Control is disabled or if the user is the built-in Administrator account or a service account.

Type 2 is an elevated token with no privileges removed or groups disabled.  An elevated token is used when User Account Control is enabled and the user chooses to start the program using Run as administrator.  An elevated token is also used when an application is configured to always require administrative privilege or to always require maximum privilege, and the user is a member of the Administrators group.

Type 3 is a limited token with administrative privileges removed and administrative groups disabled.  The limited token is used when User Account Control is enabled, the application does not require administrative privilege, and the user does not choose to start the program using Run as administrator.","S-1-5-18","HOME-WIN7-1$","HOME","0x3e7","0xcb0","C:\Windows\System32\mobsync.exe","%%1936","0x260","4688","0",,"0","13312","0","-9214364837600034816","19995","Microsoft-Windows-Security-Auditing","54849625-5478-4994-a5ba-3e3b0328c30d","Security","52","home-win7-1.home.local",,"11/28/2016 10:59:18 PM",,,"security","","System.Diagnostics.Eventing.Reader.EventBookmark","Information","Info","Process Creation","Audit Success","System.Diagnostics.Eventing.Reader.EventProperty System.Diagnostics.Eventing.Reader.EventProperty System.Diagnostics.Eventing.Reader.EventProperty System.Diagnostics.Eventing.Reader.EventProperty System.Diagnostics.Eventing.Reader.EventProperty System.Diagnostics.Eventing.Reader.EventProperty System.Diagnostics.Eventing.Reader.EventProperty System.Diagnostics.Eventing.Reader.EventProperty","home-win7-1","8f3f4f87-5aec-4072-bbd6-db6585200215","True"
"A new process has been created.

Subject:
	Security ID:		S-1-5-18
	Account Name:		HOME-WIN7-1$
	Account Domain:		HOME
	Logon ID:		0x3e7

Process Information:
	New Process ID:		0x678
	New Process Name:	C:\Windows\System32\taskhost.exe
	Token Elevation Type:	TokenElevationTypeDefault (1)
	Creator Process ID:	0x1dc

Token Elevation Type indicates the type of token that was assigned to the new process in accordance with User Account Control policy.

Type 1 is a full token with no privileges removed or groups disabled.  A full token is only used if User Account Control is disabled or if the user is the built-in Administrator account or a service account.

Type 2 is an elevated token with no privileges removed or groups disabled.  An elevated token is used when User Account Control is enabled and the user chooses to start the program using Run as administrator.  An elevated token is also used when an application is configured to always require administrative privilege or to always require maximum privilege, and the user is a member of the Administrators group.

Type 3 is a limited token with administrative privileges removed and administrative groups disabled.  The limited token is used when User Account Control is enabled, the application does not require administrative privilege, and the user does not choose to start the program using Run as administrator.","S-1-5-18","HOME-WIN7-1$","HOME","0x3e7","0x678","C:\Windows\System32\taskhost.exe","%%1936","0x1dc","4688","0",,"0","13312","0","-9214364837600034816","19987","Microsoft-Windows-Security-Auditing","54849625-5478-4994-a5ba-3e3b0328c30d","Security","48","home-win7-1.home.local",,"11/28/2016 10:47:08 PM",,,"security","","System.Diagnostics.Eventing.Reader.EventBookmark","Information","Info","Process Creation","Audit Success","System.Diagnostics.Eventing.Reader.EventProperty System.Diagnostics.Eventing.Reader.EventProperty System.Diagnostics.Eventing.Reader.EventProperty System.Diagnostics.Eventing.Reader.EventProperty System.Diagnostics.Eventing.Reader.EventProperty System.Diagnostics.Eventing.Reader.EventProperty System.Diagnostics.Eventing.Reader.EventProperty System.Diagnostics.Eventing.Reader.EventProperty","home-win7-1","8f3f4f87-5aec-4072-bbd6-db6585200215","True"
"A new process has been created.

Subject:
	Security ID:		S-1-5-18
	Account Name:		HOME-WIN7-1$
	Account Domain:		HOME
	Logon ID:		0x3e7

Process Information:
	New Process ID:		0xfd4
	New Process Name:	C:\Windows\System32\slui.exe
	Token Elevation Type:	TokenElevationTypeDefault (1)
	Creator Process ID:	0x260

Token Elevation Type indicates the type of token that was assigned to the new process in accordance with User Account Control policy.

Type 1 is a full token with no privileges removed or groups disabled.  A full token is only used if User Account Control is disabled or if the user is the built-in Administrator account or a service account.

Type 2 is an elevated token with no privileges removed or groups disabled.  An elevated token is used when User Account Control is enabled and the user chooses to start the program using Run as administrator.  An elevated token is also used when an application is configured to always require administrative privilege or to always require maximum privilege, and the user is a member of the Administrators group.

Type 3 is a limited token with administrative privileges removed and administrative groups disabled.  The limited token is used when User Account Control is enabled, the application does not require administrative privilege, and the user does not choose to start the program using Run as administrator.","S-1-5-18","HOME-WIN7-1$","HOME","0x3e7","0xfd4","C:\Windows\System32\slui.exe","%%1936","0x260","4688","0",,"0","13312","0","-9214364837600034816","19986","Microsoft-Windows-Security-Auditing","54849625-5478-4994-a5ba-3e3b0328c30d","Security","48","home-win7-1.home.local",,"11/28/2016 10:43:00 PM",,,"security","","System.Diagnostics.Eventing.Reader.EventBookmark","Information","Info","Process Creation","Audit Success","System.Diagnostics.Eventing.Reader.EventProperty System.Diagnostics.Eventing.Reader.EventProperty System.Diagnostics.Eventing.Reader.EventProperty System.Diagnostics.Eventing.Reader.EventProperty System.Diagnostics.Eventing.Reader.EventProperty System.Diagnostics.Eventing.Reader.EventProperty System.Diagnostics.Eventing.Reader.EventProperty System.Diagnostics.Eventing.Reader.EventProperty","home-win7-1","8f3f4f87-5aec-4072-bbd6-db6585200215","True"
"A new process has been created.

Subject:
	Security ID:		S-1-5-18
	Account Name:		HOME-WIN7-1$
	Account Domain:		HOME
	Logon ID:		0x3e7

Process Information:
	New Process ID:		0x6ac
	New Process Name:	C:\Windows\System32\slui.exe
	Token Elevation Type:	TokenElevationTypeDefault (1)
	Creator Process ID:	0x260

Token Elevation Type indicates the type of token that was assigned to the new process in accordance with User Account Control policy.

Type 1 is a full token with no privileges removed or groups disabled.  A full token is only used if User Account Control is disabled or if the user is the built-in Administrator account or a service account.

Type 2 is an elevated token with no privileges removed or groups disabled.  An elevated token is used when User Account Control is enabled and the user chooses to start the program using Run as administrator.  An elevated token is also used when an application is configured to always require administrative privilege or to always require maximum privilege, and the user is a member of the Administrators group.

Type 3 is a limited token with administrative privileges removed and administrative groups disabled.  The limited token is used when User Account Control is enabled, the application does not require administrative privilege, and the user does not choose to start the program using Run as administrator.","S-1-5-18","HOME-WIN7-1$","HOME","0x3e7","0x6ac","C:\Windows\System32\slui.exe","%%1936","0x260","4688","0",,"0","13312","0","-9214364837600034816","19985","Microsoft-Windows-Security-Auditing","54849625-5478-4994-a5ba-3e3b0328c30d","Security","52","home-win7-1.home.local",,"11/28/2016 10:33:24 PM",,,"security","","System.Diagnostics.Eventing.Reader.EventBookmark","Information","Info","Process Creation","Audit Success","System.Diagnostics.Eventing.Reader.EventProperty System.Diagnostics.Eventing.Reader.EventProperty System.Diagnostics.Eventing.Reader.EventProperty System.Diagnostics.Eventing.Reader.EventProperty System.Diagnostics.Eventing.Reader.EventProperty System.Diagnostics.Eventing.Reader.EventProperty System.Diagnostics.Eventing.Reader.EventProperty System.Diagnostics.Eventing.Reader.EventProperty","home-win7-1","8f3f4f87-5aec-4072-bbd6-db6585200215","True"
"A new process has been created.

Subject:
	Security ID:		S-1-5-18
	Account Name:		HOME-WIN7-1$
	Account Domain:		HOME
	Logon ID:		0x3e7

Process Information:
	New Process ID:		0xbc4
	New Process Name:	C:\Windows\System32\mobsync.exe
	Token Elevation Type:	TokenElevationTypeDefault (1)
	Creator Process ID:	0x260

Token Elevation Type indicates the type of token that was assigned to the new process in accordance with User Account Control policy.

Type 1 is a full token with no privileges removed or groups disabled.  A full token is only used if User Account Control is disabled or if the user is the built-in Administrator account or a service account.

Type 2 is an elevated token with no privileges removed or groups disabled.  An elevated token is used when User Account Control is enabled and the user chooses to start the program using Run as administrator.  An elevated token is also used when an application is configured to always require administrative privilege or to always require maximum privilege, and the user is a member of the Administrators group.

Type 3 is a limited token with administrative privileges removed and administrative groups disabled.  The limited token is used when User Account Control is enabled, the application does not require administrative privilege, and the user does not choose to start the program using Run as administrator.","S-1-5-18","HOME-WIN7-1$","HOME","0x3e7","0xbc4","C:\Windows\System32\mobsync.exe","%%1936","0x260","4688","0",,"0","13312","0","-9214364837600034816","19980","Microsoft-Windows-Security-Auditing","54849625-5478-4994-a5ba-3e3b0328c30d","Security","52","home-win7-1.home.local",,"11/28/2016 10:28:29 PM",,,"security","","System.Diagnostics.Eventing.Reader.EventBookmark","Information","Info","Process Creation","Audit Success","System.Diagnostics.Eventing.Reader.EventProperty System.Diagnostics.Eventing.Reader.EventProperty System.Diagnostics.Eventing.Reader.EventProperty System.Diagnostics.Eventing.Reader.EventProperty System.Diagnostics.Eventing.Reader.EventProperty System.Diagnostics.Eventing.Reader.EventProperty System.Diagnostics.Eventing.Reader.EventProperty System.Diagnostics.Eventing.Reader.EventProperty","home-win7-1","8f3f4f87-5aec-4072-bbd6-db6585200215","True"
