"An account was successfully logged on.

Subject:
	Security ID:		S-1-0-0
	Account Name:		-
	Account Domain:		-
	Logon ID:		0x0

Logon Type:			3

Impersonation Level:		Impersonation

New Logon:
	Security ID:		S-1-5-18
	Account Name:		HOME-DC1$
	Account Domain:		HOME
	Logon ID:		0xF4547B2
	Logon GUID:		{12A32994-4635-0429-C146-028E3A9C03D6}

Process Information:
	Process ID:		0x0
	Process Name:		-

Network Information:
	Workstation Name:	
	Source Network Address:	::1
	Source Port:		52557

Detailed Authentication Information:
	Logon Process:		Kerberos
	Authentication Package:	Kerberos
	Transited Services:	-
	Package Name (NTLM only):	-
	Key Length:		0

This event is generated when a logon session is created. It is generated on the computer that was accessed.

The subject fields indicate the account on the local system which requested the logon. This is most commonly a service such as the Server service, or a local process such as Winlogon.exe or Services.exe.

The logon type field indicates the kind of logon that occurred. The most common types are 2 (interactive) and 3 (network).

The New Logon fields indicate the account for whom the new logon was created, i.e. the account that was logged on.

The network fields indicate where a remote logon request originated. Workstation name is not always available and may be left blank in some cases.

The impersonation level field indicates the extent to which a process in the logon session can impersonate.

The authentication information fields provide detailed information about this specific logon request.
	- Logon GUID is a unique identifier that can be used to correlate this event with a KDC event.
	- Transited services indicate which intermediate services have participated in this logon request.
	- Package name indicates which sub-protocol was used among the NTLM protocols.
	- Key length indicates the length of the generated session key. This will be 0 if no session key was requested.","S-1-5-18","HOME-DC1$","HOME","0xf4547b2","3","4624","1",,"0","12544","0","-9214364837600034816","1052334","Microsoft-Windows-Security-Auditing","54849625-5478-4994-a5ba-3e3b0328c30d","Security","0x0","1788","home-dc1.home.local",,"11/28/2016 11:05:13 PM",,,"security","","System.Diagnostics.Eventing.Reader.EventBookmark","Information","Info","Logon","Audit Success","System.Diagnostics.Eventing.Reader.EventProperty System.Diagnostics.Eventing.Reader.EventProperty System.Diagnostics.Eventing.Reader.EventProperty System.Diagnostics.Eventing.Reader.EventProperty System.Diagnostics.Eventing.Reader.EventProperty System.Diagnostics.Eventing.Reader.EventProperty System.Diagnostics.Eventing.Reader.EventProperty System.Diagnostics.Eventing.Reader.EventProperty System.Diagnostics.Eventing.Reader.EventProperty System.Diagnostics.Eventing.Reader.EventProperty System.Diagnostics.Eventing.Reader.EventProperty System.Diagnostics.Eventing.Reader.EventProperty System.Diagnostics.Eventing.Reader.EventProperty System.Diagnostics.Eventing.Reader.EventProperty System.Diagnostics.Eventing.Reader.EventProperty System.Diagnostics.Eventing.Reader.EventProperty System.Diagnostics.Eventing.Reader.EventProperty System.Diagnostics.Eventing.Reader.EventProperty System.Diagnostics.Eventing.Reader.EventProperty System.Diagnostics.Eventing.Reader.EventProperty System.Diagnostics.Eventing.Reader.EventProperty","home-dc1","aee3f3ab-df13-4a6d-9a89-0a0b03c26c4d","True"
"An account was logged off.

Subject:
	Security ID:		S-1-5-18
	Account Name:		HOME-DC1$
	Account Domain:		HOME
	Logon ID:		0xF4546FA

Logon Type:			3

This event is generated when a logon session is destroyed. It may be positively correlated with a logon event using the Logon ID value. Logon IDs are only unique between reboots on the same computer.","S-1-5-18","HOME-DC1$","HOME","0xf4546fa","3","4634","0",,"0","12545","0","-9214364837600034816","1052332","Microsoft-Windows-Security-Auditing","54849625-5478-4994-a5ba-3e3b0328c30d","Security","468","4100","home-dc1.home.local",,"11/28/2016 11:05:10 PM",,,"security","","System.Diagnostics.Eventing.Reader.EventBookmark","Information","Info","Logoff","Audit Success","System.Diagnostics.Eventing.Reader.EventProperty System.Diagnostics.Eventing.Reader.EventProperty System.Diagnostics.Eventing.Reader.EventProperty System.Diagnostics.Eventing.Reader.EventProperty System.Diagnostics.Eventing.Reader.EventProperty","home-dc1","aee3f3ab-df13-4a6d-9a89-0a0b03c26c4d","True"
"An account was successfully logged on.

Subject:
	Security ID:		S-1-0-0
	Account Name:		-
	Account Domain:		-
	Logon ID:		0x0

Logon Type:			3

Impersonation Level:		Impersonation

New Logon:
	Security ID:		S-1-5-18
	Account Name:		HOME-DC1$
	Account Domain:		HOME
	Logon ID:		0xF4546FA
	Logon GUID:		{12A32994-4635-0429-C146-028E3A9C03D6}

Process Information:
	Process ID:		0x0
	Process Name:		-

Network Information:
	Workstation Name:	
	Source Network Address:	::1
	Source Port:		52556

Detailed Authentication Information:
	Logon Process:		Kerberos
	Authentication Package:	Kerberos
	Transited Services:	-
	Package Name (NTLM only):	-
	Key Length:		0

This event is generated when a logon session is created. It is generated on the computer that was accessed.

The subject fields indicate the account on the local system which requested the logon. This is most commonly a service such as the Server service, or a local process such as Winlogon.exe or Services.exe.

The logon type field indicates the kind of logon that occurred. The most common types are 2 (interactive) and 3 (network).

The New Logon fields indicate the account for whom the new logon was created, i.e. the account that was logged on.

The network fields indicate where a remote logon request originated. Workstation name is not always available and may be left blank in some cases.

The impersonation level field indicates the extent to which a process in the logon session can impersonate.

The authentication information fields provide detailed information about this specific logon request.
	- Logon GUID is a unique identifier that can be used to correlate this event with a KDC event.
	- Transited services indicate which intermediate services have participated in this logon request.
	- Package name indicates which sub-protocol was used among the NTLM protocols.
	- Key length indicates the length of the generated session key. This will be 0 if no session key was requested.","S-1-5-18","HOME-DC1$","HOME","0xf4546fa","3","4624","1",,"0","12544","0","-9214364837600034816","1052331","Microsoft-Windows-Security-Auditing","54849625-5478-4994-a5ba-3e3b0328c30d","Security","0x0","1788","home-dc1.home.local",,"11/28/2016 11:05:10 PM",,,"security","","System.Diagnostics.Eventing.Reader.EventBookmark","Information","Info","Logon","Audit Success","System.Diagnostics.Eventing.Reader.EventProperty System.Diagnostics.Eventing.Reader.EventProperty System.Diagnostics.Eventing.Reader.EventProperty System.Diagnostics.Eventing.Reader.EventProperty System.Diagnostics.Eventing.Reader.EventProperty System.Diagnostics.Eventing.Reader.EventProperty System.Diagnostics.Eventing.Reader.EventProperty System.Diagnostics.Eventing.Reader.EventProperty System.Diagnostics.Eventing.Reader.EventProperty System.Diagnostics.Eventing.Reader.EventProperty System.Diagnostics.Eventing.Reader.EventProperty System.Diagnostics.Eventing.Reader.EventProperty System.Diagnostics.Eventing.Reader.EventProperty System.Diagnostics.Eventing.Reader.EventProperty System.Diagnostics.Eventing.Reader.EventProperty System.Diagnostics.Eventing.Reader.EventProperty System.Diagnostics.Eventing.Reader.EventProperty System.Diagnostics.Eventing.Reader.EventProperty System.Diagnostics.Eventing.Reader.EventProperty System.Diagnostics.Eventing.Reader.EventProperty System.Diagnostics.Eventing.Reader.EventProperty","home-dc1","aee3f3ab-df13-4a6d-9a89-0a0b03c26c4d","True"
"An account was logged off.

Subject:
	Security ID:		S-1-5-18
	Account Name:		HOME-DC1$
	Account Domain:		HOME
	Logon ID:		0xF454694

Logon Type:			3

This event is generated when a logon session is destroyed. It may be positively correlated with a logon event using the Logon ID value. Logon IDs are only unique between reboots on the same computer.","S-1-5-18","HOME-DC1$","HOME","0xf454694","3","4634","0",,"0","12545","0","-9214364837600034816","1052329","Microsoft-Windows-Security-Auditing","54849625-5478-4994-a5ba-3e3b0328c30d","Security","468","4100","home-dc1.home.local",,"11/28/2016 11:05:10 PM",,,"security","","System.Diagnostics.Eventing.Reader.EventBookmark","Information","Info","Logoff","Audit Success","System.Diagnostics.Eventing.Reader.EventProperty System.Diagnostics.Eventing.Reader.EventProperty System.Diagnostics.Eventing.Reader.EventProperty System.Diagnostics.Eventing.Reader.EventProperty System.Diagnostics.Eventing.Reader.EventProperty","home-dc1","aee3f3ab-df13-4a6d-9a89-0a0b03c26c4d","True"
"An account was successfully logged on.

Subject:
	Security ID:		S-1-0-0
	Account Name:		-
	Account Domain:		-
	Logon ID:		0x0

Logon Type:			3

Impersonation Level:		Impersonation

New Logon:
	Security ID:		S-1-5-18
	Account Name:		HOME-DC1$
	Account Domain:		HOME
	Logon ID:		0xF454694
	Logon GUID:		{12A32994-4635-0429-C146-028E3A9C03D6}

Process Information:
	Process ID:		0x0
	Process Name:		-

Network Information:
	Workstation Name:	
	Source Network Address:	::1
	Source Port:		52555

Detailed Authentication Information:
	Logon Process:		Kerberos
	Authentication Package:	Kerberos
	Transited Services:	-
	Package Name (NTLM only):	-
	Key Length:		0

This event is generated when a logon session is created. It is generated on the computer that was accessed.

The subject fields indicate the account on the local system which requested the logon. This is most commonly a service such as the Server service, or a local process such as Winlogon.exe or Services.exe.

The logon type field indicates the kind of logon that occurred. The most common types are 2 (interactive) and 3 (network).

The New Logon fields indicate the account for whom the new logon was created, i.e. the account that was logged on.

The network fields indicate where a remote logon request originated. Workstation name is not always available and may be left blank in some cases.

The impersonation level field indicates the extent to which a process in the logon session can impersonate.

The authentication information fields provide detailed information about this specific logon request.
	- Logon GUID is a unique identifier that can be used to correlate this event with a KDC event.
	- Transited services indicate which intermediate services have participated in this logon request.
	- Package name indicates which sub-protocol was used among the NTLM protocols.
	- Key length indicates the length of the generated session key. This will be 0 if no session key was requested.","S-1-5-18","HOME-DC1$","HOME","0xf454694","3","4624","1",,"0","12544","0","-9214364837600034816","1052328","Microsoft-Windows-Security-Auditing","54849625-5478-4994-a5ba-3e3b0328c30d","Security","0x0","2544","home-dc1.home.local",,"11/28/2016 11:05:10 PM",,,"security","","System.Diagnostics.Eventing.Reader.EventBookmark","Information","Info","Logon","Audit Success","System.Diagnostics.Eventing.Reader.EventProperty System.Diagnostics.Eventing.Reader.EventProperty System.Diagnostics.Eventing.Reader.EventProperty System.Diagnostics.Eventing.Reader.EventProperty System.Diagnostics.Eventing.Reader.EventProperty System.Diagnostics.Eventing.Reader.EventProperty System.Diagnostics.Eventing.Reader.EventProperty System.Diagnostics.Eventing.Reader.EventProperty System.Diagnostics.Eventing.Reader.EventProperty System.Diagnostics.Eventing.Reader.EventProperty System.Diagnostics.Eventing.Reader.EventProperty System.Diagnostics.Eventing.Reader.EventProperty System.Diagnostics.Eventing.Reader.EventProperty System.Diagnostics.Eventing.Reader.EventProperty System.Diagnostics.Eventing.Reader.EventProperty System.Diagnostics.Eventing.Reader.EventProperty System.Diagnostics.Eventing.Reader.EventProperty System.Diagnostics.Eventing.Reader.EventProperty System.Diagnostics.Eventing.Reader.EventProperty System.Diagnostics.Eventing.Reader.EventProperty System.Diagnostics.Eventing.Reader.EventProperty","home-dc1","aee3f3ab-df13-4a6d-9a89-0a0b03c26c4d","True"
"An account was logged off.

Subject:
	Security ID:		S-1-5-21-1465889373-2168228904-3323032715-500
	Account Name:		DoD_Admin
	Account Domain:		HOME
	Logon ID:		0xF4533BD

Logon Type:			3

This event is generated when a logon session is destroyed. It may be positively correlated with a logon event using the Logon ID value. Logon IDs are only unique between reboots on the same computer.","S-1-5-21-1465889373-2168228904-3323032715-500","DoD_Admin","HOME","0xf4533bd","3","4634","0",,"0","12545","0","-9214364837600034816","1052326","Microsoft-Windows-Security-Auditing","54849625-5478-4994-a5ba-3e3b0328c30d","Security","468","3036","home-dc1.home.local",,"11/28/2016 11:04:52 PM",,,"security","","System.Diagnostics.Eventing.Reader.EventBookmark","Information","Info","Logoff","Audit Success","System.Diagnostics.Eventing.Reader.EventProperty System.Diagnostics.Eventing.Reader.EventProperty System.Diagnostics.Eventing.Reader.EventProperty System.Diagnostics.Eventing.Reader.EventProperty System.Diagnostics.Eventing.Reader.EventProperty","home-dc1","aee3f3ab-df13-4a6d-9a89-0a0b03c26c4d","True"
"An account was logged off.

Subject:
	Security ID:		S-1-5-21-1465889373-2168228904-3323032715-500
	Account Name:		DoD_Admin
	Account Domain:		HOME
	Logon ID:		0xF4540C8

Logon Type:			3

This event is generated when a logon session is destroyed. It may be positively correlated with a logon event using the Logon ID value. Logon IDs are only unique between reboots on the same computer.","S-1-5-21-1465889373-2168228904-3323032715-500","DoD_Admin","HOME","0xf4540c8","3","4634","0",,"0","12545","0","-9214364837600034816","1052325","Microsoft-Windows-Security-Auditing","54849625-5478-4994-a5ba-3e3b0328c30d","Security","468","3036","home-dc1.home.local",,"11/28/2016 11:04:52 PM",,,"security","","System.Diagnostics.Eventing.Reader.EventBookmark","Information","Info","Logoff","Audit Success","System.Diagnostics.Eventing.Reader.EventProperty System.Diagnostics.Eventing.Reader.EventProperty System.Diagnostics.Eventing.Reader.EventProperty System.Diagnostics.Eventing.Reader.EventProperty System.Diagnostics.Eventing.Reader.EventProperty","home-dc1","aee3f3ab-df13-4a6d-9a89-0a0b03c26c4d","True"
"An account was logged off.

Subject:
	Security ID:		S-1-5-21-1465889373-2168228904-3323032715-500
	Account Name:		DoD_Admin
	Account Domain:		HOME
	Logon ID:		0xF453EC2

Logon Type:			3

This event is generated when a logon session is destroyed. It may be positively correlated with a logon event using the Logon ID value. Logon IDs are only unique between reboots on the same computer.","S-1-5-21-1465889373-2168228904-3323032715-500","DoD_Admin","HOME","0xf453ec2","3","4634","0",,"0","12545","0","-9214364837600034816","1052324","Microsoft-Windows-Security-Auditing","54849625-5478-4994-a5ba-3e3b0328c30d","Security","468","3036","home-dc1.home.local",,"11/28/2016 11:04:52 PM",,,"security","","System.Diagnostics.Eventing.Reader.EventBookmark","Information","Info","Logoff","Audit Success","System.Diagnostics.Eventing.Reader.EventProperty System.Diagnostics.Eventing.Reader.EventProperty System.Diagnostics.Eventing.Reader.EventProperty System.Diagnostics.Eventing.Reader.EventProperty System.Diagnostics.Eventing.Reader.EventProperty","home-dc1","aee3f3ab-df13-4a6d-9a89-0a0b03c26c4d","True"
"An account was successfully logged on.

Subject:
	Security ID:		S-1-0-0
	Account Name:		-
	Account Domain:		-
	Logon ID:		0x0

Logon Type:			3

Impersonation Level:		Delegation

New Logon:
	Security ID:		S-1-5-21-1465889373-2168228904-3323032715-500
	Account Name:		DoD_Admin
	Account Domain:		HOME
	Logon ID:		0xF4540C8
	Logon GUID:		{CC2E1D88-9298-0D67-8E41-8B3FF1FDF4EF}

Process Information:
	Process ID:		0x0
	Process Name:		-

Network Information:
	Workstation Name:	
	Source Network Address:	-
	Source Port:		-

Detailed Authentication Information:
	Logon Process:		Kerberos
	Authentication Package:	Kerberos
	Transited Services:	-
	Package Name (NTLM only):	-
	Key Length:		0

This event is generated when a logon session is created. It is generated on the computer that was accessed.

The subject fields indicate the account on the local system which requested the logon. This is most commonly a service such as the Server service, or a local process such as Winlogon.exe or Services.exe.

The logon type field indicates the kind of logon that occurred. The most common types are 2 (interactive) and 3 (network).

The New Logon fields indicate the account for whom the new logon was created, i.e. the account that was logged on.

The network fields indicate where a remote logon request originated. Workstation name is not always available and may be left blank in some cases.

The impersonation level field indicates the extent to which a process in the logon session can impersonate.

The authentication information fields provide detailed information about this specific logon request.
	- Logon GUID is a unique identifier that can be used to correlate this event with a KDC event.
	- Transited services indicate which intermediate services have participated in this logon request.
	- Package name indicates which sub-protocol was used among the NTLM protocols.
	- Key length indicates the length of the generated session key. This will be 0 if no session key was requested.","S-1-5-21-1465889373-2168228904-3323032715-500","DoD_Admin","HOME","0xf4540c8","3","4624","1",,"0","12544","0","-9214364837600034816","1052323","Microsoft-Windows-Security-Auditing","54849625-5478-4994-a5ba-3e3b0328c30d","Security","0x0","3036","home-dc1.home.local",,"11/28/2016 11:04:52 PM",,,"security","","System.Diagnostics.Eventing.Reader.EventBookmark","Information","Info","Logon","Audit Success","System.Diagnostics.Eventing.Reader.EventProperty System.Diagnostics.Eventing.Reader.EventProperty System.Diagnostics.Eventing.Reader.EventProperty System.Diagnostics.Eventing.Reader.EventProperty System.Diagnostics.Eventing.Reader.EventProperty System.Diagnostics.Eventing.Reader.EventProperty System.Diagnostics.Eventing.Reader.EventProperty System.Diagnostics.Eventing.Reader.EventProperty System.Diagnostics.Eventing.Reader.EventProperty System.Diagnostics.Eventing.Reader.EventProperty System.Diagnostics.Eventing.Reader.EventProperty System.Diagnostics.Eventing.Reader.EventProperty System.Diagnostics.Eventing.Reader.EventProperty System.Diagnostics.Eventing.Reader.EventProperty System.Diagnostics.Eventing.Reader.EventProperty System.Diagnostics.Eventing.Reader.EventProperty System.Diagnostics.Eventing.Reader.EventProperty System.Diagnostics.Eventing.Reader.EventProperty System.Diagnostics.Eventing.Reader.EventProperty System.Diagnostics.Eventing.Reader.EventProperty System.Diagnostics.Eventing.Reader.EventProperty","home-dc1","aee3f3ab-df13-4a6d-9a89-0a0b03c26c4d","True"
"An account was successfully logged on.

Subject:
	Security ID:		S-1-0-0
	Account Name:		-
	Account Domain:		-
	Logon ID:		0x0

Logon Type:			3

Impersonation Level:		Delegation

New Logon:
	Security ID:		S-1-5-21-1465889373-2168228904-3323032715-500
	Account Name:		DoD_Admin
	Account Domain:		HOME
	Logon ID:		0xF453EC2
	Logon GUID:		{CC2E1D88-9298-0D67-8E41-8B3FF1FDF4EF}

Process Information:
	Process ID:		0x0
	Process Name:		-

Network Information:
	Workstation Name:	
	Source Network Address:	-
	Source Port:		-

Detailed Authentication Information:
	Logon Process:		Kerberos
	Authentication Package:	Kerberos
	Transited Services:	-
	Package Name (NTLM only):	-
	Key Length:		0

This event is generated when a logon session is created. It is generated on the computer that was accessed.

The subject fields indicate the account on the local system which requested the logon. This is most commonly a service such as the Server service, or a local process such as Winlogon.exe or Services.exe.

The logon type field indicates the kind of logon that occurred. The most common types are 2 (interactive) and 3 (network).

The New Logon fields indicate the account for whom the new logon was created, i.e. the account that was logged on.

The network fields indicate where a remote logon request originated. Workstation name is not always available and may be left blank in some cases.

The impersonation level field indicates the extent to which a process in the logon session can impersonate.

The authentication information fields provide detailed information about this specific logon request.
	- Logon GUID is a unique identifier that can be used to correlate this event with a KDC event.
	- Transited services indicate which intermediate services have participated in this logon request.
	- Package name indicates which sub-protocol was used among the NTLM protocols.
	- Key length indicates the length of the generated session key. This will be 0 if no session key was requested.","S-1-5-21-1465889373-2168228904-3323032715-500","DoD_Admin","HOME","0xf453ec2","3","4624","1",,"0","12544","0","-9214364837600034816","1052321","Microsoft-Windows-Security-Auditing","54849625-5478-4994-a5ba-3e3b0328c30d","Security","0x0","4100","home-dc1.home.local",,"11/28/2016 11:04:50 PM",,,"security","","System.Diagnostics.Eventing.Reader.EventBookmark","Information","Info","Logon","Audit Success","System.Diagnostics.Eventing.Reader.EventProperty System.Diagnostics.Eventing.Reader.EventProperty System.Diagnostics.Eventing.Reader.EventProperty System.Diagnostics.Eventing.Reader.EventProperty System.Diagnostics.Eventing.Reader.EventProperty System.Diagnostics.Eventing.Reader.EventProperty System.Diagnostics.Eventing.Reader.EventProperty System.Diagnostics.Eventing.Reader.EventProperty System.Diagnostics.Eventing.Reader.EventProperty System.Diagnostics.Eventing.Reader.EventProperty System.Diagnostics.Eventing.Reader.EventProperty System.Diagnostics.Eventing.Reader.EventProperty System.Diagnostics.Eventing.Reader.EventProperty System.Diagnostics.Eventing.Reader.EventProperty System.Diagnostics.Eventing.Reader.EventProperty System.Diagnostics.Eventing.Reader.EventProperty System.Diagnostics.Eventing.Reader.EventProperty System.Diagnostics.Eventing.Reader.EventProperty System.Diagnostics.Eventing.Reader.EventProperty System.Diagnostics.Eventing.Reader.EventProperty System.Diagnostics.Eventing.Reader.EventProperty","home-dc1","aee3f3ab-df13-4a6d-9a89-0a0b03c26c4d","True"
"An account was successfully logged on.

Subject:
	Security ID:		S-1-0-0
	Account Name:		-
	Account Domain:		-
	Logon ID:		0x0

Logon Type:			3

Impersonation Level:		Delegation

New Logon:
	Security ID:		S-1-5-21-1465889373-2168228904-3323032715-500
	Account Name:		DoD_Admin
	Account Domain:		HOME
	Logon ID:		0xF4533BD
	Logon GUID:		{CC2E1D88-9298-0D67-8E41-8B3FF1FDF4EF}

Process Information:
	Process ID:		0x0
	Process Name:		-

Network Information:
	Workstation Name:	
	Source Network Address:	-
	Source Port:		-

Detailed Authentication Information:
	Logon Process:		Kerberos
	Authentication Package:	Kerberos
	Transited Services:	-
	Package Name (NTLM only):	-
	Key Length:		0

This event is generated when a logon session is created. It is generated on the computer that was accessed.

The subject fields indicate the account on the local system which requested the logon. This is most commonly a service such as the Server service, or a local process such as Winlogon.exe or Services.exe.

The logon type field indicates the kind of logon that occurred. The most common types are 2 (interactive) and 3 (network).

The New Logon fields indicate the account for whom the new logon was created, i.e. the account that was logged on.

The network fields indicate where a remote logon request originated. Workstation name is not always available and may be left blank in some cases.

The impersonation level field indicates the extent to which a process in the logon session can impersonate.

The authentication information fields provide detailed information about this specific logon request.
	- Logon GUID is a unique identifier that can be used to correlate this event with a KDC event.
	- Transited services indicate which intermediate services have participated in this logon request.
	- Package name indicates which sub-protocol was used among the NTLM protocols.
	- Key length indicates the length of the generated session key. This will be 0 if no session key was requested.","S-1-5-21-1465889373-2168228904-3323032715-500","DoD_Admin","HOME","0xf4533bd","3","4624","1",,"0","12544","0","-9214364837600034816","1052314","Microsoft-Windows-Security-Auditing","54849625-5478-4994-a5ba-3e3b0328c30d","Security","0x0","4100","home-dc1.home.local",,"11/28/2016 11:04:50 PM",,,"security","","System.Diagnostics.Eventing.Reader.EventBookmark","Information","Info","Logon","Audit Success","System.Diagnostics.Eventing.Reader.EventProperty System.Diagnostics.Eventing.Reader.EventProperty System.Diagnostics.Eventing.Reader.EventProperty System.Diagnostics.Eventing.Reader.EventProperty System.Diagnostics.Eventing.Reader.EventProperty System.Diagnostics.Eventing.Reader.EventProperty System.Diagnostics.Eventing.Reader.EventProperty System.Diagnostics.Eventing.Reader.EventProperty System.Diagnostics.Eventing.Reader.EventProperty System.Diagnostics.Eventing.Reader.EventProperty System.Diagnostics.Eventing.Reader.EventProperty System.Diagnostics.Eventing.Reader.EventProperty System.Diagnostics.Eventing.Reader.EventProperty System.Diagnostics.Eventing.Reader.EventProperty System.Diagnostics.Eventing.Reader.EventProperty System.Diagnostics.Eventing.Reader.EventProperty System.Diagnostics.Eventing.Reader.EventProperty System.Diagnostics.Eventing.Reader.EventProperty System.Diagnostics.Eventing.Reader.EventProperty System.Diagnostics.Eventing.Reader.EventProperty System.Diagnostics.Eventing.Reader.EventProperty","home-dc1","aee3f3ab-df13-4a6d-9a89-0a0b03c26c4d","True"
"An account was logged off.

Subject:
	Security ID:		S-1-5-18
	Account Name:		HOME-DC1$
	Account Domain:		HOME
	Logon ID:		0xF450610

Logon Type:			3

This event is generated when a logon session is destroyed. It may be positively correlated with a logon event using the Logon ID value. Logon IDs are only unique between reboots on the same computer.","S-1-5-18","HOME-DC1$","HOME","0xf450610","3","4634","0",,"0","12545","0","-9214364837600034816","1052311","Microsoft-Windows-Security-Auditing","54849625-5478-4994-a5ba-3e3b0328c30d","Security","468","4100","home-dc1.home.local",,"11/28/2016 11:04:32 PM",,,"security","","System.Diagnostics.Eventing.Reader.EventBookmark","Information","Info","Logoff","Audit Success","System.Diagnostics.Eventing.Reader.EventProperty System.Diagnostics.Eventing.Reader.EventProperty System.Diagnostics.Eventing.Reader.EventProperty System.Diagnostics.Eventing.Reader.EventProperty System.Diagnostics.Eventing.Reader.EventProperty","home-dc1","aee3f3ab-df13-4a6d-9a89-0a0b03c26c4d","True"
"An account was logged off.

Subject:
	Security ID:		S-1-5-18
	Account Name:		HOME-DC1$
	Account Domain:		HOME
	Logon ID:		0xF4504AF

Logon Type:			3

This event is generated when a logon session is destroyed. It may be positively correlated with a logon event using the Logon ID value. Logon IDs are only unique between reboots on the same computer.","S-1-5-18","HOME-DC1$","HOME","0xf4504af","3","4634","0",,"0","12545","0","-9214364837600034816","1052310","Microsoft-Windows-Security-Auditing","54849625-5478-4994-a5ba-3e3b0328c30d","Security","468","3036","home-dc1.home.local",,"11/28/2016 11:04:21 PM",,,"security","","System.Diagnostics.Eventing.Reader.EventBookmark","Information","Info","Logoff","Audit Success","System.Diagnostics.Eventing.Reader.EventProperty System.Diagnostics.Eventing.Reader.EventProperty System.Diagnostics.Eventing.Reader.EventProperty System.Diagnostics.Eventing.Reader.EventProperty System.Diagnostics.Eventing.Reader.EventProperty","home-dc1","aee3f3ab-df13-4a6d-9a89-0a0b03c26c4d","True"
"An account was logged off.

Subject:
	Security ID:		S-1-5-18
	Account Name:		HOME-DC1$
	Account Domain:		HOME
	Logon ID:		0xF45056E

Logon Type:			3

This event is generated when a logon session is destroyed. It may be positively correlated with a logon event using the Logon ID value. Logon IDs are only unique between reboots on the same computer.","S-1-5-18","HOME-DC1$","HOME","0xf45056e","3","4634","0",,"0","12545","0","-9214364837600034816","1052309","Microsoft-Windows-Security-Auditing","54849625-5478-4994-a5ba-3e3b0328c30d","Security","468","4100","home-dc1.home.local",,"11/28/2016 11:04:21 PM",,,"security","","System.Diagnostics.Eventing.Reader.EventBookmark","Information","Info","Logoff","Audit Success","System.Diagnostics.Eventing.Reader.EventProperty System.Diagnostics.Eventing.Reader.EventProperty System.Diagnostics.Eventing.Reader.EventProperty System.Diagnostics.Eventing.Reader.EventProperty System.Diagnostics.Eventing.Reader.EventProperty","home-dc1","aee3f3ab-df13-4a6d-9a89-0a0b03c26c4d","True"
"An account was logged off.

Subject:
	Security ID:		S-1-5-18
	Account Name:		HOME-DC1$
	Account Domain:		HOME
	Logon ID:		0xF4505B0

Logon Type:			3

This event is generated when a logon session is destroyed. It may be positively correlated with a logon event using the Logon ID value. Logon IDs are only unique between reboots on the same computer.","S-1-5-18","HOME-DC1$","HOME","0xf4505b0","3","4634","0",,"0","12545","0","-9214364837600034816","1052308","Microsoft-Windows-Security-Auditing","54849625-5478-4994-a5ba-3e3b0328c30d","Security","468","3036","home-dc1.home.local",,"11/28/2016 11:04:21 PM",,,"security","","System.Diagnostics.Eventing.Reader.EventBookmark","Information","Info","Logoff","Audit Success","System.Diagnostics.Eventing.Reader.EventProperty System.Diagnostics.Eventing.Reader.EventProperty System.Diagnostics.Eventing.Reader.EventProperty System.Diagnostics.Eventing.Reader.EventProperty System.Diagnostics.Eventing.Reader.EventProperty","home-dc1","aee3f3ab-df13-4a6d-9a89-0a0b03c26c4d","True"
"An account was successfully logged on.

Subject:
	Security ID:		S-1-0-0
	Account Name:		-
	Account Domain:		-
	Logon ID:		0x0

Logon Type:			3

Impersonation Level:		Delegation

New Logon:
	Security ID:		S-1-5-18
	Account Name:		HOME-DC1$
	Account Domain:		HOME
	Logon ID:		0xF450610
	Logon GUID:		{B1C343D4-E491-1625-3487-4994E85B4DE4}

Process Information:
	Process ID:		0x0
	Process Name:		-

Network Information:
	Workstation Name:	
	Source Network Address:	::1
	Source Port:		52550

Detailed Authentication Information:
	Logon Process:		Kerberos
	Authentication Package:	Kerberos
	Transited Services:	-
	Package Name (NTLM only):	-
	Key Length:		0

This event is generated when a logon session is created. It is generated on the computer that was accessed.

The subject fields indicate the account on the local system which requested the logon. This is most commonly a service such as the Server service, or a local process such as Winlogon.exe or Services.exe.

The logon type field indicates the kind of logon that occurred. The most common types are 2 (interactive) and 3 (network).

The New Logon fields indicate the account for whom the new logon was created, i.e. the account that was logged on.

The network fields indicate where a remote logon request originated. Workstation name is not always available and may be left blank in some cases.

The impersonation level field indicates the extent to which a process in the logon session can impersonate.

The authentication information fields provide detailed information about this specific logon request.
	- Logon GUID is a unique identifier that can be used to correlate this event with a KDC event.
	- Transited services indicate which intermediate services have participated in this logon request.
	- Package name indicates which sub-protocol was used among the NTLM protocols.
	- Key length indicates the length of the generated session key. This will be 0 if no session key was requested.","S-1-5-18","HOME-DC1$","HOME","0xf450610","3","4624","1",,"0","12544","0","-9214364837600034816","1052307","Microsoft-Windows-Security-Auditing","54849625-5478-4994-a5ba-3e3b0328c30d","Security","0x0","3036","home-dc1.home.local",,"11/28/2016 11:04:21 PM",,,"security","","System.Diagnostics.Eventing.Reader.EventBookmark","Information","Info","Logon","Audit Success","System.Diagnostics.Eventing.Reader.EventProperty System.Diagnostics.Eventing.Reader.EventProperty System.Diagnostics.Eventing.Reader.EventProperty System.Diagnostics.Eventing.Reader.EventProperty System.Diagnostics.Eventing.Reader.EventProperty System.Diagnostics.Eventing.Reader.EventProperty System.Diagnostics.Eventing.Reader.EventProperty System.Diagnostics.Eventing.Reader.EventProperty System.Diagnostics.Eventing.Reader.EventProperty System.Diagnostics.Eventing.Reader.EventProperty System.Diagnostics.Eventing.Reader.EventProperty System.Diagnostics.Eventing.Reader.EventProperty System.Diagnostics.Eventing.Reader.EventProperty System.Diagnostics.Eventing.Reader.EventProperty System.Diagnostics.Eventing.Reader.EventProperty System.Diagnostics.Eventing.Reader.EventProperty System.Diagnostics.Eventing.Reader.EventProperty System.Diagnostics.Eventing.Reader.EventProperty System.Diagnostics.Eventing.Reader.EventProperty System.Diagnostics.Eventing.Reader.EventProperty System.Diagnostics.Eventing.Reader.EventProperty","home-dc1","aee3f3ab-df13-4a6d-9a89-0a0b03c26c4d","True"
"An account was successfully logged on.

Subject:
	Security ID:		S-1-0-0
	Account Name:		-
	Account Domain:		-
	Logon ID:		0x0

Logon Type:			3

Impersonation Level:		Impersonation

New Logon:
	Security ID:		S-1-5-18
	Account Name:		HOME-DC1$
	Account Domain:		HOME
	Logon ID:		0xF4505B0
	Logon GUID:		{B1C343D4-E491-1625-3487-4994E85B4DE4}

Process Information:
	Process ID:		0x0
	Process Name:		-

Network Information:
	Workstation Name:	
	Source Network Address:	192.168.3.220
	Source Port:		52549

Detailed Authentication Information:
	Logon Process:		Kerberos
	Authentication Package:	Kerberos
	Transited Services:	-
	Package Name (NTLM only):	-
	Key Length:		0

This event is generated when a logon session is created. It is generated on the computer that was accessed.

The subject fields indicate the account on the local system which requested the logon. This is most commonly a service such as the Server service, or a local process such as Winlogon.exe or Services.exe.

The logon type field indicates the kind of logon that occurred. The most common types are 2 (interactive) and 3 (network).

The New Logon fields indicate the account for whom the new logon was created, i.e. the account that was logged on.

The network fields indicate where a remote logon request originated. Workstation name is not always available and may be left blank in some cases.

The impersonation level field indicates the extent to which a process in the logon session can impersonate.

The authentication information fields provide detailed information about this specific logon request.
	- Logon GUID is a unique identifier that can be used to correlate this event with a KDC event.
	- Transited services indicate which intermediate services have participated in this logon request.
	- Package name indicates which sub-protocol was used among the NTLM protocols.
	- Key length indicates the length of the generated session key. This will be 0 if no session key was requested.","S-1-5-18","HOME-DC1$","HOME","0xf4505b0","3","4624","1",,"0","12544","0","-9214364837600034816","1052305","Microsoft-Windows-Security-Auditing","54849625-5478-4994-a5ba-3e3b0328c30d","Security","0x0","2544","home-dc1.home.local",,"11/28/2016 11:04:21 PM",,,"security","","System.Diagnostics.Eventing.Reader.EventBookmark","Information","Info","Logon","Audit Success","System.Diagnostics.Eventing.Reader.EventProperty System.Diagnostics.Eventing.Reader.EventProperty System.Diagnostics.Eventing.Reader.EventProperty System.Diagnostics.Eventing.Reader.EventProperty System.Diagnostics.Eventing.Reader.EventProperty System.Diagnostics.Eventing.Reader.EventProperty System.Diagnostics.Eventing.Reader.EventProperty System.Diagnostics.Eventing.Reader.EventProperty System.Diagnostics.Eventing.Reader.EventProperty System.Diagnostics.Eventing.Reader.EventProperty System.Diagnostics.Eventing.Reader.EventProperty System.Diagnostics.Eventing.Reader.EventProperty System.Diagnostics.Eventing.Reader.EventProperty System.Diagnostics.Eventing.Reader.EventProperty System.Diagnostics.Eventing.Reader.EventProperty System.Diagnostics.Eventing.Reader.EventProperty System.Diagnostics.Eventing.Reader.EventProperty System.Diagnostics.Eventing.Reader.EventProperty System.Diagnostics.Eventing.Reader.EventProperty System.Diagnostics.Eventing.Reader.EventProperty System.Diagnostics.Eventing.Reader.EventProperty","home-dc1","aee3f3ab-df13-4a6d-9a89-0a0b03c26c4d","True"
"An account was successfully logged on.

Subject:
	Security ID:		S-1-0-0
	Account Name:		-
	Account Domain:		-
	Logon ID:		0x0

Logon Type:			3

Impersonation Level:		Impersonation

New Logon:
	Security ID:		S-1-5-18
	Account Name:		HOME-DC1$
	Account Domain:		HOME
	Logon ID:		0xF45056E
	Logon GUID:		{B1C343D4-E491-1625-3487-4994E85B4DE4}

Process Information:
	Process ID:		0x0
	Process Name:		-

Network Information:
	Workstation Name:	
	Source Network Address:	::1
	Source Port:		0

Detailed Authentication Information:
	Logon Process:		Kerberos
	Authentication Package:	Kerberos
	Transited Services:	-
	Package Name (NTLM only):	-
	Key Length:		0

This event is generated when a logon session is created. It is generated on the computer that was accessed.

The subject fields indicate the account on the local system which requested the logon. This is most commonly a service such as the Server service, or a local process such as Winlogon.exe or Services.exe.

The logon type field indicates the kind of logon that occurred. The most common types are 2 (interactive) and 3 (network).

The New Logon fields indicate the account for whom the new logon was created, i.e. the account that was logged on.

The network fields indicate where a remote logon request originated. Workstation name is not always available and may be left blank in some cases.

The impersonation level field indicates the extent to which a process in the logon session can impersonate.

The authentication information fields provide detailed information about this specific logon request.
	- Logon GUID is a unique identifier that can be used to correlate this event with a KDC event.
	- Transited services indicate which intermediate services have participated in this logon request.
	- Package name indicates which sub-protocol was used among the NTLM protocols.
	- Key length indicates the length of the generated session key. This will be 0 if no session key was requested.","S-1-5-18","HOME-DC1$","HOME","0xf45056e","3","4624","1",,"0","12544","0","-9214364837600034816","1052303","Microsoft-Windows-Security-Auditing","54849625-5478-4994-a5ba-3e3b0328c30d","Security","0x0","3036","home-dc1.home.local",,"11/28/2016 11:04:21 PM",,,"security","","System.Diagnostics.Eventing.Reader.EventBookmark","Information","Info","Logon","Audit Success","System.Diagnostics.Eventing.Reader.EventProperty System.Diagnostics.Eventing.Reader.EventProperty System.Diagnostics.Eventing.Reader.EventProperty System.Diagnostics.Eventing.Reader.EventProperty System.Diagnostics.Eventing.Reader.EventProperty System.Diagnostics.Eventing.Reader.EventProperty System.Diagnostics.Eventing.Reader.EventProperty System.Diagnostics.Eventing.Reader.EventProperty System.Diagnostics.Eventing.Reader.EventProperty System.Diagnostics.Eventing.Reader.EventProperty System.Diagnostics.Eventing.Reader.EventProperty System.Diagnostics.Eventing.Reader.EventProperty System.Diagnostics.Eventing.Reader.EventProperty System.Diagnostics.Eventing.Reader.EventProperty System.Diagnostics.Eventing.Reader.EventProperty System.Diagnostics.Eventing.Reader.EventProperty System.Diagnostics.Eventing.Reader.EventProperty System.Diagnostics.Eventing.Reader.EventProperty System.Diagnostics.Eventing.Reader.EventProperty System.Diagnostics.Eventing.Reader.EventProperty System.Diagnostics.Eventing.Reader.EventProperty","home-dc1","aee3f3ab-df13-4a6d-9a89-0a0b03c26c4d","True"
"An account was successfully logged on.

Subject:
	Security ID:		S-1-0-0
	Account Name:		-
	Account Domain:		-
	Logon ID:		0x0

Logon Type:			3

Impersonation Level:		Impersonation

New Logon:
	Security ID:		S-1-5-18
	Account Name:		HOME-DC1$
	Account Domain:		HOME
	Logon ID:		0xF4504AF
	Logon GUID:		{B1C343D4-E491-1625-3487-4994E85B4DE4}

Process Information:
	Process ID:		0x0
	Process Name:		-

Network Information:
	Workstation Name:	
	Source Network Address:	::1
	Source Port:		52548

Detailed Authentication Information:
	Logon Process:		Kerberos
	Authentication Package:	Kerberos
	Transited Services:	-
	Package Name (NTLM only):	-
	Key Length:		0

This event is generated when a logon session is created. It is generated on the computer that was accessed.

The subject fields indicate the account on the local system which requested the logon. This is most commonly a service such as the Server service, or a local process such as Winlogon.exe or Services.exe.

The logon type field indicates the kind of logon that occurred. The most common types are 2 (interactive) and 3 (network).

The New Logon fields indicate the account for whom the new logon was created, i.e. the account that was logged on.

The network fields indicate where a remote logon request originated. Workstation name is not always available and may be left blank in some cases.

The impersonation level field indicates the extent to which a process in the logon session can impersonate.

The authentication information fields provide detailed information about this specific logon request.
	- Logon GUID is a unique identifier that can be used to correlate this event with a KDC event.
	- Transited services indicate which intermediate services have participated in this logon request.
	- Package name indicates which sub-protocol was used among the NTLM protocols.
	- Key length indicates the length of the generated session key. This will be 0 if no session key was requested.","S-1-5-18","HOME-DC1$","HOME","0xf4504af","3","4624","1",,"0","12544","0","-9214364837600034816","1052301","Microsoft-Windows-Security-Auditing","54849625-5478-4994-a5ba-3e3b0328c30d","Security","0x0","2544","home-dc1.home.local",,"11/28/2016 11:04:21 PM",,,"security","","System.Diagnostics.Eventing.Reader.EventBookmark","Information","Info","Logon","Audit Success","System.Diagnostics.Eventing.Reader.EventProperty System.Diagnostics.Eventing.Reader.EventProperty System.Diagnostics.Eventing.Reader.EventProperty System.Diagnostics.Eventing.Reader.EventProperty System.Diagnostics.Eventing.Reader.EventProperty System.Diagnostics.Eventing.Reader.EventProperty System.Diagnostics.Eventing.Reader.EventProperty System.Diagnostics.Eventing.Reader.EventProperty System.Diagnostics.Eventing.Reader.EventProperty System.Diagnostics.Eventing.Reader.EventProperty System.Diagnostics.Eventing.Reader.EventProperty System.Diagnostics.Eventing.Reader.EventProperty System.Diagnostics.Eventing.Reader.EventProperty System.Diagnostics.Eventing.Reader.EventProperty System.Diagnostics.Eventing.Reader.EventProperty System.Diagnostics.Eventing.Reader.EventProperty System.Diagnostics.Eventing.Reader.EventProperty System.Diagnostics.Eventing.Reader.EventProperty System.Diagnostics.Eventing.Reader.EventProperty System.Diagnostics.Eventing.Reader.EventProperty System.Diagnostics.Eventing.Reader.EventProperty","home-dc1","aee3f3ab-df13-4a6d-9a89-0a0b03c26c4d","True"
"An account was logged off.

Subject:
	Security ID:		S-1-5-18
	Account Name:		HOME-DC1$
	Account Domain:		HOME
	Logon ID:		0xF450234

Logon Type:			3

This event is generated when a logon session is destroyed. It may be positively correlated with a logon event using the Logon ID value. Logon IDs are only unique between reboots on the same computer.","S-1-5-18","HOME-DC1$","HOME","0xf450234","3","4634","0",,"0","12545","0","-9214364837600034816","1052298","Microsoft-Windows-Security-Auditing","54849625-5478-4994-a5ba-3e3b0328c30d","Security","468","3036","home-dc1.home.local",,"11/28/2016 11:04:13 PM",,,"security","","System.Diagnostics.Eventing.Reader.EventBookmark","Information","Info","Logoff","Audit Success","System.Diagnostics.Eventing.Reader.EventProperty System.Diagnostics.Eventing.Reader.EventProperty System.Diagnostics.Eventing.Reader.EventProperty System.Diagnostics.Eventing.Reader.EventProperty System.Diagnostics.Eventing.Reader.EventProperty","home-dc1","aee3f3ab-df13-4a6d-9a89-0a0b03c26c4d","True"
"An account was successfully logged on.

Subject:
	Security ID:		S-1-0-0
	Account Name:		-
	Account Domain:		-
	Logon ID:		0x0

Logon Type:			3

Impersonation Level:		Impersonation

New Logon:
	Security ID:		S-1-5-18
	Account Name:		HOME-DC1$
	Account Domain:		HOME
	Logon ID:		0xF450234
	Logon GUID:		{12A32994-4635-0429-C146-028E3A9C03D6}

Process Information:
	Process ID:		0x0
	Process Name:		-

Network Information:
	Workstation Name:	
	Source Network Address:	::1
	Source Port:		52547

Detailed Authentication Information:
	Logon Process:		Kerberos
	Authentication Package:	Kerberos
	Transited Services:	-
	Package Name (NTLM only):	-
	Key Length:		0

This event is generated when a logon session is created. It is generated on the computer that was accessed.

The subject fields indicate the account on the local system which requested the logon. This is most commonly a service such as the Server service, or a local process such as Winlogon.exe or Services.exe.

The logon type field indicates the kind of logon that occurred. The most common types are 2 (interactive) and 3 (network).

The New Logon fields indicate the account for whom the new logon was created, i.e. the account that was logged on.

The network fields indicate where a remote logon request originated. Workstation name is not always available and may be left blank in some cases.

The impersonation level field indicates the extent to which a process in the logon session can impersonate.

The authentication information fields provide detailed information about this specific logon request.
	- Logon GUID is a unique identifier that can be used to correlate this event with a KDC event.
	- Transited services indicate which intermediate services have participated in this logon request.
	- Package name indicates which sub-protocol was used among the NTLM protocols.
	- Key length indicates the length of the generated session key. This will be 0 if no session key was requested.","S-1-5-18","HOME-DC1$","HOME","0xf450234","3","4624","1",,"0","12544","0","-9214364837600034816","1052297","Microsoft-Windows-Security-Auditing","54849625-5478-4994-a5ba-3e3b0328c30d","Security","0x0","2544","home-dc1.home.local",,"11/28/2016 11:04:13 PM",,,"security","","System.Diagnostics.Eventing.Reader.EventBookmark","Information","Info","Logon","Audit Success","System.Diagnostics.Eventing.Reader.EventProperty System.Diagnostics.Eventing.Reader.EventProperty System.Diagnostics.Eventing.Reader.EventProperty System.Diagnostics.Eventing.Reader.EventProperty System.Diagnostics.Eventing.Reader.EventProperty System.Diagnostics.Eventing.Reader.EventProperty System.Diagnostics.Eventing.Reader.EventProperty System.Diagnostics.Eventing.Reader.EventProperty System.Diagnostics.Eventing.Reader.EventProperty System.Diagnostics.Eventing.Reader.EventProperty System.Diagnostics.Eventing.Reader.EventProperty System.Diagnostics.Eventing.Reader.EventProperty System.Diagnostics.Eventing.Reader.EventProperty System.Diagnostics.Eventing.Reader.EventProperty System.Diagnostics.Eventing.Reader.EventProperty System.Diagnostics.Eventing.Reader.EventProperty System.Diagnostics.Eventing.Reader.EventProperty System.Diagnostics.Eventing.Reader.EventProperty System.Diagnostics.Eventing.Reader.EventProperty System.Diagnostics.Eventing.Reader.EventProperty System.Diagnostics.Eventing.Reader.EventProperty","home-dc1","aee3f3ab-df13-4a6d-9a89-0a0b03c26c4d","True"
