"An account was successfully logged on.

Subject:
	Security ID:		S-1-0-0
	Account Name:		-
	Account Domain:		-
	Logon ID:		0x0

Logon Type:			3

Impersonation Level:		Delegation

New Logon:
	Security ID:		S-1-5-21-1465889373-2168228904-3323032715-500
	Account Name:		DoD_Admin
	Account Domain:		HOME
	Logon ID:		0xF3EA97C
	Logon GUID:		{CC2E1D88-9298-0D67-8E41-8B3FF1FDF4EF}

Process Information:
	Process ID:		0x0
	Process Name:		-

Network Information:
	Workstation Name:	
	Source Network Address:	-
	Source Port:		-

Detailed Authentication Information:
	Logon Process:		Kerberos
	Authentication Package:	Kerberos
	Transited Services:	-
	Package Name (NTLM only):	-
	Key Length:		0

This event is generated when a logon session is created. It is generated on the computer that was accessed.

The subject fields indicate the account on the local system which requested the logon. This is most commonly a service such as the Server service, or a local process such as Winlogon.exe or Services.exe.

The logon type field indicates the kind of logon that occurred. The most common types are 2 (interactive) and 3 (network).

The New Logon fields indicate the account for whom the new logon was created, i.e. the account that was logged on.

The network fields indicate where a remote logon request originated. Workstation name is not always available and may be left blank in some cases.

The impersonation level field indicates the extent to which a process in the logon session can impersonate.

The authentication information fields provide detailed information about this specific logon request.
	- Logon GUID is a unique identifier that can be used to correlate this event with a KDC event.
	- Transited services indicate which intermediate services have participated in this logon request.
	- Package name indicates which sub-protocol was used among the NTLM protocols.
	- Key length indicates the length of the generated session key. This will be 0 if no session key was requested.","S-1-5-21-1465889373-2168228904-3323032715-500","DoD_Admin","HOME","0xf3ea97c","3","4624","1",,"0","12544","0","-9214364837600034816","1052163","Microsoft-Windows-Security-Auditing","54849625-5478-4994-a5ba-3e3b0328c30d","Security","0x0","2936","home-dc1.home.local",,"11/28/2016 10:57:17 PM",,,"security","","System.Diagnostics.Eventing.Reader.EventBookmark","Information","Info","Logon","Audit Success","System.Diagnostics.Eventing.Reader.EventProperty System.Diagnostics.Eventing.Reader.EventProperty System.Diagnostics.Eventing.Reader.EventProperty System.Diagnostics.Eventing.Reader.EventProperty System.Diagnostics.Eventing.Reader.EventProperty System.Diagnostics.Eventing.Reader.EventProperty System.Diagnostics.Eventing.Reader.EventProperty System.Diagnostics.Eventing.Reader.EventProperty System.Diagnostics.Eventing.Reader.EventProperty System.Diagnostics.Eventing.Reader.EventProperty System.Diagnostics.Eventing.Reader.EventProperty System.Diagnostics.Eventing.Reader.EventProperty System.Diagnostics.Eventing.Reader.EventProperty System.Diagnostics.Eventing.Reader.EventProperty System.Diagnostics.Eventing.Reader.EventProperty System.Diagnostics.Eventing.Reader.EventProperty System.Diagnostics.Eventing.Reader.EventProperty System.Diagnostics.Eventing.Reader.EventProperty System.Diagnostics.Eventing.Reader.EventProperty System.Diagnostics.Eventing.Reader.EventProperty System.Diagnostics.Eventing.Reader.EventProperty","home-dc1","aee3f3ab-df13-4a6d-9a89-0a0b03c26c4d","True"
"An account was logged off.

Subject:
	Security ID:		S-1-5-18
	Account Name:		HOME-DC1$
	Account Domain:		HOME
	Logon ID:		0xF3EA907

Logon Type:			3

This event is generated when a logon session is destroyed. It may be positively correlated with a logon event using the Logon ID value. Logon IDs are only unique between reboots on the same computer.","S-1-5-18","HOME-DC1$","HOME","0xf3ea907","3","4634","0",,"0","12545","0","-9214364837600034816","1052161","Microsoft-Windows-Security-Auditing","54849625-5478-4994-a5ba-3e3b0328c30d","Security","468","2936","home-dc1.home.local",,"11/28/2016 10:57:13 PM",,,"security","","System.Diagnostics.Eventing.Reader.EventBookmark","Information","Info","Logoff","Audit Success","System.Diagnostics.Eventing.Reader.EventProperty System.Diagnostics.Eventing.Reader.EventProperty System.Diagnostics.Eventing.Reader.EventProperty System.Diagnostics.Eventing.Reader.EventProperty System.Diagnostics.Eventing.Reader.EventProperty","home-dc1","aee3f3ab-df13-4a6d-9a89-0a0b03c26c4d","True"
"An account was successfully logged on.

Subject:
	Security ID:		S-1-0-0
	Account Name:		-
	Account Domain:		-
	Logon ID:		0x0

Logon Type:			3

Impersonation Level:		Impersonation

New Logon:
	Security ID:		S-1-5-18
	Account Name:		HOME-DC1$
	Account Domain:		HOME
	Logon ID:		0xF3EA907
	Logon GUID:		{12A32994-4635-0429-C146-028E3A9C03D6}

Process Information:
	Process ID:		0x0
	Process Name:		-

Network Information:
	Workstation Name:	
	Source Network Address:	::1
	Source Port:		52515

Detailed Authentication Information:
	Logon Process:		Kerberos
	Authentication Package:	Kerberos
	Transited Services:	-
	Package Name (NTLM only):	-
	Key Length:		0

This event is generated when a logon session is created. It is generated on the computer that was accessed.

The subject fields indicate the account on the local system which requested the logon. This is most commonly a service such as the Server service, or a local process such as Winlogon.exe or Services.exe.

The logon type field indicates the kind of logon that occurred. The most common types are 2 (interactive) and 3 (network).

The New Logon fields indicate the account for whom the new logon was created, i.e. the account that was logged on.

The network fields indicate where a remote logon request originated. Workstation name is not always available and may be left blank in some cases.

The impersonation level field indicates the extent to which a process in the logon session can impersonate.

The authentication information fields provide detailed information about this specific logon request.
	- Logon GUID is a unique identifier that can be used to correlate this event with a KDC event.
	- Transited services indicate which intermediate services have participated in this logon request.
	- Package name indicates which sub-protocol was used among the NTLM protocols.
	- Key length indicates the length of the generated session key. This will be 0 if no session key was requested.","S-1-5-18","HOME-DC1$","HOME","0xf3ea907","3","4624","1",,"0","12544","0","-9214364837600034816","1052160","Microsoft-Windows-Security-Auditing","54849625-5478-4994-a5ba-3e3b0328c30d","Security","0x0","2544","home-dc1.home.local",,"11/28/2016 10:57:13 PM",,,"security","","System.Diagnostics.Eventing.Reader.EventBookmark","Information","Info","Logon","Audit Success","System.Diagnostics.Eventing.Reader.EventProperty System.Diagnostics.Eventing.Reader.EventProperty System.Diagnostics.Eventing.Reader.EventProperty System.Diagnostics.Eventing.Reader.EventProperty System.Diagnostics.Eventing.Reader.EventProperty System.Diagnostics.Eventing.Reader.EventProperty System.Diagnostics.Eventing.Reader.EventProperty System.Diagnostics.Eventing.Reader.EventProperty System.Diagnostics.Eventing.Reader.EventProperty System.Diagnostics.Eventing.Reader.EventProperty System.Diagnostics.Eventing.Reader.EventProperty System.Diagnostics.Eventing.Reader.EventProperty System.Diagnostics.Eventing.Reader.EventProperty System.Diagnostics.Eventing.Reader.EventProperty System.Diagnostics.Eventing.Reader.EventProperty System.Diagnostics.Eventing.Reader.EventProperty System.Diagnostics.Eventing.Reader.EventProperty System.Diagnostics.Eventing.Reader.EventProperty System.Diagnostics.Eventing.Reader.EventProperty System.Diagnostics.Eventing.Reader.EventProperty System.Diagnostics.Eventing.Reader.EventProperty","home-dc1","aee3f3ab-df13-4a6d-9a89-0a0b03c26c4d","True"
"An account was logged off.

Subject:
	Security ID:		S-1-5-18
	Account Name:		HOME-DC1$
	Account Domain:		HOME
	Logon ID:		0xF3E9768

Logon Type:			3

This event is generated when a logon session is destroyed. It may be positively correlated with a logon event using the Logon ID value. Logon IDs are only unique between reboots on the same computer.","S-1-5-18","HOME-DC1$","HOME","0xf3e9768","3","4634","0",,"0","12545","0","-9214364837600034816","1052158","Microsoft-Windows-Security-Auditing","54849625-5478-4994-a5ba-3e3b0328c30d","Security","468","2936","home-dc1.home.local",,"11/28/2016 10:57:08 PM",,,"security","","System.Diagnostics.Eventing.Reader.EventBookmark","Information","Info","Logoff","Audit Success","System.Diagnostics.Eventing.Reader.EventProperty System.Diagnostics.Eventing.Reader.EventProperty System.Diagnostics.Eventing.Reader.EventProperty System.Diagnostics.Eventing.Reader.EventProperty System.Diagnostics.Eventing.Reader.EventProperty","home-dc1","aee3f3ab-df13-4a6d-9a89-0a0b03c26c4d","True"
"An account was logged off.

Subject:
	Security ID:		S-1-5-21-1465889373-2168228904-3323032715-500
	Account Name:		DoD_Admin
	Account Domain:		HOME
	Logon ID:		0xF3E97A3

Logon Type:			3

This event is generated when a logon session is destroyed. It may be positively correlated with a logon event using the Logon ID value. Logon IDs are only unique between reboots on the same computer.","S-1-5-21-1465889373-2168228904-3323032715-500","DoD_Admin","HOME","0xf3e97a3","3","4634","0",,"0","12545","0","-9214364837600034816","1052157","Microsoft-Windows-Security-Auditing","54849625-5478-4994-a5ba-3e3b0328c30d","Security","468","2912","home-dc1.home.local",,"11/28/2016 10:57:00 PM",,,"security","","System.Diagnostics.Eventing.Reader.EventBookmark","Information","Info","Logoff","Audit Success","System.Diagnostics.Eventing.Reader.EventProperty System.Diagnostics.Eventing.Reader.EventProperty System.Diagnostics.Eventing.Reader.EventProperty System.Diagnostics.Eventing.Reader.EventProperty System.Diagnostics.Eventing.Reader.EventProperty","home-dc1","aee3f3ab-df13-4a6d-9a89-0a0b03c26c4d","True"
"An account was logged off.

Subject:
	Security ID:		S-1-5-21-1465889373-2168228904-3323032715-500
	Account Name:		DoD_Admin
	Account Domain:		HOME
	Logon ID:		0xF3EA2A4

Logon Type:			3

This event is generated when a logon session is destroyed. It may be positively correlated with a logon event using the Logon ID value. Logon IDs are only unique between reboots on the same computer.","S-1-5-21-1465889373-2168228904-3323032715-500","DoD_Admin","HOME","0xf3ea2a4","3","4634","0",,"0","12545","0","-9214364837600034816","1052156","Microsoft-Windows-Security-Auditing","54849625-5478-4994-a5ba-3e3b0328c30d","Security","468","3588","home-dc1.home.local",,"11/28/2016 10:57:00 PM",,,"security","","System.Diagnostics.Eventing.Reader.EventBookmark","Information","Info","Logoff","Audit Success","System.Diagnostics.Eventing.Reader.EventProperty System.Diagnostics.Eventing.Reader.EventProperty System.Diagnostics.Eventing.Reader.EventProperty System.Diagnostics.Eventing.Reader.EventProperty System.Diagnostics.Eventing.Reader.EventProperty","home-dc1","aee3f3ab-df13-4a6d-9a89-0a0b03c26c4d","True"
"An account was logged off.

Subject:
	Security ID:		S-1-5-21-1465889373-2168228904-3323032715-500
	Account Name:		DoD_Admin
	Account Domain:		HOME
	Logon ID:		0xF3EA4C6

Logon Type:			3

This event is generated when a logon session is destroyed. It may be positively correlated with a logon event using the Logon ID value. Logon IDs are only unique between reboots on the same computer.","S-1-5-21-1465889373-2168228904-3323032715-500","DoD_Admin","HOME","0xf3ea4c6","3","4634","0",,"0","12545","0","-9214364837600034816","1052155","Microsoft-Windows-Security-Auditing","54849625-5478-4994-a5ba-3e3b0328c30d","Security","468","2936","home-dc1.home.local",,"11/28/2016 10:57:00 PM",,,"security","","System.Diagnostics.Eventing.Reader.EventBookmark","Information","Info","Logoff","Audit Success","System.Diagnostics.Eventing.Reader.EventProperty System.Diagnostics.Eventing.Reader.EventProperty System.Diagnostics.Eventing.Reader.EventProperty System.Diagnostics.Eventing.Reader.EventProperty System.Diagnostics.Eventing.Reader.EventProperty","home-dc1","aee3f3ab-df13-4a6d-9a89-0a0b03c26c4d","True"
"An account was successfully logged on.

Subject:
	Security ID:		S-1-0-0
	Account Name:		-
	Account Domain:		-
	Logon ID:		0x0

Logon Type:			3

Impersonation Level:		Delegation

New Logon:
	Security ID:		S-1-5-21-1465889373-2168228904-3323032715-500
	Account Name:		DoD_Admin
	Account Domain:		HOME
	Logon ID:		0xF3EA4C6
	Logon GUID:		{CC2E1D88-9298-0D67-8E41-8B3FF1FDF4EF}

Process Information:
	Process ID:		0x0
	Process Name:		-

Network Information:
	Workstation Name:	
	Source Network Address:	-
	Source Port:		-

Detailed Authentication Information:
	Logon Process:		Kerberos
	Authentication Package:	Kerberos
	Transited Services:	-
	Package Name (NTLM only):	-
	Key Length:		0

This event is generated when a logon session is created. It is generated on the computer that was accessed.

The subject fields indicate the account on the local system which requested the logon. This is most commonly a service such as the Server service, or a local process such as Winlogon.exe or Services.exe.

The logon type field indicates the kind of logon that occurred. The most common types are 2 (interactive) and 3 (network).

The New Logon fields indicate the account for whom the new logon was created, i.e. the account that was logged on.

The network fields indicate where a remote logon request originated. Workstation name is not always available and may be left blank in some cases.

The impersonation level field indicates the extent to which a process in the logon session can impersonate.

The authentication information fields provide detailed information about this specific logon request.
	- Logon GUID is a unique identifier that can be used to correlate this event with a KDC event.
	- Transited services indicate which intermediate services have participated in this logon request.
	- Package name indicates which sub-protocol was used among the NTLM protocols.
	- Key length indicates the length of the generated session key. This will be 0 if no session key was requested.","S-1-5-21-1465889373-2168228904-3323032715-500","DoD_Admin","HOME","0xf3ea4c6","3","4624","1",,"0","12544","0","-9214364837600034816","1052154","Microsoft-Windows-Security-Auditing","54849625-5478-4994-a5ba-3e3b0328c30d","Security","0x0","2936","home-dc1.home.local",,"11/28/2016 10:57:00 PM",,,"security","","System.Diagnostics.Eventing.Reader.EventBookmark","Information","Info","Logon","Audit Success","System.Diagnostics.Eventing.Reader.EventProperty System.Diagnostics.Eventing.Reader.EventProperty System.Diagnostics.Eventing.Reader.EventProperty System.Diagnostics.Eventing.Reader.EventProperty System.Diagnostics.Eventing.Reader.EventProperty System.Diagnostics.Eventing.Reader.EventProperty System.Diagnostics.Eventing.Reader.EventProperty System.Diagnostics.Eventing.Reader.EventProperty System.Diagnostics.Eventing.Reader.EventProperty System.Diagnostics.Eventing.Reader.EventProperty System.Diagnostics.Eventing.Reader.EventProperty System.Diagnostics.Eventing.Reader.EventProperty System.Diagnostics.Eventing.Reader.EventProperty System.Diagnostics.Eventing.Reader.EventProperty System.Diagnostics.Eventing.Reader.EventProperty System.Diagnostics.Eventing.Reader.EventProperty System.Diagnostics.Eventing.Reader.EventProperty System.Diagnostics.Eventing.Reader.EventProperty System.Diagnostics.Eventing.Reader.EventProperty System.Diagnostics.Eventing.Reader.EventProperty System.Diagnostics.Eventing.Reader.EventProperty","home-dc1","aee3f3ab-df13-4a6d-9a89-0a0b03c26c4d","True"
"An account was successfully logged on.

Subject:
	Security ID:		S-1-0-0
	Account Name:		-
	Account Domain:		-
	Logon ID:		0x0

Logon Type:			3

Impersonation Level:		Delegation

New Logon:
	Security ID:		S-1-5-21-1465889373-2168228904-3323032715-500
	Account Name:		DoD_Admin
	Account Domain:		HOME
	Logon ID:		0xF3EA2A4
	Logon GUID:		{CC2E1D88-9298-0D67-8E41-8B3FF1FDF4EF}

Process Information:
	Process ID:		0x0
	Process Name:		-

Network Information:
	Workstation Name:	
	Source Network Address:	-
	Source Port:		-

Detailed Authentication Information:
	Logon Process:		Kerberos
	Authentication Package:	Kerberos
	Transited Services:	-
	Package Name (NTLM only):	-
	Key Length:		0

This event is generated when a logon session is created. It is generated on the computer that was accessed.

The subject fields indicate the account on the local system which requested the logon. This is most commonly a service such as the Server service, or a local process such as Winlogon.exe or Services.exe.

The logon type field indicates the kind of logon that occurred. The most common types are 2 (interactive) and 3 (network).

The New Logon fields indicate the account for whom the new logon was created, i.e. the account that was logged on.

The network fields indicate where a remote logon request originated. Workstation name is not always available and may be left blank in some cases.

The impersonation level field indicates the extent to which a process in the logon session can impersonate.

The authentication information fields provide detailed information about this specific logon request.
	- Logon GUID is a unique identifier that can be used to correlate this event with a KDC event.
	- Transited services indicate which intermediate services have participated in this logon request.
	- Package name indicates which sub-protocol was used among the NTLM protocols.
	- Key length indicates the length of the generated session key. This will be 0 if no session key was requested.","S-1-5-21-1465889373-2168228904-3323032715-500","DoD_Admin","HOME","0xf3ea2a4","3","4624","1",,"0","12544","0","-9214364837600034816","1052152","Microsoft-Windows-Security-Auditing","54849625-5478-4994-a5ba-3e3b0328c30d","Security","0x0","2936","home-dc1.home.local",,"11/28/2016 10:56:59 PM",,,"security","","System.Diagnostics.Eventing.Reader.EventBookmark","Information","Info","Logon","Audit Success","System.Diagnostics.Eventing.Reader.EventProperty System.Diagnostics.Eventing.Reader.EventProperty System.Diagnostics.Eventing.Reader.EventProperty System.Diagnostics.Eventing.Reader.EventProperty System.Diagnostics.Eventing.Reader.EventProperty System.Diagnostics.Eventing.Reader.EventProperty System.Diagnostics.Eventing.Reader.EventProperty System.Diagnostics.Eventing.Reader.EventProperty System.Diagnostics.Eventing.Reader.EventProperty System.Diagnostics.Eventing.Reader.EventProperty System.Diagnostics.Eventing.Reader.EventProperty System.Diagnostics.Eventing.Reader.EventProperty System.Diagnostics.Eventing.Reader.EventProperty System.Diagnostics.Eventing.Reader.EventProperty System.Diagnostics.Eventing.Reader.EventProperty System.Diagnostics.Eventing.Reader.EventProperty System.Diagnostics.Eventing.Reader.EventProperty System.Diagnostics.Eventing.Reader.EventProperty System.Diagnostics.Eventing.Reader.EventProperty System.Diagnostics.Eventing.Reader.EventProperty System.Diagnostics.Eventing.Reader.EventProperty","home-dc1","aee3f3ab-df13-4a6d-9a89-0a0b03c26c4d","True"
"An account was successfully logged on.

Subject:
	Security ID:		S-1-0-0
	Account Name:		-
	Account Domain:		-
	Logon ID:		0x0

Logon Type:			3

Impersonation Level:		Delegation

New Logon:
	Security ID:		S-1-5-21-1465889373-2168228904-3323032715-500
	Account Name:		DoD_Admin
	Account Domain:		HOME
	Logon ID:		0xF3E97A3
	Logon GUID:		{CC2E1D88-9298-0D67-8E41-8B3FF1FDF4EF}

Process Information:
	Process ID:		0x0
	Process Name:		-

Network Information:
	Workstation Name:	
	Source Network Address:	-
	Source Port:		-

Detailed Authentication Information:
	Logon Process:		Kerberos
	Authentication Package:	Kerberos
	Transited Services:	-
	Package Name (NTLM only):	-
	Key Length:		0

This event is generated when a logon session is created. It is generated on the computer that was accessed.

The subject fields indicate the account on the local system which requested the logon. This is most commonly a service such as the Server service, or a local process such as Winlogon.exe or Services.exe.

The logon type field indicates the kind of logon that occurred. The most common types are 2 (interactive) and 3 (network).

The New Logon fields indicate the account for whom the new logon was created, i.e. the account that was logged on.

The network fields indicate where a remote logon request originated. Workstation name is not always available and may be left blank in some cases.

The impersonation level field indicates the extent to which a process in the logon session can impersonate.

The authentication information fields provide detailed information about this specific logon request.
	- Logon GUID is a unique identifier that can be used to correlate this event with a KDC event.
	- Transited services indicate which intermediate services have participated in this logon request.
	- Package name indicates which sub-protocol was used among the NTLM protocols.
	- Key length indicates the length of the generated session key. This will be 0 if no session key was requested.","S-1-5-21-1465889373-2168228904-3323032715-500","DoD_Admin","HOME","0xf3e97a3","3","4624","1",,"0","12544","0","-9214364837600034816","1052145","Microsoft-Windows-Security-Auditing","54849625-5478-4994-a5ba-3e3b0328c30d","Security","0x0","2936","home-dc1.home.local",,"11/28/2016 10:56:59 PM",,,"security","","System.Diagnostics.Eventing.Reader.EventBookmark","Information","Info","Logon","Audit Success","System.Diagnostics.Eventing.Reader.EventProperty System.Diagnostics.Eventing.Reader.EventProperty System.Diagnostics.Eventing.Reader.EventProperty System.Diagnostics.Eventing.Reader.EventProperty System.Diagnostics.Eventing.Reader.EventProperty System.Diagnostics.Eventing.Reader.EventProperty System.Diagnostics.Eventing.Reader.EventProperty System.Diagnostics.Eventing.Reader.EventProperty System.Diagnostics.Eventing.Reader.EventProperty System.Diagnostics.Eventing.Reader.EventProperty System.Diagnostics.Eventing.Reader.EventProperty System.Diagnostics.Eventing.Reader.EventProperty System.Diagnostics.Eventing.Reader.EventProperty System.Diagnostics.Eventing.Reader.EventProperty System.Diagnostics.Eventing.Reader.EventProperty System.Diagnostics.Eventing.Reader.EventProperty System.Diagnostics.Eventing.Reader.EventProperty System.Diagnostics.Eventing.Reader.EventProperty System.Diagnostics.Eventing.Reader.EventProperty System.Diagnostics.Eventing.Reader.EventProperty System.Diagnostics.Eventing.Reader.EventProperty","home-dc1","aee3f3ab-df13-4a6d-9a89-0a0b03c26c4d","True"
"An account was successfully logged on.

Subject:
	Security ID:		S-1-0-0
	Account Name:		-
	Account Domain:		-
	Logon ID:		0x0

Logon Type:			3

Impersonation Level:		Delegation

New Logon:
	Security ID:		S-1-5-18
	Account Name:		HOME-DC1$
	Account Domain:		HOME
	Logon ID:		0xF3E9768
	Logon GUID:		{B1C343D4-E491-1625-3487-4994E85B4DE4}

Process Information:
	Process ID:		0x0
	Process Name:		-

Network Information:
	Workstation Name:	
	Source Network Address:	::1
	Source Port:		52511

Detailed Authentication Information:
	Logon Process:		Kerberos
	Authentication Package:	Kerberos
	Transited Services:	-
	Package Name (NTLM only):	-
	Key Length:		0

This event is generated when a logon session is created. It is generated on the computer that was accessed.

The subject fields indicate the account on the local system which requested the logon. This is most commonly a service such as the Server service, or a local process such as Winlogon.exe or Services.exe.

The logon type field indicates the kind of logon that occurred. The most common types are 2 (interactive) and 3 (network).

The New Logon fields indicate the account for whom the new logon was created, i.e. the account that was logged on.

The network fields indicate where a remote logon request originated. Workstation name is not always available and may be left blank in some cases.

The impersonation level field indicates the extent to which a process in the logon session can impersonate.

The authentication information fields provide detailed information about this specific logon request.
	- Logon GUID is a unique identifier that can be used to correlate this event with a KDC event.
	- Transited services indicate which intermediate services have participated in this logon request.
	- Package name indicates which sub-protocol was used among the NTLM protocols.
	- Key length indicates the length of the generated session key. This will be 0 if no session key was requested.","S-1-5-18","HOME-DC1$","HOME","0xf3e9768","3","4624","1",,"0","12544","0","-9214364837600034816","1052143","Microsoft-Windows-Security-Auditing","54849625-5478-4994-a5ba-3e3b0328c30d","Security","0x0","2936","home-dc1.home.local",,"11/28/2016 10:56:57 PM",,,"security","","System.Diagnostics.Eventing.Reader.EventBookmark","Information","Info","Logon","Audit Success","System.Diagnostics.Eventing.Reader.EventProperty System.Diagnostics.Eventing.Reader.EventProperty System.Diagnostics.Eventing.Reader.EventProperty System.Diagnostics.Eventing.Reader.EventProperty System.Diagnostics.Eventing.Reader.EventProperty System.Diagnostics.Eventing.Reader.EventProperty System.Diagnostics.Eventing.Reader.EventProperty System.Diagnostics.Eventing.Reader.EventProperty System.Diagnostics.Eventing.Reader.EventProperty System.Diagnostics.Eventing.Reader.EventProperty System.Diagnostics.Eventing.Reader.EventProperty System.Diagnostics.Eventing.Reader.EventProperty System.Diagnostics.Eventing.Reader.EventProperty System.Diagnostics.Eventing.Reader.EventProperty System.Diagnostics.Eventing.Reader.EventProperty System.Diagnostics.Eventing.Reader.EventProperty System.Diagnostics.Eventing.Reader.EventProperty System.Diagnostics.Eventing.Reader.EventProperty System.Diagnostics.Eventing.Reader.EventProperty System.Diagnostics.Eventing.Reader.EventProperty System.Diagnostics.Eventing.Reader.EventProperty","home-dc1","aee3f3ab-df13-4a6d-9a89-0a0b03c26c4d","True"
"An account was logged off.

Subject:
	Security ID:		S-1-5-21-1465889373-2168228904-3323032715-500
	Account Name:		DoD_Admin
	Account Domain:		HOME
	Logon ID:		0xF3E8668

Logon Type:			3

This event is generated when a logon session is destroyed. It may be positively correlated with a logon event using the Logon ID value. Logon IDs are only unique between reboots on the same computer.","S-1-5-21-1465889373-2168228904-3323032715-500","DoD_Admin","HOME","0xf3e8668","3","4634","0",,"0","12545","0","-9214364837600034816","1052141","Microsoft-Windows-Security-Auditing","54849625-5478-4994-a5ba-3e3b0328c30d","Security","468","2936","home-dc1.home.local",,"11/28/2016 10:56:51 PM",,,"security","","System.Diagnostics.Eventing.Reader.EventBookmark","Information","Info","Logoff","Audit Success","System.Diagnostics.Eventing.Reader.EventProperty System.Diagnostics.Eventing.Reader.EventProperty System.Diagnostics.Eventing.Reader.EventProperty System.Diagnostics.Eventing.Reader.EventProperty System.Diagnostics.Eventing.Reader.EventProperty","home-dc1","aee3f3ab-df13-4a6d-9a89-0a0b03c26c4d","True"
"An account was logged off.

Subject:
	Security ID:		S-1-5-21-1465889373-2168228904-3323032715-500
	Account Name:		DoD_Admin
	Account Domain:		HOME
	Logon ID:		0xF3E94BB

Logon Type:			3

This event is generated when a logon session is destroyed. It may be positively correlated with a logon event using the Logon ID value. Logon IDs are only unique between reboots on the same computer.","S-1-5-21-1465889373-2168228904-3323032715-500","DoD_Admin","HOME","0xf3e94bb","3","4634","0",,"0","12545","0","-9214364837600034816","1052140","Microsoft-Windows-Security-Auditing","54849625-5478-4994-a5ba-3e3b0328c30d","Security","468","2936","home-dc1.home.local",,"11/28/2016 10:56:51 PM",,,"security","","System.Diagnostics.Eventing.Reader.EventBookmark","Information","Info","Logoff","Audit Success","System.Diagnostics.Eventing.Reader.EventProperty System.Diagnostics.Eventing.Reader.EventProperty System.Diagnostics.Eventing.Reader.EventProperty System.Diagnostics.Eventing.Reader.EventProperty System.Diagnostics.Eventing.Reader.EventProperty","home-dc1","aee3f3ab-df13-4a6d-9a89-0a0b03c26c4d","True"
"An account was logged off.

Subject:
	Security ID:		S-1-5-21-1465889373-2168228904-3323032715-500
	Account Name:		DoD_Admin
	Account Domain:		HOME
	Logon ID:		0xF3E918D

Logon Type:			3

This event is generated when a logon session is destroyed. It may be positively correlated with a logon event using the Logon ID value. Logon IDs are only unique between reboots on the same computer.","S-1-5-21-1465889373-2168228904-3323032715-500","DoD_Admin","HOME","0xf3e918d","3","4634","0",,"0","12545","0","-9214364837600034816","1052139","Microsoft-Windows-Security-Auditing","54849625-5478-4994-a5ba-3e3b0328c30d","Security","468","2936","home-dc1.home.local",,"11/28/2016 10:56:51 PM",,,"security","","System.Diagnostics.Eventing.Reader.EventBookmark","Information","Info","Logoff","Audit Success","System.Diagnostics.Eventing.Reader.EventProperty System.Diagnostics.Eventing.Reader.EventProperty System.Diagnostics.Eventing.Reader.EventProperty System.Diagnostics.Eventing.Reader.EventProperty System.Diagnostics.Eventing.Reader.EventProperty","home-dc1","aee3f3ab-df13-4a6d-9a89-0a0b03c26c4d","True"
"An account was successfully logged on.

Subject:
	Security ID:		S-1-0-0
	Account Name:		-
	Account Domain:		-
	Logon ID:		0x0

Logon Type:			3

Impersonation Level:		Delegation

New Logon:
	Security ID:		S-1-5-21-1465889373-2168228904-3323032715-500
	Account Name:		DoD_Admin
	Account Domain:		HOME
	Logon ID:		0xF3E94BB
	Logon GUID:		{CC2E1D88-9298-0D67-8E41-8B3FF1FDF4EF}

Process Information:
	Process ID:		0x0
	Process Name:		-

Network Information:
	Workstation Name:	
	Source Network Address:	-
	Source Port:		-

Detailed Authentication Information:
	Logon Process:		Kerberos
	Authentication Package:	Kerberos
	Transited Services:	-
	Package Name (NTLM only):	-
	Key Length:		0

This event is generated when a logon session is created. It is generated on the computer that was accessed.

The subject fields indicate the account on the local system which requested the logon. This is most commonly a service such as the Server service, or a local process such as Winlogon.exe or Services.exe.

The logon type field indicates the kind of logon that occurred. The most common types are 2 (interactive) and 3 (network).

The New Logon fields indicate the account for whom the new logon was created, i.e. the account that was logged on.

The network fields indicate where a remote logon request originated. Workstation name is not always available and may be left blank in some cases.

The impersonation level field indicates the extent to which a process in the logon session can impersonate.

The authentication information fields provide detailed information about this specific logon request.
	- Logon GUID is a unique identifier that can be used to correlate this event with a KDC event.
	- Transited services indicate which intermediate services have participated in this logon request.
	- Package name indicates which sub-protocol was used among the NTLM protocols.
	- Key length indicates the length of the generated session key. This will be 0 if no session key was requested.","S-1-5-21-1465889373-2168228904-3323032715-500","DoD_Admin","HOME","0xf3e94bb","3","4624","1",,"0","12544","0","-9214364837600034816","1052138","Microsoft-Windows-Security-Auditing","54849625-5478-4994-a5ba-3e3b0328c30d","Security","0x0","2912","home-dc1.home.local",,"11/28/2016 10:56:51 PM",,,"security","","System.Diagnostics.Eventing.Reader.EventBookmark","Information","Info","Logon","Audit Success","System.Diagnostics.Eventing.Reader.EventProperty System.Diagnostics.Eventing.Reader.EventProperty System.Diagnostics.Eventing.Reader.EventProperty System.Diagnostics.Eventing.Reader.EventProperty System.Diagnostics.Eventing.Reader.EventProperty System.Diagnostics.Eventing.Reader.EventProperty System.Diagnostics.Eventing.Reader.EventProperty System.Diagnostics.Eventing.Reader.EventProperty System.Diagnostics.Eventing.Reader.EventProperty System.Diagnostics.Eventing.Reader.EventProperty System.Diagnostics.Eventing.Reader.EventProperty System.Diagnostics.Eventing.Reader.EventProperty System.Diagnostics.Eventing.Reader.EventProperty System.Diagnostics.Eventing.Reader.EventProperty System.Diagnostics.Eventing.Reader.EventProperty System.Diagnostics.Eventing.Reader.EventProperty System.Diagnostics.Eventing.Reader.EventProperty System.Diagnostics.Eventing.Reader.EventProperty System.Diagnostics.Eventing.Reader.EventProperty System.Diagnostics.Eventing.Reader.EventProperty System.Diagnostics.Eventing.Reader.EventProperty","home-dc1","aee3f3ab-df13-4a6d-9a89-0a0b03c26c4d","True"
"An account was successfully logged on.

Subject:
	Security ID:		S-1-0-0
	Account Name:		-
	Account Domain:		-
	Logon ID:		0x0

Logon Type:			3

Impersonation Level:		Delegation

New Logon:
	Security ID:		S-1-5-21-1465889373-2168228904-3323032715-500
	Account Name:		DoD_Admin
	Account Domain:		HOME
	Logon ID:		0xF3E918D
	Logon GUID:		{CC2E1D88-9298-0D67-8E41-8B3FF1FDF4EF}

Process Information:
	Process ID:		0x0
	Process Name:		-

Network Information:
	Workstation Name:	
	Source Network Address:	-
	Source Port:		-

Detailed Authentication Information:
	Logon Process:		Kerberos
	Authentication Package:	Kerberos
	Transited Services:	-
	Package Name (NTLM only):	-
	Key Length:		0

This event is generated when a logon session is created. It is generated on the computer that was accessed.

The subject fields indicate the account on the local system which requested the logon. This is most commonly a service such as the Server service, or a local process such as Winlogon.exe or Services.exe.

The logon type field indicates the kind of logon that occurred. The most common types are 2 (interactive) and 3 (network).

The New Logon fields indicate the account for whom the new logon was created, i.e. the account that was logged on.

The network fields indicate where a remote logon request originated. Workstation name is not always available and may be left blank in some cases.

The impersonation level field indicates the extent to which a process in the logon session can impersonate.

The authentication information fields provide detailed information about this specific logon request.
	- Logon GUID is a unique identifier that can be used to correlate this event with a KDC event.
	- Transited services indicate which intermediate services have participated in this logon request.
	- Package name indicates which sub-protocol was used among the NTLM protocols.
	- Key length indicates the length of the generated session key. This will be 0 if no session key was requested.","S-1-5-21-1465889373-2168228904-3323032715-500","DoD_Admin","HOME","0xf3e918d","3","4624","1",,"0","12544","0","-9214364837600034816","1052135","Microsoft-Windows-Security-Auditing","54849625-5478-4994-a5ba-3e3b0328c30d","Security","0x0","2912","home-dc1.home.local",,"11/28/2016 10:56:49 PM",,,"security","","System.Diagnostics.Eventing.Reader.EventBookmark","Information","Info","Logon","Audit Success","System.Diagnostics.Eventing.Reader.EventProperty System.Diagnostics.Eventing.Reader.EventProperty System.Diagnostics.Eventing.Reader.EventProperty System.Diagnostics.Eventing.Reader.EventProperty System.Diagnostics.Eventing.Reader.EventProperty System.Diagnostics.Eventing.Reader.EventProperty System.Diagnostics.Eventing.Reader.EventProperty System.Diagnostics.Eventing.Reader.EventProperty System.Diagnostics.Eventing.Reader.EventProperty System.Diagnostics.Eventing.Reader.EventProperty System.Diagnostics.Eventing.Reader.EventProperty System.Diagnostics.Eventing.Reader.EventProperty System.Diagnostics.Eventing.Reader.EventProperty System.Diagnostics.Eventing.Reader.EventProperty System.Diagnostics.Eventing.Reader.EventProperty System.Diagnostics.Eventing.Reader.EventProperty System.Diagnostics.Eventing.Reader.EventProperty System.Diagnostics.Eventing.Reader.EventProperty System.Diagnostics.Eventing.Reader.EventProperty System.Diagnostics.Eventing.Reader.EventProperty System.Diagnostics.Eventing.Reader.EventProperty","home-dc1","aee3f3ab-df13-4a6d-9a89-0a0b03c26c4d","True"
"An account was successfully logged on.

Subject:
	Security ID:		S-1-0-0
	Account Name:		-
	Account Domain:		-
	Logon ID:		0x0

Logon Type:			3

Impersonation Level:		Delegation

New Logon:
	Security ID:		S-1-5-21-1465889373-2168228904-3323032715-500
	Account Name:		DoD_Admin
	Account Domain:		HOME
	Logon ID:		0xF3E8668
	Logon GUID:		{CC2E1D88-9298-0D67-8E41-8B3FF1FDF4EF}

Process Information:
	Process ID:		0x0
	Process Name:		-

Network Information:
	Workstation Name:	
	Source Network Address:	-
	Source Port:		-

Detailed Authentication Information:
	Logon Process:		Kerberos
	Authentication Package:	Kerberos
	Transited Services:	-
	Package Name (NTLM only):	-
	Key Length:		0

This event is generated when a logon session is created. It is generated on the computer that was accessed.

The subject fields indicate the account on the local system which requested the logon. This is most commonly a service such as the Server service, or a local process such as Winlogon.exe or Services.exe.

The logon type field indicates the kind of logon that occurred. The most common types are 2 (interactive) and 3 (network).

The New Logon fields indicate the account for whom the new logon was created, i.e. the account that was logged on.

The network fields indicate where a remote logon request originated. Workstation name is not always available and may be left blank in some cases.

The impersonation level field indicates the extent to which a process in the logon session can impersonate.

The authentication information fields provide detailed information about this specific logon request.
	- Logon GUID is a unique identifier that can be used to correlate this event with a KDC event.
	- Transited services indicate which intermediate services have participated in this logon request.
	- Package name indicates which sub-protocol was used among the NTLM protocols.
	- Key length indicates the length of the generated session key. This will be 0 if no session key was requested.","S-1-5-21-1465889373-2168228904-3323032715-500","DoD_Admin","HOME","0xf3e8668","3","4624","1",,"0","12544","0","-9214364837600034816","1052128","Microsoft-Windows-Security-Auditing","54849625-5478-4994-a5ba-3e3b0328c30d","Security","0x0","2912","home-dc1.home.local",,"11/28/2016 10:56:49 PM",,,"security","","System.Diagnostics.Eventing.Reader.EventBookmark","Information","Info","Logon","Audit Success","System.Diagnostics.Eventing.Reader.EventProperty System.Diagnostics.Eventing.Reader.EventProperty System.Diagnostics.Eventing.Reader.EventProperty System.Diagnostics.Eventing.Reader.EventProperty System.Diagnostics.Eventing.Reader.EventProperty System.Diagnostics.Eventing.Reader.EventProperty System.Diagnostics.Eventing.Reader.EventProperty System.Diagnostics.Eventing.Reader.EventProperty System.Diagnostics.Eventing.Reader.EventProperty System.Diagnostics.Eventing.Reader.EventProperty System.Diagnostics.Eventing.Reader.EventProperty System.Diagnostics.Eventing.Reader.EventProperty System.Diagnostics.Eventing.Reader.EventProperty System.Diagnostics.Eventing.Reader.EventProperty System.Diagnostics.Eventing.Reader.EventProperty System.Diagnostics.Eventing.Reader.EventProperty System.Diagnostics.Eventing.Reader.EventProperty System.Diagnostics.Eventing.Reader.EventProperty System.Diagnostics.Eventing.Reader.EventProperty System.Diagnostics.Eventing.Reader.EventProperty System.Diagnostics.Eventing.Reader.EventProperty","home-dc1","aee3f3ab-df13-4a6d-9a89-0a0b03c26c4d","True"
"An account was logged off.

Subject:
	Security ID:		S-1-5-18
	Account Name:		HOME-DC1$
	Account Domain:		HOME
	Logon ID:		0xF3E6BF9

Logon Type:			3

This event is generated when a logon session is destroyed. It may be positively correlated with a logon event using the Logon ID value. Logon IDs are only unique between reboots on the same computer.","S-1-5-18","HOME-DC1$","HOME","0xf3e6bf9","3","4634","0",,"0","12545","0","-9214364837600034816","1052126","Microsoft-Windows-Security-Auditing","54849625-5478-4994-a5ba-3e3b0328c30d","Security","468","2912","home-dc1.home.local",,"11/28/2016 10:56:44 PM",,,"security","","System.Diagnostics.Eventing.Reader.EventBookmark","Information","Info","Logoff","Audit Success","System.Diagnostics.Eventing.Reader.EventProperty System.Diagnostics.Eventing.Reader.EventProperty System.Diagnostics.Eventing.Reader.EventProperty System.Diagnostics.Eventing.Reader.EventProperty System.Diagnostics.Eventing.Reader.EventProperty","home-dc1","aee3f3ab-df13-4a6d-9a89-0a0b03c26c4d","True"
"An account was logged off.

Subject:
	Security ID:		S-1-5-18
	Account Name:		HOME-DC1$
	Account Domain:		HOME
	Logon ID:		0xF3E7D86

Logon Type:			3

This event is generated when a logon session is destroyed. It may be positively correlated with a logon event using the Logon ID value. Logon IDs are only unique between reboots on the same computer.","S-1-5-18","HOME-DC1$","HOME","0xf3e7d86","3","4634","0",,"0","12545","0","-9214364837600034816","1052124","Microsoft-Windows-Security-Auditing","54849625-5478-4994-a5ba-3e3b0328c30d","Security","468","2912","home-dc1.home.local",,"11/28/2016 10:56:13 PM",,,"security","","System.Diagnostics.Eventing.Reader.EventBookmark","Information","Info","Logoff","Audit Success","System.Diagnostics.Eventing.Reader.EventProperty System.Diagnostics.Eventing.Reader.EventProperty System.Diagnostics.Eventing.Reader.EventProperty System.Diagnostics.Eventing.Reader.EventProperty System.Diagnostics.Eventing.Reader.EventProperty","home-dc1","aee3f3ab-df13-4a6d-9a89-0a0b03c26c4d","True"
"An account was successfully logged on.

Subject:
	Security ID:		S-1-0-0
	Account Name:		-
	Account Domain:		-
	Logon ID:		0x0

Logon Type:			3

Impersonation Level:		Impersonation

New Logon:
	Security ID:		S-1-5-18
	Account Name:		HOME-DC1$
	Account Domain:		HOME
	Logon ID:		0xF3E7D86
	Logon GUID:		{12A32994-4635-0429-C146-028E3A9C03D6}

Process Information:
	Process ID:		0x0
	Process Name:		-

Network Information:
	Workstation Name:	
	Source Network Address:	::1
	Source Port:		52507

Detailed Authentication Information:
	Logon Process:		Kerberos
	Authentication Package:	Kerberos
	Transited Services:	-
	Package Name (NTLM only):	-
	Key Length:		0

This event is generated when a logon session is created. It is generated on the computer that was accessed.

The subject fields indicate the account on the local system which requested the logon. This is most commonly a service such as the Server service, or a local process such as Winlogon.exe or Services.exe.

The logon type field indicates the kind of logon that occurred. The most common types are 2 (interactive) and 3 (network).

The New Logon fields indicate the account for whom the new logon was created, i.e. the account that was logged on.

The network fields indicate where a remote logon request originated. Workstation name is not always available and may be left blank in some cases.

The impersonation level field indicates the extent to which a process in the logon session can impersonate.

The authentication information fields provide detailed information about this specific logon request.
	- Logon GUID is a unique identifier that can be used to correlate this event with a KDC event.
	- Transited services indicate which intermediate services have participated in this logon request.
	- Package name indicates which sub-protocol was used among the NTLM protocols.
	- Key length indicates the length of the generated session key. This will be 0 if no session key was requested.","S-1-5-18","HOME-DC1$","HOME","0xf3e7d86","3","4624","1",,"0","12544","0","-9214364837600034816","1052123","Microsoft-Windows-Security-Auditing","54849625-5478-4994-a5ba-3e3b0328c30d","Security","0x0","2544","home-dc1.home.local",,"11/28/2016 10:56:13 PM",,,"security","","System.Diagnostics.Eventing.Reader.EventBookmark","Information","Info","Logon","Audit Success","System.Diagnostics.Eventing.Reader.EventProperty System.Diagnostics.Eventing.Reader.EventProperty System.Diagnostics.Eventing.Reader.EventProperty System.Diagnostics.Eventing.Reader.EventProperty System.Diagnostics.Eventing.Reader.EventProperty System.Diagnostics.Eventing.Reader.EventProperty System.Diagnostics.Eventing.Reader.EventProperty System.Diagnostics.Eventing.Reader.EventProperty System.Diagnostics.Eventing.Reader.EventProperty System.Diagnostics.Eventing.Reader.EventProperty System.Diagnostics.Eventing.Reader.EventProperty System.Diagnostics.Eventing.Reader.EventProperty System.Diagnostics.Eventing.Reader.EventProperty System.Diagnostics.Eventing.Reader.EventProperty System.Diagnostics.Eventing.Reader.EventProperty System.Diagnostics.Eventing.Reader.EventProperty System.Diagnostics.Eventing.Reader.EventProperty System.Diagnostics.Eventing.Reader.EventProperty System.Diagnostics.Eventing.Reader.EventProperty System.Diagnostics.Eventing.Reader.EventProperty System.Diagnostics.Eventing.Reader.EventProperty","home-dc1","aee3f3ab-df13-4a6d-9a89-0a0b03c26c4d","True"
"An account was logged off.

Subject:
	Security ID:		S-1-5-18
	Account Name:		HOME-DC1$
	Account Domain:		HOME
	Logon ID:		0xF3E6F09

Logon Type:			3

This event is generated when a logon session is destroyed. It may be positively correlated with a logon event using the Logon ID value. Logon IDs are only unique between reboots on the same computer.","S-1-5-18","HOME-DC1$","HOME","0xf3e6f09","3","4634","0",,"0","12545","0","-9214364837600034816","1052119","Microsoft-Windows-Security-Auditing","54849625-5478-4994-a5ba-3e3b0328c30d","Security","468","2912","home-dc1.home.local",,"11/28/2016 10:55:13 PM",,,"security","","System.Diagnostics.Eventing.Reader.EventBookmark","Information","Info","Logoff","Audit Success","System.Diagnostics.Eventing.Reader.EventProperty System.Diagnostics.Eventing.Reader.EventProperty System.Diagnostics.Eventing.Reader.EventProperty System.Diagnostics.Eventing.Reader.EventProperty System.Diagnostics.Eventing.Reader.EventProperty","home-dc1","aee3f3ab-df13-4a6d-9a89-0a0b03c26c4d","True"
