"A new process has been created.

Subject:
	Security ID:		S-1-5-18
	Account Name:		HOME-WIN7-1$
	Account Domain:		HOME
	Logon ID:		0x3e7

Process Information:
	New Process ID:		0x9f0
	New Process Name:	C:\Windows\System32\wsmprovhost.exe
	Token Elevation Type:	TokenElevationTypeDefault (1)
	Creator Process ID:	0x260

Token Elevation Type indicates the type of token that was assigned to the new process in accordance with User Account Control policy.

Type 1 is a full token with no privileges removed or groups disabled.  A full token is only used if User Account Control is disabled or if the user is the built-in Administrator account or a service account.

Type 2 is an elevated token with no privileges removed or groups disabled.  An elevated token is used when User Account Control is enabled and the user chooses to start the program using Run as administrator.  An elevated token is also used when an application is configured to always require administrative privilege or to always require maximum privilege, and the user is a member of the Administrators group.

Type 3 is a limited token with administrative privileges removed and administrative groups disabled.  The limited token is used when User Account Control is enabled, the application does not require administrative privilege, and the user does not choose to start the program using Run as administrator.","S-1-5-18","HOME-WIN7-1$","HOME","0x3e7","0x9f0","C:\Windows\System32\wsmprovhost.exe","%%1936","0x260","4688","0",,"0","13312","0","-9214364837600034816","21661","Microsoft-Windows-Security-Auditing","54849625-5478-4994-a5ba-3e3b0328c30d","Security","44","home-win7-1.home.local",,"11/28/2016 10:49:11 PM",,,"security","","System.Diagnostics.Eventing.Reader.EventBookmark","Information","Info","Process Creation","Audit Success","System.Diagnostics.Eventing.Reader.EventProperty System.Diagnostics.Eventing.Reader.EventProperty System.Diagnostics.Eventing.Reader.EventProperty System.Diagnostics.Eventing.Reader.EventProperty System.Diagnostics.Eventing.Reader.EventProperty System.Diagnostics.Eventing.Reader.EventProperty System.Diagnostics.Eventing.Reader.EventProperty System.Diagnostics.Eventing.Reader.EventProperty","home-win7-1","8f3f4f87-5aec-4072-bbd6-db6585200215","True"
"A new process has been created.

Subject:
	Security ID:		S-1-5-18
	Account Name:		HOME-WIN7-1$
	Account Domain:		HOME
	Logon ID:		0x3e7

Process Information:
	New Process ID:		0xf48
	New Process Name:	C:\Windows\System32\dllhost.exe
	Token Elevation Type:	TokenElevationTypeDefault (1)
	Creator Process ID:	0x260

Token Elevation Type indicates the type of token that was assigned to the new process in accordance with User Account Control policy.

Type 1 is a full token with no privileges removed or groups disabled.  A full token is only used if User Account Control is disabled or if the user is the built-in Administrator account or a service account.

Type 2 is an elevated token with no privileges removed or groups disabled.  An elevated token is used when User Account Control is enabled and the user chooses to start the program using Run as administrator.  An elevated token is also used when an application is configured to always require administrative privilege or to always require maximum privilege, and the user is a member of the Administrators group.

Type 3 is a limited token with administrative privileges removed and administrative groups disabled.  The limited token is used when User Account Control is enabled, the application does not require administrative privilege, and the user does not choose to start the program using Run as administrator.","S-1-5-18","HOME-WIN7-1$","HOME","0x3e7","0xf48","C:\Windows\System32\dllhost.exe","%%1936","0x260","4688","0",,"0","13312","0","-9214364837600034816","21660","Microsoft-Windows-Security-Auditing","54849625-5478-4994-a5ba-3e3b0328c30d","Security","44","home-win7-1.home.local",,"11/28/2016 10:49:11 PM",,,"security","","System.Diagnostics.Eventing.Reader.EventBookmark","Information","Info","Process Creation","Audit Success","System.Diagnostics.Eventing.Reader.EventProperty System.Diagnostics.Eventing.Reader.EventProperty System.Diagnostics.Eventing.Reader.EventProperty System.Diagnostics.Eventing.Reader.EventProperty System.Diagnostics.Eventing.Reader.EventProperty System.Diagnostics.Eventing.Reader.EventProperty System.Diagnostics.Eventing.Reader.EventProperty System.Diagnostics.Eventing.Reader.EventProperty","home-win7-1","8f3f4f87-5aec-4072-bbd6-db6585200215","True"
"A new process has been created.

Subject:
	Security ID:		S-1-5-21-1465889373-2168228904-3323032715-1108
	Account Name:		asoa
	Account Domain:		HOME
	Logon ID:		0x2bd3f487

Process Information:
	New Process ID:		0xd1c
	New Process Name:	C:\Windows\System32\mmc.exe
	Token Elevation Type:	TokenElevationTypeDefault (1)
	Creator Process ID:	0x888

Token Elevation Type indicates the type of token that was assigned to the new process in accordance with User Account Control policy.

Type 1 is a full token with no privileges removed or groups disabled.  A full token is only used if User Account Control is disabled or if the user is the built-in Administrator account or a service account.

Type 2 is an elevated token with no privileges removed or groups disabled.  An elevated token is used when User Account Control is enabled and the user chooses to start the program using Run as administrator.  An elevated token is also used when an application is configured to always require administrative privilege or to always require maximum privilege, and the user is a member of the Administrators group.

Type 3 is a limited token with administrative privileges removed and administrative groups disabled.  The limited token is used when User Account Control is enabled, the application does not require administrative privilege, and the user does not choose to start the program using Run as administrator.","S-1-5-21-1465889373-2168228904-3323032715-1108","asoa","HOME","0x2bd3f487","0xd1c","C:\Windows\System32\mmc.exe","%%1936","0x888","4688","0",,"0","13312","0","-9214364837600034816","21654","Microsoft-Windows-Security-Auditing","54849625-5478-4994-a5ba-3e3b0328c30d","Security","44","home-win7-1.home.local",,"11/28/2016 10:48:38 PM",,,"security","","System.Diagnostics.Eventing.Reader.EventBookmark","Information","Info","Process Creation","Audit Success","System.Diagnostics.Eventing.Reader.EventProperty System.Diagnostics.Eventing.Reader.EventProperty System.Diagnostics.Eventing.Reader.EventProperty System.Diagnostics.Eventing.Reader.EventProperty System.Diagnostics.Eventing.Reader.EventProperty System.Diagnostics.Eventing.Reader.EventProperty System.Diagnostics.Eventing.Reader.EventProperty System.Diagnostics.Eventing.Reader.EventProperty","home-win7-1","8f3f4f87-5aec-4072-bbd6-db6585200215","True"
"A new process has been created.

Subject:
	Security ID:		S-1-5-18
	Account Name:		HOME-WIN7-1$
	Account Domain:		HOME
	Logon ID:		0x3e7

Process Information:
	New Process ID:		0xd28
	New Process Name:	C:\Windows\System32\wsmprovhost.exe
	Token Elevation Type:	TokenElevationTypeDefault (1)
	Creator Process ID:	0x260

Token Elevation Type indicates the type of token that was assigned to the new process in accordance with User Account Control policy.

Type 1 is a full token with no privileges removed or groups disabled.  A full token is only used if User Account Control is disabled or if the user is the built-in Administrator account or a service account.

Type 2 is an elevated token with no privileges removed or groups disabled.  An elevated token is used when User Account Control is enabled and the user chooses to start the program using Run as administrator.  An elevated token is also used when an application is configured to always require administrative privilege or to always require maximum privilege, and the user is a member of the Administrators group.

Type 3 is a limited token with administrative privileges removed and administrative groups disabled.  The limited token is used when User Account Control is enabled, the application does not require administrative privilege, and the user does not choose to start the program using Run as administrator.","S-1-5-18","HOME-WIN7-1$","HOME","0x3e7","0xd28","C:\Windows\System32\wsmprovhost.exe","%%1936","0x260","4688","0",,"0","13312","0","-9214364837600034816","21641","Microsoft-Windows-Security-Auditing","54849625-5478-4994-a5ba-3e3b0328c30d","Security","44","home-win7-1.home.local",,"11/28/2016 10:48:25 PM",,,"security","","System.Diagnostics.Eventing.Reader.EventBookmark","Information","Info","Process Creation","Audit Success","System.Diagnostics.Eventing.Reader.EventProperty System.Diagnostics.Eventing.Reader.EventProperty System.Diagnostics.Eventing.Reader.EventProperty System.Diagnostics.Eventing.Reader.EventProperty System.Diagnostics.Eventing.Reader.EventProperty System.Diagnostics.Eventing.Reader.EventProperty System.Diagnostics.Eventing.Reader.EventProperty System.Diagnostics.Eventing.Reader.EventProperty","home-win7-1","8f3f4f87-5aec-4072-bbd6-db6585200215","True"
"A new process has been created.

Subject:
	Security ID:		S-1-5-18
	Account Name:		HOME-WIN7-1$
	Account Domain:		HOME
	Logon ID:		0x3e7

Process Information:
	New Process ID:		0x830
	New Process Name:	C:\Windows\System32\dllhost.exe
	Token Elevation Type:	TokenElevationTypeDefault (1)
	Creator Process ID:	0x260

Token Elevation Type indicates the type of token that was assigned to the new process in accordance with User Account Control policy.

Type 1 is a full token with no privileges removed or groups disabled.  A full token is only used if User Account Control is disabled or if the user is the built-in Administrator account or a service account.

Type 2 is an elevated token with no privileges removed or groups disabled.  An elevated token is used when User Account Control is enabled and the user chooses to start the program using Run as administrator.  An elevated token is also used when an application is configured to always require administrative privilege or to always require maximum privilege, and the user is a member of the Administrators group.

Type 3 is a limited token with administrative privileges removed and administrative groups disabled.  The limited token is used when User Account Control is enabled, the application does not require administrative privilege, and the user does not choose to start the program using Run as administrator.","S-1-5-18","HOME-WIN7-1$","HOME","0x3e7","0x830","C:\Windows\System32\dllhost.exe","%%1936","0x260","4688","0",,"0","13312","0","-9214364837600034816","21640","Microsoft-Windows-Security-Auditing","54849625-5478-4994-a5ba-3e3b0328c30d","Security","44","home-win7-1.home.local",,"11/28/2016 10:48:25 PM",,,"security","","System.Diagnostics.Eventing.Reader.EventBookmark","Information","Info","Process Creation","Audit Success","System.Diagnostics.Eventing.Reader.EventProperty System.Diagnostics.Eventing.Reader.EventProperty System.Diagnostics.Eventing.Reader.EventProperty System.Diagnostics.Eventing.Reader.EventProperty System.Diagnostics.Eventing.Reader.EventProperty System.Diagnostics.Eventing.Reader.EventProperty System.Diagnostics.Eventing.Reader.EventProperty System.Diagnostics.Eventing.Reader.EventProperty","home-win7-1","8f3f4f87-5aec-4072-bbd6-db6585200215","True"
"A new process has been created.

Subject:
	Security ID:		S-1-5-18
	Account Name:		HOME-WIN7-1$
	Account Domain:		HOME
	Logon ID:		0x3e7

Process Information:
	New Process ID:		0xfa4
	New Process Name:	C:\Windows\System32\wsmprovhost.exe
	Token Elevation Type:	TokenElevationTypeDefault (1)
	Creator Process ID:	0x260

Token Elevation Type indicates the type of token that was assigned to the new process in accordance with User Account Control policy.

Type 1 is a full token with no privileges removed or groups disabled.  A full token is only used if User Account Control is disabled or if the user is the built-in Administrator account or a service account.

Type 2 is an elevated token with no privileges removed or groups disabled.  An elevated token is used when User Account Control is enabled and the user chooses to start the program using Run as administrator.  An elevated token is also used when an application is configured to always require administrative privilege or to always require maximum privilege, and the user is a member of the Administrators group.

Type 3 is a limited token with administrative privileges removed and administrative groups disabled.  The limited token is used when User Account Control is enabled, the application does not require administrative privilege, and the user does not choose to start the program using Run as administrator.","S-1-5-18","HOME-WIN7-1$","HOME","0x3e7","0xfa4","C:\Windows\System32\wsmprovhost.exe","%%1936","0x260","4688","0",,"0","13312","0","-9214364837600034816","21625","Microsoft-Windows-Security-Auditing","54849625-5478-4994-a5ba-3e3b0328c30d","Security","44","home-win7-1.home.local",,"11/28/2016 10:48:12 PM",,,"security","","System.Diagnostics.Eventing.Reader.EventBookmark","Information","Info","Process Creation","Audit Success","System.Diagnostics.Eventing.Reader.EventProperty System.Diagnostics.Eventing.Reader.EventProperty System.Diagnostics.Eventing.Reader.EventProperty System.Diagnostics.Eventing.Reader.EventProperty System.Diagnostics.Eventing.Reader.EventProperty System.Diagnostics.Eventing.Reader.EventProperty System.Diagnostics.Eventing.Reader.EventProperty System.Diagnostics.Eventing.Reader.EventProperty","home-win7-1","8f3f4f87-5aec-4072-bbd6-db6585200215","True"
"A new process has been created.

Subject:
	Security ID:		S-1-5-18
	Account Name:		HOME-WIN7-1$
	Account Domain:		HOME
	Logon ID:		0x3e7

Process Information:
	New Process ID:		0x578
	New Process Name:	C:\Windows\System32\dllhost.exe
	Token Elevation Type:	TokenElevationTypeDefault (1)
	Creator Process ID:	0x260

Token Elevation Type indicates the type of token that was assigned to the new process in accordance with User Account Control policy.

Type 1 is a full token with no privileges removed or groups disabled.  A full token is only used if User Account Control is disabled or if the user is the built-in Administrator account or a service account.

Type 2 is an elevated token with no privileges removed or groups disabled.  An elevated token is used when User Account Control is enabled and the user chooses to start the program using Run as administrator.  An elevated token is also used when an application is configured to always require administrative privilege or to always require maximum privilege, and the user is a member of the Administrators group.

Type 3 is a limited token with administrative privileges removed and administrative groups disabled.  The limited token is used when User Account Control is enabled, the application does not require administrative privilege, and the user does not choose to start the program using Run as administrator.","S-1-5-18","HOME-WIN7-1$","HOME","0x3e7","0x578","C:\Windows\System32\dllhost.exe","%%1936","0x260","4688","0",,"0","13312","0","-9214364837600034816","21624","Microsoft-Windows-Security-Auditing","54849625-5478-4994-a5ba-3e3b0328c30d","Security","44","home-win7-1.home.local",,"11/28/2016 10:48:12 PM",,,"security","","System.Diagnostics.Eventing.Reader.EventBookmark","Information","Info","Process Creation","Audit Success","System.Diagnostics.Eventing.Reader.EventProperty System.Diagnostics.Eventing.Reader.EventProperty System.Diagnostics.Eventing.Reader.EventProperty System.Diagnostics.Eventing.Reader.EventProperty System.Diagnostics.Eventing.Reader.EventProperty System.Diagnostics.Eventing.Reader.EventProperty System.Diagnostics.Eventing.Reader.EventProperty System.Diagnostics.Eventing.Reader.EventProperty","home-win7-1","8f3f4f87-5aec-4072-bbd6-db6585200215","True"
"A new process has been created.

Subject:
	Security ID:		S-1-5-18
	Account Name:		HOME-WIN7-1$
	Account Domain:		HOME
	Logon ID:		0x3e7

Process Information:
	New Process ID:		0xb3c
	New Process Name:	C:\Windows\System32\wsmprovhost.exe
	Token Elevation Type:	TokenElevationTypeDefault (1)
	Creator Process ID:	0x260

Token Elevation Type indicates the type of token that was assigned to the new process in accordance with User Account Control policy.

Type 1 is a full token with no privileges removed or groups disabled.  A full token is only used if User Account Control is disabled or if the user is the built-in Administrator account or a service account.

Type 2 is an elevated token with no privileges removed or groups disabled.  An elevated token is used when User Account Control is enabled and the user chooses to start the program using Run as administrator.  An elevated token is also used when an application is configured to always require administrative privilege or to always require maximum privilege, and the user is a member of the Administrators group.

Type 3 is a limited token with administrative privileges removed and administrative groups disabled.  The limited token is used when User Account Control is enabled, the application does not require administrative privilege, and the user does not choose to start the program using Run as administrator.","S-1-5-18","HOME-WIN7-1$","HOME","0x3e7","0xb3c","C:\Windows\System32\wsmprovhost.exe","%%1936","0x260","4688","0",,"0","13312","0","-9214364837600034816","21610","Microsoft-Windows-Security-Auditing","54849625-5478-4994-a5ba-3e3b0328c30d","Security","44","home-win7-1.home.local",,"11/28/2016 10:47:57 PM",,,"security","","System.Diagnostics.Eventing.Reader.EventBookmark","Information","Info","Process Creation","Audit Success","System.Diagnostics.Eventing.Reader.EventProperty System.Diagnostics.Eventing.Reader.EventProperty System.Diagnostics.Eventing.Reader.EventProperty System.Diagnostics.Eventing.Reader.EventProperty System.Diagnostics.Eventing.Reader.EventProperty System.Diagnostics.Eventing.Reader.EventProperty System.Diagnostics.Eventing.Reader.EventProperty System.Diagnostics.Eventing.Reader.EventProperty","home-win7-1","8f3f4f87-5aec-4072-bbd6-db6585200215","True"
"A new process has been created.

Subject:
	Security ID:		S-1-5-18
	Account Name:		HOME-WIN7-1$
	Account Domain:		HOME
	Logon ID:		0x3e7

Process Information:
	New Process ID:		0x6d4
	New Process Name:	C:\Windows\System32\dllhost.exe
	Token Elevation Type:	TokenElevationTypeDefault (1)
	Creator Process ID:	0x260

Token Elevation Type indicates the type of token that was assigned to the new process in accordance with User Account Control policy.

Type 1 is a full token with no privileges removed or groups disabled.  A full token is only used if User Account Control is disabled or if the user is the built-in Administrator account or a service account.

Type 2 is an elevated token with no privileges removed or groups disabled.  An elevated token is used when User Account Control is enabled and the user chooses to start the program using Run as administrator.  An elevated token is also used when an application is configured to always require administrative privilege or to always require maximum privilege, and the user is a member of the Administrators group.

Type 3 is a limited token with administrative privileges removed and administrative groups disabled.  The limited token is used when User Account Control is enabled, the application does not require administrative privilege, and the user does not choose to start the program using Run as administrator.","S-1-5-18","HOME-WIN7-1$","HOME","0x3e7","0x6d4","C:\Windows\System32\dllhost.exe","%%1936","0x260","4688","0",,"0","13312","0","-9214364837600034816","21609","Microsoft-Windows-Security-Auditing","54849625-5478-4994-a5ba-3e3b0328c30d","Security","44","home-win7-1.home.local",,"11/28/2016 10:47:57 PM",,,"security","","System.Diagnostics.Eventing.Reader.EventBookmark","Information","Info","Process Creation","Audit Success","System.Diagnostics.Eventing.Reader.EventProperty System.Diagnostics.Eventing.Reader.EventProperty System.Diagnostics.Eventing.Reader.EventProperty System.Diagnostics.Eventing.Reader.EventProperty System.Diagnostics.Eventing.Reader.EventProperty System.Diagnostics.Eventing.Reader.EventProperty System.Diagnostics.Eventing.Reader.EventProperty System.Diagnostics.Eventing.Reader.EventProperty","home-win7-1","8f3f4f87-5aec-4072-bbd6-db6585200215","True"
"A new process has been created.

Subject:
	Security ID:		S-1-5-18
	Account Name:		HOME-WIN7-1$
	Account Domain:		HOME
	Logon ID:		0x3e7

Process Information:
	New Process ID:		0x1a0
	New Process Name:	C:\Windows\System32\SearchFilterHost.exe
	Token Elevation Type:	TokenElevationTypeDefault (1)
	Creator Process ID:	0xa98

Token Elevation Type indicates the type of token that was assigned to the new process in accordance with User Account Control policy.

Type 1 is a full token with no privileges removed or groups disabled.  A full token is only used if User Account Control is disabled or if the user is the built-in Administrator account or a service account.

Type 2 is an elevated token with no privileges removed or groups disabled.  An elevated token is used when User Account Control is enabled and the user chooses to start the program using Run as administrator.  An elevated token is also used when an application is configured to always require administrative privilege or to always require maximum privilege, and the user is a member of the Administrators group.

Type 3 is a limited token with administrative privileges removed and administrative groups disabled.  The limited token is used when User Account Control is enabled, the application does not require administrative privilege, and the user does not choose to start the program using Run as administrator.","S-1-5-18","HOME-WIN7-1$","HOME","0x3e7","0x1a0","C:\Windows\System32\SearchFilterHost.exe","%%1936","0xa98","4688","0",,"0","13312","0","-9214364837600034816","21601","Microsoft-Windows-Security-Auditing","54849625-5478-4994-a5ba-3e3b0328c30d","Security","44","home-win7-1.home.local",,"11/28/2016 10:47:11 PM",,,"security","","System.Diagnostics.Eventing.Reader.EventBookmark","Information","Info","Process Creation","Audit Success","System.Diagnostics.Eventing.Reader.EventProperty System.Diagnostics.Eventing.Reader.EventProperty System.Diagnostics.Eventing.Reader.EventProperty System.Diagnostics.Eventing.Reader.EventProperty System.Diagnostics.Eventing.Reader.EventProperty System.Diagnostics.Eventing.Reader.EventProperty System.Diagnostics.Eventing.Reader.EventProperty System.Diagnostics.Eventing.Reader.EventProperty","home-win7-1","8f3f4f87-5aec-4072-bbd6-db6585200215","True"
"A new process has been created.

Subject:
	Security ID:		S-1-5-18
	Account Name:		HOME-WIN7-1$
	Account Domain:		HOME
	Logon ID:		0x3e7

Process Information:
	New Process ID:		0xbb8
	New Process Name:	C:\Windows\System32\SearchProtocolHost.exe
	Token Elevation Type:	TokenElevationTypeDefault (1)
	Creator Process ID:	0xa98

Token Elevation Type indicates the type of token that was assigned to the new process in accordance with User Account Control policy.

Type 1 is a full token with no privileges removed or groups disabled.  A full token is only used if User Account Control is disabled or if the user is the built-in Administrator account or a service account.

Type 2 is an elevated token with no privileges removed or groups disabled.  An elevated token is used when User Account Control is enabled and the user chooses to start the program using Run as administrator.  An elevated token is also used when an application is configured to always require administrative privilege or to always require maximum privilege, and the user is a member of the Administrators group.

Type 3 is a limited token with administrative privileges removed and administrative groups disabled.  The limited token is used when User Account Control is enabled, the application does not require administrative privilege, and the user does not choose to start the program using Run as administrator.","S-1-5-18","HOME-WIN7-1$","HOME","0x3e7","0xbb8","C:\Windows\System32\SearchProtocolHost.exe","%%1936","0xa98","4688","0",,"0","13312","0","-9214364837600034816","21600","Microsoft-Windows-Security-Auditing","54849625-5478-4994-a5ba-3e3b0328c30d","Security","44","home-win7-1.home.local",,"11/28/2016 10:47:11 PM",,,"security","","System.Diagnostics.Eventing.Reader.EventBookmark","Information","Info","Process Creation","Audit Success","System.Diagnostics.Eventing.Reader.EventProperty System.Diagnostics.Eventing.Reader.EventProperty System.Diagnostics.Eventing.Reader.EventProperty System.Diagnostics.Eventing.Reader.EventProperty System.Diagnostics.Eventing.Reader.EventProperty System.Diagnostics.Eventing.Reader.EventProperty System.Diagnostics.Eventing.Reader.EventProperty System.Diagnostics.Eventing.Reader.EventProperty","home-win7-1","8f3f4f87-5aec-4072-bbd6-db6585200215","True"
"A new process has been created.

Subject:
	Security ID:		S-1-5-18
	Account Name:		HOME-WIN7-1$
	Account Domain:		HOME
	Logon ID:		0x3e7

Process Information:
	New Process ID:		0x60c
	New Process Name:	C:\Windows\System32\slui.exe
	Token Elevation Type:	TokenElevationTypeDefault (1)
	Creator Process ID:	0x260

Token Elevation Type indicates the type of token that was assigned to the new process in accordance with User Account Control policy.

Type 1 is a full token with no privileges removed or groups disabled.  A full token is only used if User Account Control is disabled or if the user is the built-in Administrator account or a service account.

Type 2 is an elevated token with no privileges removed or groups disabled.  An elevated token is used when User Account Control is enabled and the user chooses to start the program using Run as administrator.  An elevated token is also used when an application is configured to always require administrative privilege or to always require maximum privilege, and the user is a member of the Administrators group.

Type 3 is a limited token with administrative privileges removed and administrative groups disabled.  The limited token is used when User Account Control is enabled, the application does not require administrative privilege, and the user does not choose to start the program using Run as administrator.","S-1-5-18","HOME-WIN7-1$","HOME","0x3e7","0x60c","C:\Windows\System32\slui.exe","%%1936","0x260","4688","0",,"0","13312","0","-9214364837600034816","21599","Microsoft-Windows-Security-Auditing","54849625-5478-4994-a5ba-3e3b0328c30d","Security","44","home-win7-1.home.local",,"11/28/2016 10:45:08 PM",,,"security","","System.Diagnostics.Eventing.Reader.EventBookmark","Information","Info","Process Creation","Audit Success","System.Diagnostics.Eventing.Reader.EventProperty System.Diagnostics.Eventing.Reader.EventProperty System.Diagnostics.Eventing.Reader.EventProperty System.Diagnostics.Eventing.Reader.EventProperty System.Diagnostics.Eventing.Reader.EventProperty System.Diagnostics.Eventing.Reader.EventProperty System.Diagnostics.Eventing.Reader.EventProperty System.Diagnostics.Eventing.Reader.EventProperty","home-win7-1","8f3f4f87-5aec-4072-bbd6-db6585200215","True"
"A new process has been created.

Subject:
	Security ID:		S-1-5-18
	Account Name:		HOME-WIN7-1$
	Account Domain:		HOME
	Logon ID:		0x3e7

Process Information:
	New Process ID:		0x63c
	New Process Name:	C:\Windows\System32\wsmprovhost.exe
	Token Elevation Type:	TokenElevationTypeDefault (1)
	Creator Process ID:	0x260

Token Elevation Type indicates the type of token that was assigned to the new process in accordance with User Account Control policy.

Type 1 is a full token with no privileges removed or groups disabled.  A full token is only used if User Account Control is disabled or if the user is the built-in Administrator account or a service account.

Type 2 is an elevated token with no privileges removed or groups disabled.  An elevated token is used when User Account Control is enabled and the user chooses to start the program using Run as administrator.  An elevated token is also used when an application is configured to always require administrative privilege or to always require maximum privilege, and the user is a member of the Administrators group.

Type 3 is a limited token with administrative privileges removed and administrative groups disabled.  The limited token is used when User Account Control is enabled, the application does not require administrative privilege, and the user does not choose to start the program using Run as administrator.","S-1-5-18","HOME-WIN7-1$","HOME","0x3e7","0x63c","C:\Windows\System32\wsmprovhost.exe","%%1936","0x260","4688","0",,"0","13312","0","-9214364837600034816","21586","Microsoft-Windows-Security-Auditing","54849625-5478-4994-a5ba-3e3b0328c30d","Security","44","home-win7-1.home.local",,"11/28/2016 10:43:55 PM",,,"security","","System.Diagnostics.Eventing.Reader.EventBookmark","Information","Info","Process Creation","Audit Success","System.Diagnostics.Eventing.Reader.EventProperty System.Diagnostics.Eventing.Reader.EventProperty System.Diagnostics.Eventing.Reader.EventProperty System.Diagnostics.Eventing.Reader.EventProperty System.Diagnostics.Eventing.Reader.EventProperty System.Diagnostics.Eventing.Reader.EventProperty System.Diagnostics.Eventing.Reader.EventProperty System.Diagnostics.Eventing.Reader.EventProperty","home-win7-1","8f3f4f87-5aec-4072-bbd6-db6585200215","True"
"A new process has been created.

Subject:
	Security ID:		S-1-5-18
	Account Name:		HOME-WIN7-1$
	Account Domain:		HOME
	Logon ID:		0x3e7

Process Information:
	New Process ID:		0xc88
	New Process Name:	C:\Windows\System32\dllhost.exe
	Token Elevation Type:	TokenElevationTypeDefault (1)
	Creator Process ID:	0x260

Token Elevation Type indicates the type of token that was assigned to the new process in accordance with User Account Control policy.

Type 1 is a full token with no privileges removed or groups disabled.  A full token is only used if User Account Control is disabled or if the user is the built-in Administrator account or a service account.

Type 2 is an elevated token with no privileges removed or groups disabled.  An elevated token is used when User Account Control is enabled and the user chooses to start the program using Run as administrator.  An elevated token is also used when an application is configured to always require administrative privilege or to always require maximum privilege, and the user is a member of the Administrators group.

Type 3 is a limited token with administrative privileges removed and administrative groups disabled.  The limited token is used when User Account Control is enabled, the application does not require administrative privilege, and the user does not choose to start the program using Run as administrator.","S-1-5-18","HOME-WIN7-1$","HOME","0x3e7","0xc88","C:\Windows\System32\dllhost.exe","%%1936","0x260","4688","0",,"0","13312","0","-9214364837600034816","21585","Microsoft-Windows-Security-Auditing","54849625-5478-4994-a5ba-3e3b0328c30d","Security","44","home-win7-1.home.local",,"11/28/2016 10:43:55 PM",,,"security","","System.Diagnostics.Eventing.Reader.EventBookmark","Information","Info","Process Creation","Audit Success","System.Diagnostics.Eventing.Reader.EventProperty System.Diagnostics.Eventing.Reader.EventProperty System.Diagnostics.Eventing.Reader.EventProperty System.Diagnostics.Eventing.Reader.EventProperty System.Diagnostics.Eventing.Reader.EventProperty System.Diagnostics.Eventing.Reader.EventProperty System.Diagnostics.Eventing.Reader.EventProperty System.Diagnostics.Eventing.Reader.EventProperty","home-win7-1","8f3f4f87-5aec-4072-bbd6-db6585200215","True"
"A new process has been created.

Subject:
	Security ID:		S-1-5-18
	Account Name:		HOME-WIN7-1$
	Account Domain:		HOME
	Logon ID:		0x3e7

Process Information:
	New Process ID:		0xa08
	New Process Name:	C:\Windows\System32\SearchFilterHost.exe
	Token Elevation Type:	TokenElevationTypeDefault (1)
	Creator Process ID:	0xa98

Token Elevation Type indicates the type of token that was assigned to the new process in accordance with User Account Control policy.

Type 1 is a full token with no privileges removed or groups disabled.  A full token is only used if User Account Control is disabled or if the user is the built-in Administrator account or a service account.

Type 2 is an elevated token with no privileges removed or groups disabled.  An elevated token is used when User Account Control is enabled and the user chooses to start the program using Run as administrator.  An elevated token is also used when an application is configured to always require administrative privilege or to always require maximum privilege, and the user is a member of the Administrators group.

Type 3 is a limited token with administrative privileges removed and administrative groups disabled.  The limited token is used when User Account Control is enabled, the application does not require administrative privilege, and the user does not choose to start the program using Run as administrator.","S-1-5-18","HOME-WIN7-1$","HOME","0x3e7","0xa08","C:\Windows\System32\SearchFilterHost.exe","%%1936","0xa98","4688","0",,"0","13312","0","-9214364837600034816","21582","Microsoft-Windows-Security-Auditing","54849625-5478-4994-a5ba-3e3b0328c30d","Security","44","home-win7-1.home.local",,"11/28/2016 10:43:42 PM",,,"security","","System.Diagnostics.Eventing.Reader.EventBookmark","Information","Info","Process Creation","Audit Success","System.Diagnostics.Eventing.Reader.EventProperty System.Diagnostics.Eventing.Reader.EventProperty System.Diagnostics.Eventing.Reader.EventProperty System.Diagnostics.Eventing.Reader.EventProperty System.Diagnostics.Eventing.Reader.EventProperty System.Diagnostics.Eventing.Reader.EventProperty System.Diagnostics.Eventing.Reader.EventProperty System.Diagnostics.Eventing.Reader.EventProperty","home-win7-1","8f3f4f87-5aec-4072-bbd6-db6585200215","True"
"A new process has been created.

Subject:
	Security ID:		S-1-5-18
	Account Name:		HOME-WIN7-1$
	Account Domain:		HOME
	Logon ID:		0x3e7

Process Information:
	New Process ID:		0x5c8
	New Process Name:	C:\Windows\System32\wsmprovhost.exe
	Token Elevation Type:	TokenElevationTypeDefault (1)
	Creator Process ID:	0x260

Token Elevation Type indicates the type of token that was assigned to the new process in accordance with User Account Control policy.

Type 1 is a full token with no privileges removed or groups disabled.  A full token is only used if User Account Control is disabled or if the user is the built-in Administrator account or a service account.

Type 2 is an elevated token with no privileges removed or groups disabled.  An elevated token is used when User Account Control is enabled and the user chooses to start the program using Run as administrator.  An elevated token is also used when an application is configured to always require administrative privilege or to always require maximum privilege, and the user is a member of the Administrators group.

Type 3 is a limited token with administrative privileges removed and administrative groups disabled.  The limited token is used when User Account Control is enabled, the application does not require administrative privilege, and the user does not choose to start the program using Run as administrator.","S-1-5-18","HOME-WIN7-1$","HOME","0x3e7","0x5c8","C:\Windows\System32\wsmprovhost.exe","%%1936","0x260","4688","0",,"0","13312","0","-9214364837600034816","21569","Microsoft-Windows-Security-Auditing","54849625-5478-4994-a5ba-3e3b0328c30d","Security","44","home-win7-1.home.local",,"11/28/2016 10:43:41 PM",,,"security","","System.Diagnostics.Eventing.Reader.EventBookmark","Information","Info","Process Creation","Audit Success","System.Diagnostics.Eventing.Reader.EventProperty System.Diagnostics.Eventing.Reader.EventProperty System.Diagnostics.Eventing.Reader.EventProperty System.Diagnostics.Eventing.Reader.EventProperty System.Diagnostics.Eventing.Reader.EventProperty System.Diagnostics.Eventing.Reader.EventProperty System.Diagnostics.Eventing.Reader.EventProperty System.Diagnostics.Eventing.Reader.EventProperty","home-win7-1","8f3f4f87-5aec-4072-bbd6-db6585200215","True"
"A new process has been created.

Subject:
	Security ID:		S-1-5-18
	Account Name:		HOME-WIN7-1$
	Account Domain:		HOME
	Logon ID:		0x3e7

Process Information:
	New Process ID:		0xb2c
	New Process Name:	C:\Windows\System32\dllhost.exe
	Token Elevation Type:	TokenElevationTypeDefault (1)
	Creator Process ID:	0x260

Token Elevation Type indicates the type of token that was assigned to the new process in accordance with User Account Control policy.

Type 1 is a full token with no privileges removed or groups disabled.  A full token is only used if User Account Control is disabled or if the user is the built-in Administrator account or a service account.

Type 2 is an elevated token with no privileges removed or groups disabled.  An elevated token is used when User Account Control is enabled and the user chooses to start the program using Run as administrator.  An elevated token is also used when an application is configured to always require administrative privilege or to always require maximum privilege, and the user is a member of the Administrators group.

Type 3 is a limited token with administrative privileges removed and administrative groups disabled.  The limited token is used when User Account Control is enabled, the application does not require administrative privilege, and the user does not choose to start the program using Run as administrator.","S-1-5-18","HOME-WIN7-1$","HOME","0x3e7","0xb2c","C:\Windows\System32\dllhost.exe","%%1936","0x260","4688","0",,"0","13312","0","-9214364837600034816","21568","Microsoft-Windows-Security-Auditing","54849625-5478-4994-a5ba-3e3b0328c30d","Security","44","home-win7-1.home.local",,"11/28/2016 10:43:41 PM",,,"security","","System.Diagnostics.Eventing.Reader.EventBookmark","Information","Info","Process Creation","Audit Success","System.Diagnostics.Eventing.Reader.EventProperty System.Diagnostics.Eventing.Reader.EventProperty System.Diagnostics.Eventing.Reader.EventProperty System.Diagnostics.Eventing.Reader.EventProperty System.Diagnostics.Eventing.Reader.EventProperty System.Diagnostics.Eventing.Reader.EventProperty System.Diagnostics.Eventing.Reader.EventProperty System.Diagnostics.Eventing.Reader.EventProperty","home-win7-1","8f3f4f87-5aec-4072-bbd6-db6585200215","True"
"A new process has been created.

Subject:
	Security ID:		S-1-5-18
	Account Name:		HOME-WIN7-1$
	Account Domain:		HOME
	Logon ID:		0x3e7

Process Information:
	New Process ID:		0x950
	New Process Name:	C:\Windows\System32\SearchProtocolHost.exe
	Token Elevation Type:	TokenElevationTypeDefault (1)
	Creator Process ID:	0xa98

Token Elevation Type indicates the type of token that was assigned to the new process in accordance with User Account Control policy.

Type 1 is a full token with no privileges removed or groups disabled.  A full token is only used if User Account Control is disabled or if the user is the built-in Administrator account or a service account.

Type 2 is an elevated token with no privileges removed or groups disabled.  An elevated token is used when User Account Control is enabled and the user chooses to start the program using Run as administrator.  An elevated token is also used when an application is configured to always require administrative privilege or to always require maximum privilege, and the user is a member of the Administrators group.

Type 3 is a limited token with administrative privileges removed and administrative groups disabled.  The limited token is used when User Account Control is enabled, the application does not require administrative privilege, and the user does not choose to start the program using Run as administrator.","S-1-5-18","HOME-WIN7-1$","HOME","0x3e7","0x950","C:\Windows\System32\SearchProtocolHost.exe","%%1936","0xa98","4688","0",,"0","13312","0","-9214364837600034816","21561","Microsoft-Windows-Security-Auditing","54849625-5478-4994-a5ba-3e3b0328c30d","Security","44","home-win7-1.home.local",,"11/28/2016 10:43:41 PM",,,"security","","System.Diagnostics.Eventing.Reader.EventBookmark","Information","Info","Process Creation","Audit Success","System.Diagnostics.Eventing.Reader.EventProperty System.Diagnostics.Eventing.Reader.EventProperty System.Diagnostics.Eventing.Reader.EventProperty System.Diagnostics.Eventing.Reader.EventProperty System.Diagnostics.Eventing.Reader.EventProperty System.Diagnostics.Eventing.Reader.EventProperty System.Diagnostics.Eventing.Reader.EventProperty System.Diagnostics.Eventing.Reader.EventProperty","home-win7-1","8f3f4f87-5aec-4072-bbd6-db6585200215","True"
"A new process has been created.

Subject:
	Security ID:		S-1-5-18
	Account Name:		HOME-WIN7-1$
	Account Domain:		HOME
	Logon ID:		0x3e7

Process Information:
	New Process ID:		0xc9c
	New Process Name:	C:\Windows\System32\SearchFilterHost.exe
	Token Elevation Type:	TokenElevationTypeDefault (1)
	Creator Process ID:	0xa98

Token Elevation Type indicates the type of token that was assigned to the new process in accordance with User Account Control policy.

Type 1 is a full token with no privileges removed or groups disabled.  A full token is only used if User Account Control is disabled or if the user is the built-in Administrator account or a service account.

Type 2 is an elevated token with no privileges removed or groups disabled.  An elevated token is used when User Account Control is enabled and the user chooses to start the program using Run as administrator.  An elevated token is also used when an application is configured to always require administrative privilege or to always require maximum privilege, and the user is a member of the Administrators group.

Type 3 is a limited token with administrative privileges removed and administrative groups disabled.  The limited token is used when User Account Control is enabled, the application does not require administrative privilege, and the user does not choose to start the program using Run as administrator.","S-1-5-18","HOME-WIN7-1$","HOME","0x3e7","0xc9c","C:\Windows\System32\SearchFilterHost.exe","%%1936","0xa98","4688","0",,"0","13312","0","-9214364837600034816","21560","Microsoft-Windows-Security-Auditing","54849625-5478-4994-a5ba-3e3b0328c30d","Security","44","home-win7-1.home.local",,"11/28/2016 10:39:26 PM",,,"security","","System.Diagnostics.Eventing.Reader.EventBookmark","Information","Info","Process Creation","Audit Success","System.Diagnostics.Eventing.Reader.EventProperty System.Diagnostics.Eventing.Reader.EventProperty System.Diagnostics.Eventing.Reader.EventProperty System.Diagnostics.Eventing.Reader.EventProperty System.Diagnostics.Eventing.Reader.EventProperty System.Diagnostics.Eventing.Reader.EventProperty System.Diagnostics.Eventing.Reader.EventProperty System.Diagnostics.Eventing.Reader.EventProperty","home-win7-1","8f3f4f87-5aec-4072-bbd6-db6585200215","True"
"A new process has been created.

Subject:
	Security ID:		S-1-5-18
	Account Name:		HOME-WIN7-1$
	Account Domain:		HOME
	Logon ID:		0x3e7

Process Information:
	New Process ID:		0xfdc
	New Process Name:	C:\Windows\System32\SearchProtocolHost.exe
	Token Elevation Type:	TokenElevationTypeDefault (1)
	Creator Process ID:	0xa98

Token Elevation Type indicates the type of token that was assigned to the new process in accordance with User Account Control policy.

Type 1 is a full token with no privileges removed or groups disabled.  A full token is only used if User Account Control is disabled or if the user is the built-in Administrator account or a service account.

Type 2 is an elevated token with no privileges removed or groups disabled.  An elevated token is used when User Account Control is enabled and the user chooses to start the program using Run as administrator.  An elevated token is also used when an application is configured to always require administrative privilege or to always require maximum privilege, and the user is a member of the Administrators group.

Type 3 is a limited token with administrative privileges removed and administrative groups disabled.  The limited token is used when User Account Control is enabled, the application does not require administrative privilege, and the user does not choose to start the program using Run as administrator.","S-1-5-18","HOME-WIN7-1$","HOME","0x3e7","0xfdc","C:\Windows\System32\SearchProtocolHost.exe","%%1936","0xa98","4688","0",,"0","13312","0","-9214364837600034816","21559","Microsoft-Windows-Security-Auditing","54849625-5478-4994-a5ba-3e3b0328c30d","Security","44","home-win7-1.home.local",,"11/28/2016 10:39:26 PM",,,"security","","System.Diagnostics.Eventing.Reader.EventBookmark","Information","Info","Process Creation","Audit Success","System.Diagnostics.Eventing.Reader.EventProperty System.Diagnostics.Eventing.Reader.EventProperty System.Diagnostics.Eventing.Reader.EventProperty System.Diagnostics.Eventing.Reader.EventProperty System.Diagnostics.Eventing.Reader.EventProperty System.Diagnostics.Eventing.Reader.EventProperty System.Diagnostics.Eventing.Reader.EventProperty System.Diagnostics.Eventing.Reader.EventProperty","home-win7-1","8f3f4f87-5aec-4072-bbd6-db6585200215","True"
"A new process has been created.

Subject:
	Security ID:		S-1-5-18
	Account Name:		HOME-WIN7-1$
	Account Domain:		HOME
	Logon ID:		0x3e7

Process Information:
	New Process ID:		0x984
	New Process Name:	C:\Windows\System32\wsmprovhost.exe
	Token Elevation Type:	TokenElevationTypeDefault (1)
	Creator Process ID:	0x260

Token Elevation Type indicates the type of token that was assigned to the new process in accordance with User Account Control policy.

Type 1 is a full token with no privileges removed or groups disabled.  A full token is only used if User Account Control is disabled or if the user is the built-in Administrator account or a service account.

Type 2 is an elevated token with no privileges removed or groups disabled.  An elevated token is used when User Account Control is enabled and the user chooses to start the program using Run as administrator.  An elevated token is also used when an application is configured to always require administrative privilege or to always require maximum privilege, and the user is a member of the Administrators group.

Type 3 is a limited token with administrative privileges removed and administrative groups disabled.  The limited token is used when User Account Control is enabled, the application does not require administrative privilege, and the user does not choose to start the program using Run as administrator.","S-1-5-18","HOME-WIN7-1$","HOME","0x3e7","0x984","C:\Windows\System32\wsmprovhost.exe","%%1936","0x260","4688","0",,"0","13312","0","-9214364837600034816","21542","Microsoft-Windows-Security-Auditing","54849625-5478-4994-a5ba-3e3b0328c30d","Security","44","home-win7-1.home.local",,"11/28/2016 10:35:50 PM",,,"security","","System.Diagnostics.Eventing.Reader.EventBookmark","Information","Info","Process Creation","Audit Success","System.Diagnostics.Eventing.Reader.EventProperty System.Diagnostics.Eventing.Reader.EventProperty System.Diagnostics.Eventing.Reader.EventProperty System.Diagnostics.Eventing.Reader.EventProperty System.Diagnostics.Eventing.Reader.EventProperty System.Diagnostics.Eventing.Reader.EventProperty System.Diagnostics.Eventing.Reader.EventProperty System.Diagnostics.Eventing.Reader.EventProperty","home-win7-1","8f3f4f87-5aec-4072-bbd6-db6585200215","True"
