#TYPE Selected.System.Diagnostics.Eventing.Reader.EventLogRecord
"TargetUserSid","TargetUserName","TargetDomainName","TargetLogonId","LogonType","Id","Version","Qualifiers","Level","Task","Opcode","Keywords","RecordId","ProviderName","ProviderId","LogName","ProcessId","ThreadId","MachineName","UserId","TimeCreated","ActivityId","RelatedActivityId","ContainerLog","MatchedQueryIds","Bookmark","LevelDisplayName","OpcodeDisplayName","TaskDisplayName","KeywordsDisplayNames","Properties","PSComputerName","RunspaceId","PSShowComputerName"
"S-1-5-18","SYSTEM","NT AUTHORITY","0x3e7","5","4624","1",,"0","12544","0","-9214364837600034816","239","Microsoft-Windows-Security-Auditing","54849625-5478-4994-a5ba-3e3b0328c30d","Security","0x1ec","3552","ALEXBAILEYB8AD",,"12/6/16 1:43:21 PM",,,"security","System.UInt32[]","System.Diagnostics.Eventing.Reader.EventBookmark","Information","Info","Logon","System.Collections.ObjectModel.ReadOnlyCollection`1[System.String]","System.Collections.Generic.List`1[System.Diagnostics.Eventing.Reader.EventProperty]",,,
"S-1-5-18","SYSTEM","NT AUTHORITY","0x3e7","5","4624","1",,"0","12544","0","-9214364837600034816","237","Microsoft-Windows-Security-Auditing","54849625-5478-4994-a5ba-3e3b0328c30d","Security","0x1ec","1404","ALEXBAILEYB8AD",,"12/6/16 1:34:22 PM",,,"security","System.UInt32[]","System.Diagnostics.Eventing.Reader.EventBookmark","Information","Info","Logon","System.Collections.ObjectModel.ReadOnlyCollection`1[System.String]","System.Collections.Generic.List`1[System.Diagnostics.Eventing.Reader.EventProperty]",,,
"S-1-5-18","SYSTEM","NT AUTHORITY","0x3e7","5","4624","1",,"0","12544","0","-9214364837600034816","231","Microsoft-Windows-Security-Auditing","54849625-5478-4994-a5ba-3e3b0328c30d","Security","0x1ec","2268","ALEXBAILEYB8AD",,"12/6/16 10:51:00 AM",,,"security","System.UInt32[]","System.Diagnostics.Eventing.Reader.EventBookmark","Information","Info","Logon","System.Collections.ObjectModel.ReadOnlyCollection`1[System.String]","System.Collections.Generic.List`1[System.Diagnostics.Eventing.Reader.EventProperty]",,,
"S-1-5-18","SYSTEM","NT AUTHORITY","0x3e7","5","4624","1",,"0","12544","0","-9214364837600034816","228","Microsoft-Windows-Security-Auditing","54849625-5478-4994-a5ba-3e3b0328c30d","Security","0x1ec","904","ALEXBAILEYB8AD",,"12/6/16 5:06:43 AM",,,"security","System.UInt32[]","System.Diagnostics.Eventing.Reader.EventBookmark","Information","Info","Logon","System.Collections.ObjectModel.ReadOnlyCollection`1[System.String]","System.Collections.Generic.List`1[System.Diagnostics.Eventing.Reader.EventProperty]",,,
"S-1-5-18","SYSTEM","NT AUTHORITY","0x3e7","5","4624","1",,"0","12544","0","-9214364837600034816","226","Microsoft-Windows-Security-Auditing","54849625-5478-4994-a5ba-3e3b0328c30d","Security","0x1ec","3796","ALEXBAILEYB8AD",,"12/6/16 4:24:58 AM",,,"security","System.UInt32[]","System.Diagnostics.Eventing.Reader.EventBookmark","Information","Info","Logon","System.Collections.ObjectModel.ReadOnlyCollection`1[System.String]","System.Collections.Generic.List`1[System.Diagnostics.Eventing.Reader.EventProperty]",,,
"S-1-5-18","SYSTEM","NT AUTHORITY","0x3e7","5","4624","1",,"0","12544","0","-9214364837600034816","223","Microsoft-Windows-Security-Auditing","54849625-5478-4994-a5ba-3e3b0328c30d","Security","0x1ec","1820","ALEXBAILEYB8AD",,"12/5/16 12:56:18 PM",,,"security","System.UInt32[]","System.Diagnostics.Eventing.Reader.EventBookmark","Information","Info","Logon","System.Collections.ObjectModel.ReadOnlyCollection`1[System.String]","System.Collections.Generic.List`1[System.Diagnostics.Eventing.Reader.EventProperty]",,,
"S-1-5-18","SYSTEM","NT AUTHORITY","0x3e7","5","4624","1",,"0","12544","0","-9214364837600034816","221","Microsoft-Windows-Security-Auditing","54849625-5478-4994-a5ba-3e3b0328c30d","Security","0x1ec","1820","ALEXBAILEYB8AD",,"12/5/16 12:56:18 PM",,,"security","System.UInt32[]","System.Diagnostics.Eventing.Reader.EventBookmark","Information","Info","Logon","System.Collections.ObjectModel.ReadOnlyCollection`1[System.String]","System.Collections.Generic.List`1[System.Diagnostics.Eventing.Reader.EventProperty]",,,
"S-1-5-18","SYSTEM","NT AUTHORITY","0x3e7","5","4624","1",,"0","12544","0","-9214364837600034816","219","Microsoft-Windows-Security-Auditing","54849625-5478-4994-a5ba-3e3b0328c30d","Security","0x1ec","1820","ALEXBAILEYB8AD",,"12/5/16 12:56:16 PM",,,"security","System.UInt32[]","System.Diagnostics.Eventing.Reader.EventBookmark","Information","Info","Logon","System.Collections.ObjectModel.ReadOnlyCollection`1[System.String]","System.Collections.Generic.List`1[System.Diagnostics.Eventing.Reader.EventProperty]",,,
"S-1-5-18","SYSTEM","NT AUTHORITY","0x3e7","5","4624","1",,"0","12544","0","-9214364837600034816","217","Microsoft-Windows-Security-Auditing","54849625-5478-4994-a5ba-3e3b0328c30d","Security","0x1ec","1776","ALEXBAILEYB8AD",,"12/5/16 12:55:44 PM",,,"security","System.UInt32[]","System.Diagnostics.Eventing.Reader.EventBookmark","Information","Info","Logon","System.Collections.ObjectModel.ReadOnlyCollection`1[System.String]","System.Collections.Generic.List`1[System.Diagnostics.Eventing.Reader.EventProperty]",,,
"S-1-5-18","SYSTEM","NT AUTHORITY","0x3e7","5","4624","1",,"0","12544","0","-9214364837600034816","215","Microsoft-Windows-Security-Auditing","54849625-5478-4994-a5ba-3e3b0328c30d","Security","0x1ec","3368","ALEXBAILEYB8AD",,"12/5/16 12:44:32 PM",,,"security","System.UInt32[]","System.Diagnostics.Eventing.Reader.EventBookmark","Information","Info","Logon","System.Collections.ObjectModel.ReadOnlyCollection`1[System.String]","System.Collections.Generic.List`1[System.Diagnostics.Eventing.Reader.EventProperty]",,,
"S-1-5-18","SYSTEM","NT AUTHORITY","0x3e7","5","4624","1",,"0","12544","0","-9214364837600034816","213","Microsoft-Windows-Security-Auditing","54849625-5478-4994-a5ba-3e3b0328c30d","Security","0x1ec","3368","ALEXBAILEYB8AD",,"12/5/16 12:44:31 PM",,,"security","System.UInt32[]","System.Diagnostics.Eventing.Reader.EventBookmark","Information","Info","Logon","System.Collections.ObjectModel.ReadOnlyCollection`1[System.String]","System.Collections.Generic.List`1[System.Diagnostics.Eventing.Reader.EventProperty]",,,
"S-1-5-18","SYSTEM","NT AUTHORITY","0x3e7","5","4624","1",,"0","12544","0","-9214364837600034816","211","Microsoft-Windows-Security-Auditing","54849625-5478-4994-a5ba-3e3b0328c30d","Security","0x1ec","3368","ALEXBAILEYB8AD",,"12/5/16 12:44:27 PM",,,"security","System.UInt32[]","System.Diagnostics.Eventing.Reader.EventBookmark","Information","Info","Logon","System.Collections.ObjectModel.ReadOnlyCollection`1[System.String]","System.Collections.Generic.List`1[System.Diagnostics.Eventing.Reader.EventProperty]",,,
"S-1-5-18","SYSTEM","NT AUTHORITY","0x3e7","5","4624","1",,"0","12544","0","-9214364837600034816","209","Microsoft-Windows-Security-Auditing","54849625-5478-4994-a5ba-3e3b0328c30d","Security","0x1ec","568","ALEXBAILEYB8AD",,"12/5/16 12:41:57 PM",,,"security","System.UInt32[]","System.Diagnostics.Eventing.Reader.EventBookmark","Information","Info","Logon","System.Collections.ObjectModel.ReadOnlyCollection`1[System.String]","System.Collections.Generic.List`1[System.Diagnostics.Eventing.Reader.EventProperty]",,,
"S-1-5-18","SYSTEM","NT AUTHORITY","0x3e7","5","4624","1",,"0","12544","0","-9214364837600034816","206","Microsoft-Windows-Security-Auditing","54849625-5478-4994-a5ba-3e3b0328c30d","Security","0x1ec","568","ALEXBAILEYB8AD",,"12/5/16 12:07:26 PM",,,"security","System.UInt32[]","System.Diagnostics.Eventing.Reader.EventBookmark","Information","Info","Logon","System.Collections.ObjectModel.ReadOnlyCollection`1[System.String]","System.Collections.Generic.List`1[System.Diagnostics.Eventing.Reader.EventProperty]",,,
"S-1-5-18","SYSTEM","NT AUTHORITY","0x3e7","5","4624","1",,"0","12544","0","-9214364837600034816","197","Microsoft-Windows-Security-Auditing","54849625-5478-4994-a5ba-3e3b0328c30d","Security","0x1ec","568","ALEXBAILEYB8AD",,"12/3/16 1:16:57 PM",,,"security","System.UInt32[]","System.Diagnostics.Eventing.Reader.EventBookmark","Information","Info","Logon","System.Collections.ObjectModel.ReadOnlyCollection`1[System.String]","System.Collections.Generic.List`1[System.Diagnostics.Eventing.Reader.EventProperty]",,,
"S-1-5-18","SYSTEM","NT AUTHORITY","0x3e7","5","4624","1",,"0","12544","0","-9214364837600034816","193","Microsoft-Windows-Security-Auditing","54849625-5478-4994-a5ba-3e3b0328c30d","Security","0x1ec","3012","ALEXBAILEYB8AD",,"12/3/16 11:32:01 AM",,,"security","System.UInt32[]","System.Diagnostics.Eventing.Reader.EventBookmark","Information","Info","Logon","System.Collections.ObjectModel.ReadOnlyCollection`1[System.String]","System.Collections.Generic.List`1[System.Diagnostics.Eventing.Reader.EventProperty]",,,
"S-1-5-18","SYSTEM","NT AUTHORITY","0x3e7","5","4624","1",,"0","12544","0","-9214364837600034816","191","Microsoft-Windows-Security-Auditing","54849625-5478-4994-a5ba-3e3b0328c30d","Security","0x1ec","568","ALEXBAILEYB8AD",,"12/3/16 11:29:38 AM",,,"security","System.UInt32[]","System.Diagnostics.Eventing.Reader.EventBookmark","Information","Info","Logon","System.Collections.ObjectModel.ReadOnlyCollection`1[System.String]","System.Collections.Generic.List`1[System.Diagnostics.Eventing.Reader.EventProperty]",,,
"S-1-5-18","SYSTEM","NT AUTHORITY","0x3e7","5","4624","1",,"0","12544","0","-9214364837600034816","184","Microsoft-Windows-Security-Auditing","54849625-5478-4994-a5ba-3e3b0328c30d","Security","0x1ec","560","ALEXBAILEYB8AD",,"12/3/16 11:26:37 AM",,,"security","System.UInt32[]","System.Diagnostics.Eventing.Reader.EventBookmark","Information","Info","Logon","System.Collections.ObjectModel.ReadOnlyCollection`1[System.String]","System.Collections.Generic.List`1[System.Diagnostics.Eventing.Reader.EventProperty]",,,
"S-1-5-18","SYSTEM","NT AUTHORITY","0x3e7","5","4624","1",,"0","12544","0","-9214364837600034816","182","Microsoft-Windows-Security-Auditing","54849625-5478-4994-a5ba-3e3b0328c30d","Security","0x1ec","560","ALEXBAILEYB8AD",,"12/3/16 11:26:37 AM",,,"security","System.UInt32[]","System.Diagnostics.Eventing.Reader.EventBookmark","Information","Info","Logon","System.Collections.ObjectModel.ReadOnlyCollection`1[System.String]","System.Collections.Generic.List`1[System.Diagnostics.Eventing.Reader.EventProperty]",,,
"S-1-5-18","SYSTEM","NT AUTHORITY","0x3e7","5","4624","1",,"0","12544","0","-9214364837600034816","180","Microsoft-Windows-Security-Auditing","54849625-5478-4994-a5ba-3e3b0328c30d","Security","0x1ec","552","ALEXBAILEYB8AD",,"12/3/16 11:26:37 AM",,,"security","System.UInt32[]","System.Diagnostics.Eventing.Reader.EventBookmark","Information","Info","Logon","System.Collections.ObjectModel.ReadOnlyCollection`1[System.String]","System.Collections.Generic.List`1[System.Diagnostics.Eventing.Reader.EventProperty]",,,
"S-1-5-7","ANONYMOUS LOGON","NT AUTHORITY","0x16343","3","4624","1",,"0","12544","0","-9214364837600034816","179","Microsoft-Windows-Security-Auditing","54849625-5478-4994-a5ba-3e3b0328c30d","Security","0x0","552","ALEXBAILEYB8AD",,"12/3/16 11:26:37 AM",,,"security","System.UInt32[]","System.Diagnostics.Eventing.Reader.EventBookmark","Information","Info","Logon","System.Collections.ObjectModel.ReadOnlyCollection`1[System.String]","System.Collections.Generic.List`1[System.Diagnostics.Eventing.Reader.EventProperty]",,,
"S-1-5-18","SYSTEM","NT AUTHORITY","0x3e7","5","4624","1",,"0","12544","0","-9214364837600034816","177","Microsoft-Windows-Security-Auditing","54849625-5478-4994-a5ba-3e3b0328c30d","Security","0x1ec","552","ALEXBAILEYB8AD",,"12/3/16 11:26:36 AM",,,"security","System.UInt32[]","System.Diagnostics.Eventing.Reader.EventBookmark","Information","Info","Logon","System.Collections.ObjectModel.ReadOnlyCollection`1[System.String]","System.Collections.Generic.List`1[System.Diagnostics.Eventing.Reader.EventProperty]",,,
"S-1-5-18","SYSTEM","NT AUTHORITY","0x3e7","5","4624","1",,"0","12544","0","-9214364837600034816","174","Microsoft-Windows-Security-Auditing","54849625-5478-4994-a5ba-3e3b0328c30d","Security","0x1ec","560","ALEXBAILEYB8AD",,"12/3/16 11:26:35 AM",,,"security","System.UInt32[]","System.Diagnostics.Eventing.Reader.EventBookmark","Information","Info","Logon","System.Collections.ObjectModel.ReadOnlyCollection`1[System.String]","System.Collections.Generic.List`1[System.Diagnostics.Eventing.Reader.EventProperty]",,,
"S-1-5-21-4041877087-2575817834-3947540694-1001","asoa","ALEXBAILEYB8AD","0xe6b5","2","4624","1",,"0","12544","0","-9214364837600034816","172","Microsoft-Windows-Security-Auditing","54849625-5478-4994-a5ba-3e3b0328c30d","Security","0x1c8","552","ALEXBAILEYB8AD",,"12/3/16 11:26:35 AM",,,"security","System.UInt32[]","System.Diagnostics.Eventing.Reader.EventBookmark","Information","Info","Logon","System.Collections.ObjectModel.ReadOnlyCollection`1[System.String]","System.Collections.Generic.List`1[System.Diagnostics.Eventing.Reader.EventProperty]",,,
"S-1-5-21-4041877087-2575817834-3947540694-1001","asoa","ALEXBAILEYB8AD","0xe652","2","4624","1",,"0","12544","0","-9214364837600034816","171","Microsoft-Windows-Security-Auditing","54849625-5478-4994-a5ba-3e3b0328c30d","Security","0x1c8","552","ALEXBAILEYB8AD",,"12/3/16 11:26:35 AM",,,"security","System.UInt32[]","System.Diagnostics.Eventing.Reader.EventBookmark","Information","Info","Logon","System.Collections.ObjectModel.ReadOnlyCollection`1[System.String]","System.Collections.Generic.List`1[System.Diagnostics.Eventing.Reader.EventProperty]",,,
"S-1-5-18","SYSTEM","NT AUTHORITY","0x3e7","5","4624","1",,"0","12544","0","-9214364837600034816","168","Microsoft-Windows-Security-Auditing","54849625-5478-4994-a5ba-3e3b0328c30d","Security","0x1ec","560","ALEXBAILEYB8AD",,"12/3/16 11:26:34 AM",,,"security","System.UInt32[]","System.Diagnostics.Eventing.Reader.EventBookmark","Information","Info","Logon","System.Collections.ObjectModel.ReadOnlyCollection`1[System.String]","System.Collections.Generic.List`1[System.Diagnostics.Eventing.Reader.EventProperty]",,,
"S-1-5-18","SYSTEM","NT AUTHORITY","0x3e7","5","4624","1",,"0","12544","0","-9214364837600034816","166","Microsoft-Windows-Security-Auditing","54849625-5478-4994-a5ba-3e3b0328c30d","Security","0x1ec","552","ALEXBAILEYB8AD",,"12/3/16 11:26:34 AM",,,"security","System.UInt32[]","System.Diagnostics.Eventing.Reader.EventBookmark","Information","Info","Logon","System.Collections.ObjectModel.ReadOnlyCollection`1[System.String]","System.Collections.Generic.List`1[System.Diagnostics.Eventing.Reader.EventProperty]",,,
"S-1-5-19","LOCAL SERVICE","NT AUTHORITY","0x3e5","5","4624","1",,"0","12544","0","-9214364837600034816","164","Microsoft-Windows-Security-Auditing","54849625-5478-4994-a5ba-3e3b0328c30d","Security","0x1ec","560","ALEXBAILEYB8AD",,"12/3/16 11:26:34 AM",,,"security","System.UInt32[]","System.Diagnostics.Eventing.Reader.EventBookmark","Information","Info","Logon","System.Collections.ObjectModel.ReadOnlyCollection`1[System.String]","System.Collections.Generic.List`1[System.Diagnostics.Eventing.Reader.EventProperty]",,,
"S-1-5-90-1","DWM-1","Window Manager","0xc224","2","4624","1",,"0","12544","0","-9214364837600034816","161","Microsoft-Windows-Security-Auditing","54849625-5478-4994-a5ba-3e3b0328c30d","Security","0x1c8","552","ALEXBAILEYB8AD",,"12/3/16 11:26:34 AM",,,"security","System.UInt32[]","System.Diagnostics.Eventing.Reader.EventBookmark","Information","Info","Logon","System.Collections.ObjectModel.ReadOnlyCollection`1[System.String]","System.Collections.Generic.List`1[System.Diagnostics.Eventing.Reader.EventProperty]",,,
"S-1-5-90-1","DWM-1","Window Manager","0xbeed","2","4624","1",,"0","12544","0","-9214364837600034816","160","Microsoft-Windows-Security-Auditing","54849625-5478-4994-a5ba-3e3b0328c30d","Security","0x1c8","552","ALEXBAILEYB8AD",,"12/3/16 11:26:34 AM",,,"security","System.UInt32[]","System.Diagnostics.Eventing.Reader.EventBookmark","Information","Info","Logon","System.Collections.ObjectModel.ReadOnlyCollection`1[System.String]","System.Collections.Generic.List`1[System.Diagnostics.Eventing.Reader.EventProperty]",,,
"S-1-5-20","NETWORK SERVICE","NT AUTHORITY","0x3e4","5","4624","1",,"0","12544","0","-9214364837600034816","157","Microsoft-Windows-Security-Auditing","54849625-5478-4994-a5ba-3e3b0328c30d","Security","0x1ec","560","ALEXBAILEYB8AD",,"12/3/16 11:26:34 AM",,,"security","System.UInt32[]","System.Diagnostics.Eventing.Reader.EventBookmark","Information","Info","Logon","System.Collections.ObjectModel.ReadOnlyCollection`1[System.String]","System.Collections.Generic.List`1[System.Diagnostics.Eventing.Reader.EventProperty]",,,
"S-1-5-18","SYSTEM","NT AUTHORITY","0x3e7","5","4624","1",,"0","12544","0","-9214364837600034816","155","Microsoft-Windows-Security-Auditing","54849625-5478-4994-a5ba-3e3b0328c30d","Security","0x1ec","560","ALEXBAILEYB8AD",,"12/3/16 11:26:34 AM",,,"security","System.UInt32[]","System.Diagnostics.Eventing.Reader.EventBookmark","Information","Info","Logon","System.Collections.ObjectModel.ReadOnlyCollection`1[System.String]","System.Collections.Generic.List`1[System.Diagnostics.Eventing.Reader.EventProperty]",,,
"S-1-5-18","SYSTEM","NT AUTHORITY","0x3e7","0","4624","1",,"0","12544","0","-9214364837600034816","153","Microsoft-Windows-Security-Auditing","54849625-5478-4994-a5ba-3e3b0328c30d","Security","0x4","504","ALEXBAILEYB8AD",,"12/3/16 11:26:33 AM",,,"security","System.UInt32[]","System.Diagnostics.Eventing.Reader.EventBookmark","Information","Info","Logon","System.Collections.ObjectModel.ReadOnlyCollection`1[System.String]","System.Collections.Generic.List`1[System.Diagnostics.Eventing.Reader.EventProperty]",,,
"S-1-5-18","SYSTEM","NT AUTHORITY","0x3e7","5","4624","1",,"0","12544","0","-9214364837600034816","144","Microsoft-Windows-Security-Auditing","54849625-5478-4994-a5ba-3e3b0328c30d","Security","0x1a8","860","ALEXBAILEYB8AD",,"12/3/16 11:26:03 AM",,,"security","System.UInt32[]","System.Diagnostics.Eventing.Reader.EventBookmark","Information","Info","Logon","System.Collections.ObjectModel.ReadOnlyCollection`1[System.String]","System.Collections.Generic.List`1[System.Diagnostics.Eventing.Reader.EventProperty]",,,
"S-1-5-18","SYSTEM","NT AUTHORITY","0x3e7","5","4624","1",,"0","12544","0","-9214364837600034816","138","Microsoft-Windows-Security-Auditing","54849625-5478-4994-a5ba-3e3b0328c30d","Security","0x1a8","860","ALEXBAILEYB8AD",,"12/3/16 11:25:43 AM",,,"security","System.UInt32[]","System.Diagnostics.Eventing.Reader.EventBookmark","Information","Info","Logon","System.Collections.ObjectModel.ReadOnlyCollection`1[System.String]","System.Collections.Generic.List`1[System.Diagnostics.Eventing.Reader.EventProperty]",,,
"S-1-5-18","SYSTEM","NT AUTHORITY","0x3e7","5","4624","1",,"0","12544","0","-9214364837600034816","132","Microsoft-Windows-Security-Auditing","54849625-5478-4994-a5ba-3e3b0328c30d","Security","0x1a8","504","ALEXBAILEYB8AD",,"12/3/16 4:25:09 AM",,,"security","System.UInt32[]","System.Diagnostics.Eventing.Reader.EventBookmark","Information","Info","Logon","System.Collections.ObjectModel.ReadOnlyCollection`1[System.String]","System.Collections.Generic.List`1[System.Diagnostics.Eventing.Reader.EventProperty]",,,
"S-1-5-18","SYSTEM","NT AUTHORITY","0x3e7","5","4624","1",,"0","12544","0","-9214364837600034816","130","Microsoft-Windows-Security-Auditing","54849625-5478-4994-a5ba-3e3b0328c30d","Security","0x1a8","504","ALEXBAILEYB8AD",,"12/3/16 4:25:09 AM",,,"security","System.UInt32[]","System.Diagnostics.Eventing.Reader.EventBookmark","Information","Info","Logon","System.Collections.ObjectModel.ReadOnlyCollection`1[System.String]","System.Collections.Generic.List`1[System.Diagnostics.Eventing.Reader.EventProperty]",,,
"S-1-5-18","SYSTEM","NT AUTHORITY","0x3e7","5","4624","1",,"0","12544","0","-9214364837600034816","128","Microsoft-Windows-Security-Auditing","54849625-5478-4994-a5ba-3e3b0328c30d","Security","0x1a8","504","ALEXBAILEYB8AD",,"12/3/16 4:25:08 AM",,,"security","System.UInt32[]","System.Diagnostics.Eventing.Reader.EventBookmark","Information","Info","Logon","System.Collections.ObjectModel.ReadOnlyCollection`1[System.String]","System.Collections.Generic.List`1[System.Diagnostics.Eventing.Reader.EventProperty]",,,
"S-1-5-18","SYSTEM","NT AUTHORITY","0x3e7","5","4624","1",,"0","12544","0","-9214364837600034816","125","Microsoft-Windows-Security-Auditing","54849625-5478-4994-a5ba-3e3b0328c30d","Security","0x1a8","496","ALEXBAILEYB8AD",,"12/3/16 4:24:53 AM",,,"security","System.UInt32[]","System.Diagnostics.Eventing.Reader.EventBookmark","Information","Info","Logon","System.Collections.ObjectModel.ReadOnlyCollection`1[System.String]","System.Collections.Generic.List`1[System.Diagnostics.Eventing.Reader.EventProperty]",,,
"S-1-5-21-4041877087-2575817834-3947540694-1001","asoa","ALEXBAILEYB8AD","0x1d971","2","4624","1",,"0","12544","0","-9214364837600034816","123","Microsoft-Windows-Security-Auditing","54849625-5478-4994-a5ba-3e3b0328c30d","Security","0x184","496","ALEXBAILEYB8AD",,"12/3/16 4:24:40 AM",,,"security","System.UInt32[]","System.Diagnostics.Eventing.Reader.EventBookmark","Information","Info","Logon","System.Collections.ObjectModel.ReadOnlyCollection`1[System.String]","System.Collections.Generic.List`1[System.Diagnostics.Eventing.Reader.EventProperty]",,,
"S-1-5-21-4041877087-2575817834-3947540694-1001","asoa","ALEXBAILEYB8AD","0x1d943","2","4624","1",,"0","12544","0","-9214364837600034816","122","Microsoft-Windows-Security-Auditing","54849625-5478-4994-a5ba-3e3b0328c30d","Security","0x184","496","ALEXBAILEYB8AD",,"12/3/16 4:24:40 AM",,,"security","System.UInt32[]","System.Diagnostics.Eventing.Reader.EventBookmark","Information","Info","Logon","System.Collections.ObjectModel.ReadOnlyCollection`1[System.String]","System.Collections.Generic.List`1[System.Diagnostics.Eventing.Reader.EventProperty]",,,
"S-1-5-18","SYSTEM","NT AUTHORITY","0x3e7","5","4624","1",,"0","12544","0","-9214364837600034816","118","Microsoft-Windows-Security-Auditing","54849625-5478-4994-a5ba-3e3b0328c30d","Security","0x1a8","496","ALEXBAILEYB8AD",,"12/3/16 4:24:36 AM",,,"security","System.UInt32[]","System.Diagnostics.Eventing.Reader.EventBookmark","Information","Info","Logon","System.Collections.ObjectModel.ReadOnlyCollection`1[System.String]","System.Collections.Generic.List`1[System.Diagnostics.Eventing.Reader.EventProperty]",,,
"S-1-5-7","ANONYMOUS LOGON","NT AUTHORITY","0x15f54","3","4624","1",,"0","12544","0","-9214364837600034816","117","Microsoft-Windows-Security-Auditing","54849625-5478-4994-a5ba-3e3b0328c30d","Security","0x0","496","ALEXBAILEYB8AD",,"12/3/16 4:24:36 AM",,,"security","System.UInt32[]","System.Diagnostics.Eventing.Reader.EventBookmark","Information","Info","Logon","System.Collections.ObjectModel.ReadOnlyCollection`1[System.String]","System.Collections.Generic.List`1[System.Diagnostics.Eventing.Reader.EventProperty]",,,
"S-1-5-18","SYSTEM","NT AUTHORITY","0x3e7","5","4624","1",,"0","12544","0","-9214364837600034816","115","Microsoft-Windows-Security-Auditing","54849625-5478-4994-a5ba-3e3b0328c30d","Security","0x1a8","496","ALEXBAILEYB8AD",,"12/3/16 4:24:36 AM",,,"security","System.UInt32[]","System.Diagnostics.Eventing.Reader.EventBookmark","Information","Info","Logon","System.Collections.ObjectModel.ReadOnlyCollection`1[System.String]","System.Collections.Generic.List`1[System.Diagnostics.Eventing.Reader.EventProperty]",,,
"S-1-5-18","SYSTEM","NT AUTHORITY","0x3e7","5","4624","1",,"0","12544","0","-9214364837600034816","112","Microsoft-Windows-Security-Auditing","54849625-5478-4994-a5ba-3e3b0328c30d","Security","0x1a8","488","ALEXBAILEYB8AD",,"12/3/16 4:24:35 AM",,,"security","System.UInt32[]","System.Diagnostics.Eventing.Reader.EventBookmark","Information","Info","Logon","System.Collections.ObjectModel.ReadOnlyCollection`1[System.String]","System.Collections.Generic.List`1[System.Diagnostics.Eventing.Reader.EventProperty]",,,
"S-1-5-19","LOCAL SERVICE","NT AUTHORITY","0x3e5","5","4624","1",,"0","12544","0","-9214364837600034816","60","Microsoft-Windows-Security-Auditing","54849625-5478-4994-a5ba-3e3b0328c30d","Security","0x1a8","496","ALEXBAILEYB8AD",,"12/3/16 4:24:29 AM",,,"security","System.UInt32[]","System.Diagnostics.Eventing.Reader.EventBookmark","Information","Info","Logon","System.Collections.ObjectModel.ReadOnlyCollection`1[System.String]","System.Collections.Generic.List`1[System.Diagnostics.Eventing.Reader.EventProperty]",,,
"S-1-5-18","SYSTEM","NT AUTHORITY","0x3e7","5","4624","1",,"0","12544","0","-9214364837600034816","58","Microsoft-Windows-Security-Auditing","54849625-5478-4994-a5ba-3e3b0328c30d","Security","0x1a8","488","ALEXBAILEYB8AD",,"12/3/16 4:24:29 AM",,,"security","System.UInt32[]","System.Diagnostics.Eventing.Reader.EventBookmark","Information","Info","Logon","System.Collections.ObjectModel.ReadOnlyCollection`1[System.String]","System.Collections.Generic.List`1[System.Diagnostics.Eventing.Reader.EventProperty]",,,
"S-1-5-18","SYSTEM","NT AUTHORITY","0x3e7","5","4624","1",,"0","12544","0","-9214364837600034816","56","Microsoft-Windows-Security-Auditing","54849625-5478-4994-a5ba-3e3b0328c30d","Security","0x1a8","496","ALEXBAILEYB8AD",,"12/3/16 4:24:29 AM",,,"security","System.UInt32[]","System.Diagnostics.Eventing.Reader.EventBookmark","Information","Info","Logon","System.Collections.ObjectModel.ReadOnlyCollection`1[System.String]","System.Collections.Generic.List`1[System.Diagnostics.Eventing.Reader.EventProperty]",,,
"S-1-5-90-1","DWM-1","Window Manager","0xad1d","2","4624","1",,"0","12544","0","-9214364837600034816","41","Microsoft-Windows-Security-Auditing","54849625-5478-4994-a5ba-3e3b0328c30d","Security","0x184","488","ALEXBAILEYB8AD",,"12/3/16 4:24:21 AM",,,"security","System.UInt32[]","System.Diagnostics.Eventing.Reader.EventBookmark","Information","Info","Logon","System.Collections.ObjectModel.ReadOnlyCollection`1[System.String]","System.Collections.Generic.List`1[System.Diagnostics.Eventing.Reader.EventProperty]",,,
"S-1-5-90-1","DWM-1","Window Manager","0xacfc","2","4624","1",,"0","12544","0","-9214364837600034816","40","Microsoft-Windows-Security-Auditing","54849625-5478-4994-a5ba-3e3b0328c30d","Security","0x184","488","ALEXBAILEYB8AD",,"12/3/16 4:24:21 AM",,,"security","System.UInt32[]","System.Diagnostics.Eventing.Reader.EventBookmark","Information","Info","Logon","System.Collections.ObjectModel.ReadOnlyCollection`1[System.String]","System.Collections.Generic.List`1[System.Diagnostics.Eventing.Reader.EventProperty]",,,
"S-1-5-20","NETWORK SERVICE","NT AUTHORITY","0x3e4","5","4624","1",,"0","12544","0","-9214364837600034816","37","Microsoft-Windows-Security-Auditing","54849625-5478-4994-a5ba-3e3b0328c30d","Security","0x1a8","496","ALEXBAILEYB8AD",,"12/3/16 4:24:21 AM",,,"security","System.UInt32[]","System.Diagnostics.Eventing.Reader.EventBookmark","Information","Info","Logon","System.Collections.ObjectModel.ReadOnlyCollection`1[System.String]","System.Collections.Generic.List`1[System.Diagnostics.Eventing.Reader.EventProperty]",,,
"S-1-5-18","SYSTEM","NT AUTHORITY","0x3e7","5","4624","1",,"0","12544","0","-9214364837600034816","35","Microsoft-Windows-Security-Auditing","54849625-5478-4994-a5ba-3e3b0328c30d","Security","0x1a8","496","ALEXBAILEYB8AD",,"12/3/16 4:24:21 AM",,,"security","System.UInt32[]","System.Diagnostics.Eventing.Reader.EventBookmark","Information","Info","Logon","System.Collections.ObjectModel.ReadOnlyCollection`1[System.String]","System.Collections.Generic.List`1[System.Diagnostics.Eventing.Reader.EventProperty]",,,
"S-1-5-18","SYSTEM","NT AUTHORITY","0x3e7","0","4624","1",,"0","12544","0","-9214364837600034816","33","Microsoft-Windows-Security-Auditing","54849625-5478-4994-a5ba-3e3b0328c30d","Security","0x4","444","ALEXBAILEYB8AD",,"12/3/16 4:24:21 AM",,,"security","System.UInt32[]","System.Diagnostics.Eventing.Reader.EventBookmark","Information","Info","Logon","System.Collections.ObjectModel.ReadOnlyCollection`1[System.String]","System.Collections.Generic.List`1[System.Diagnostics.Eventing.Reader.EventProperty]",,,
"S-1-5-18","SYSTEM","NT AUTHORITY","0x3e7","5","4624","1",,"0","12544","0","-9214364837600034816","26","Microsoft-Windows-Security-Auditing","54849625-5478-4994-a5ba-3e3b0328c30d","Security","0x1c8","496","WIN-4DCM68T2285",,"12/3/16 2:24:00 PM",,,"security","System.UInt32[]","System.Diagnostics.Eventing.Reader.EventBookmark","Information","Info","Logon","System.Collections.ObjectModel.ReadOnlyCollection`1[System.String]","System.Collections.Generic.List`1[System.Diagnostics.Eventing.Reader.EventProperty]",,,
"S-1-5-7","ANONYMOUS LOGON","NT AUTHORITY","0x48458","3","4624","1",,"0","12544","0","-9214364837600034816","24","Microsoft-Windows-Security-Auditing","54849625-5478-4994-a5ba-3e3b0328c30d","Security","0x0","500","WIN-4DCM68T2285",,"12/3/16 2:23:52 PM",,,"security","System.UInt32[]","System.Diagnostics.Eventing.Reader.EventBookmark","Information","Info","Logon","System.Collections.ObjectModel.ReadOnlyCollection`1[System.String]","System.Collections.Generic.List`1[System.Diagnostics.Eventing.Reader.EventProperty]",,,
"S-1-5-18","SYSTEM","NT AUTHORITY","0x3e7","5","4624","1",,"0","12544","0","-9214364837600034816","22","Microsoft-Windows-Security-Auditing","54849625-5478-4994-a5ba-3e3b0328c30d","Security","0x1c8","500","WIN-4DCM68T2285",,"12/3/16 2:23:51 PM",,,"security","System.UInt32[]","System.Diagnostics.Eventing.Reader.EventBookmark","Information","Info","Logon","System.Collections.ObjectModel.ReadOnlyCollection`1[System.String]","System.Collections.Generic.List`1[System.Diagnostics.Eventing.Reader.EventProperty]",,,
"S-1-5-18","SYSTEM","NT AUTHORITY","0x3e7","5","4624","1",,"0","12544","0","-9214364837600034816","19","Microsoft-Windows-Security-Auditing","54849625-5478-4994-a5ba-3e3b0328c30d","Security","0x1c8","488","WIN-4DCM68T2285",,"12/3/16 2:23:51 PM",,,"security","System.UInt32[]","System.Diagnostics.Eventing.Reader.EventBookmark","Information","Info","Logon","System.Collections.ObjectModel.ReadOnlyCollection`1[System.String]","System.Collections.Generic.List`1[System.Diagnostics.Eventing.Reader.EventProperty]",,,
"S-1-5-18","SYSTEM","NT AUTHORITY","0x3e7","5","4624","1",,"0","12544","0","-9214364837600034816","17","Microsoft-Windows-Security-Auditing","54849625-5478-4994-a5ba-3e3b0328c30d","Security","0x1c8","488","WIN-4DCM68T2285",,"12/3/16 2:23:50 PM",,,"security","System.UInt32[]","System.Diagnostics.Eventing.Reader.EventBookmark","Information","Info","Logon","System.Collections.ObjectModel.ReadOnlyCollection`1[System.String]","System.Collections.Generic.List`1[System.Diagnostics.Eventing.Reader.EventProperty]",,,
"S-1-5-18","SYSTEM","NT AUTHORITY","0x3e7","5","4624","1",,"0","12544","0","-9214364837600034816","15","Microsoft-Windows-Security-Auditing","54849625-5478-4994-a5ba-3e3b0328c30d","Security","0x1c8","488","WIN-4DCM68T2285",,"12/3/16 2:23:50 PM",,,"security","System.UInt32[]","System.Diagnostics.Eventing.Reader.EventBookmark","Information","Info","Logon","System.Collections.ObjectModel.ReadOnlyCollection`1[System.String]","System.Collections.Generic.List`1[System.Diagnostics.Eventing.Reader.EventProperty]",,,
"S-1-5-19","LOCAL SERVICE","NT AUTHORITY","0x3e5","5","4624","1",,"0","12544","0","-9214364837600034816","13","Microsoft-Windows-Security-Auditing","54849625-5478-4994-a5ba-3e3b0328c30d","Security","0x1c8","500","WIN-4DCM68T2285",,"12/3/16 2:23:50 PM",,,"security","System.UInt32[]","System.Diagnostics.Eventing.Reader.EventBookmark","Information","Info","Logon","System.Collections.ObjectModel.ReadOnlyCollection`1[System.String]","System.Collections.Generic.List`1[System.Diagnostics.Eventing.Reader.EventProperty]",,,
"S-1-5-90-1","DWM-1","Window Manager","0x41ef8","2","4624","1",,"0","12544","0","-9214364837600034816","10","Microsoft-Windows-Security-Auditing","54849625-5478-4994-a5ba-3e3b0328c30d","Security","0x18c","500","WIN-4DCM68T2285",,"12/3/16 2:23:44 PM",,,"security","System.UInt32[]","System.Diagnostics.Eventing.Reader.EventBookmark","Information","Info","Logon","System.Collections.ObjectModel.ReadOnlyCollection`1[System.String]","System.Collections.Generic.List`1[System.Diagnostics.Eventing.Reader.EventProperty]",,,
"S-1-5-90-1","DWM-1","Window Manager","0x41ed5","2","4624","1",,"0","12544","0","-9214364837600034816","9","Microsoft-Windows-Security-Auditing","54849625-5478-4994-a5ba-3e3b0328c30d","Security","0x18c","500","WIN-4DCM68T2285",,"12/3/16 2:23:44 PM",,,"security","System.UInt32[]","System.Diagnostics.Eventing.Reader.EventBookmark","Information","Info","Logon","System.Collections.ObjectModel.ReadOnlyCollection`1[System.String]","System.Collections.Generic.List`1[System.Diagnostics.Eventing.Reader.EventProperty]",,,
"S-1-5-20","NETWORK SERVICE","NT AUTHORITY","0x3e4","5","4624","1",,"0","12544","0","-9214364837600034816","6","Microsoft-Windows-Security-Auditing","54849625-5478-4994-a5ba-3e3b0328c30d","Security","0x1c8","500","WIN-4DCM68T2285",,"12/3/16 2:23:43 PM",,,"security","System.UInt32[]","System.Diagnostics.Eventing.Reader.EventBookmark","Information","Info","Logon","System.Collections.ObjectModel.ReadOnlyCollection`1[System.String]","System.Collections.Generic.List`1[System.Diagnostics.Eventing.Reader.EventProperty]",,,
"S-1-5-18","SYSTEM","NT AUTHORITY","0x3e7","5","4624","1",,"0","12544","0","-9214364837600034816","4","Microsoft-Windows-Security-Auditing","54849625-5478-4994-a5ba-3e3b0328c30d","Security","0x1c8","500","WIN-4DCM68T2285",,"12/3/16 2:23:43 PM",,,"security","System.UInt32[]","System.Diagnostics.Eventing.Reader.EventBookmark","Information","Info","Logon","System.Collections.ObjectModel.ReadOnlyCollection`1[System.String]","System.Collections.Generic.List`1[System.Diagnostics.Eventing.Reader.EventProperty]",,,
"S-1-5-18","SYSTEM","NT AUTHORITY","0x3e7","0","4624","1",,"0","12544","0","-9214364837600034816","2","Microsoft-Windows-Security-Auditing","54849625-5478-4994-a5ba-3e3b0328c30d","Security","0x4","468","WIN-4DCM68T2285",,"12/3/16 2:23:43 PM",,,"security","System.UInt32[]","System.Diagnostics.Eventing.Reader.EventBookmark","Information","Info","Logon","System.Collections.ObjectModel.ReadOnlyCollection`1[System.String]","System.Collections.Generic.List`1[System.Diagnostics.Eventing.Reader.EventProperty]",,,
