"S-1-5-18","LAB-DC1$","LAB","0x5b65ab","3","4624","1","0","12544","0","-9214364837600034816","51906","Microsoft-Windows-Security-Auditing","54849625-5478-4994-a5ba-3e3b0328c30d","Security","0x0","1560","lab-dc1.lab.local","12/23/2016 6:01:22 PM",,,"security","Information","Info","Logon"
"S-1-5-18","LAB-DC1$","LAB","0x5b5cd0","3","4624","1","0","12544","0","-9214364837600034816","51903","Microsoft-Windows-Security-Auditing","54849625-5478-4994-a5ba-3e3b0328c30d","Security","0x0","1560","lab-dc1.lab.local","12/23/2016 6:00:22 PM",,,"security","Information","Info","Logon"
"S-1-5-18","LAB-DC1$","LAB","0x5b5768","3","4624","1","0","12544","0","-9214364837600034816","51900","Microsoft-Windows-Security-Auditing","54849625-5478-4994-a5ba-3e3b0328c30d","Security","0x0","1560","lab-dc1.lab.local","12/23/2016 5:59:22 PM",,,"security","Information","Info","Logon"
"S-1-5-18","LAB-DC1$","LAB","0x5b5639","3","4624","1","0","12544","0","-9214364837600034816","51897","Microsoft-Windows-Security-Auditing","54849625-5478-4994-a5ba-3e3b0328c30d","Security","0x0","1560","lab-dc1.lab.local","12/23/2016 5:59:00 PM",,,"security","Information","Info","Logon"
"S-1-5-18","LAB-DC1$","LAB","0x5b55ce","3","4624","1","0","12544","0","-9214364837600034816","51894","Microsoft-Windows-Security-Auditing","54849625-5478-4994-a5ba-3e3b0328c30d","Security","0x0","1068","lab-dc1.lab.local","12/23/2016 5:58:59 PM",,,"security","Information","Info","Logon"
"S-1-5-18","LAB-DC1$","LAB","0x5b3aa7","3","4624","1","0","12544","0","-9214364837600034816","51887","Microsoft-Windows-Security-Auditing","54849625-5478-4994-a5ba-3e3b0328c30d","Security","0x0","5048","lab-dc1.lab.local","12/23/2016 5:58:27 PM",,,"security","Information","Info","Logon"
"S-1-5-18","LAB-DC1$","LAB","0x5b3a3d","3","4624","1","0","12544","0","-9214364837600034816","51885","Microsoft-Windows-Security-Auditing","54849625-5478-4994-a5ba-3e3b0328c30d","Security","0x0","1068","lab-dc1.lab.local","12/23/2016 5:58:26 PM",,,"security","Information","Info","Logon"
"S-1-5-18","LAB-DC1$","LAB","0x5b39f8","3","4624","1","0","12544","0","-9214364837600034816","51883","Microsoft-Windows-Security-Auditing","54849625-5478-4994-a5ba-3e3b0328c30d","Security","0x0","5048","lab-dc1.lab.local","12/23/2016 5:58:26 PM",,,"security","Information","Info","Logon"
"S-1-5-18","LAB-DC1$","LAB","0x5b3939","3","4624","1","0","12544","0","-9214364837600034816","51881","Microsoft-Windows-Security-Auditing","54849625-5478-4994-a5ba-3e3b0328c30d","Security","0x0","1068","lab-dc1.lab.local","12/23/2016 5:58:26 PM",,,"security","Information","Info","Logon"
"S-1-5-18","LAB-DC1$","LAB","0x5b3888","3","4624","1","0","12544","0","-9214364837600034816","51878","Microsoft-Windows-Security-Auditing","54849625-5478-4994-a5ba-3e3b0328c30d","Security","0x0","1560","lab-dc1.lab.local","12/23/2016 5:58:22 PM",,,"security","Information","Info","Logon"
"S-1-5-18","LAB-DC1$","LAB","0x5b36f0","3","4624","1","0","12544","0","-9214364837600034816","51875","Microsoft-Windows-Security-Auditing","54849625-5478-4994-a5ba-3e3b0328c30d","Security","0x0","1560","lab-dc1.lab.local","12/23/2016 5:57:22 PM",,,"security","Information","Info","Logon"
"S-1-5-18","LAB-DC1$","LAB","0x5b354d","3","4624","1","0","12544","0","-9214364837600034816","51873","Microsoft-Windows-Security-Auditing","54849625-5478-4994-a5ba-3e3b0328c30d","Security","0x0","5048","lab-dc1.lab.local","12/23/2016 5:57:15 PM",,,"security","Information","Info","Logon"
"S-1-5-18","LAB-DC1$","LAB","0x5b334f","3","4624","1","0","12544","0","-9214364837600034816","51870","Microsoft-Windows-Security-Auditing","54849625-5478-4994-a5ba-3e3b0328c30d","Security","0x0","1560","lab-dc1.lab.local","12/23/2016 5:56:22 PM",,,"security","Information","Info","Logon"
"S-1-5-18","LAB-DC1$","LAB","0x5b2e98","3","4624","1","0","12544","0","-9214364837600034816","51867","Microsoft-Windows-Security-Auditing","54849625-5478-4994-a5ba-3e3b0328c30d","Security","0x0","1560","lab-dc1.lab.local","12/23/2016 5:55:22 PM",,,"security","Information","Info","Logon"
"S-1-5-18","LAB-DC1$","LAB","0x5b2ca4","3","4624","1","0","12544","0","-9214364837600034816","51863","Microsoft-Windows-Security-Auditing","54849625-5478-4994-a5ba-3e3b0328c30d","Security","0x0","1560","lab-dc1.lab.local","12/23/2016 5:54:22 PM",,,"security","Information","Info","Logon"
"S-1-5-18","LAB-DC1$","LAB","0x5ad7c1","3","4624","1","0","12544","0","-9214364837600034816","51778","Microsoft-Windows-Security-Auditing","54849625-5478-4994-a5ba-3e3b0328c30d","Security","0x0","1560","lab-dc1.lab.local","12/23/2016 5:53:58 PM",,,"security","Information","Info","Logon"
"S-1-5-18","LAB-DC1$","LAB","0x5ad758","3","4624","1","0","12544","0","-9214364837600034816","51775","Microsoft-Windows-Security-Auditing","54849625-5478-4994-a5ba-3e3b0328c30d","Security","0x0","1068","lab-dc1.lab.local","12/23/2016 5:53:58 PM",,,"security","Information","Info","Logon"
"S-1-5-18","LAB-DC1$","LAB","0x5a87b1","3","4624","1","0","12544","0","-9214364837600034816","51686","Microsoft-Windows-Security-Auditing","54849625-5478-4994-a5ba-3e3b0328c30d","Security","0x0","6140","lab-dc1.lab.local","12/23/2016 5:53:26 PM",,,"security","Information","Info","Logon"
"S-1-5-18","LAB-DC1$","LAB","0x5a8740","3","4624","1","0","12544","0","-9214364837600034816","51684","Microsoft-Windows-Security-Auditing","54849625-5478-4994-a5ba-3e3b0328c30d","Security","0x0","1068","lab-dc1.lab.local","12/23/2016 5:53:26 PM",,,"security","Information","Info","Logon"
"S-1-5-18","LAB-DC1$","LAB","0x5a86fb","3","4624","1","0","12544","0","-9214364837600034816","51682","Microsoft-Windows-Security-Auditing","54849625-5478-4994-a5ba-3e3b0328c30d","Security","0x0","6140","lab-dc1.lab.local","12/23/2016 5:53:26 PM",,,"security","Information","Info","Logon"
"S-1-5-18","LAB-DC1$","LAB","0x5a863c","3","4624","1","0","12544","0","-9214364837600034816","51680","Microsoft-Windows-Security-Auditing","54849625-5478-4994-a5ba-3e3b0328c30d","Security","0x0","1560","lab-dc1.lab.local","12/23/2016 5:53:26 PM",,,"security","Information","Info","Logon"
"S-1-5-18","LAB-DC1$","LAB","0x5a85f7","3","4624","1","0","12544","0","-9214364837600034816","51678","Microsoft-Windows-Security-Auditing","54849625-5478-4994-a5ba-3e3b0328c30d","Security","0x0","4104","lab-dc1.lab.local","12/23/2016 5:53:25 PM",,,"security","Information","Info","Logon"
"S-1-5-18","LAB-DC1$","LAB","0x5a850a","3","4624","1","0","12544","0","-9214364837600034816","51675","Microsoft-Windows-Security-Auditing","54849625-5478-4994-a5ba-3e3b0328c30d","Security","0x0","1560","lab-dc1.lab.local","12/23/2016 5:53:22 PM",,,"security","Information","Info","Logon"
"S-1-5-18","LAB-DC1$","LAB","0x592b5a","3","4624","1","0","12544","0","-9214364837600034816","51664","Microsoft-Windows-Security-Auditing","54849625-5478-4994-a5ba-3e3b0328c30d","Security","0x0","1068","lab-dc1.lab.local","12/23/2016 5:52:22 PM",,,"security","Information","Info","Logon"
"S-1-5-18","LAB-DC1$","LAB","0x591d7f","3","4624","1","0","12544","0","-9214364837600034816","51661","Microsoft-Windows-Security-Auditing","54849625-5478-4994-a5ba-3e3b0328c30d","Security","0x0","4460","lab-dc1.lab.local","12/23/2016 5:52:02 PM",,,"security","Information","Info","Logon"
"S-1-5-18","LAB-DC1$","LAB","0x591a8f","3","4624","1","0","12544","0","-9214364837600034816","51658","Microsoft-Windows-Security-Auditing","54849625-5478-4994-a5ba-3e3b0328c30d","Security","0x0","1068","lab-dc1.lab.local","12/23/2016 5:51:22 PM",,,"security","Information","Info","Logon"
"S-1-5-18","LAB-DC1$","LAB","0x5916e7","3","4624","1","0","12544","0","-9214364837600034816","51655","Microsoft-Windows-Security-Auditing","54849625-5478-4994-a5ba-3e3b0328c30d","Security","0x0","1068","lab-dc1.lab.local","12/23/2016 5:50:22 PM",,,"security","Information","Info","Logon"
"S-1-5-18","LAB-DC1$","LAB","0x5914c2","3","4624","1","0","12544","0","-9214364837600034816","51652","Microsoft-Windows-Security-Auditing","54849625-5478-4994-a5ba-3e3b0328c30d","Security","0x0","1068","lab-dc1.lab.local","12/23/2016 5:49:22 PM",,,"security","Information","Info","Logon"
"S-1-5-18","LAB-DC1$","LAB","0x590f8a","3","4624","1","0","12544","0","-9214364837600034816","51649","Microsoft-Windows-Security-Auditing","54849625-5478-4994-a5ba-3e3b0328c30d","Security","0x0","1560","lab-dc1.lab.local","12/23/2016 5:48:56 PM",,,"security","Information","Info","Logon"
"S-1-5-18","LAB-DC1$","LAB","0x590ea6","3","4624","1","0","12544","0","-9214364837600034816","51646","Microsoft-Windows-Security-Auditing","54849625-5478-4994-a5ba-3e3b0328c30d","Security","0x0","1068","lab-dc1.lab.local","12/23/2016 5:48:56 PM",,,"security","Information","Info","Logon"
"S-1-5-18","LAB-DC1$","LAB","0x589801","3","4624","1","0","12544","0","-9214364837600034816","51558","Microsoft-Windows-Security-Auditing","54849625-5478-4994-a5ba-3e3b0328c30d","Security","0x0","5660","lab-dc1.lab.local","12/23/2016 5:48:25 PM",,,"security","Information","Info","Logon"
"S-1-5-18","LAB-DC1$","LAB","0x589792","3","4624","1","0","12544","0","-9214364837600034816","51556","Microsoft-Windows-Security-Auditing","54849625-5478-4994-a5ba-3e3b0328c30d","Security","0x0","1068","lab-dc1.lab.local","12/23/2016 5:48:25 PM",,,"security","Information","Info","Logon"
"S-1-5-18","LAB-DC1$","LAB","0x58974d","3","4624","1","0","12544","0","-9214364837600034816","51554","Microsoft-Windows-Security-Auditing","54849625-5478-4994-a5ba-3e3b0328c30d","Security","0x0","5660","lab-dc1.lab.local","12/23/2016 5:48:25 PM",,,"security","Information","Info","Logon"
"S-1-5-18","LAB-DC1$","LAB","0x58968e","3","4624","1","0","12544","0","-9214364837600034816","51552","Microsoft-Windows-Security-Auditing","54849625-5478-4994-a5ba-3e3b0328c30d","Security","0x0","1560","lab-dc1.lab.local","12/23/2016 5:48:25 PM",,,"security","Information","Info","Logon"
"S-1-5-18","LAB-DC1$","LAB","0x5895ef","3","4624","1","0","12544","0","-9214364837600034816","51549","Microsoft-Windows-Security-Auditing","54849625-5478-4994-a5ba-3e3b0328c30d","Security","0x0","1560","lab-dc1.lab.local","12/23/2016 5:48:22 PM",,,"security","Information","Info","Logon"
"S-1-5-18","LAB-DC1$","LAB","0x588d6d","3","4624","1","0","12544","0","-9214364837600034816","51546","Microsoft-Windows-Security-Auditing","54849625-5478-4994-a5ba-3e3b0328c30d","Security","0x0","1560","lab-dc1.lab.local","12/23/2016 5:47:22 PM",,,"security","Information","Info","Logon"
"S-1-5-18","LAB-DC1$","LAB","0x565a82","3","4624","1","0","12544","0","-9214364837600034816","51541","Microsoft-Windows-Security-Auditing","54849625-5478-4994-a5ba-3e3b0328c30d","Security","0x0","1560","lab-dc1.lab.local","12/23/2016 5:46:22 PM",,,"security","Information","Info","Logon"
"S-1-5-18","LAB-DC1$","LAB","0x54d4e1","3","4624","1","0","12544","0","-9214364837600034816","51534","Microsoft-Windows-Security-Auditing","54849625-5478-4994-a5ba-3e3b0328c30d","Security","0x0","1560","lab-dc1.lab.local","12/23/2016 5:45:22 PM",,,"security","Information","Info","Logon"
"S-1-5-18","LAB-DC1$","LAB","0x529e0e","3","4624","1","0","12544","0","-9214364837600034816","51531","Microsoft-Windows-Security-Auditing","54849625-5478-4994-a5ba-3e3b0328c30d","Security","0x0","1560","lab-dc1.lab.local","12/23/2016 5:44:22 PM",,,"security","Information","Info","Logon"
"S-1-5-18","LAB-DC1$","LAB","0x525ac3","3","4624","1","0","12544","0","-9214364837600034816","51520","Microsoft-Windows-Security-Auditing","54849625-5478-4994-a5ba-3e3b0328c30d","Security","0x0","1560","lab-dc1.lab.local","12/23/2016 5:43:54 PM",,,"security","Information","Info","Logon"
"S-1-5-18","LAB-DC1$","LAB","0x525a56","3","4624","1","0","12544","0","-9214364837600034816","51517","Microsoft-Windows-Security-Auditing","54849625-5478-4994-a5ba-3e3b0328c30d","Security","0x0","1068","lab-dc1.lab.local","12/23/2016 5:43:54 PM",,,"security","Information","Info","Logon"
"S-1-5-18","LAB-DC1$","LAB","0x5232ea","3","4624","1","0","12544","0","-9214364837600034816","51507","Microsoft-Windows-Security-Auditing","54849625-5478-4994-a5ba-3e3b0328c30d","Security","0x0","4596","lab-dc1.lab.local","12/23/2016 5:43:24 PM",,,"security","Information","Info","Logon"
"S-1-5-18","LAB-DC1$","LAB","0x523282","3","4624","1","0","12544","0","-9214364837600034816","51505","Microsoft-Windows-Security-Auditing","54849625-5478-4994-a5ba-3e3b0328c30d","Security","0x0","1068","lab-dc1.lab.local","12/23/2016 5:43:24 PM",,,"security","Information","Info","Logon"
"S-1-5-18","LAB-DC1$","LAB","0x52323d","3","4624","1","0","12544","0","-9214364837600034816","51503","Microsoft-Windows-Security-Auditing","54849625-5478-4994-a5ba-3e3b0328c30d","Security","0x0","4596","lab-dc1.lab.local","12/23/2016 5:43:24 PM",,,"security","Information","Info","Logon"
"S-1-5-18","LAB-DC1$","LAB","0x52317d","3","4624","1","0","12544","0","-9214364837600034816","51501","Microsoft-Windows-Security-Auditing","54849625-5478-4994-a5ba-3e3b0328c30d","Security","0x0","1068","lab-dc1.lab.local","12/23/2016 5:43:24 PM",,,"security","Information","Info","Logon"
"S-1-5-18","LAB-DC1$","LAB","0x5230e6","3","4624","1","0","12544","0","-9214364837600034816","51498","Microsoft-Windows-Security-Auditing","54849625-5478-4994-a5ba-3e3b0328c30d","Security","0x0","1068","lab-dc1.lab.local","12/23/2016 5:43:22 PM",,,"security","Information","Info","Logon"
"S-1-5-18","LAB-DC1$","LAB","0x522ebd","3","4624","1","0","12544","0","-9214364837600034816","51495","Microsoft-Windows-Security-Auditing","54849625-5478-4994-a5ba-3e3b0328c30d","Security","0x0","1068","lab-dc1.lab.local","12/23/2016 5:42:22 PM",,,"security","Information","Info","Logon"
"S-1-5-18","LAB-DC1$","LAB","0x522d01","3","4624","1","0","12544","0","-9214364837600034816","51492","Microsoft-Windows-Security-Auditing","54849625-5478-4994-a5ba-3e3b0328c30d","Security","0x0","5188","lab-dc1.lab.local","12/23/2016 5:42:02 PM",,,"security","Information","Info","Logon"
"S-1-5-18","LAB-DC1$","LAB","0x522c69","3","4624","1","0","12544","0","-9214364837600034816","51489","Microsoft-Windows-Security-Auditing","54849625-5478-4994-a5ba-3e3b0328c30d","Security","0x0","1068","lab-dc1.lab.local","12/23/2016 5:41:22 PM",,,"security","Information","Info","Logon"
"S-1-5-18","LAB-DC1$","LAB","0x522899","3","4624","1","0","12544","0","-9214364837600034816","51486","Microsoft-Windows-Security-Auditing","54849625-5478-4994-a5ba-3e3b0328c30d","Security","0x0","1068","lab-dc1.lab.local","12/23/2016 5:40:22 PM",,,"security","Information","Info","Logon"
"S-1-5-18","LAB-DC1$","LAB","0x522711","3","4624","1","0","12544","0","-9214364837600034816","51483","Microsoft-Windows-Security-Auditing","54849625-5478-4994-a5ba-3e3b0328c30d","Security","0x0","1068","lab-dc1.lab.local","12/23/2016 5:39:22 PM",,,"security","Information","Info","Logon"
"S-1-5-18","LAB-DC1$","LAB","0x5225a0","3","4624","1","0","12544","0","-9214364837600034816","51480","Microsoft-Windows-Security-Auditing","54849625-5478-4994-a5ba-3e3b0328c30d","Security","0x0","1068","lab-dc1.lab.local","12/23/2016 5:38:53 PM",,,"security","Information","Info","Logon"
"S-1-5-18","LAB-DC1$","LAB","0x522535","3","4624","1","0","12544","0","-9214364837600034816","51477","Microsoft-Windows-Security-Auditing","54849625-5478-4994-a5ba-3e3b0328c30d","Security","0x0","1560","lab-dc1.lab.local","12/23/2016 5:38:53 PM",,,"security","Information","Info","Logon"
"S-1-5-18","LAB-DC1$","LAB","0x51fe8a","3","4624","1","0","12544","0","-9214364837600034816","51471","Microsoft-Windows-Security-Auditing","54849625-5478-4994-a5ba-3e3b0328c30d","Security","0x0","5624","lab-dc1.lab.local","12/23/2016 5:38:23 PM",,,"security","Information","Info","Logon"
"S-1-5-18","LAB-DC1$","LAB","0x51fe17","3","4624","1","0","12544","0","-9214364837600034816","51469","Microsoft-Windows-Security-Auditing","54849625-5478-4994-a5ba-3e3b0328c30d","Security","0x0","1068","lab-dc1.lab.local","12/23/2016 5:38:23 PM",,,"security","Information","Info","Logon"
"S-1-5-18","LAB-DC1$","LAB","0x51fdd1","3","4624","1","0","12544","0","-9214364837600034816","51467","Microsoft-Windows-Security-Auditing","54849625-5478-4994-a5ba-3e3b0328c30d","Security","0x0","5624","lab-dc1.lab.local","12/23/2016 5:38:23 PM",,,"security","Information","Info","Logon"
"S-1-5-18","LAB-DC1$","LAB","0x51fd12","3","4624","1","0","12544","0","-9214364837600034816","51465","Microsoft-Windows-Security-Auditing","54849625-5478-4994-a5ba-3e3b0328c30d","Security","0x0","1068","lab-dc1.lab.local","12/23/2016 5:38:23 PM",,,"security","Information","Info","Logon"
"S-1-5-18","LAB-DC1$","LAB","0x51fc79","3","4624","1","0","12544","0","-9214364837600034816","51462","Microsoft-Windows-Security-Auditing","54849625-5478-4994-a5ba-3e3b0328c30d","Security","0x0","1068","lab-dc1.lab.local","12/23/2016 5:38:22 PM",,,"security","Information","Info","Logon"
"S-1-5-18","LAB-DC1$","LAB","0x51f0bf","3","4624","1","0","12544","0","-9214364837600034816","51457","Microsoft-Windows-Security-Auditing","54849625-5478-4994-a5ba-3e3b0328c30d","Security","0x0","1560","lab-dc1.lab.local","12/23/2016 5:37:22 PM",,,"security","Information","Info","Logon"
"S-1-5-18","LAB-DC1$","LAB","0x51e7d2","3","4624","1","0","12544","0","-9214364837600034816","51452","Microsoft-Windows-Security-Auditing","54849625-5478-4994-a5ba-3e3b0328c30d","Security","0x0","1068","lab-dc1.lab.local","12/23/2016 5:36:22 PM",,,"security","Information","Info","Logon"
"S-1-5-18","LAB-DC1$","LAB","0x51e33d","3","4624","1","0","12544","0","-9214364837600034816","51449","Microsoft-Windows-Security-Auditing","54849625-5478-4994-a5ba-3e3b0328c30d","Security","0x0","1068","lab-dc1.lab.local","12/23/2016 5:35:22 PM",,,"security","Information","Info","Logon"
"S-1-5-18","LAB-DC1$","LAB","0x51e029","3","4624","1","0","12544","0","-9214364837600034816","51446","Microsoft-Windows-Security-Auditing","54849625-5478-4994-a5ba-3e3b0328c30d","Security","0x0","1068","lab-dc1.lab.local","12/23/2016 5:34:22 PM",,,"security","Information","Info","Logon"
"S-1-5-18","LAB-DC1$","LAB","0x50d85d","3","4624","1","0","12544","0","-9214364837600034816","51435","Microsoft-Windows-Security-Auditing","54849625-5478-4994-a5ba-3e3b0328c30d","Security","0x0","1068","lab-dc1.lab.local","12/23/2016 5:33:52 PM",,,"security","Information","Info","Logon"
"S-1-5-18","LAB-DC1$","LAB","0x50d7e4","3","4624","1","0","12544","0","-9214364837600034816","51432","Microsoft-Windows-Security-Auditing","54849625-5478-4994-a5ba-3e3b0328c30d","Security","0x0","1560","lab-dc1.lab.local","12/23/2016 5:33:52 PM",,,"security","Information","Info","Logon"
"S-1-5-18","LAB-DC1$","LAB","0x50b5b9","3","4624","1","0","12544","0","-9214364837600034816","51426","Microsoft-Windows-Security-Auditing","54849625-5478-4994-a5ba-3e3b0328c30d","Security","0x0","4252","lab-dc1.lab.local","12/23/2016 5:33:23 PM",,,"security","Information","Info","Logon"
"S-1-5-18","LAB-DC1$","LAB","0x50b517","3","4624","1","0","12544","0","-9214364837600034816","51424","Microsoft-Windows-Security-Auditing","54849625-5478-4994-a5ba-3e3b0328c30d","Security","0x0","1068","lab-dc1.lab.local","12/23/2016 5:33:22 PM",,,"security","Information","Info","Logon"
"S-1-5-18","LAB-DC1$","LAB","0x50b4d2","3","4624","1","0","12544","0","-9214364837600034816","51422","Microsoft-Windows-Security-Auditing","54849625-5478-4994-a5ba-3e3b0328c30d","Security","0x0","4252","lab-dc1.lab.local","12/23/2016 5:33:22 PM",,,"security","Information","Info","Logon"
"S-1-5-18","LAB-DC1$","LAB","0x50b40f","3","4624","1","0","12544","0","-9214364837600034816","51420","Microsoft-Windows-Security-Auditing","54849625-5478-4994-a5ba-3e3b0328c30d","Security","0x0","1068","lab-dc1.lab.local","12/23/2016 5:33:22 PM",,,"security","Information","Info","Logon"
"S-1-5-18","LAB-DC1$","LAB","0x50b34a","3","4624","1","0","12544","0","-9214364837600034816","51417","Microsoft-Windows-Security-Auditing","54849625-5478-4994-a5ba-3e3b0328c30d","Security","0x0","1068","lab-dc1.lab.local","12/23/2016 5:33:22 PM",,,"security","Information","Info","Logon"
"S-1-5-18","LAB-DC1$","LAB","0x50ad40","3","4624","1","0","12544","0","-9214364837600034816","51413","Microsoft-Windows-Security-Auditing","54849625-5478-4994-a5ba-3e3b0328c30d","Security","0x0","1068","lab-dc1.lab.local","12/23/2016 5:32:23 PM",,,"security","Information","Info","Logon"
"S-1-5-18","LAB-DC1$","LAB","0x50a979","3","4624","1","0","12544","0","-9214364837600034816","51408","Microsoft-Windows-Security-Auditing","54849625-5478-4994-a5ba-3e3b0328c30d","Security","0x0","2364","lab-dc1.lab.local","12/23/2016 5:32:03 PM",,,"security","Information","Info","Logon"
"S-1-5-18","LAB-DC1$","LAB","0x50a8f9","3","4624","1","0","12544","0","-9214364837600034816","51405","Microsoft-Windows-Security-Auditing","54849625-5478-4994-a5ba-3e3b0328c30d","Security","0x0","1560","lab-dc1.lab.local","12/23/2016 5:31:23 PM",,,"security","Information","Info","Logon"
"S-1-5-18","LAB-DC1$","LAB","0x50a83a","3","4624","1","0","12544","0","-9214364837600034816","51402","Microsoft-Windows-Security-Auditing","54849625-5478-4994-a5ba-3e3b0328c30d","Security","0x0","1560","lab-dc1.lab.local","12/23/2016 5:30:23 PM",,,"security","Information","Info","Logon"
"S-1-5-18","LAB-DC1$","LAB","0x50a32c","3","4624","1","0","12544","0","-9214364837600034816","51397","Microsoft-Windows-Security-Auditing","54849625-5478-4994-a5ba-3e3b0328c30d","Security","0x0","1560","lab-dc1.lab.local","12/23/2016 5:29:23 PM",,,"security","Information","Info","Logon"
"S-1-5-18","LAB-DC1$","LAB","0x50a067","3","4624","1","0","12544","0","-9214364837600034816","51392","Microsoft-Windows-Security-Auditing","54849625-5478-4994-a5ba-3e3b0328c30d","Security","0x0","1560","lab-dc1.lab.local","12/23/2016 5:28:51 PM",,,"security","Information","Info","Logon"
"S-1-5-18","LAB-DC1$","LAB","0x509ffe","3","4624","1","0","12544","0","-9214364837600034816","51389","Microsoft-Windows-Security-Auditing","54849625-5478-4994-a5ba-3e3b0328c30d","Security","0x0","1068","lab-dc1.lab.local","12/23/2016 5:28:51 PM",,,"security","Information","Info","Logon"
"S-1-5-18","LAB-DC1$","LAB","0x507e08","3","4624","1","0","12544","0","-9214364837600034816","51383","Microsoft-Windows-Security-Auditing","54849625-5478-4994-a5ba-3e3b0328c30d","Security","0x0","3540","lab-dc1.lab.local","12/23/2016 5:28:23 PM",,,"security","Information","Info","Logon"
"S-1-5-18","LAB-DC1$","LAB","0x507d9a","3","4624","1","0","12544","0","-9214364837600034816","51380","Microsoft-Windows-Security-Auditing","54849625-5478-4994-a5ba-3e3b0328c30d","Security","0x0","1068","lab-dc1.lab.local","12/23/2016 5:28:23 PM",,,"security","Information","Info","Logon"
"S-1-5-18","LAB-DC1$","LAB","0x507d56","3","4624","1","0","12544","0","-9214364837600034816","51378","Microsoft-Windows-Security-Auditing","54849625-5478-4994-a5ba-3e3b0328c30d","Security","0x0","1068","lab-dc1.lab.local","12/23/2016 5:28:23 PM",,,"security","Information","Info","Logon"
"S-1-5-18","LAB-DC1$","LAB","0x507d11","3","4624","1","0","12544","0","-9214364837600034816","51376","Microsoft-Windows-Security-Auditing","54849625-5478-4994-a5ba-3e3b0328c30d","Security","0x0","5004","lab-dc1.lab.local","12/23/2016 5:28:23 PM",,,"security","Information","Info","Logon"
"S-1-5-18","LAB-DC1$","LAB","0x507c52","3","4624","1","0","12544","0","-9214364837600034816","51374","Microsoft-Windows-Security-Auditing","54849625-5478-4994-a5ba-3e3b0328c30d","Security","0x0","1068","lab-dc1.lab.local","12/23/2016 5:28:23 PM",,,"security","Information","Info","Logon"
"S-1-5-18","LAB-DC1$","LAB","0x507b73","3","4624","1","0","12544","0","-9214364837600034816","51371","Microsoft-Windows-Security-Auditing","54849625-5478-4994-a5ba-3e3b0328c30d","Security","0x0","1068","lab-dc1.lab.local","12/23/2016 5:27:23 PM",,,"security","Information","Info","Logon"
"S-1-5-18","LAB-DC1$","LAB","0x507a58","3","4624","1","0","12544","0","-9214364837600034816","51368","Microsoft-Windows-Security-Auditing","54849625-5478-4994-a5ba-3e3b0328c30d","Security","0x0","1068","lab-dc1.lab.local","12/23/2016 5:26:23 PM",,,"security","Information","Info","Logon"
"S-1-5-18","LAB-DC1$","LAB","0x5079cb","3","4624","1","0","12544","0","-9214364837600034816","51365","Microsoft-Windows-Security-Auditing","54849625-5478-4994-a5ba-3e3b0328c30d","Security","0x0","1068","lab-dc1.lab.local","12/23/2016 5:25:23 PM",,,"security","Information","Info","Logon"
"S-1-5-18","LAB-DC1$","LAB","0x507919","3","4624","1","0","12544","0","-9214364837600034816","51361","Microsoft-Windows-Security-Auditing","54849625-5478-4994-a5ba-3e3b0328c30d","Security","0x0","1068","lab-dc1.lab.local","12/23/2016 5:24:23 PM",,,"security","Information","Info","Logon"
"S-1-5-18","LAB-DC1$","LAB","0x50784b","3","4624","1","0","12544","0","-9214364837600034816","51358","Microsoft-Windows-Security-Auditing","54849625-5478-4994-a5ba-3e3b0328c30d","Security","0x0","1068","lab-dc1.lab.local","12/23/2016 5:23:50 PM",,,"security","Information","Info","Logon"
"S-1-5-18","LAB-DC1$","LAB","0x5077e2","3","4624","1","0","12544","0","-9214364837600034816","51355","Microsoft-Windows-Security-Auditing","54849625-5478-4994-a5ba-3e3b0328c30d","Security","0x0","1560","lab-dc1.lab.local","12/23/2016 5:23:50 PM",,,"security","Information","Info","Logon"
"S-1-5-18","LAB-DC1$","LAB","0x50763f","3","4624","1","0","12544","0","-9214364837600034816","51351","Microsoft-Windows-Security-Auditing","54849625-5478-4994-a5ba-3e3b0328c30d","Security","0x0","1068","lab-dc1.lab.local","12/23/2016 5:23:23 PM",,,"security","Information","Info","Logon"
"S-1-5-18","LAB-DC1$","LAB","0x505d58","3","4624","1","0","12544","0","-9214364837600034816","51346","Microsoft-Windows-Security-Auditing","54849625-5478-4994-a5ba-3e3b0328c30d","Security","0x0","5340","lab-dc1.lab.local","12/23/2016 5:23:22 PM",,,"security","Information","Info","Logon"
"S-1-5-18","LAB-DC1$","LAB","0x505ce7","3","4624","1","0","12544","0","-9214364837600034816","51344","Microsoft-Windows-Security-Auditing","54849625-5478-4994-a5ba-3e3b0328c30d","Security","0x0","1068","lab-dc1.lab.local","12/23/2016 5:23:22 PM",,,"security","Information","Info","Logon"
"S-1-5-18","LAB-DC1$","LAB","0x505c9f","3","4624","1","0","12544","0","-9214364837600034816","51342","Microsoft-Windows-Security-Auditing","54849625-5478-4994-a5ba-3e3b0328c30d","Security","0x0","5340","lab-dc1.lab.local","12/23/2016 5:23:22 PM",,,"security","Information","Info","Logon"
"S-1-5-18","LAB-DC1$","LAB","0x505be0","3","4624","1","0","12544","0","-9214364837600034816","51340","Microsoft-Windows-Security-Auditing","54849625-5478-4994-a5ba-3e3b0328c30d","Security","0x0","1560","lab-dc1.lab.local","12/23/2016 5:23:22 PM",,,"security","Information","Info","Logon"
"S-1-5-18","LAB-DC1$","LAB","0x505b9f","3","4624","1","0","12544","0","-9214364837600034816","51338","Microsoft-Windows-Security-Auditing","54849625-5478-4994-a5ba-3e3b0328c30d","Security","0x0","5004","lab-dc1.lab.local","12/23/2016 5:23:21 PM",,,"security","Information","Info","Logon"
"S-1-5-18","LAB-DC1$","LAB","0x5059ec","3","4624","1","0","12544","0","-9214364837600034816","51335","Microsoft-Windows-Security-Auditing","54849625-5478-4994-a5ba-3e3b0328c30d","Security","0x0","1560","lab-dc1.lab.local","12/23/2016 5:22:23 PM",,,"security","Information","Info","Logon"
"S-1-5-18","LAB-DC1$","LAB","0x50587d","3","4624","1","0","12544","0","-9214364837600034816","51332","Microsoft-Windows-Security-Auditing","54849625-5478-4994-a5ba-3e3b0328c30d","Security","0x0","5340","lab-dc1.lab.local","12/23/2016 5:22:03 PM",,,"security","Information","Info","Logon"
"S-1-5-18","LAB-DC1$","LAB","0x5057f5","3","4624","1","0","12544","0","-9214364837600034816","51329","Microsoft-Windows-Security-Auditing","54849625-5478-4994-a5ba-3e3b0328c30d","Security","0x0","1560","lab-dc1.lab.local","12/23/2016 5:21:23 PM",,,"security","Information","Info","Logon"
"S-1-5-18","LAB-DC1$","LAB","0x50574e","3","4624","1","0","12544","0","-9214364837600034816","51326","Microsoft-Windows-Security-Auditing","54849625-5478-4994-a5ba-3e3b0328c30d","Security","0x0","1560","lab-dc1.lab.local","12/23/2016 5:20:23 PM",,,"security","Information","Info","Logon"
"S-1-5-18","LAB-DC1$","LAB","0x5056bf","3","4624","1","0","12544","0","-9214364837600034816","51323","Microsoft-Windows-Security-Auditing","54849625-5478-4994-a5ba-3e3b0328c30d","Security","0x0","1560","lab-dc1.lab.local","12/23/2016 5:19:23 PM",,,"security","Information","Info","Logon"
"S-1-5-18","LAB-DC1$","LAB","0x5055f5","3","4624","1","0","12544","0","-9214364837600034816","51320","Microsoft-Windows-Security-Auditing","54849625-5478-4994-a5ba-3e3b0328c30d","Security","0x0","1560","lab-dc1.lab.local","12/23/2016 5:18:49 PM",,,"security","Information","Info","Logon"
"S-1-5-18","LAB-DC1$","LAB","0x50558c","3","4624","1","0","12544","0","-9214364837600034816","51317","Microsoft-Windows-Security-Auditing","54849625-5478-4994-a5ba-3e3b0328c30d","Security","0x0","1068","lab-dc1.lab.local","12/23/2016 5:18:49 PM",,,"security","Information","Info","Logon"
"S-1-5-18","LAB-DC1$","LAB","0x50540f","3","4624","1","0","12544","0","-9214364837600034816","51313","Microsoft-Windows-Security-Auditing","54849625-5478-4994-a5ba-3e3b0328c30d","Security","0x0","1068","lab-dc1.lab.local","12/23/2016 5:18:23 PM",,,"security","Information","Info","Logon"
"S-1-5-18","LAB-DC1$","LAB","0x5036f0","3","4624","1","0","12544","0","-9214364837600034816","51308","Microsoft-Windows-Security-Auditing","54849625-5478-4994-a5ba-3e3b0328c30d","Security","0x0","4732","lab-dc1.lab.local","12/23/2016 5:18:21 PM",,,"security","Information","Info","Logon"
"S-1-5-18","LAB-DC1$","LAB","0x503685","3","4624","1","0","12544","0","-9214364837600034816","51306","Microsoft-Windows-Security-Auditing","54849625-5478-4994-a5ba-3e3b0328c30d","Security","0x0","1068","lab-dc1.lab.local","12/23/2016 5:18:21 PM",,,"security","Information","Info","Logon"
"S-1-5-18","LAB-DC1$","LAB","0x503640","3","4624","1","0","12544","0","-9214364837600034816","51304","Microsoft-Windows-Security-Auditing","54849625-5478-4994-a5ba-3e3b0328c30d","Security","0x0","4732","lab-dc1.lab.local","12/23/2016 5:18:21 PM",,,"security","Information","Info","Logon"
"S-1-5-18","LAB-DC1$","LAB","0x503581","3","4624","1","0","12544","0","-9214364837600034816","51302","Microsoft-Windows-Security-Auditing","54849625-5478-4994-a5ba-3e3b0328c30d","Security","0x0","1560","lab-dc1.lab.local","12/23/2016 5:18:21 PM",,,"security","Information","Info","Logon"
"S-1-5-18","LAB-DC1$","LAB","0x5034a0","3","4624","1","0","12544","0","-9214364837600034816","51299","Microsoft-Windows-Security-Auditing","54849625-5478-4994-a5ba-3e3b0328c30d","Security","0x0","1560","lab-dc1.lab.local","12/23/2016 5:17:23 PM",,,"security","Information","Info","Logon"
"S-1-5-18","LAB-DC1$","LAB","0x502df1","3","4624","1","0","12544","0","-9214364837600034816","51294","Microsoft-Windows-Security-Auditing","54849625-5478-4994-a5ba-3e3b0328c30d","Security","0x0","1560","lab-dc1.lab.local","12/23/2016 5:16:23 PM",,,"security","Information","Info","Logon"
"S-1-5-18","LAB-DC1$","LAB","0x502a32","3","4624","1","0","12544","0","-9214364837600034816","51291","Microsoft-Windows-Security-Auditing","54849625-5478-4994-a5ba-3e3b0328c30d","Security","0x0","1560","lab-dc1.lab.local","12/23/2016 5:15:23 PM",,,"security","Information","Info","Logon"
"S-1-5-18","LAB-DC1$","LAB","0x502403","3","4624","1","0","12544","0","-9214364837600034816","51286","Microsoft-Windows-Security-Auditing","54849625-5478-4994-a5ba-3e3b0328c30d","Security","0x0","1560","lab-dc1.lab.local","12/23/2016 5:14:23 PM",,,"security","Information","Info","Logon"
"S-1-5-18","LAB-DC1$","LAB","0x5020e7","3","4624","1","0","12544","0","-9214364837600034816","51283","Microsoft-Windows-Security-Auditing","54849625-5478-4994-a5ba-3e3b0328c30d","Security","0x0","1560","lab-dc1.lab.local","12/23/2016 5:13:47 PM",,,"security","Information","Info","Logon"
"S-1-5-18","LAB-DC1$","LAB","0x50207e","3","4624","1","0","12544","0","-9214364837600034816","51280","Microsoft-Windows-Security-Auditing","54849625-5478-4994-a5ba-3e3b0328c30d","Security","0x0","1068","lab-dc1.lab.local","12/23/2016 5:13:47 PM",,,"security","Information","Info","Logon"
"S-1-5-18","LAB-DC1$","LAB","0x501ddc","3","4624","1","0","12544","0","-9214364837600034816","51276","Microsoft-Windows-Security-Auditing","54849625-5478-4994-a5ba-3e3b0328c30d","Security","0x0","1068","lab-dc1.lab.local","12/23/2016 5:13:23 PM",,,"security","Information","Info","Logon"
"S-1-5-18","LAB-DC1$","LAB","0x5000b1","3","4624","1","0","12544","0","-9214364837600034816","51271","Microsoft-Windows-Security-Auditing","54849625-5478-4994-a5ba-3e3b0328c30d","Security","0x0","4732","lab-dc1.lab.local","12/23/2016 5:13:21 PM",,,"security","Information","Info","Logon"
"S-1-5-18","LAB-DC1$","LAB","0x50004b","3","4624","1","0","12544","0","-9214364837600034816","51269","Microsoft-Windows-Security-Auditing","54849625-5478-4994-a5ba-3e3b0328c30d","Security","0x0","1068","lab-dc1.lab.local","12/23/2016 5:13:20 PM",,,"security","Information","Info","Logon"
"S-1-5-18","LAB-DC1$","LAB","0x500002","3","4624","1","0","12544","0","-9214364837600034816","51267","Microsoft-Windows-Security-Auditing","54849625-5478-4994-a5ba-3e3b0328c30d","Security","0x0","4732","lab-dc1.lab.local","12/23/2016 5:13:20 PM",,,"security","Information","Info","Logon"
"S-1-5-18","LAB-DC1$","LAB","0x4fff41","3","4624","1","0","12544","0","-9214364837600034816","51265","Microsoft-Windows-Security-Auditing","54849625-5478-4994-a5ba-3e3b0328c30d","Security","0x0","1068","lab-dc1.lab.local","12/23/2016 5:13:20 PM",,,"security","Information","Info","Logon"
"S-1-5-18","LAB-DC1$","LAB","0x4ff077","3","4624","1","0","12544","0","-9214364837600034816","51262","Microsoft-Windows-Security-Auditing","54849625-5478-4994-a5ba-3e3b0328c30d","Security","0x0","1068","lab-dc1.lab.local","12/23/2016 5:12:23 PM",,,"security","Information","Info","Logon"
"S-1-5-18","LAB-DC1$","LAB","0x4fee1a","3","4624","1","0","12544","0","-9214364837600034816","51259","Microsoft-Windows-Security-Auditing","54849625-5478-4994-a5ba-3e3b0328c30d","Security","0x0","4732","lab-dc1.lab.local","12/23/2016 5:12:02 PM",,,"security","Information","Info","Logon"
"S-1-5-18","LAB-DC1$","LAB","0x4feb20","3","4624","1","0","12544","0","-9214364837600034816","51254","Microsoft-Windows-Security-Auditing","54849625-5478-4994-a5ba-3e3b0328c30d","Security","0x0","1560","lab-dc1.lab.local","12/23/2016 5:11:23 PM",,,"security","Information","Info","Logon"
"S-1-5-18","LAB-DC1$","LAB","0x4f60f1","3","4624","1","0","12544","0","-9214364837600034816","51244","Microsoft-Windows-Security-Auditing","54849625-5478-4994-a5ba-3e3b0328c30d","Security","0x0","1560","lab-dc1.lab.local","12/23/2016 5:10:23 PM",,,"security","Information","Info","Logon"
"S-1-5-18","LAB-DC1$","LAB","0x4eda6e","3","4624","1","0","12544","0","-9214364837600034816","51233","Microsoft-Windows-Security-Auditing","54849625-5478-4994-a5ba-3e3b0328c30d","Security","0x0","1560","lab-dc1.lab.local","12/23/2016 5:09:23 PM",,,"security","Information","Info","Logon"
"S-1-5-18","LAB-DC1$","LAB","0x4ed7c5","3","4624","1","0","12544","0","-9214364837600034816","51230","Microsoft-Windows-Security-Auditing","54849625-5478-4994-a5ba-3e3b0328c30d","Security","0x0","1560","lab-dc1.lab.local","12/23/2016 5:08:46 PM",,,"security","Information","Info","Logon"
"S-1-5-18","LAB-DC1$","LAB","0x4ed75c","3","4624","1","0","12544","0","-9214364837600034816","51227","Microsoft-Windows-Security-Auditing","54849625-5478-4994-a5ba-3e3b0328c30d","Security","0x0","1068","lab-dc1.lab.local","12/23/2016 5:08:46 PM",,,"security","Information","Info","Logon"
"S-1-5-18","LAB-DC1$","LAB","0x4ed4fa","3","4624","1","0","12544","0","-9214364837600034816","51223","Microsoft-Windows-Security-Auditing","54849625-5478-4994-a5ba-3e3b0328c30d","Security","0x0","1068","lab-dc1.lab.local","12/23/2016 5:08:23 PM",,,"security","Information","Info","Logon"
"S-1-5-18","LAB-DC1$","LAB","0x4eb633","3","4624","1","0","12544","0","-9214364837600034816","51218","Microsoft-Windows-Security-Auditing","54849625-5478-4994-a5ba-3e3b0328c30d","Security","0x0","5676","lab-dc1.lab.local","12/23/2016 5:08:20 PM",,,"security","Information","Info","Logon"
"S-1-5-18","LAB-DC1$","LAB","0x4eb5c1","3","4624","1","0","12544","0","-9214364837600034816","51216","Microsoft-Windows-Security-Auditing","54849625-5478-4994-a5ba-3e3b0328c30d","Security","0x0","1068","lab-dc1.lab.local","12/23/2016 5:08:20 PM",,,"security","Information","Info","Logon"
"S-1-5-18","LAB-DC1$","LAB","0x4eb57b","3","4624","1","0","12544","0","-9214364837600034816","51214","Microsoft-Windows-Security-Auditing","54849625-5478-4994-a5ba-3e3b0328c30d","Security","0x0","5676","lab-dc1.lab.local","12/23/2016 5:08:20 PM",,,"security","Information","Info","Logon"
"S-1-5-18","LAB-DC1$","LAB","0x4eb4bc","3","4624","1","0","12544","0","-9214364837600034816","51212","Microsoft-Windows-Security-Auditing","54849625-5478-4994-a5ba-3e3b0328c30d","Security","0x0","1560","lab-dc1.lab.local","12/23/2016 5:08:20 PM",,,"security","Information","Info","Logon"
"S-1-5-18","LAB-DC1$","LAB","0x4eaee1","3","4624","1","0","12544","0","-9214364837600034816","51209","Microsoft-Windows-Security-Auditing","54849625-5478-4994-a5ba-3e3b0328c30d","Security","0x0","1560","lab-dc1.lab.local","12/23/2016 5:07:23 PM",,,"security","Information","Info","Logon"
"S-1-5-18","LAB-DC1$","LAB","0x4e3b2c","3","4624","1","0","12544","0","-9214364837600034816","51203","Microsoft-Windows-Security-Auditing","54849625-5478-4994-a5ba-3e3b0328c30d","Security","0x0","1560","lab-dc1.lab.local","12/23/2016 5:06:23 PM",,,"security","Information","Info","Logon"
"S-1-5-18","LAB-DC1$","LAB","0x4dcd3f","3","4624","1","0","12544","0","-9214364837600034816","51199","Microsoft-Windows-Security-Auditing","54849625-5478-4994-a5ba-3e3b0328c30d","Security","0x0","1560","lab-dc1.lab.local","12/23/2016 5:05:23 PM",,,"security","Information","Info","Logon"
"S-1-5-18","LAB-DC1$","LAB","0x4d5eec","3","4624","1","0","12544","0","-9214364837600034816","51186","Microsoft-Windows-Security-Auditing","54849625-5478-4994-a5ba-3e3b0328c30d","Security","0x0","1560","lab-dc1.lab.local","12/23/2016 5:04:23 PM",,,"security","Information","Info","Logon"
"S-1-5-18","LAB-DC1$","LAB","0x4d5d7c","3","4624","1","0","12544","0","-9214364837600034816","51183","Microsoft-Windows-Security-Auditing","54849625-5478-4994-a5ba-3e3b0328c30d","Security","0x0","1560","lab-dc1.lab.local","12/23/2016 5:03:45 PM",,,"security","Information","Info","Logon"
"S-1-5-18","LAB-DC1$","LAB","0x4d5d13","3","4624","1","0","12544","0","-9214364837600034816","51180","Microsoft-Windows-Security-Auditing","54849625-5478-4994-a5ba-3e3b0328c30d","Security","0x0","1068","lab-dc1.lab.local","12/23/2016 5:03:45 PM",,,"security","Information","Info","Logon"
"S-1-5-18","LAB-DC1$","LAB","0x4d5b2d","3","4624","1","0","12544","0","-9214364837600034816","51176","Microsoft-Windows-Security-Auditing","54849625-5478-4994-a5ba-3e3b0328c30d","Security","0x0","1068","lab-dc1.lab.local","12/23/2016 5:03:23 PM",,,"security","Information","Info","Logon"
"S-1-5-18","LAB-DC1$","LAB","0x4d39e2","3","4624","1","0","12544","0","-9214364837600034816","51171","Microsoft-Windows-Security-Auditing","54849625-5478-4994-a5ba-3e3b0328c30d","Security","0x0","5812","lab-dc1.lab.local","12/23/2016 5:03:19 PM",,,"security","Information","Info","Logon"
"S-1-5-18","LAB-DC1$","LAB","0x4d397b","3","4624","1","0","12544","0","-9214364837600034816","51169","Microsoft-Windows-Security-Auditing","54849625-5478-4994-a5ba-3e3b0328c30d","Security","0x0","1068","lab-dc1.lab.local","12/23/2016 5:03:19 PM",,,"security","Information","Info","Logon"
"S-1-5-18","LAB-DC1$","LAB","0x4d3932","3","4624","1","0","12544","0","-9214364837600034816","51167","Microsoft-Windows-Security-Auditing","54849625-5478-4994-a5ba-3e3b0328c30d","Security","0x0","4484","lab-dc1.lab.local","12/23/2016 5:03:19 PM",,,"security","Information","Info","Logon"
"S-1-5-18","LAB-DC1$","LAB","0x4d3871","3","4624","1","0","12544","0","-9214364837600034816","51165","Microsoft-Windows-Security-Auditing","54849625-5478-4994-a5ba-3e3b0328c30d","Security","0x0","1068","lab-dc1.lab.local","12/23/2016 5:03:19 PM",,,"security","Information","Info","Logon"
"S-1-5-18","LAB-DC1$","LAB","0x4d3594","3","4624","1","0","12544","0","-9214364837600034816","51162","Microsoft-Windows-Security-Auditing","54849625-5478-4994-a5ba-3e3b0328c30d","Security","0x0","1068","lab-dc1.lab.local","12/23/2016 5:02:23 PM",,,"security","Information","Info","Logon"
"S-1-5-18","LAB-DC1$","LAB","0x4d3412","3","4624","1","0","12544","0","-9214364837600034816","51159","Microsoft-Windows-Security-Auditing","54849625-5478-4994-a5ba-3e3b0328c30d","Security","0x0","5812","lab-dc1.lab.local","12/23/2016 5:02:02 PM",,,"security","Information","Info","Logon"
"S-1-5-18","LAB-DC1$","LAB","0x4d31f2","3","4624","1","0","12544","0","-9214364837600034816","51156","Microsoft-Windows-Security-Auditing","54849625-5478-4994-a5ba-3e3b0328c30d","Security","0x0","1068","lab-dc1.lab.local","12/23/2016 5:01:23 PM",,,"security","Information","Info","Logon"
"S-1-5-18","LAB-DC1$","LAB","0x4d2ebe","3","4624","1","0","12544","0","-9214364837600034816","51153","Microsoft-Windows-Security-Auditing","54849625-5478-4994-a5ba-3e3b0328c30d","Security","0x0","1068","lab-dc1.lab.local","12/23/2016 5:01:15 PM",,,"security","Information","Info","Logon"
"S-1-5-18","LAB-DC1$","LAB","0x4d2cc3","3","4624","1","0","12544","0","-9214364837600034816","51150","Microsoft-Windows-Security-Auditing","54849625-5478-4994-a5ba-3e3b0328c30d","Security","0x0","1068","lab-dc1.lab.local","12/23/2016 5:00:23 PM",,,"security","Information","Info","Logon"
"S-1-5-21-1821399794-337311051-3185148185-1105","BOB-WIN7$","LAB","0x4d2854","3","4624","1","0","12544","0","-9214364837600034816","51142","Microsoft-Windows-Security-Auditing","54849625-5478-4994-a5ba-3e3b0328c30d","Security","0x0","1560","lab-dc1.lab.local","12/23/2016 4:59:48 PM",,,"security","Information","Info","Logon"
"S-1-5-21-1821399794-337311051-3185148185-1105","BOB-WIN7$","LAB","0x4d2844","3","4624","1","0","12544","0","-9214364837600034816","51141","Microsoft-Windows-Security-Auditing","54849625-5478-4994-a5ba-3e3b0328c30d","Security","0x0","1068","lab-dc1.lab.local","12/23/2016 4:59:48 PM",,,"security","Information","Info","Logon"
"S-1-5-18","LAB-DC1$","LAB","0x4d2774","3","4624","1","0","12544","0","-9214364837600034816","51139","Microsoft-Windows-Security-Auditing","54849625-5478-4994-a5ba-3e3b0328c30d","Security","0x0","1068","lab-dc1.lab.local","12/23/2016 4:59:23 PM",,,"security","Information","Info","Logon"
"S-1-5-18","LAB-DC1$","LAB","0x4cdc58","3","4624","1","0","12544","0","-9214364837600034816","51135","Microsoft-Windows-Security-Auditing","54849625-5478-4994-a5ba-3e3b0328c30d","Security","0x0","1068","lab-dc1.lab.local","12/23/2016 4:58:43 PM",,,"security","Information","Info","Logon"
"S-1-5-18","LAB-DC1$","LAB","0x4cdbef","3","4624","1","0","12544","0","-9214364837600034816","51132","Microsoft-Windows-Security-Auditing","54849625-5478-4994-a5ba-3e3b0328c30d","Security","0x0","1560","lab-dc1.lab.local","12/23/2016 4:58:43 PM",,,"security","Information","Info","Logon"
"S-1-5-18","LAB-DC1$","LAB","0x4cd7d3","3","4624","1","0","12544","0","-9214364837600034816","51128","Microsoft-Windows-Security-Auditing","54849625-5478-4994-a5ba-3e3b0328c30d","Security","0x0","1560","lab-dc1.lab.local","12/23/2016 4:58:23 PM",,,"security","Information","Info","Logon"
"S-1-5-18","LAB-DC1$","LAB","0x4c93d2","3","4624","1","0","12544","0","-9214364837600034816","51123","Microsoft-Windows-Security-Auditing","54849625-5478-4994-a5ba-3e3b0328c30d","Security","0x0","5296","lab-dc1.lab.local","12/23/2016 4:58:18 PM",,,"security","Information","Info","Logon"
"S-1-5-18","LAB-DC1$","LAB","0x4c889c","3","4624","1","0","12544","0","-9214364837600034816","51121","Microsoft-Windows-Security-Auditing","54849625-5478-4994-a5ba-3e3b0328c30d","Security","0x0","1560","lab-dc1.lab.local","12/23/2016 4:58:18 PM",,,"security","Information","Info","Logon"
"S-1-5-18","LAB-DC1$","LAB","0x4c8857","3","4624","1","0","12544","0","-9214364837600034816","51119","Microsoft-Windows-Security-Auditing","54849625-5478-4994-a5ba-3e3b0328c30d","Security","0x0","5296","lab-dc1.lab.local","12/23/2016 4:58:18 PM",,,"security","Information","Info","Logon"
"S-1-5-18","LAB-DC1$","LAB","0x4c8798","3","4624","1","0","12544","0","-9214364837600034816","51117","Microsoft-Windows-Security-Auditing","54849625-5478-4994-a5ba-3e3b0328c30d","Security","0x0","1560","lab-dc1.lab.local","12/23/2016 4:58:18 PM",,,"security","Information","Info","Logon"
"S-1-5-18","LAB-DC1$","LAB","0x4c3ff2","3","4624","1","0","12544","0","-9214364837600034816","51112","Microsoft-Windows-Security-Auditing","54849625-5478-4994-a5ba-3e3b0328c30d","Security","0x0","1560","lab-dc1.lab.local","12/23/2016 4:57:23 PM",,,"security","Information","Info","Logon"
"S-1-5-18","LAB-DC1$","LAB","0x4c3ba4","3","4624","1","0","12544","0","-9214364837600034816","51110","Microsoft-Windows-Security-Auditing","54849625-5478-4994-a5ba-3e3b0328c30d","Security","0x0","5296","lab-dc1.lab.local","12/23/2016 4:57:14 PM",,,"security","Information","Info","Logon"
"S-1-5-18","LAB-DC1$","LAB","0x4bcbf9","3","4624","1","0","12544","0","-9214364837600034816","51099","Microsoft-Windows-Security-Auditing","54849625-5478-4994-a5ba-3e3b0328c30d","Security","0x0","1560","lab-dc1.lab.local","12/23/2016 4:56:23 PM",,,"security","Information","Info","Logon"
"S-1-5-18","LAB-DC1$","LAB","0x4bbf86","3","4624","1","0","12544","0","-9214364837600034816","51096","Microsoft-Windows-Security-Auditing","54849625-5478-4994-a5ba-3e3b0328c30d","Security","0x0","1068","lab-dc1.lab.local","12/23/2016 4:55:23 PM",,,"security","Information","Info","Logon"
"S-1-5-18","LAB-DC1$","LAB","0x4bb804","3","4624","1","0","12544","0","-9214364837600034816","51093","Microsoft-Windows-Security-Auditing","54849625-5478-4994-a5ba-3e3b0328c30d","Security","0x0","1068","lab-dc1.lab.local","12/23/2016 4:54:45 PM",,,"security","Information","Info","Logon"
"S-1-5-18","LAB-DC1$","LAB","0x4bb608","3","4624","1","0","12544","0","-9214364837600034816","51089","Microsoft-Windows-Security-Auditing","54849625-5478-4994-a5ba-3e3b0328c30d","Security","0x0","1068","lab-dc1.lab.local","12/23/2016 4:54:23 PM",,,"security","Information","Info","Logon"
"S-1-5-18","LAB-DC1$","LAB","0x4b8710","3","4624","1","0","12544","0","-9214364837600034816","51084","Microsoft-Windows-Security-Auditing","54849625-5478-4994-a5ba-3e3b0328c30d","Security","0x0","1068","lab-dc1.lab.local","12/23/2016 4:53:43 PM",,,"security","Information","Info","Logon"
"S-1-5-18","LAB-DC1$","LAB","0x4b8689","3","4624","1","0","12544","0","-9214364837600034816","51080","Microsoft-Windows-Security-Auditing","54849625-5478-4994-a5ba-3e3b0328c30d","Security","0x0","1068","lab-dc1.lab.local","12/23/2016 4:53:42 PM",,,"security","Information","Info","Logon"
"S-1-5-18","LAB-DC1$","LAB","0x4b8620","3","4624","1","0","12544","0","-9214364837600034816","51077","Microsoft-Windows-Security-Auditing","54849625-5478-4994-a5ba-3e3b0328c30d","Security","0x0","1560","lab-dc1.lab.local","12/23/2016 4:53:42 PM",,,"security","Information","Info","Logon"
"S-1-5-18","LAB-DC1$","LAB","0x4b84e4","3","4624","1","0","12544","0","-9214364837600034816","51075","Microsoft-Windows-Security-Auditing","54849625-5478-4994-a5ba-3e3b0328c30d","Security","0x0","1560","lab-dc1.lab.local","12/23/2016 4:53:41 PM",,,"security","Information","Info","Logon"
"S-1-5-18","LAB-DC1$","LAB","0x4b81e2","3","4624","1","0","12544","0","-9214364837600034816","51068","Microsoft-Windows-Security-Auditing","54849625-5478-4994-a5ba-3e3b0328c30d","Security","0x0","1560","lab-dc1.lab.local","12/23/2016 4:53:23 PM",,,"security","Information","Info","Logon"
"S-1-5-18","LAB-DC1$","LAB","0x4b5c48","3","4624","1","0","12544","0","-9214364837600034816","51063","Microsoft-Windows-Security-Auditing","54849625-5478-4994-a5ba-3e3b0328c30d","Security","0x0","4236","lab-dc1.lab.local","12/23/2016 4:53:17 PM",,,"security","Information","Info","Logon"
"S-1-5-18","LAB-DC1$","LAB","0x4b5bd6","3","4624","1","0","12544","0","-9214364837600034816","51061","Microsoft-Windows-Security-Auditing","54849625-5478-4994-a5ba-3e3b0328c30d","Security","0x0","1560","lab-dc1.lab.local","12/23/2016 4:53:17 PM",,,"security","Information","Info","Logon"
"S-1-5-18","LAB-DC1$","LAB","0x4b5b8d","3","4624","1","0","12544","0","-9214364837600034816","51059","Microsoft-Windows-Security-Auditing","54849625-5478-4994-a5ba-3e3b0328c30d","Security","0x0","5340","lab-dc1.lab.local","12/23/2016 4:53:17 PM",,,"security","Information","Info","Logon"
"S-1-5-18","LAB-DC1$","LAB","0x4b5acb","3","4624","1","0","12544","0","-9214364837600034816","51057","Microsoft-Windows-Security-Auditing","54849625-5478-4994-a5ba-3e3b0328c30d","Security","0x0","1068","lab-dc1.lab.local","12/23/2016 4:53:17 PM",,,"security","Information","Info","Logon"
"S-1-5-18","LAB-DC1$","LAB","0x4b5a79","3","4624","1","0","12544","0","-9214364837600034816","51055","Microsoft-Windows-Security-Auditing","54849625-5478-4994-a5ba-3e3b0328c30d","Security","0x0","3224","lab-dc1.lab.local","12/23/2016 4:53:17 PM",,,"security","Information","Info","Logon"
"S-1-5-18","LAB-DC1$","LAB","0x4a5fcd","3","4624","1","0","12544","0","-9214364837600034816","50954","Microsoft-Windows-Security-Auditing","54849625-5478-4994-a5ba-3e3b0328c30d","Security","0x0","1068","lab-dc1.lab.local","12/23/2016 4:52:52 PM",,,"security","Information","Info","Logon"
"S-1-5-18","SYSTEM","NT AUTHORITY","0x3e7","5","4624","1","0","12544","0","-9214364837600034816","50947","Microsoft-Windows-Security-Auditing","54849625-5478-4994-a5ba-3e3b0328c30d","Security","0x1ec","4236","lab-dc1.lab.local","12/23/2016 4:52:49 PM",,,"security","Information","Info","Logon"
