#TYPE Selected.System.Diagnostics.Eventing.Reader.EventLogRecord
"TaskName","ActionName","TaskInstanceId","EnginePID","Id","Version","Level","Task","Opcode","Keywords","RecordId","ProviderName","ProviderId","LogName","ProcessId","ThreadId","MachineName","UserId","TimeCreated","ActivityId","RelatedActivityId","ContainerLog","LevelDisplayName","OpcodeDisplayName","TaskDisplayName"
"\test","C:\Windows\System32\calc.exe","{FE5949C2-26E3-4B63-AE52-2DCCBE7BDFC0}","3712","200","1","4","200","1","-9223372036854775808","2403","Microsoft-Windows-TaskScheduler","de7b24ea-73c8-4a09-985d-5bdadcfa9017","Microsoft-Windows-TaskScheduler/Operational","6160","7512","lab-dc1.lab.local","S-1-5-21-1821399794-337311051-3185148185-500","12/24/2016 10:23:51 AM","fe5949c2-26e3-4b63-ae52-2dccbe7bdfc0",,"microsoft-windows-taskscheduler/operational","Information","Start","Action started"
"\test","C:\Windows\System32\calc.exe","{FE1DD5BE-B1D3-455A-B822-8D123ED82E05}","6000","200","1","4","200","1","-9223372036854775808","2398","Microsoft-Windows-TaskScheduler","de7b24ea-73c8-4a09-985d-5bdadcfa9017","Microsoft-Windows-TaskScheduler/Operational","6160","2060","lab-dc1.lab.local","S-1-5-21-1821399794-337311051-3185148185-500","12/24/2016 10:22:51 AM","fe1dd5be-b1d3-455a-b822-8d123ed82e05",,"microsoft-windows-taskscheduler/operational","Information","Start","Action started"
"\test","C:\Windows\System32\calc.exe","{5EE6EAB9-1E9A-4BC6-9BBB-9D4E55FB93E1}","7024","200","1","4","200","1","-9223372036854775808","2393","Microsoft-Windows-TaskScheduler","de7b24ea-73c8-4a09-985d-5bdadcfa9017","Microsoft-Windows-TaskScheduler/Operational","6160","6924","lab-dc1.lab.local","S-1-5-21-1821399794-337311051-3185148185-500","12/24/2016 10:21:51 AM","5ee6eab9-1e9a-4bc6-9bbb-9d4e55fb93e1",,"microsoft-windows-taskscheduler/operational","Information","Start","Action started"
"\test","C:\Windows\System32\calc.exe","{3ED3AB32-64A3-4437-A75E-44A909A10ABF}","5968","200","1","4","200","1","-9223372036854775808","2386","Microsoft-Windows-TaskScheduler","de7b24ea-73c8-4a09-985d-5bdadcfa9017","Microsoft-Windows-TaskScheduler/Operational","6160","5316","lab-dc1.lab.local","S-1-5-21-1821399794-337311051-3185148185-500","12/24/2016 10:20:51 AM","3ed3ab32-64a3-4437-a75e-44a909a10abf",,"microsoft-windows-taskscheduler/operational","Information","Start","Action started"
"\test","C:\Windows\System32\calc.exe","{8E73FC85-38AE-4829-A799-35D4BEE2D03A}","5376","200","1","4","200","1","-9223372036854775808","2381","Microsoft-Windows-TaskScheduler","de7b24ea-73c8-4a09-985d-5bdadcfa9017","Microsoft-Windows-TaskScheduler/Operational","6160","7984","lab-dc1.lab.local","S-1-5-21-1821399794-337311051-3185148185-500","12/24/2016 10:19:51 AM","8e73fc85-38ae-4829-a799-35d4bee2d03a",,"microsoft-windows-taskscheduler/operational","Information","Start","Action started"
"\test","C:\Windows\System32\calc.exe","{ABF19851-4C12-4F72-98D8-CD9DC4654A61}","5768","200","1","4","200","1","-9223372036854775808","2376","Microsoft-Windows-TaskScheduler","de7b24ea-73c8-4a09-985d-5bdadcfa9017","Microsoft-Windows-TaskScheduler/Operational","6160","6772","lab-dc1.lab.local","S-1-5-21-1821399794-337311051-3185148185-500","12/24/2016 10:18:51 AM","abf19851-4c12-4f72-98d8-cd9dc4654a61",,"microsoft-windows-taskscheduler/operational","Information","Start","Action started"
"\test","C:\Windows\System32\calc.exe","{81089384-772B-4AC2-A833-014475EAB6BA}","7960","200","1","4","200","1","-9223372036854775808","2371","Microsoft-Windows-TaskScheduler","de7b24ea-73c8-4a09-985d-5bdadcfa9017","Microsoft-Windows-TaskScheduler/Operational","6160","7700","lab-dc1.lab.local","S-1-5-21-1821399794-337311051-3185148185-500","12/24/2016 10:17:51 AM","81089384-772b-4ac2-a833-014475eab6ba",,"microsoft-windows-taskscheduler/operational","Information","Start","Action started"
"\test","C:\Windows\System32\calc.exe","{6757BD1D-FEE3-4168-87E5-E7D2686261EB}","6344","200","1","4","200","1","-9223372036854775808","2366","Microsoft-Windows-TaskScheduler","de7b24ea-73c8-4a09-985d-5bdadcfa9017","Microsoft-Windows-TaskScheduler/Operational","6160","6288","lab-dc1.lab.local","S-1-5-21-1821399794-337311051-3185148185-500","12/24/2016 10:16:51 AM","6757bd1d-fee3-4168-87e5-e7d2686261eb",,"microsoft-windows-taskscheduler/operational","Information","Start","Action started"
"\test","C:\Windows\System32\calc.exe","{2D2A2BBD-0544-4F80-8745-E1DD4BAC90E4}","7424","200","1","4","200","1","-9223372036854775808","2361","Microsoft-Windows-TaskScheduler","de7b24ea-73c8-4a09-985d-5bdadcfa9017","Microsoft-Windows-TaskScheduler/Operational","6160","2576","lab-dc1.lab.local","S-1-5-21-1821399794-337311051-3185148185-500","12/24/2016 10:15:51 AM","2d2a2bbd-0544-4f80-8745-e1dd4bac90e4",,"microsoft-windows-taskscheduler/operational","Information","Start","Action started"
"\test","C:\Windows\System32\calc.exe","{4FD72738-76C8-4DF6-8071-44C97B6A1D84}","5192","200","1","4","200","1","-9223372036854775808","2356","Microsoft-Windows-TaskScheduler","de7b24ea-73c8-4a09-985d-5bdadcfa9017","Microsoft-Windows-TaskScheduler/Operational","6160","4628","lab-dc1.lab.local","S-1-5-21-1821399794-337311051-3185148185-500","12/24/2016 10:14:51 AM","4fd72738-76c8-4df6-8071-44c97b6a1d84",,"microsoft-windows-taskscheduler/operational","Information","Start","Action started"
"\test","C:\Windows\System32\calc.exe","{F276F947-DF64-475A-B240-EFDF0DD9C72D}","7328","200","1","4","200","1","-9223372036854775808","2351","Microsoft-Windows-TaskScheduler","de7b24ea-73c8-4a09-985d-5bdadcfa9017","Microsoft-Windows-TaskScheduler/Operational","6160","7772","lab-dc1.lab.local","S-1-5-21-1821399794-337311051-3185148185-500","12/24/2016 10:13:51 AM","f276f947-df64-475a-b240-efdf0dd9c72d",,"microsoft-windows-taskscheduler/operational","Information","Start","Action started"
"\test","C:\Windows\System32\calc.exe","{14E7881C-C5BE-4DEF-B9CF-A5928AA84434}","7612","200","1","4","200","1","-9223372036854775808","2346","Microsoft-Windows-TaskScheduler","de7b24ea-73c8-4a09-985d-5bdadcfa9017","Microsoft-Windows-TaskScheduler/Operational","6160","7792","lab-dc1.lab.local","S-1-5-21-1821399794-337311051-3185148185-500","12/24/2016 10:12:51 AM","14e7881c-c5be-4def-b9cf-a5928aa84434",,"microsoft-windows-taskscheduler/operational","Information","Start","Action started"
"\test","C:\Windows\System32\calc.exe","{208462E4-79A2-4616-9104-BFE76EE86572}","8036","200","1","4","200","1","-9223372036854775808","2341","Microsoft-Windows-TaskScheduler","de7b24ea-73c8-4a09-985d-5bdadcfa9017","Microsoft-Windows-TaskScheduler/Operational","6160","8116","lab-dc1.lab.local","S-1-5-21-1821399794-337311051-3185148185-500","12/24/2016 10:11:51 AM","208462e4-79a2-4616-9104-bfe76ee86572",,"microsoft-windows-taskscheduler/operational","Information","Start","Action started"
"\test","C:\Windows\System32\calc.exe","{DE3366F3-FC5E-46F7-993D-7C9F7B7D2014}","3224","200","1","4","200","1","-9223372036854775808","2336","Microsoft-Windows-TaskScheduler","de7b24ea-73c8-4a09-985d-5bdadcfa9017","Microsoft-Windows-TaskScheduler/Operational","6160","7180","lab-dc1.lab.local","S-1-5-21-1821399794-337311051-3185148185-500","12/24/2016 10:10:51 AM","de3366f3-fc5e-46f7-993d-7c9f7b7d2014",,"microsoft-windows-taskscheduler/operational","Information","Start","Action started"
"\test","C:\Windows\System32\calc.exe","{6AC7050B-72A6-4F43-BBD5-95312BAB9893}","4944","200","1","4","200","1","-9223372036854775808","2331","Microsoft-Windows-TaskScheduler","de7b24ea-73c8-4a09-985d-5bdadcfa9017","Microsoft-Windows-TaskScheduler/Operational","6160","6176","lab-dc1.lab.local","S-1-5-21-1821399794-337311051-3185148185-500","12/24/2016 10:09:51 AM","6ac7050b-72a6-4f43-bbd5-95312bab9893",,"microsoft-windows-taskscheduler/operational","Information","Start","Action started"
"\test","C:\Windows\System32\calc.exe","{BF6C28F4-1BB7-485F-97CD-3731F3D1CF6E}","5588","200","1","4","200","1","-9223372036854775808","2326","Microsoft-Windows-TaskScheduler","de7b24ea-73c8-4a09-985d-5bdadcfa9017","Microsoft-Windows-TaskScheduler/Operational","6160","5800","lab-dc1.lab.local","S-1-5-21-1821399794-337311051-3185148185-500","12/24/2016 10:08:51 AM","bf6c28f4-1bb7-485f-97cd-3731f3d1cf6e",,"microsoft-windows-taskscheduler/operational","Information","Start","Action started"
"\test","C:\Windows\System32\calc.exe","{03EB0106-14A2-406A-BE2C-CFBCEF30E91F}","7212","200","1","4","200","1","-9223372036854775808","2310","Microsoft-Windows-TaskScheduler","de7b24ea-73c8-4a09-985d-5bdadcfa9017","Microsoft-Windows-TaskScheduler/Operational","6160","5376","lab-dc1.lab.local","S-1-5-21-1821399794-337311051-3185148185-500","12/24/2016 10:07:51 AM","03eb0106-14a2-406a-be2c-cfbcef30e91f",,"microsoft-windows-taskscheduler/operational","Information","Start","Action started"
"\test","C:\Windows\System32\calc.exe","{03DE8464-20D1-48A6-A6B2-F9DF88B74E44}","7608","200","1","4","200","1","-9223372036854775808","2305","Microsoft-Windows-TaskScheduler","de7b24ea-73c8-4a09-985d-5bdadcfa9017","Microsoft-Windows-TaskScheduler/Operational","6160","4724","lab-dc1.lab.local","S-1-5-21-1821399794-337311051-3185148185-500","12/24/2016 10:06:51 AM","03de8464-20d1-48a6-a6b2-f9df88b74e44",,"microsoft-windows-taskscheduler/operational","Information","Start","Action started"
"\test","C:\Windows\System32\calc.exe","{E2CDFA2D-8299-4381-ADA7-74E18745FB2F}","776","200","1","4","200","1","-9223372036854775808","2300","Microsoft-Windows-TaskScheduler","de7b24ea-73c8-4a09-985d-5bdadcfa9017","Microsoft-Windows-TaskScheduler/Operational","6160","3788","lab-dc1.lab.local","S-1-5-21-1821399794-337311051-3185148185-500","12/24/2016 10:05:51 AM","e2cdfa2d-8299-4381-ada7-74e18745fb2f",,"microsoft-windows-taskscheduler/operational","Information","Start","Action started"
"\test","C:\Windows\System32\calc.exe","{93ACBF92-5F2C-429A-9A72-64AA51D2DFEC}","7112","200","1","4","200","1","-9223372036854775808","2295","Microsoft-Windows-TaskScheduler","de7b24ea-73c8-4a09-985d-5bdadcfa9017","Microsoft-Windows-TaskScheduler/Operational","6160","4636","lab-dc1.lab.local","S-1-5-21-1821399794-337311051-3185148185-500","12/24/2016 10:04:51 AM","93acbf92-5f2c-429a-9a72-64aa51d2dfec",,"microsoft-windows-taskscheduler/operational","Information","Start","Action started"
"\test","C:\Windows\System32\calc.exe","{B2998DA4-5A00-4096-B446-45CE565BE3C2}","6572","200","1","4","200","1","-9223372036854775808","2290","Microsoft-Windows-TaskScheduler","de7b24ea-73c8-4a09-985d-5bdadcfa9017","Microsoft-Windows-TaskScheduler/Operational","6160","4992","lab-dc1.lab.local","S-1-5-21-1821399794-337311051-3185148185-500","12/24/2016 10:03:51 AM","b2998da4-5a00-4096-b446-45ce565be3c2",,"microsoft-windows-taskscheduler/operational","Information","Start","Action started"
"\test","C:\Windows\System32\calc.exe","{10BA0E50-2785-4DE8-A88B-C6AA7856DDA5}","7208","200","1","4","200","1","-9223372036854775808","2280","Microsoft-Windows-TaskScheduler","de7b24ea-73c8-4a09-985d-5bdadcfa9017","Microsoft-Windows-TaskScheduler/Operational","6160","7576","lab-dc1.lab.local","S-1-5-21-1821399794-337311051-3185148185-500","12/24/2016 10:02:51 AM","10ba0e50-2785-4de8-a88b-c6aa7856dda5",,"microsoft-windows-taskscheduler/operational","Information","Start","Action started"
"\test","C:\Windows\System32\calc.exe","{7199AC78-E689-4AA8-BE23-DEC39C53EE56}","5336","200","1","4","200","1","-9223372036854775808","2275","Microsoft-Windows-TaskScheduler","de7b24ea-73c8-4a09-985d-5bdadcfa9017","Microsoft-Windows-TaskScheduler/Operational","6160","7916","lab-dc1.lab.local","S-1-5-21-1821399794-337311051-3185148185-500","12/24/2016 10:01:51 AM","7199ac78-e689-4aa8-be23-dec39c53ee56",,"microsoft-windows-taskscheduler/operational","Information","Start","Action started"
"\test","C:\Windows\System32\calc.exe","{96CD2425-C7DF-417B-9341-29D70E4E1C56}","7292","200","1","4","200","1","-9223372036854775808","2259","Microsoft-Windows-TaskScheduler","de7b24ea-73c8-4a09-985d-5bdadcfa9017","Microsoft-Windows-TaskScheduler/Operational","6160","4944","lab-dc1.lab.local","S-1-5-21-1821399794-337311051-3185148185-500","12/24/2016 10:00:51 AM","96cd2425-c7df-417b-9341-29d70e4e1c56",,"microsoft-windows-taskscheduler/operational","Information","Start","Action started"
"\test","C:\Windows\System32\calc.exe","{7EFDB10E-9F26-413D-A4B8-70A6550ADCCE}","7932","200","1","4","200","1","-9223372036854775808","2254","Microsoft-Windows-TaskScheduler","de7b24ea-73c8-4a09-985d-5bdadcfa9017","Microsoft-Windows-TaskScheduler/Operational","6160","8000","lab-dc1.lab.local","S-1-5-21-1821399794-337311051-3185148185-500","12/24/2016 9:59:51 AM","7efdb10e-9f26-413d-a4b8-70a6550adcce",,"microsoft-windows-taskscheduler/operational","Information","Start","Action started"
"\test","C:\Windows\System32\calc.exe","{A71BD5BD-2E6F-4B53-B768-36C3108E8E3F}","7788","200","1","4","200","1","-9223372036854775808","2249","Microsoft-Windows-TaskScheduler","de7b24ea-73c8-4a09-985d-5bdadcfa9017","Microsoft-Windows-TaskScheduler/Operational","6160","1840","lab-dc1.lab.local","S-1-5-21-1821399794-337311051-3185148185-500","12/24/2016 9:58:51 AM","a71bd5bd-2e6f-4b53-b768-36c3108e8e3f",,"microsoft-windows-taskscheduler/operational","Information","Start","Action started"
"\test","C:\Windows\System32\calc.exe","{7B18846F-667D-48DA-929A-32BA59324BAC}","7248","200","1","4","200","1","-9223372036854775808","2244","Microsoft-Windows-TaskScheduler","de7b24ea-73c8-4a09-985d-5bdadcfa9017","Microsoft-Windows-TaskScheduler/Operational","6160","4992","lab-dc1.lab.local","S-1-5-21-1821399794-337311051-3185148185-500","12/24/2016 9:57:51 AM","7b18846f-667d-48da-929a-32ba59324bac",,"microsoft-windows-taskscheduler/operational","Information","Start","Action started"
"\test","C:\Windows\System32\calc.exe","{82B100E9-E187-4183-8F32-BE8A65087E1C}","7692","200","1","4","200","1","-9223372036854775808","2239","Microsoft-Windows-TaskScheduler","de7b24ea-73c8-4a09-985d-5bdadcfa9017","Microsoft-Windows-TaskScheduler/Operational","6160","5684","lab-dc1.lab.local","S-1-5-21-1821399794-337311051-3185148185-500","12/24/2016 9:56:51 AM","82b100e9-e187-4183-8f32-be8a65087e1c",,"microsoft-windows-taskscheduler/operational","Information","Start","Action started"
"\test","C:\Windows\System32\calc.exe","{3DA8A986-0B47-4ACA-AB28-0C01A1F3525A}","1840","200","1","4","200","1","-9223372036854775808","2231","Microsoft-Windows-TaskScheduler","de7b24ea-73c8-4a09-985d-5bdadcfa9017","Microsoft-Windows-TaskScheduler/Operational","6160","7788","lab-dc1.lab.local","S-1-5-21-1821399794-337311051-3185148185-500","12/24/2016 9:55:51 AM","3da8a986-0b47-4aca-ab28-0c01a1f3525a",,"microsoft-windows-taskscheduler/operational","Information","Start","Action started"
"\test","C:\Windows\System32\calc.exe","{DD300D69-26A6-4236-B308-928536B4407B}","7672","200","1","4","200","1","-9223372036854775808","2223","Microsoft-Windows-TaskScheduler","de7b24ea-73c8-4a09-985d-5bdadcfa9017","Microsoft-Windows-TaskScheduler/Operational","6160","7652","lab-dc1.lab.local","S-1-5-21-1821399794-337311051-3185148185-500","12/24/2016 9:54:51 AM","dd300d69-26a6-4236-b308-928536b4407b",,"microsoft-windows-taskscheduler/operational","Information","Start","Action started"
"\test","C:\Windows\System32\calc.exe","{6BF37DAD-CF1D-453A-A632-AD9A94E92491}","7768","200","1","4","200","1","-9223372036854775808","2189","Microsoft-Windows-TaskScheduler","de7b24ea-73c8-4a09-985d-5bdadcfa9017","Microsoft-Windows-TaskScheduler/Operational","6160","7388","lab-dc1.lab.local","S-1-5-21-1821399794-337311051-3185148185-500","12/24/2016 9:53:51 AM","6bf37dad-cf1d-453a-a632-ad9a94e92491",,"microsoft-windows-taskscheduler/operational","Information","Start","Action started"
"\test","C:\Windows\System32\calc.exe","{B2C8A369-33D8-4F6E-92BF-60D7453A0B97}","7584","200","1","4","200","1","-9223372036854775808","2184","Microsoft-Windows-TaskScheduler","de7b24ea-73c8-4a09-985d-5bdadcfa9017","Microsoft-Windows-TaskScheduler/Operational","6160","8024","lab-dc1.lab.local","S-1-5-21-1821399794-337311051-3185148185-500","12/24/2016 9:52:51 AM","b2c8a369-33d8-4f6e-92bf-60d7453a0b97",,"microsoft-windows-taskscheduler/operational","Information","Start","Action started"
"\test","C:\Windows\System32\calc.exe","{DDCDCB5C-E495-4331-90B9-4C1C6AF3073A}","7940","200","1","4","200","1","-9223372036854775808","2179","Microsoft-Windows-TaskScheduler","de7b24ea-73c8-4a09-985d-5bdadcfa9017","Microsoft-Windows-TaskScheduler/Operational","6160","6460","lab-dc1.lab.local","S-1-5-21-1821399794-337311051-3185148185-500","12/24/2016 9:51:51 AM","ddcdcb5c-e495-4331-90b9-4c1c6af3073a",,"microsoft-windows-taskscheduler/operational","Information","Start","Action started"
"\test","C:\Windows\System32\calc.exe","{FCB0FE6A-F6AE-4AE4-AA1C-90A19732F27D}","4796","200","1","4","200","1","-9223372036854775808","2174","Microsoft-Windows-TaskScheduler","de7b24ea-73c8-4a09-985d-5bdadcfa9017","Microsoft-Windows-TaskScheduler/Operational","6160","4412","lab-dc1.lab.local","S-1-5-21-1821399794-337311051-3185148185-500","12/24/2016 9:50:51 AM","fcb0fe6a-f6ae-4ae4-aa1c-90a19732f27d",,"microsoft-windows-taskscheduler/operational","Information","Start","Action started"
"\test","C:\Windows\System32\calc.exe","{06FE87CA-9691-44EE-B563-3953DFA5C5BF}","8144","200","1","4","200","1","-9223372036854775808","2169","Microsoft-Windows-TaskScheduler","de7b24ea-73c8-4a09-985d-5bdadcfa9017","Microsoft-Windows-TaskScheduler/Operational","6160","7212","lab-dc1.lab.local","S-1-5-21-1821399794-337311051-3185148185-500","12/24/2016 9:49:51 AM","06fe87ca-9691-44ee-b563-3953dfa5c5bf",,"microsoft-windows-taskscheduler/operational","Information","Start","Action started"
"\test","C:\Windows\System32\calc.exe","{59727BC6-AD6A-414F-A321-4085B6E0F934}","7664","200","1","4","200","1","-9223372036854775808","2164","Microsoft-Windows-TaskScheduler","de7b24ea-73c8-4a09-985d-5bdadcfa9017","Microsoft-Windows-TaskScheduler/Operational","6160","7908","lab-dc1.lab.local","S-1-5-21-1821399794-337311051-3185148185-500","12/24/2016 9:48:51 AM","59727bc6-ad6a-414f-a321-4085b6e0f934",,"microsoft-windows-taskscheduler/operational","Information","Start","Action started"
"\test","C:\Windows\System32\calc.exe","{F4A93DDA-0703-4D2F-85FE-7AB14486C183}","3128","200","1","4","200","1","-9223372036854775808","2159","Microsoft-Windows-TaskScheduler","de7b24ea-73c8-4a09-985d-5bdadcfa9017","Microsoft-Windows-TaskScheduler/Operational","6160","4508","lab-dc1.lab.local","S-1-5-21-1821399794-337311051-3185148185-500","12/24/2016 9:47:51 AM","f4a93dda-0703-4d2f-85fe-7ab14486c183",,"microsoft-windows-taskscheduler/operational","Information","Start","Action started"
"\test","C:\Windows\System32\calc.exe","{92BB341F-210D-4A80-B60D-F5D1AB4BD3FC}","6152","200","1","4","200","1","-9223372036854775808","2154","Microsoft-Windows-TaskScheduler","de7b24ea-73c8-4a09-985d-5bdadcfa9017","Microsoft-Windows-TaskScheduler/Operational","6160","7732","lab-dc1.lab.local","S-1-5-21-1821399794-337311051-3185148185-500","12/24/2016 9:46:51 AM","92bb341f-210d-4a80-b60d-f5d1ab4bd3fc",,"microsoft-windows-taskscheduler/operational","Information","Start","Action started"
"\test","C:\Windows\System32\calc.exe","{F8FB107F-EA58-43BD-95A4-E1C4EA5FBD34}","7928","200","1","4","200","1","-9223372036854775808","2149","Microsoft-Windows-TaskScheduler","de7b24ea-73c8-4a09-985d-5bdadcfa9017","Microsoft-Windows-TaskScheduler/Operational","6160","7932","lab-dc1.lab.local","S-1-5-21-1821399794-337311051-3185148185-500","12/24/2016 9:45:51 AM","f8fb107f-ea58-43bd-95a4-e1c4ea5fbd34",,"microsoft-windows-taskscheduler/operational","Information","Start","Action started"
"\test","C:\Windows\System32\calc.exe","{1F172CE7-A917-41BA-8E8B-2AD1F6FF4F6F}","7400","200","1","4","200","1","-9223372036854775808","2144","Microsoft-Windows-TaskScheduler","de7b24ea-73c8-4a09-985d-5bdadcfa9017","Microsoft-Windows-TaskScheduler/Operational","6160","8000","lab-dc1.lab.local","S-1-5-21-1821399794-337311051-3185148185-500","12/24/2016 9:44:51 AM","1f172ce7-a917-41ba-8e8b-2ad1f6ff4f6f",,"microsoft-windows-taskscheduler/operational","Information","Start","Action started"
"\test","C:\Windows\System32\calc.exe","{6C1FE3F4-F953-43CD-AD82-22E2C58F554A}","7676","200","1","4","200","1","-9223372036854775808","2139","Microsoft-Windows-TaskScheduler","de7b24ea-73c8-4a09-985d-5bdadcfa9017","Microsoft-Windows-TaskScheduler/Operational","6160","2212","lab-dc1.lab.local","S-1-5-21-1821399794-337311051-3185148185-500","12/24/2016 9:43:51 AM","6c1fe3f4-f953-43cd-ad82-22e2c58f554a",,"microsoft-windows-taskscheduler/operational","Information","Start","Action started"
"\test","C:\Windows\System32\calc.exe","{ED0A9EE4-4950-49D0-B540-C19F0CD93DEB}","5336","200","1","4","200","1","-9223372036854775808","2134","Microsoft-Windows-TaskScheduler","de7b24ea-73c8-4a09-985d-5bdadcfa9017","Microsoft-Windows-TaskScheduler/Operational","6160","2576","lab-dc1.lab.local","S-1-5-21-1821399794-337311051-3185148185-500","12/24/2016 9:42:51 AM","ed0a9ee4-4950-49d0-b540-c19f0cd93deb",,"microsoft-windows-taskscheduler/operational","Information","Start","Action started"
"\test","C:\Windows\System32\calc.exe","{FBAA6451-08D3-4D9C-9A0F-7F688C8E55F1}","7968","200","1","4","200","1","-9223372036854775808","2129","Microsoft-Windows-TaskScheduler","de7b24ea-73c8-4a09-985d-5bdadcfa9017","Microsoft-Windows-TaskScheduler/Operational","6160","7916","lab-dc1.lab.local","S-1-5-21-1821399794-337311051-3185148185-500","12/24/2016 9:41:51 AM","fbaa6451-08d3-4d9c-9a0f-7f688c8e55f1",,"microsoft-windows-taskscheduler/operational","Information","Start","Action started"
"\test","C:\Windows\System32\calc.exe","{34BAC7A8-8B76-4E29-A89F-28FE4FAA1653}","7396","200","1","4","200","1","-9223372036854775808","2124","Microsoft-Windows-TaskScheduler","de7b24ea-73c8-4a09-985d-5bdadcfa9017","Microsoft-Windows-TaskScheduler/Operational","6160","7684","lab-dc1.lab.local","S-1-5-21-1821399794-337311051-3185148185-500","12/24/2016 9:40:51 AM","34bac7a8-8b76-4e29-a89f-28fe4faa1653",,"microsoft-windows-taskscheduler/operational","Information","Start","Action started"
"\test","C:\Windows\System32\calc.exe","{FAC30172-F37B-4AB2-9ADB-F1F6794607FC}","6388","200","1","4","200","1","-9223372036854775808","2108","Microsoft-Windows-TaskScheduler","de7b24ea-73c8-4a09-985d-5bdadcfa9017","Microsoft-Windows-TaskScheduler/Operational","6160","7132","lab-dc1.lab.local","S-1-5-21-1821399794-337311051-3185148185-500","12/24/2016 9:39:51 AM","fac30172-f37b-4ab2-9adb-f1f6794607fc",,"microsoft-windows-taskscheduler/operational","Information","Start","Action started"
"\test","C:\Windows\System32\calc.exe","{A9186EDE-F781-4094-80FB-098E7E2ACC04}","7440","200","1","4","200","1","-9223372036854775808","2103","Microsoft-Windows-TaskScheduler","de7b24ea-73c8-4a09-985d-5bdadcfa9017","Microsoft-Windows-TaskScheduler/Operational","6160","7416","lab-dc1.lab.local","S-1-5-21-1821399794-337311051-3185148185-500","12/24/2016 9:38:51 AM","a9186ede-f781-4094-80fb-098e7e2acc04",,"microsoft-windows-taskscheduler/operational","Information","Start","Action started"
"\test","C:\Windows\System32\calc.exe","{3D4AB0C6-6092-44F2-A09B-8CE029941FB8}","7740","200","1","4","200","1","-9223372036854775808","2098","Microsoft-Windows-TaskScheduler","de7b24ea-73c8-4a09-985d-5bdadcfa9017","Microsoft-Windows-TaskScheduler/Operational","6160","7756","lab-dc1.lab.local","S-1-5-21-1821399794-337311051-3185148185-500","12/24/2016 9:37:51 AM","3d4ab0c6-6092-44f2-a09b-8ce029941fb8",,"microsoft-windows-taskscheduler/operational","Information","Start","Action started"
"\test","C:\Windows\System32\calc.exe","{F0AA567A-1B47-441E-B630-136F368DBE04}","6468","200","1","4","200","1","-9223372036854775808","2093","Microsoft-Windows-TaskScheduler","de7b24ea-73c8-4a09-985d-5bdadcfa9017","Microsoft-Windows-TaskScheduler/Operational","6160","7540","lab-dc1.lab.local","S-1-5-21-1821399794-337311051-3185148185-500","12/24/2016 9:36:51 AM","f0aa567a-1b47-441e-b630-136f368dbe04",,"microsoft-windows-taskscheduler/operational","Information","Start","Action started"
"\test","C:\Windows\System32\calc.exe","{5C32109A-3709-4CE4-82E3-597027490860}","6164","200","1","4","200","1","-9223372036854775808","2088","Microsoft-Windows-TaskScheduler","de7b24ea-73c8-4a09-985d-5bdadcfa9017","Microsoft-Windows-TaskScheduler/Operational","6160","6484","lab-dc1.lab.local","S-1-5-21-1821399794-337311051-3185148185-500","12/24/2016 9:35:51 AM","5c32109a-3709-4ce4-82e3-597027490860",,"microsoft-windows-taskscheduler/operational","Information","Start","Action started"
"\test","C:\Windows\System32\calc.exe","{74422E59-579C-4DF0-A9E7-349D4322E88F}","7908","200","1","4","200","1","-9223372036854775808","2071","Microsoft-Windows-TaskScheduler","de7b24ea-73c8-4a09-985d-5bdadcfa9017","Microsoft-Windows-TaskScheduler/Operational","6160","7904","lab-dc1.lab.local","S-1-5-21-1821399794-337311051-3185148185-500","12/24/2016 9:34:51 AM","74422e59-579c-4df0-a9e7-349d4322e88f",,"microsoft-windows-taskscheduler/operational","Information","Start","Action started"
"\test","C:\Windows\System32\calc.exe","{9C18587E-F60E-4994-8A70-D805FB25D214}","7632","200","1","4","200","1","-9223372036854775808","2066","Microsoft-Windows-TaskScheduler","de7b24ea-73c8-4a09-985d-5bdadcfa9017","Microsoft-Windows-TaskScheduler/Operational","6160","7628","lab-dc1.lab.local","S-1-5-21-1821399794-337311051-3185148185-500","12/24/2016 9:33:51 AM","9c18587e-f60e-4994-8a70-d805fb25d214",,"microsoft-windows-taskscheduler/operational","Information","Start","Action started"
"\test","C:\Windows\System32\calc.exe","{30965D6A-2E02-4F20-9293-50E130EC868E}","7432","200","1","4","200","1","-9223372036854775808","2060","Microsoft-Windows-TaskScheduler","de7b24ea-73c8-4a09-985d-5bdadcfa9017","Microsoft-Windows-TaskScheduler/Operational","6160","7428","lab-dc1.lab.local","S-1-5-21-1821399794-337311051-3185148185-500","12/24/2016 9:33:02 AM","30965d6a-2e02-4f20-9293-50e130ec868e",,"microsoft-windows-taskscheduler/operational","Information","Start","Action started"
"\test","C:\Windows\System32\calc.exe","{50648454-195F-4B77-B932-C4132BD6D05E}","7420","200","1","4","200","1","-9223372036854775808","2057","Microsoft-Windows-TaskScheduler","de7b24ea-73c8-4a09-985d-5bdadcfa9017","Microsoft-Windows-TaskScheduler/Operational","6160","7416","lab-dc1.lab.local","S-1-5-21-1821399794-337311051-3185148185-500","12/24/2016 9:33:02 AM","50648454-195f-4b77-b932-c4132bd6d05e",,"microsoft-windows-taskscheduler/operational","Information","Start","Action started"
"\test","C:\Windows\System32\calc.exe","{81ED7BD3-B5B8-4872-B825-A2781352ACDE}","7352","200","1","4","200","1","-9223372036854775808","2041","Microsoft-Windows-TaskScheduler","de7b24ea-73c8-4a09-985d-5bdadcfa9017","Microsoft-Windows-TaskScheduler/Operational","6160","7348","lab-dc1.lab.local","S-1-5-21-1821399794-337311051-3185148185-500","12/24/2016 9:30:51 AM","81ed7bd3-b5b8-4872-b825-a2781352acde",,"microsoft-windows-taskscheduler/operational","Information","Start","Action started"
"\Microsoft\Windows\SoftwareProtectionPlatform\SvcRestartTaskNetwork","SppSvcRestartTaskHandler Class","{327BEE31-506F-43EB-94C8-52D3C6CEBF9F}","7188","200","1","4","200","1","-9223372036854775808","2033","Microsoft-Windows-TaskScheduler","de7b24ea-73c8-4a09-985d-5bdadcfa9017","Microsoft-Windows-TaskScheduler/Operational","816","3376","lab-dc1.lab.local","S-1-5-18","12/24/2016 9:30:48 AM","327bee31-506f-43eb-94c8-52d3c6cebf9f",,"microsoft-windows-taskscheduler/operational","Information","Start","Action started"
"\test","C:\Windows\System32\calc.exe","{32DC11AD-E466-49D6-958B-C023D00BE25D}","4120","200","1","4","200","1","-9223372036854775808","2026","Microsoft-Windows-TaskScheduler","de7b24ea-73c8-4a09-985d-5bdadcfa9017","Microsoft-Windows-TaskScheduler/Operational","6160","5124","lab-dc1.lab.local","S-1-5-21-1821399794-337311051-3185148185-500","12/24/2016 9:29:51 AM","32dc11ad-e466-49d6-958b-c023d00be25d",,"microsoft-windows-taskscheduler/operational","Information","Start","Action started"
"\test","C:\Windows\System32\calc.exe","{3E63DACB-568E-491F-B784-C917F4993435}","6164","200","1","4","200","1","-9223372036854775808","2021","Microsoft-Windows-TaskScheduler","de7b24ea-73c8-4a09-985d-5bdadcfa9017","Microsoft-Windows-TaskScheduler/Operational","6160","4016","lab-dc1.lab.local","S-1-5-21-1821399794-337311051-3185148185-500","12/24/2016 9:28:51 AM","3e63dacb-568e-491f-b784-c917f4993435",,"microsoft-windows-taskscheduler/operational","Information","Start","Action started"
"\test","C:\Windows\System32\calc.exe","{DE796DF0-517A-48BA-803D-1290E5084235}","3564","200","1","4","200","1","-9223372036854775808","2016","Microsoft-Windows-TaskScheduler","de7b24ea-73c8-4a09-985d-5bdadcfa9017","Microsoft-Windows-TaskScheduler/Operational","6160","5336","lab-dc1.lab.local","S-1-5-21-1821399794-337311051-3185148185-500","12/24/2016 9:27:51 AM","de796df0-517a-48ba-803d-1290e5084235",,"microsoft-windows-taskscheduler/operational","Information","Start","Action started"
"\test","C:\Windows\System32\calc.exe","{24CB9313-BC92-4498-B620-4C7A78768C61}","6844","200","1","4","200","1","-9223372036854775808","2000","Microsoft-Windows-TaskScheduler","de7b24ea-73c8-4a09-985d-5bdadcfa9017","Microsoft-Windows-TaskScheduler/Operational","6160","6420","lab-dc1.lab.local","S-1-5-21-1821399794-337311051-3185148185-500","12/24/2016 9:26:51 AM","24cb9313-bc92-4498-b620-4c7a78768c61",,"microsoft-windows-taskscheduler/operational","Information","Start","Action started"
"\test","C:\Windows\System32\calc.exe","{DCE5E8AA-0E33-451B-9984-80D677124C93}","4944","200","1","4","200","1","-9223372036854775808","1995","Microsoft-Windows-TaskScheduler","de7b24ea-73c8-4a09-985d-5bdadcfa9017","Microsoft-Windows-TaskScheduler/Operational","6160","5944","lab-dc1.lab.local","S-1-5-21-1821399794-337311051-3185148185-500","12/24/2016 9:25:51 AM","dce5e8aa-0e33-451b-9984-80d677124c93",,"microsoft-windows-taskscheduler/operational","Information","Start","Action started"
"\test","C:\Windows\System32\calc.exe","{15DED81E-2041-488D-AFEB-D043FFAE0FE7}","6688","200","1","4","200","1","-9223372036854775808","1990","Microsoft-Windows-TaskScheduler","de7b24ea-73c8-4a09-985d-5bdadcfa9017","Microsoft-Windows-TaskScheduler/Operational","6160","2576","lab-dc1.lab.local","S-1-5-21-1821399794-337311051-3185148185-500","12/24/2016 9:24:51 AM","15ded81e-2041-488d-afeb-d043ffae0fe7",,"microsoft-windows-taskscheduler/operational","Information","Start","Action started"
"\test","C:\Windows\System32\calc.exe","{329CB300-F8ED-48A0-9BC5-567C666E7A89}","6948","200","1","4","200","1","-9223372036854775808","1985","Microsoft-Windows-TaskScheduler","de7b24ea-73c8-4a09-985d-5bdadcfa9017","Microsoft-Windows-TaskScheduler/Operational","6160","5588","lab-dc1.lab.local","S-1-5-21-1821399794-337311051-3185148185-500","12/24/2016 9:23:51 AM","329cb300-f8ed-48a0-9bc5-567c666e7a89",,"microsoft-windows-taskscheduler/operational","Information","Start","Action started"
"\test","C:\Windows\System32\calc.exe","{FAFAC5AE-3C0A-484B-8648-139EFD7A2D06}","6220","200","1","4","200","1","-9223372036854775808","1980","Microsoft-Windows-TaskScheduler","de7b24ea-73c8-4a09-985d-5bdadcfa9017","Microsoft-Windows-TaskScheduler/Operational","6160","5600","lab-dc1.lab.local","S-1-5-21-1821399794-337311051-3185148185-500","12/24/2016 9:22:51 AM","fafac5ae-3c0a-484b-8648-139efd7a2d06",,"microsoft-windows-taskscheduler/operational","Information","Start","Action started"
"\test","C:\Windows\System32\calc.exe","{58FFAF0F-926C-4887-8E07-AF1D9DFF79DE}","6164","200","1","4","200","1","-9223372036854775808","1972","Microsoft-Windows-TaskScheduler","de7b24ea-73c8-4a09-985d-5bdadcfa9017","Microsoft-Windows-TaskScheduler/Operational","6160","6664","lab-dc1.lab.local","S-1-5-21-1821399794-337311051-3185148185-500","12/24/2016 9:21:51 AM","58ffaf0f-926c-4887-8e07-af1d9dff79de",,"microsoft-windows-taskscheduler/operational","Information","Start","Action started"
"\test","C:\Windows\System32\calc.exe","{E7368380-DD29-4DE5-9429-AA4262E5FCD8}","5192","200","1","4","200","1","-9223372036854775808","1962","Microsoft-Windows-TaskScheduler","de7b24ea-73c8-4a09-985d-5bdadcfa9017","Microsoft-Windows-TaskScheduler/Operational","6160","5380","lab-dc1.lab.local","S-1-5-21-1821399794-337311051-3185148185-500","12/24/2016 9:20:51 AM","e7368380-dd29-4de5-9429-aa4262e5fcd8",,"microsoft-windows-taskscheduler/operational","Information","Start","Action started"
"\test","C:\Windows\System32\calc.exe","{2B6917CC-FE69-45BC-ADD7-90AF05FD38C9}","388","200","1","4","200","1","-9223372036854775808","1957","Microsoft-Windows-TaskScheduler","de7b24ea-73c8-4a09-985d-5bdadcfa9017","Microsoft-Windows-TaskScheduler/Operational","6160","4996","lab-dc1.lab.local","S-1-5-21-1821399794-337311051-3185148185-500","12/24/2016 9:19:51 AM","2b6917cc-fe69-45bc-add7-90af05fd38c9",,"microsoft-windows-taskscheduler/operational","Information","Start","Action started"
"\test","C:\Windows\System32\calc.exe","{66C357AC-605D-4803-8ED1-82DE7E91D21B}","5496","200","1","4","200","1","-9223372036854775808","1949","Microsoft-Windows-TaskScheduler","de7b24ea-73c8-4a09-985d-5bdadcfa9017","Microsoft-Windows-TaskScheduler/Operational","6160","3048","lab-dc1.lab.local","S-1-5-21-1821399794-337311051-3185148185-500","12/24/2016 9:18:51 AM","66c357ac-605d-4803-8ed1-82de7e91d21b",,"microsoft-windows-taskscheduler/operational","Information","Start","Action started"
"\test","C:\Windows\System32\calc.exe","{29434ABA-BB52-4753-9DE4-AA414BCA7C43}","5248","200","1","4","200","1","-9223372036854775808","1941","Microsoft-Windows-TaskScheduler","de7b24ea-73c8-4a09-985d-5bdadcfa9017","Microsoft-Windows-TaskScheduler/Operational","6160","6664","lab-dc1.lab.local","S-1-5-21-1821399794-337311051-3185148185-500","12/24/2016 9:17:51 AM","29434aba-bb52-4753-9de4-aa414bca7c43",,"microsoft-windows-taskscheduler/operational","Information","Start","Action started"
"\test","C:\Windows\System32\calc.exe","{5B8EF582-449B-44A2-B4E5-38470B144CBB}","6220","200","1","4","200","1","-9223372036854775808","1927","Microsoft-Windows-TaskScheduler","de7b24ea-73c8-4a09-985d-5bdadcfa9017","Microsoft-Windows-TaskScheduler/Operational","6160","6180","lab-dc1.lab.local","S-1-5-21-1821399794-337311051-3185148185-500","12/24/2016 9:16:51 AM","5b8ef582-449b-44a2-b4e5-38470b144cbb",,"microsoft-windows-taskscheduler/operational","Information","Start","Action started"
"\test","C:\Windows\System32\calc.exe","{77D5CE96-CE0D-47C9-B225-849F29C1A380}","2144","200","1","4","200","1","-9223372036854775808","1922","Microsoft-Windows-TaskScheduler","de7b24ea-73c8-4a09-985d-5bdadcfa9017","Microsoft-Windows-TaskScheduler/Operational","6160","3680","lab-dc1.lab.local","S-1-5-21-1821399794-337311051-3185148185-500","12/24/2016 9:15:51 AM","77d5ce96-ce0d-47c9-b225-849f29c1a380",,"microsoft-windows-taskscheduler/operational","Information","Start","Action started"
"\test","C:\Windows\System32\calc.exe","{67E70D9A-E2C6-4C3B-8FC0-142F5E10C666}","4320","200","1","4","200","1","-9223372036854775808","1917","Microsoft-Windows-TaskScheduler","de7b24ea-73c8-4a09-985d-5bdadcfa9017","Microsoft-Windows-TaskScheduler/Operational","6160","4628","lab-dc1.lab.local","S-1-5-21-1821399794-337311051-3185148185-500","12/24/2016 9:14:51 AM","67e70d9a-e2c6-4c3b-8fc0-142f5e10c666",,"microsoft-windows-taskscheduler/operational","Information","Start","Action started"
"\test","C:\Windows\System32\calc.exe","{8DD8E1D6-7CC4-4A8A-A5C5-3F0A4F9B94BC}","6284","200","1","4","200","1","-9223372036854775808","1912","Microsoft-Windows-TaskScheduler","de7b24ea-73c8-4a09-985d-5bdadcfa9017","Microsoft-Windows-TaskScheduler/Operational","6160","6924","lab-dc1.lab.local","S-1-5-21-1821399794-337311051-3185148185-500","12/24/2016 9:13:51 AM","8dd8e1d6-7cc4-4a8a-a5c5-3f0a4f9b94bc",,"microsoft-windows-taskscheduler/operational","Information","Start","Action started"
"\test","C:\Windows\System32\calc.exe","{ECA286F6-4115-4BFE-A3B0-BFBB45821D6C}","3148","200","1","4","200","1","-9223372036854775808","1890","Microsoft-Windows-TaskScheduler","de7b24ea-73c8-4a09-985d-5bdadcfa9017","Microsoft-Windows-TaskScheduler/Operational","6160","4320","lab-dc1.lab.local","S-1-5-21-1821399794-337311051-3185148185-500","12/24/2016 9:12:51 AM","eca286f6-4115-4bfe-a3b0-bfbb45821d6c",,"microsoft-windows-taskscheduler/operational","Information","Start","Action started"
"\test","C:\Windows\System32\calc.exe","{0F404D14-560E-46F4-B758-EDFD1CD86CC8}","5944","200","1","4","200","1","-9223372036854775808","1885","Microsoft-Windows-TaskScheduler","de7b24ea-73c8-4a09-985d-5bdadcfa9017","Microsoft-Windows-TaskScheduler/Operational","6160","6648","lab-dc1.lab.local","S-1-5-21-1821399794-337311051-3185148185-500","12/24/2016 9:11:51 AM","0f404d14-560e-46f4-b758-edfd1cd86cc8",,"microsoft-windows-taskscheduler/operational","Information","Start","Action started"
"\test","C:\Windows\System32\calc.exe","{16659ADD-C91F-40DA-A73C-E8CCBC7EB24C}","5204","200","1","4","200","1","-9223372036854775808","1880","Microsoft-Windows-TaskScheduler","de7b24ea-73c8-4a09-985d-5bdadcfa9017","Microsoft-Windows-TaskScheduler/Operational","6160","1964","lab-dc1.lab.local","S-1-5-21-1821399794-337311051-3185148185-500","12/24/2016 9:10:51 AM","16659add-c91f-40da-a73c-e8ccbc7eb24c",,"microsoft-windows-taskscheduler/operational","Information","Start","Action started"
"\test","C:\Windows\System32\calc.exe","{6EC96D96-0144-4F29-832C-C054E8F4D2DC}","4896","200","1","4","200","1","-9223372036854775808","1875","Microsoft-Windows-TaskScheduler","de7b24ea-73c8-4a09-985d-5bdadcfa9017","Microsoft-Windows-TaskScheduler/Operational","6160","2872","lab-dc1.lab.local","S-1-5-21-1821399794-337311051-3185148185-500","12/24/2016 9:09:51 AM","6ec96d96-0144-4f29-832c-c054e8f4d2dc",,"microsoft-windows-taskscheduler/operational","Information","Start","Action started"
"\test","C:\Windows\System32\calc.exe","{6CBAB6A0-539E-4F48-B1DE-FFFDFEEBEB97}","4308","200","1","4","200","1","-9223372036854775808","1870","Microsoft-Windows-TaskScheduler","de7b24ea-73c8-4a09-985d-5bdadcfa9017","Microsoft-Windows-TaskScheduler/Operational","6160","6440","lab-dc1.lab.local","S-1-5-21-1821399794-337311051-3185148185-500","12/24/2016 9:08:51 AM","6cbab6a0-539e-4f48-b1de-fffdfeebeb97",,"microsoft-windows-taskscheduler/operational","Information","Start","Action started"
"\test","C:\Windows\System32\calc.exe","{FAB835EC-D929-41F7-8D14-B401DEE3A472}","6676","200","1","4","200","1","-9223372036854775808","1865","Microsoft-Windows-TaskScheduler","de7b24ea-73c8-4a09-985d-5bdadcfa9017","Microsoft-Windows-TaskScheduler/Operational","6160","1096","lab-dc1.lab.local","S-1-5-21-1821399794-337311051-3185148185-500","12/24/2016 9:07:51 AM","fab835ec-d929-41f7-8d14-b401dee3a472",,"microsoft-windows-taskscheduler/operational","Information","Start","Action started"
"\test","C:\Windows\System32\calc.exe","{8A0A6B58-E152-46D0-9E78-3142A78A616B}","6000","200","1","4","200","1","-9223372036854775808","1860","Microsoft-Windows-TaskScheduler","de7b24ea-73c8-4a09-985d-5bdadcfa9017","Microsoft-Windows-TaskScheduler/Operational","6160","4636","lab-dc1.lab.local","S-1-5-21-1821399794-337311051-3185148185-500","12/24/2016 9:06:51 AM","8a0a6b58-e152-46d0-9e78-3142a78a616b",,"microsoft-windows-taskscheduler/operational","Information","Start","Action started"
"\test","C:\Windows\System32\calc.exe","{6907CD42-FFC6-4A42-B391-AE6E8D9C8246}","6476","200","1","4","200","1","-9223372036854775808","1855","Microsoft-Windows-TaskScheduler","de7b24ea-73c8-4a09-985d-5bdadcfa9017","Microsoft-Windows-TaskScheduler/Operational","6160","5824","lab-dc1.lab.local","S-1-5-21-1821399794-337311051-3185148185-500","12/24/2016 9:05:51 AM","6907cd42-ffc6-4a42-b391-ae6e8d9c8246",,"microsoft-windows-taskscheduler/operational","Information","Start","Action started"
"\test","C:\Windows\System32\calc.exe","{B5F7AC5C-DB9A-489A-9FC8-A8CF5C7DA58B}","2032","200","1","4","200","1","-9223372036854775808","1843","Microsoft-Windows-TaskScheduler","de7b24ea-73c8-4a09-985d-5bdadcfa9017","Microsoft-Windows-TaskScheduler/Operational","6160","6992","lab-dc1.lab.local","S-1-5-21-1821399794-337311051-3185148185-500","12/24/2016 9:04:51 AM","b5f7ac5c-db9a-489a-9fc8-a8cf5c7da58b",,"microsoft-windows-taskscheduler/operational","Information","Start","Action started"
"\test","C:\Windows\System32\calc.exe","{832FA6D5-E1F3-4E2C-8725-A7FC11A090B2}","4724","200","1","4","200","1","-9223372036854775808","1838","Microsoft-Windows-TaskScheduler","de7b24ea-73c8-4a09-985d-5bdadcfa9017","Microsoft-Windows-TaskScheduler/Operational","6160","5420","lab-dc1.lab.local","S-1-5-21-1821399794-337311051-3185148185-500","12/24/2016 9:03:51 AM","832fa6d5-e1f3-4e2c-8725-a7fc11a090b2",,"microsoft-windows-taskscheduler/operational","Information","Start","Action started"
"\test","C:\Windows\System32\calc.exe","{4B1C5F54-ED66-492B-8DD4-115AD0BB4906}","1964","200","1","4","200","1","-9223372036854775808","1833","Microsoft-Windows-TaskScheduler","de7b24ea-73c8-4a09-985d-5bdadcfa9017","Microsoft-Windows-TaskScheduler/Operational","6160","6556","lab-dc1.lab.local","S-1-5-21-1821399794-337311051-3185148185-500","12/24/2016 9:02:51 AM","4b1c5f54-ed66-492b-8dd4-115ad0bb4906",,"microsoft-windows-taskscheduler/operational","Information","Start","Action started"
"\test","C:\Windows\System32\calc.exe","{66D5F813-8801-438C-A451-419BEB6850B2}","1240","200","1","4","200","1","-9223372036854775808","1823","Microsoft-Windows-TaskScheduler","de7b24ea-73c8-4a09-985d-5bdadcfa9017","Microsoft-Windows-TaskScheduler/Operational","6160","5596","lab-dc1.lab.local","S-1-5-21-1821399794-337311051-3185148185-500","12/24/2016 9:01:51 AM","66d5f813-8801-438c-a451-419beb6850b2",,"microsoft-windows-taskscheduler/operational","Information","Start","Action started"
"\test","C:\Windows\System32\calc.exe","{F5D1F4DB-56AB-4520-A52F-C9E5A794DDE6}","6028","200","1","4","200","1","-9223372036854775808","1818","Microsoft-Windows-TaskScheduler","de7b24ea-73c8-4a09-985d-5bdadcfa9017","Microsoft-Windows-TaskScheduler/Operational","6160","4132","lab-dc1.lab.local","S-1-5-21-1821399794-337311051-3185148185-500","12/24/2016 9:00:51 AM","f5d1f4db-56ab-4520-a52f-c9e5a794dde6",,"microsoft-windows-taskscheduler/operational","Information","Start","Action started"
"\test","C:\Windows\System32\calc.exe","{CE50C051-3847-472F-B0A2-38484F3237EE}","4896","200","1","4","200","1","-9223372036854775808","1808","Microsoft-Windows-TaskScheduler","de7b24ea-73c8-4a09-985d-5bdadcfa9017","Microsoft-Windows-TaskScheduler/Operational","6160","4736","lab-dc1.lab.local","S-1-5-21-1821399794-337311051-3185148185-500","12/24/2016 8:59:51 AM","ce50c051-3847-472f-b0a2-38484f3237ee",,"microsoft-windows-taskscheduler/operational","Information","Start","Action started"
"\test","C:\Windows\System32\calc.exe","{0761FCA1-AA37-4DBC-8DDC-FC85A09DACC2}","5400","200","1","4","200","1","-9223372036854775808","1803","Microsoft-Windows-TaskScheduler","de7b24ea-73c8-4a09-985d-5bdadcfa9017","Microsoft-Windows-TaskScheduler/Operational","6160","6992","lab-dc1.lab.local","S-1-5-21-1821399794-337311051-3185148185-500","12/24/2016 8:58:51 AM","0761fca1-aa37-4dbc-8ddc-fc85a09dacc2",,"microsoft-windows-taskscheduler/operational","Information","Start","Action started"
"\test","C:\Windows\System32\calc.exe","{15F45146-DC3D-4EC6-95FE-85FE5915E224}","3032","200","1","4","200","1","-9223372036854775808","1795","Microsoft-Windows-TaskScheduler","de7b24ea-73c8-4a09-985d-5bdadcfa9017","Microsoft-Windows-TaskScheduler/Operational","6160","6876","lab-dc1.lab.local","S-1-5-21-1821399794-337311051-3185148185-500","12/24/2016 8:57:51 AM","15f45146-dc3d-4ec6-95fe-85fe5915e224",,"microsoft-windows-taskscheduler/operational","Information","Start","Action started"
"\test","C:\Windows\System32\calc.exe","{6A85CD10-2027-4920-96F3-55A6741C2F95}","6648","200","1","4","200","1","-9223372036854775808","1785","Microsoft-Windows-TaskScheduler","de7b24ea-73c8-4a09-985d-5bdadcfa9017","Microsoft-Windows-TaskScheduler/Operational","6160","5380","lab-dc1.lab.local","S-1-5-21-1821399794-337311051-3185148185-500","12/24/2016 8:56:51 AM","6a85cd10-2027-4920-96f3-55a6741c2f95",,"microsoft-windows-taskscheduler/operational","Information","Start","Action started"
"\test","C:\Windows\System32\calc.exe","{74E7E329-6833-48BA-AB88-013FE95E380E}","6432","200","1","4","200","1","-9223372036854775808","1780","Microsoft-Windows-TaskScheduler","de7b24ea-73c8-4a09-985d-5bdadcfa9017","Microsoft-Windows-TaskScheduler/Operational","6160","6904","lab-dc1.lab.local","S-1-5-21-1821399794-337311051-3185148185-500","12/24/2016 8:55:51 AM","74e7e329-6833-48ba-ab88-013fe95e380e",,"microsoft-windows-taskscheduler/operational","Information","Start","Action started"
"\test","C:\Windows\System32\calc.exe","{0856F176-0B67-4EA3-B858-892D36AE1DFF}","3148","200","1","4","200","1","-9223372036854775808","1770","Microsoft-Windows-TaskScheduler","de7b24ea-73c8-4a09-985d-5bdadcfa9017","Microsoft-Windows-TaskScheduler/Operational","6160","6736","lab-dc1.lab.local","S-1-5-21-1821399794-337311051-3185148185-500","12/24/2016 8:54:51 AM","0856f176-0b67-4ea3-b858-892d36ae1dff",,"microsoft-windows-taskscheduler/operational","Information","Start","Action started"
"\test","C:\Windows\System32\calc.exe","{57CD3BC6-E11B-42E6-A0B5-2967B266345D}","4436","200","1","4","200","1","-9223372036854775808","1765","Microsoft-Windows-TaskScheduler","de7b24ea-73c8-4a09-985d-5bdadcfa9017","Microsoft-Windows-TaskScheduler/Operational","6160","6688","lab-dc1.lab.local","S-1-5-21-1821399794-337311051-3185148185-500","12/24/2016 8:53:51 AM","57cd3bc6-e11b-42e6-a0b5-2967b266345d",,"microsoft-windows-taskscheduler/operational","Information","Start","Action started"
"\test","C:\Windows\System32\calc.exe","{D0466941-E688-4108-BF76-3B4FC4122501}","6864","200","1","4","200","1","-9223372036854775808","1739","Microsoft-Windows-TaskScheduler","de7b24ea-73c8-4a09-985d-5bdadcfa9017","Microsoft-Windows-TaskScheduler/Operational","6160","6568","lab-dc1.lab.local","S-1-5-21-1821399794-337311051-3185148185-500","12/24/2016 8:52:51 AM","d0466941-e688-4108-bf76-3b4fc4122501",,"microsoft-windows-taskscheduler/operational","Information","Start","Action started"
"\test","C:\Windows\System32\calc.exe","{C8B7DAF5-1A66-4A47-AF1C-56DCA8C64D24}","6340","200","1","4","200","1","-9223372036854775808","1734","Microsoft-Windows-TaskScheduler","de7b24ea-73c8-4a09-985d-5bdadcfa9017","Microsoft-Windows-TaskScheduler/Operational","6160","5132","lab-dc1.lab.local","S-1-5-21-1821399794-337311051-3185148185-500","12/24/2016 8:51:51 AM","c8b7daf5-1a66-4a47-af1c-56dca8c64d24",,"microsoft-windows-taskscheduler/operational","Information","Start","Action started"
"\test","C:\Windows\System32\calc.exe","{18CBAA84-3EBF-4612-9291-65797BF11CF6}","6396","200","1","4","200","1","-9223372036854775808","1729","Microsoft-Windows-TaskScheduler","de7b24ea-73c8-4a09-985d-5bdadcfa9017","Microsoft-Windows-TaskScheduler/Operational","6160","4308","lab-dc1.lab.local","S-1-5-21-1821399794-337311051-3185148185-500","12/24/2016 8:50:51 AM","18cbaa84-3ebf-4612-9291-65797bf11cf6",,"microsoft-windows-taskscheduler/operational","Information","Start","Action started"
"\test","C:\Windows\System32\calc.exe","{5AEF4675-9579-4A96-A5BA-FE7E0AB9AFE3}","4160","200","1","4","200","1","-9223372036854775808","1724","Microsoft-Windows-TaskScheduler","de7b24ea-73c8-4a09-985d-5bdadcfa9017","Microsoft-Windows-TaskScheduler/Operational","6160","4564","lab-dc1.lab.local","S-1-5-21-1821399794-337311051-3185148185-500","12/24/2016 8:49:51 AM","5aef4675-9579-4a96-a5ba-fe7e0ab9afe3",,"microsoft-windows-taskscheduler/operational","Information","Start","Action started"
"\test","C:\Windows\System32\calc.exe","{55C079EC-D927-4F1C-8094-645708079DEE}","6924","200","1","4","200","1","-9223372036854775808","1719","Microsoft-Windows-TaskScheduler","de7b24ea-73c8-4a09-985d-5bdadcfa9017","Microsoft-Windows-TaskScheduler/Operational","6160","6204","lab-dc1.lab.local","S-1-5-21-1821399794-337311051-3185148185-500","12/24/2016 8:48:51 AM","55c079ec-d927-4f1c-8094-645708079dee",,"microsoft-windows-taskscheduler/operational","Information","Start","Action started"
"\test","C:\Windows\System32\calc.exe","{C1759133-1655-4BE5-B347-E07321A93CA8}","6896","200","1","4","200","1","-9223372036854775808","1714","Microsoft-Windows-TaskScheduler","de7b24ea-73c8-4a09-985d-5bdadcfa9017","Microsoft-Windows-TaskScheduler/Operational","6160","6960","lab-dc1.lab.local","S-1-5-21-1821399794-337311051-3185148185-500","12/24/2016 8:47:51 AM","c1759133-1655-4be5-b347-e07321a93ca8",,"microsoft-windows-taskscheduler/operational","Information","Start","Action started"
"\test","C:\Windows\System32\calc.exe","{59AC801A-9FAA-4712-BC03-1949DA8A9C4C}","7012","200","1","4","200","1","-9223372036854775808","1709","Microsoft-Windows-TaskScheduler","de7b24ea-73c8-4a09-985d-5bdadcfa9017","Microsoft-Windows-TaskScheduler/Operational","6160","7024","lab-dc1.lab.local","S-1-5-21-1821399794-337311051-3185148185-500","12/24/2016 8:46:51 AM","59ac801a-9faa-4712-bc03-1949da8a9c4c",,"microsoft-windows-taskscheduler/operational","Information","Start","Action started"
"\test","C:\Windows\System32\calc.exe","{F3FF7070-7142-4D09-BE32-7336A59E9CA1}","6928","200","1","4","200","1","-9223372036854775808","1704","Microsoft-Windows-TaskScheduler","de7b24ea-73c8-4a09-985d-5bdadcfa9017","Microsoft-Windows-TaskScheduler/Operational","6160","3104","lab-dc1.lab.local","S-1-5-21-1821399794-337311051-3185148185-500","12/24/2016 8:45:51 AM","f3ff7070-7142-4d09-be32-7336a59e9ca1",,"microsoft-windows-taskscheduler/operational","Information","Start","Action started"
