"S-1-5-21-1821399794-337311051-3185148185-500","dod_admin","LAB","0x27af5","0x19bc","C:\Windows\System32\calc.exe","%%1938","0x1810","C:\Windows\System32\calc.exe ","4688","1","0","13312","0","-9214364837600034816","53618","Microsoft-Windows-Security-Auditing","54849625-5478-4994-a5ba-3e3b0328c30d","Security","4404","lab-dc1.lab.local",,"12/24/2016 8:09:51 AM",,,"security","Information","Info","Process Creation","System.Collections.ObjectModel.ReadOnlyCollection`1[System.String]"
"S-1-5-21-1821399794-337311051-3185148185-500","dod_admin","LAB","0x27af5","0x1844","C:\Windows\System32\calc.exe","%%1938","0x1810","C:\Windows\System32\calc.exe ","4688","1","0","13312","0","-9214364837600034816","53611","Microsoft-Windows-Security-Auditing","54849625-5478-4994-a5ba-3e3b0328c30d","Security","3184","lab-dc1.lab.local",,"12/24/2016 8:08:51 AM",,,"security","Information","Info","Process Creation","System.Collections.ObjectModel.ReadOnlyCollection`1[System.String]"
"S-1-5-21-1821399794-337311051-3185148185-500","dod_admin","LAB","0x27af5","0x15d4","C:\Windows\System32\calc.exe","%%1938","0x1810","C:\Windows\System32\calc.exe ","4688","1","0","13312","0","-9214364837600034816","53606","Microsoft-Windows-Security-Auditing","54849625-5478-4994-a5ba-3e3b0328c30d","Security","5768","lab-dc1.lab.local",,"12/24/2016 8:07:51 AM",,,"security","Information","Info","Process Creation","System.Collections.ObjectModel.ReadOnlyCollection`1[System.String]"
"S-1-5-21-1821399794-337311051-3185148185-500","dod_admin","LAB","0x27af5","0x10f8","C:\Windows\System32\calc.exe","%%1938","0x1810","C:\Windows\System32\calc.exe ","4688","1","0","13312","0","-9214364837600034816","53596","Microsoft-Windows-Security-Auditing","54849625-5478-4994-a5ba-3e3b0328c30d","Security","5592","lab-dc1.lab.local",,"12/24/2016 8:06:51 AM",,,"security","Information","Info","Process Creation","System.Collections.ObjectModel.ReadOnlyCollection`1[System.String]"
"S-1-5-21-1821399794-337311051-3185148185-500","dod_admin","LAB","0x27af5","0xc90","C:\Windows\System32\calc.exe","%%1938","0x1810","C:\Windows\System32\calc.exe ","4688","1","0","13312","0","-9214364837600034816","53580","Microsoft-Windows-Security-Auditing","54849625-5478-4994-a5ba-3e3b0328c30d","Security","5820","lab-dc1.lab.local",,"12/24/2016 8:05:51 AM",,,"security","Information","Info","Process Creation","System.Collections.ObjectModel.ReadOnlyCollection`1[System.String]"
"S-1-5-21-1821399794-337311051-3185148185-500","dod_admin","LAB","0x27af5","0x448","C:\Windows\System32\calc.exe","%%1938","0x1810","C:\Windows\System32\calc.exe ","4688","1","0","13312","0","-9214364837600034816","53576","Microsoft-Windows-Security-Auditing","54849625-5478-4994-a5ba-3e3b0328c30d","Security","5024","lab-dc1.lab.local",,"12/24/2016 8:04:51 AM",,,"security","Information","Info","Process Creation","System.Collections.ObjectModel.ReadOnlyCollection`1[System.String]"
"S-1-5-21-1821399794-337311051-3185148185-500","dod_admin","LAB","0x27af5","0x3b8","C:\Windows\System32\calc.exe","%%1938","0x1810","C:\Windows\System32\calc.exe ","4688","1","0","13312","0","-9214364837600034816","53570","Microsoft-Windows-Security-Auditing","54849625-5478-4994-a5ba-3e3b0328c30d","Security","4404","lab-dc1.lab.local",,"12/24/2016 8:03:51 AM",,,"security","Information","Info","Process Creation","System.Collections.ObjectModel.ReadOnlyCollection`1[System.String]"
"S-1-5-21-1821399794-337311051-3185148185-500","dod_admin","LAB","0x27af5","0xbe8","C:\Windows\System32\calc.exe","%%1938","0x1810","C:\Windows\System32\calc.exe ","4688","1","0","13312","0","-9214364837600034816","53566","Microsoft-Windows-Security-Auditing","54849625-5478-4994-a5ba-3e3b0328c30d","Security","6416","lab-dc1.lab.local",,"12/24/2016 8:02:51 AM",,,"security","Information","Info","Process Creation","System.Collections.ObjectModel.ReadOnlyCollection`1[System.String]"
"S-1-5-21-1821399794-337311051-3185148185-500","dod_admin","LAB","0x27af5","0x1064","C:\Windows\System32\calc.exe","%%1938","0x1810","C:\Windows\System32\calc.exe ","4688","1","0","13312","0","-9214364837600034816","53555","Microsoft-Windows-Security-Auditing","54849625-5478-4994-a5ba-3e3b0328c30d","Security","5768","lab-dc1.lab.local",,"12/24/2016 8:01:51 AM",,,"security","Information","Info","Process Creation","System.Collections.ObjectModel.ReadOnlyCollection`1[System.String]"
"S-1-5-21-1821399794-337311051-3185148185-500","dod_admin","LAB","0x27af5","0x10c8","C:\Windows\System32\calc.exe","%%1938","0x1810","C:\Windows\System32\calc.exe ","4688","1","0","13312","0","-9214364837600034816","53537","Microsoft-Windows-Security-Auditing","54849625-5478-4994-a5ba-3e3b0328c30d","Security","5820","lab-dc1.lab.local",,"12/24/2016 8:00:51 AM",,,"security","Information","Info","Process Creation","System.Collections.ObjectModel.ReadOnlyCollection`1[System.String]"
"S-1-5-21-1821399794-337311051-3185148185-500","dod_admin","LAB","0x27af5","0x15bc","C:\Windows\System32\calc.exe","%%1938","0x1810","C:\Windows\System32\calc.exe ","4688","1","0","13312","0","-9214364837600034816","53533","Microsoft-Windows-Security-Auditing","54849625-5478-4994-a5ba-3e3b0328c30d","Security","5820","lab-dc1.lab.local",,"12/24/2016 7:59:51 AM",,,"security","Information","Info","Process Creation","System.Collections.ObjectModel.ReadOnlyCollection`1[System.String]"
"S-1-5-21-1821399794-337311051-3185148185-500","dod_admin","LAB","0x27af5","0x1860","C:\Windows\System32\calc.exe","%%1938","0x1810","C:\Windows\System32\calc.exe ","4688","1","0","13312","0","-9214364837600034816","53526","Microsoft-Windows-Security-Auditing","54849625-5478-4994-a5ba-3e3b0328c30d","Security","6416","lab-dc1.lab.local",,"12/24/2016 7:58:51 AM",,,"security","Information","Info","Process Creation","System.Collections.ObjectModel.ReadOnlyCollection`1[System.String]"
"S-1-5-21-1821399794-337311051-3185148185-500","dod_admin","LAB","0x27af5","0x1a94","C:\Windows\System32\calc.exe","%%1938","0x1810","C:\Windows\System32\calc.exe ","4688","1","0","13312","0","-9214364837600034816","53522","Microsoft-Windows-Security-Auditing","54849625-5478-4994-a5ba-3e3b0328c30d","Security","2208","lab-dc1.lab.local",,"12/24/2016 7:57:51 AM",,,"security","Information","Info","Process Creation","System.Collections.ObjectModel.ReadOnlyCollection`1[System.String]"
"S-1-5-21-1821399794-337311051-3185148185-500","dod_admin","LAB","0x27af5","0x10bc","C:\Windows\System32\calc.exe","%%1938","0x1810","C:\Windows\System32\calc.exe ","4688","1","0","13312","0","-9214364837600034816","53511","Microsoft-Windows-Security-Auditing","54849625-5478-4994-a5ba-3e3b0328c30d","Security","4716","lab-dc1.lab.local",,"12/24/2016 7:56:51 AM",,,"security","Information","Info","Process Creation","System.Collections.ObjectModel.ReadOnlyCollection`1[System.String]"
"S-1-5-21-1821399794-337311051-3185148185-500","dod_admin","LAB","0x27af5","0x1268","C:\Windows\System32\calc.exe","%%1938","0x1810","C:\Windows\System32\calc.exe ","4688","1","0","13312","0","-9214364837600034816","53495","Microsoft-Windows-Security-Auditing","54849625-5478-4994-a5ba-3e3b0328c30d","Security","5820","lab-dc1.lab.local",,"12/24/2016 7:55:51 AM",,,"security","Information","Info","Process Creation","System.Collections.ObjectModel.ReadOnlyCollection`1[System.String]"
"S-1-5-18","LAB-DC1$","LAB","0x3e7","0x17d4","C:\Windows\System32\wbem\WmiPrvSE.exe","%%1936","0x280","C:\windows\system32\wbem\wmiprvse.exe -secured -Embedding","4688","1","0","13312","0","-9214364837600034816","53481","Microsoft-Windows-Security-Auditing","54849625-5478-4994-a5ba-3e3b0328c30d","Security","4404","lab-dc1.lab.local",,"12/24/2016 7:54:41 AM",,,"security","Information","Info","Process Creation","System.Collections.ObjectModel.ReadOnlyCollection`1[System.String]"
"S-1-5-21-1821399794-337311051-3185148185-500","dod_admin","LAB","0x27af5","0xc30","C:\Windows\System32\calc.exe","%%1938","0x1810","C:\Windows\System32\calc.exe ","4688","1","0","13312","0","-9214364837600034816","53473","Microsoft-Windows-Security-Auditing","54849625-5478-4994-a5ba-3e3b0328c30d","Security","5820","lab-dc1.lab.local",,"12/24/2016 7:53:08 AM",,,"security","Information","Info","Process Creation","System.Collections.ObjectModel.ReadOnlyCollection`1[System.String]"
"S-1-5-18","LAB-DC1$","LAB","0x3e7","0x1810","C:\Windows\System32\taskeng.exe","%%1938","0x330","taskeng.exe {DA15F656-B4AE-4562-A6F8-8B764D8F621A} S-1-5-21-1821399794-337311051-3185148185-500:LAB\DoD_Admin:Interactive:[1]","4688","1","0","13312","0","-9214364837600034816","53462","Microsoft-Windows-Security-Auditing","54849625-5478-4994-a5ba-3e3b0328c30d","Security","5820","lab-dc1.lab.local",,"12/24/2016 7:53:08 AM",,,"security","Information","Info","Process Creation","System.Collections.ObjectModel.ReadOnlyCollection`1[System.String]"
"S-1-5-18","LAB-DC1$","LAB","0x3e7","0xf90","C:\Windows\System32\mmc.exe","%%1937","0xb74","""C:\windows\system32\mmc.exe"" ""C:\windows\system32\taskschd.msc"" /s","4688","1","0","13312","0","-9214364837600034816","53384","Microsoft-Windows-Security-Auditing","54849625-5478-4994-a5ba-3e3b0328c30d","Security","1812","lab-dc1.lab.local",,"12/24/2016 7:45:04 AM",,,"security","Information","Info","Process Creation","System.Collections.ObjectModel.ReadOnlyCollection`1[System.String]"
"S-1-5-18","LAB-DC1$","LAB","0x3e7","0x1614","C:\Windows\System32\consent.exe","%%1936","0x330","consent.exe 816 418 000000D0FC60B830","4688","1","0","13312","0","-9214364837600034816","53304","Microsoft-Windows-Security-Auditing","54849625-5478-4994-a5ba-3e3b0328c30d","Security","2776","lab-dc1.lab.local",,"12/24/2016 7:45:02 AM",,,"security","Information","Info","Process Creation","System.Collections.ObjectModel.ReadOnlyCollection`1[System.String]"
"S-1-5-21-1821399794-337311051-3185148185-500","dod_admin","LAB","0x27af5","0x1404","C:\Windows\System32\mmc.exe","%%1938","0xb74","""C:\windows\system32\mmc.exe"" ""C:\windows\system32\taskschd.msc"" /s","4688","1","0","13312","0","-9214364837600034816","53303","Microsoft-Windows-Security-Auditing","54849625-5478-4994-a5ba-3e3b0328c30d","Security","2776","lab-dc1.lab.local",,"12/24/2016 7:45:02 AM",,,"security","Information","Info","Process Creation","System.Collections.ObjectModel.ReadOnlyCollection`1[System.String]"
"S-1-5-21-1821399794-337311051-3185148185-500","dod_admin","LAB","0x27af5","0x1794","C:\Windows\System32\changepk.exe","%%1938","0xb74","""C:\windows\system32\changepk.exe"" ","4688","1","0","13312","0","-9214364837600034816","53273","Microsoft-Windows-Security-Auditing","54849625-5478-4994-a5ba-3e3b0328c30d","Security","5768","lab-dc1.lab.local",,"12/24/2016 7:44:12 AM",,,"security","Information","Info","Process Creation","System.Collections.ObjectModel.ReadOnlyCollection`1[System.String]"
"S-1-5-18","LAB-DC1$","LAB","0x3e7","0xf0c","C:\Windows\System32\sppsvc.exe","%%1936","0x1ec","C:\windows\system32\sppsvc.exe","4688","1","0","13312","0","-9214364837600034816","53272","Microsoft-Windows-Security-Auditing","54849625-5478-4994-a5ba-3e3b0328c30d","Security","240","lab-dc1.lab.local",,"12/24/2016 7:44:09 AM",,,"security","Information","Info","Process Creation","System.Collections.ObjectModel.ReadOnlyCollection`1[System.String]"
"S-1-5-18","LAB-DC1$","LAB","0x3e7","0x75c","C:\Windows\System32\wbem\WmiPrvSE.exe","%%1936","0x280","C:\windows\system32\wbem\wmiprvse.exe -secured -Embedding","4688","1","0","13312","0","-9214364837600034816","53267","Microsoft-Windows-Security-Auditing","54849625-5478-4994-a5ba-3e3b0328c30d","Security","240","lab-dc1.lab.local",,"12/24/2016 7:44:09 AM",,,"security","Information","Info","Process Creation","System.Collections.ObjectModel.ReadOnlyCollection`1[System.String]"
"S-1-5-18","LAB-DC1$","LAB","0x3e7","0x11b0","C:\Windows\SysWOW64\dllhost.exe","%%1938","0x280","C:\windows\SysWOW64\DllHost.exe /Processid:{06622D85-6856-4460-8DE1-A81921B41C4B}","4688","1","0","13312","0","-9214364837600034816","53262","Microsoft-Windows-Security-Auditing","54849625-5478-4994-a5ba-3e3b0328c30d","Security","2776","lab-dc1.lab.local",,"12/24/2016 7:43:47 AM",,,"security","Information","Info","Process Creation","System.Collections.ObjectModel.ReadOnlyCollection`1[System.String]"
"S-1-5-18","LAB-DC1$","LAB","0x3e7","0xacc","C:\Windows\SysWOW64\dllhost.exe","%%1938","0x280","C:\windows\SysWOW64\DllHost.exe /Processid:{06622D85-6856-4460-8DE1-A81921B41C4B}","4688","1","0","13312","0","-9214364837600034816","53258","Microsoft-Windows-Security-Auditing","54849625-5478-4994-a5ba-3e3b0328c30d","Security","6532","lab-dc1.lab.local",,"12/24/2016 7:43:25 AM",,,"security","Information","Info","Process Creation","System.Collections.ObjectModel.ReadOnlyCollection`1[System.String]"
"S-1-5-18","LAB-DC1$","LAB","0x3e7","0x1b9c","C:\Windows\SysWOW64\dllhost.exe","%%1938","0x280","C:\windows\SysWOW64\DllHost.exe /Processid:{06622D85-6856-4460-8DE1-A81921B41C4B}","4688","1","0","13312","0","-9214364837600034816","53257","Microsoft-Windows-Security-Auditing","54849625-5478-4994-a5ba-3e3b0328c30d","Security","240","lab-dc1.lab.local",,"12/24/2016 7:43:16 AM",,,"security","Information","Info","Process Creation","System.Collections.ObjectModel.ReadOnlyCollection`1[System.String]"
"S-1-5-21-1821399794-337311051-3185148185-500","dod_admin","LAB","0x27af5","0xc38","C:\Windows\System32\control.exe","%%1938","0xb74","""C:\windows\system32\control.exe"" /name Microsoft.AdministrativeTools","4688","1","0","13312","0","-9214364837600034816","53256","Microsoft-Windows-Security-Auditing","54849625-5478-4994-a5ba-3e3b0328c30d","Security","240","lab-dc1.lab.local",,"12/24/2016 7:43:16 AM",,,"security","Information","Info","Process Creation","System.Collections.ObjectModel.ReadOnlyCollection`1[System.String]"
"S-1-5-21-1821399794-337311051-3185148185-500","dod_admin","LAB","0x27ad5","0x1a60","C:\Windows\System32\conhost.exe","%%1937","0x1780","\??\C:\windows\system32\conhost.exe 0xffffffff","4688","1","0","13312","0","-9214364837600034816","53227","Microsoft-Windows-Security-Auditing","54849625-5478-4994-a5ba-3e3b0328c30d","Security","5592","lab-dc1.lab.local",,"12/24/2016 7:39:53 AM",,,"security","Information","Info","Process Creation","System.Collections.ObjectModel.ReadOnlyCollection`1[System.String]"
"S-1-5-18","LAB-DC1$","LAB","0x3e7","0x1780","C:\Windows\System32\WindowsPowerShell\v1.0\powershell.exe","%%1937","0xb74","""C:\Windows\System32\WindowsPowerShell\v1.0\powershell.exe"" ","4688","1","0","13312","0","-9214364837600034816","53226","Microsoft-Windows-Security-Auditing","54849625-5478-4994-a5ba-3e3b0328c30d","Security","5592","lab-dc1.lab.local",,"12/24/2016 7:39:53 AM",,,"security","Information","Info","Process Creation","System.Collections.ObjectModel.ReadOnlyCollection`1[System.String]"
"S-1-5-18","LAB-DC1$","LAB","0x3e7","0xe24","C:\Windows\System32\consent.exe","%%1936","0x330","consent.exe 816 460 000000D0FE159430","4688","1","0","13312","0","-9214364837600034816","53146","Microsoft-Windows-Security-Auditing","54849625-5478-4994-a5ba-3e3b0328c30d","Security","5592","lab-dc1.lab.local",,"12/24/2016 7:39:52 AM",,,"security","Information","Info","Process Creation","System.Collections.ObjectModel.ReadOnlyCollection`1[System.String]"
"S-1-5-18","LAB-DC1$","LAB","0x3e7","0x1a40","C:\Windows\System32\consent.exe","%%1936","0x330","consent.exe 816 460 000000D0FE15A510","4688","1","0","13312","0","-9214364837600034816","53062","Microsoft-Windows-Security-Auditing","54849625-5478-4994-a5ba-3e3b0328c30d","Security","4404","lab-dc1.lab.local",,"12/24/2016 7:39:38 AM",,,"security","Information","Info","Process Creation","System.Collections.ObjectModel.ReadOnlyCollection`1[System.String]"
"S-1-5-18","LAB-DC1$","LAB","0x3e7","0x1b94","C:\Windows\System32\wbem\WmiPrvSE.exe","%%1936","0x280","C:\windows\system32\wbem\wmiprvse.exe -secured -Embedding","4688","1","0","13312","0","-9214364837600034816","53020","Microsoft-Windows-Security-Auditing","54849625-5478-4994-a5ba-3e3b0328c30d","Security","5592","lab-dc1.lab.local",,"12/24/2016 7:35:43 AM",,,"security","Information","Info","Process Creation","System.Collections.ObjectModel.ReadOnlyCollection`1[System.String]"
"S-1-5-18","LAB-DC1$","LAB","0x3e7","0x165c","C:\Windows\System32\wbem\WmiPrvSE.exe","%%1936","0x280","C:\windows\system32\wbem\wmiprvse.exe -secured -Embedding","4688","1","0","13312","0","-9214364837600034816","53001","Microsoft-Windows-Security-Auditing","54849625-5478-4994-a5ba-3e3b0328c30d","Security","6624","lab-dc1.lab.local",,"12/24/2016 7:32:53 AM",,,"security","Information","Info","Process Creation","System.Collections.ObjectModel.ReadOnlyCollection`1[System.String]"
"S-1-5-18","LAB-DC1$","LAB","0x3e7","0x15b4","C:\Windows\System32\MRT.exe","%%1936","0x330","C:\windows\system32\MRT.exe /EHB /Q","4688","1","0","13312","0","-9214364837600034816","52996","Microsoft-Windows-Security-Auditing","54849625-5478-4994-a5ba-3e3b0328c30d","Security","2208","lab-dc1.lab.local",,"12/24/2016 7:32:12 AM",,,"security","Information","Info","Process Creation","System.Collections.ObjectModel.ReadOnlyCollection`1[System.String]"
"S-1-5-18","LAB-DC1$","LAB","0x3e7","0x160c","C:\Windows\System32\taskhostex.exe","%%1936","0x330","taskhostex.exe Regular","4688","1","0","13312","0","-9214364837600034816","52994","Microsoft-Windows-Security-Auditing","54849625-5478-4994-a5ba-3e3b0328c30d","Security","2208","lab-dc1.lab.local",,"12/24/2016 7:32:12 AM",,,"security","Information","Info","Process Creation","System.Collections.ObjectModel.ReadOnlyCollection`1[System.String]"
"S-1-5-18","LAB-DC1$","LAB","0x3e7","0x964","C:\Windows\System32\slui.exe","%%1938","0x280","C:\windows\System32\slui.exe -Embedding","4688","1","0","13312","0","-9214364837600034816","52949","Microsoft-Windows-Security-Auditing","54849625-5478-4994-a5ba-3e3b0328c30d","Security","4716","lab-dc1.lab.local",,"12/24/2016 7:30:55 AM",,,"security","Information","Info","Process Creation","System.Collections.ObjectModel.ReadOnlyCollection`1[System.String]"
"S-1-5-20","LAB-DC1$","LAB","0x3e4","0xf80","C:\Windows\System32\slui.exe","%%1936","0xf58","""C:\windows\System32\SLUI.exe"" RuleId=eeba1977-569e-4571-b639-7623d8bfecc0;Action=AutoActivate;AppId=55c92734-d682-4d71-983e-d6ec3f16059f;SkuId=b3ca044e-a358-4d68-9883-aaa2941aca99;NotificationInterval=1440;Trigger=NetworkAvailable","4688","1","0","13312","0","-9214364837600034816","52946","Microsoft-Windows-Security-Auditing","54849625-5478-4994-a5ba-3e3b0328c30d","Security","5444","lab-dc1.lab.local",,"12/24/2016 7:30:55 AM",,,"security","Information","Info","Process Creation","System.Collections.ObjectModel.ReadOnlyCollection`1[System.String]"
"S-1-5-18","LAB-DC1$","LAB","0x3e7","0xf58","C:\Windows\System32\SppExtComObj.Exe","%%1936","0x280","C:\windows\system32\SppExtComObj.exe -Embedding","4688","1","0","13312","0","-9214364837600034816","52945","Microsoft-Windows-Security-Auditing","54849625-5478-4994-a5ba-3e3b0328c30d","Security","5444","lab-dc1.lab.local",,"12/24/2016 7:30:55 AM",,,"security","Information","Info","Process Creation","System.Collections.ObjectModel.ReadOnlyCollection`1[System.String]"
"S-1-5-18","LAB-DC1$","LAB","0x3e7","0xdec","C:\Windows\System32\taskhost.exe","%%1936","0x330","taskhost.exe network","4688","1","0","13312","0","-9214364837600034816","52944","Microsoft-Windows-Security-Auditing","54849625-5478-4994-a5ba-3e3b0328c30d","Security","5444","lab-dc1.lab.local",,"12/24/2016 7:30:55 AM",,,"security","Information","Info","Process Creation","System.Collections.ObjectModel.ReadOnlyCollection`1[System.String]"
"S-1-5-18","LAB-DC1$","LAB","0x3e7","0x1ae0","C:\Windows\System32\sppsvc.exe","%%1936","0x1ec","C:\windows\system32\sppsvc.exe","4688","1","0","13312","0","-9214364837600034816","52931","Microsoft-Windows-Security-Auditing","54849625-5478-4994-a5ba-3e3b0328c30d","Security","6624","lab-dc1.lab.local",,"12/24/2016 7:30:41 AM",,,"security","Information","Info","Process Creation","System.Collections.ObjectModel.ReadOnlyCollection`1[System.String]"
"S-1-5-18","LAB-DC1$","LAB","0x3e7","0x1990","C:\Windows\System32\wbem\WmiPrvSE.exe","%%1936","0x280","C:\windows\system32\wbem\wmiprvse.exe -secured -Embedding","4688","1","0","13312","0","-9214364837600034816","52925","Microsoft-Windows-Security-Auditing","54849625-5478-4994-a5ba-3e3b0328c30d","Security","6624","lab-dc1.lab.local",,"12/24/2016 7:30:41 AM",,,"security","Information","Info","Process Creation","System.Collections.ObjectModel.ReadOnlyCollection`1[System.String]"
"S-1-5-18","LAB-DC1$","LAB","0x3e7","0x1818","C:\Windows\System32\taskhostex.exe","%%1936","0x330","taskhostex.exe ","4688","1","0","13312","0","-9214364837600034816","52920","Microsoft-Windows-Security-Auditing","54849625-5478-4994-a5ba-3e3b0328c30d","Security","3820","lab-dc1.lab.local",,"12/24/2016 7:30:34 AM",,,"security","Information","Info","Process Creation","System.Collections.ObjectModel.ReadOnlyCollection`1[System.String]"
"S-1-5-18","LAB-DC1$","LAB","0x3e7","0x18cc","C:\Windows\System32\taskhost.exe","%%1938","0x330","taskhost.exe USER","4688","1","0","13312","0","-9214364837600034816","52915","Microsoft-Windows-Security-Auditing","54849625-5478-4994-a5ba-3e3b0328c30d","Security","3820","lab-dc1.lab.local",,"12/24/2016 7:30:34 AM",,,"security","Information","Info","Process Creation","System.Collections.ObjectModel.ReadOnlyCollection`1[System.String]"
"S-1-5-18","LAB-DC1$","LAB","0x3e7","0x181c","C:\Windows\System32\taskhost.exe","%%1936","0x330","taskhost.exe SYSTEM","4688","1","0","13312","0","-9214364837600034816","52909","Microsoft-Windows-Security-Auditing","54849625-5478-4994-a5ba-3e3b0328c30d","Security","3820","lab-dc1.lab.local",,"12/24/2016 7:30:34 AM",,,"security","Information","Info","Process Creation","System.Collections.ObjectModel.ReadOnlyCollection`1[System.String]"
"S-1-5-18","LAB-DC1$","LAB","0x3e7","0x135c","C:\Windows\System32\slui.exe","%%1938","0x280","C:\windows\System32\slui.exe -Embedding","4688","1","0","13312","0","-9214364837600034816","52890","Microsoft-Windows-Security-Auditing","54849625-5478-4994-a5ba-3e3b0328c30d","Security","5444","lab-dc1.lab.local",,"12/23/2016 8:49:13 PM",,,"security","Information","Info","Process Creation","System.Collections.ObjectModel.ReadOnlyCollection`1[System.String]"
"S-1-5-20","LAB-DC1$","LAB","0x3e4","0x182c","C:\Windows\System32\slui.exe","%%1936","0x1b4c","""C:\windows\System32\SLUI.exe"" RuleId=eeba1977-569e-4571-b639-7623d8bfecc0;Action=AutoActivate;AppId=55c92734-d682-4d71-983e-d6ec3f16059f;SkuId=b3ca044e-a358-4d68-9883-aaa2941aca99;NotificationInterval=1440;Trigger=NetworkAvailable","4688","1","0","13312","0","-9214364837600034816","52889","Microsoft-Windows-Security-Auditing","54849625-5478-4994-a5ba-3e3b0328c30d","Security","1812","lab-dc1.lab.local",,"12/23/2016 8:49:13 PM",,,"security","Information","Info","Process Creation","System.Collections.ObjectModel.ReadOnlyCollection`1[System.String]"
"S-1-5-18","LAB-DC1$","LAB","0x3e7","0x1498","C:\Windows\System32\taskhost.exe","%%1936","0x330","taskhost.exe network","4688","1","0","13312","0","-9214364837600034816","52888","Microsoft-Windows-Security-Auditing","54849625-5478-4994-a5ba-3e3b0328c30d","Security","1812","lab-dc1.lab.local",,"12/23/2016 8:49:13 PM",,,"security","Information","Info","Process Creation","System.Collections.ObjectModel.ReadOnlyCollection`1[System.String]"
"S-1-5-18","LAB-DC1$","LAB","0x3e7","0x1afc","C:\Windows\System32\slui.exe","%%1938","0x280","C:\windows\System32\slui.exe -Embedding","4688","1","0","13312","0","-9214364837600034816","52863","Microsoft-Windows-Security-Auditing","54849625-5478-4994-a5ba-3e3b0328c30d","Security","5592","lab-dc1.lab.local",,"12/23/2016 8:49:02 PM",,,"security","Information","Info","Process Creation","System.Collections.ObjectModel.ReadOnlyCollection`1[System.String]"
"S-1-5-20","LAB-DC1$","LAB","0x3e4","0x163c","C:\Windows\System32\slui.exe","%%1936","0x1b4c","""C:\windows\System32\SLUI.exe"" RuleId=eeba1977-569e-4571-b639-7623d8bfecc0;Action=AutoActivate;AppId=55c92734-d682-4d71-983e-d6ec3f16059f;SkuId=b3ca044e-a358-4d68-9883-aaa2941aca99;NotificationInterval=1440;Trigger=NetworkAvailable","4688","1","0","13312","0","-9214364837600034816","52860","Microsoft-Windows-Security-Auditing","54849625-5478-4994-a5ba-3e3b0328c30d","Security","2208","lab-dc1.lab.local",,"12/23/2016 8:49:02 PM",,,"security","Information","Info","Process Creation","System.Collections.ObjectModel.ReadOnlyCollection`1[System.String]"
"S-1-5-18","LAB-DC1$","LAB","0x3e7","0x1b4c","C:\Windows\System32\SppExtComObj.Exe","%%1936","0x280","C:\windows\system32\SppExtComObj.exe -Embedding","4688","1","0","13312","0","-9214364837600034816","52859","Microsoft-Windows-Security-Auditing","54849625-5478-4994-a5ba-3e3b0328c30d","Security","2208","lab-dc1.lab.local",,"12/23/2016 8:49:02 PM",,,"security","Information","Info","Process Creation","System.Collections.ObjectModel.ReadOnlyCollection`1[System.String]"
"S-1-5-18","LAB-DC1$","LAB","0x3e7","0x19a0","C:\Windows\System32\sppsvc.exe","%%1936","0x1ec","C:\windows\system32\sppsvc.exe","4688","1","0","13312","0","-9214364837600034816","52858","Microsoft-Windows-Security-Auditing","54849625-5478-4994-a5ba-3e3b0328c30d","Security","2208","lab-dc1.lab.local",,"12/23/2016 8:49:01 PM",,,"security","Information","Info","Process Creation","System.Collections.ObjectModel.ReadOnlyCollection`1[System.String]"
"S-1-5-18","LAB-DC1$","LAB","0x3e7","0x1b48","C:\Windows\System32\taskhost.exe","%%1936","0x330","taskhost.exe network","4688","1","0","13312","0","-9214364837600034816","52857","Microsoft-Windows-Security-Auditing","54849625-5478-4994-a5ba-3e3b0328c30d","Security","2208","lab-dc1.lab.local",,"12/23/2016 8:49:01 PM",,,"security","Information","Info","Process Creation","System.Collections.ObjectModel.ReadOnlyCollection`1[System.String]"
"S-1-5-18","LAB-DC1$","LAB","0x3e7","0x75c","C:\Windows\System32\wbem\WmiPrvSE.exe","%%1936","0x280","C:\windows\system32\wbem\wmiprvse.exe -secured -Embedding","4688","1","0","13312","0","-9214364837600034816","52813","Microsoft-Windows-Security-Auditing","54849625-5478-4994-a5ba-3e3b0328c30d","Security","6532","lab-dc1.lab.local",,"12/23/2016 8:45:14 PM",,,"security","Information","Info","Process Creation","System.Collections.ObjectModel.ReadOnlyCollection`1[System.String]"
"S-1-5-21-1821399794-337311051-3185148185-500","dod_admin","LAB","0x27af5","0x1ba8","C:\Windows\System32\notepad.exe","%%1938","0xb74","""C:\windows\system32\NOTEPAD.EXE"" C:\Users\DoD_Admin\Desktop\localhost-admin-4672.csv","4688","1","0","13312","0","-9214364837600034816","52780","Microsoft-Windows-Security-Auditing","54849625-5478-4994-a5ba-3e3b0328c30d","Security","5444","lab-dc1.lab.local",,"12/23/2016 8:42:06 PM",,,"security","Information","Info","Process Creation","System.Collections.ObjectModel.ReadOnlyCollection`1[System.String]"
"S-1-5-21-1821399794-337311051-3185148185-500","dod_admin","LAB","0x27af5","0x1b64","C:\Windows\System32\notepad.exe","%%1938","0xb74","""C:\windows\system32\NOTEPAD.EXE"" C:\Users\DoD_Admin\Desktop\success.log","4688","1","0","13312","0","-9214364837600034816","52766","Microsoft-Windows-Security-Auditing","54849625-5478-4994-a5ba-3e3b0328c30d","Security","5444","lab-dc1.lab.local",,"12/23/2016 8:41:56 PM",,,"security","Information","Info","Process Creation","System.Collections.ObjectModel.ReadOnlyCollection`1[System.String]"
"S-1-5-18","LAB-DC1$","LAB","0x3e7","0x1b78","C:\Windows\System32\wbem\WmiPrvSE.exe","%%1936","0x280","C:\windows\system32\wbem\wmiprvse.exe -secured -Embedding","4688","1","0","13312","0","-9214364837600034816","52758","Microsoft-Windows-Security-Auditing","54849625-5478-4994-a5ba-3e3b0328c30d","Security","5768","lab-dc1.lab.local",,"12/23/2016 8:41:23 PM",,,"security","Information","Info","Process Creation","System.Collections.ObjectModel.ReadOnlyCollection`1[System.String]"
"S-1-5-18","LAB-DC1$","LAB","0x3e7","0x1af8","C:\Windows\System32\wbem\WmiPrvSE.exe","%%1936","0x280","C:\windows\system32\wbem\wmiprvse.exe -secured -Embedding","4688","1","0","13312","0","-9214364837600034816","52713","Microsoft-Windows-Security-Auditing","54849625-5478-4994-a5ba-3e3b0328c30d","Security","5444","lab-dc1.lab.local",,"12/23/2016 8:36:49 PM",,,"security","Information","Info","Process Creation","System.Collections.ObjectModel.ReadOnlyCollection`1[System.String]"
"S-1-5-18","LAB-DC1$","LAB","0x3e7","0x1894","C:\Windows\System32\wbem\WmiPrvSE.exe","%%1936","0x280","C:\windows\system32\wbem\wmiprvse.exe -secured -Embedding","4688","1","0","13312","0","-9214364837600034816","52672","Microsoft-Windows-Security-Auditing","54849625-5478-4994-a5ba-3e3b0328c30d","Security","5028","lab-dc1.lab.local",,"12/23/2016 8:33:56 PM",,,"security","Information","Info","Process Creation","System.Collections.ObjectModel.ReadOnlyCollection`1[System.String]"
"S-1-5-18","LAB-DC1$","LAB","0x3e7","0x121c","C:\Windows\System32\wbem\WmiPrvSE.exe","%%1936","0x280","C:\windows\system32\wbem\wmiprvse.exe -secured -Embedding","4688","1","0","13312","0","-9214364837600034816","52618","Microsoft-Windows-Security-Auditing","54849625-5478-4994-a5ba-3e3b0328c30d","Security","5028","lab-dc1.lab.local",,"12/23/2016 8:27:46 PM",,,"security","Information","Info","Process Creation","System.Collections.ObjectModel.ReadOnlyCollection`1[System.String]"
"S-1-5-18","LAB-DC1$","LAB","0x3e7","0xec0","C:\Windows\System32\wbem\WmiPrvSE.exe","%%1936","0x280","C:\windows\system32\wbem\wmiprvse.exe -secured -Embedding","4688","1","0","13312","0","-9214364837600034816","52604","Microsoft-Windows-Security-Auditing","54849625-5478-4994-a5ba-3e3b0328c30d","Security","240","lab-dc1.lab.local",,"12/23/2016 8:25:56 PM",,,"security","Information","Info","Process Creation","System.Collections.ObjectModel.ReadOnlyCollection`1[System.String]"
"S-1-5-18","LAB-DC1$","LAB","0x3e7","0x1244","C:\Windows\System32\wbem\WmiPrvSE.exe","%%1936","0x280","C:\windows\system32\wbem\wmiprvse.exe -secured -Embedding","4688","1","0","13312","0","-9214364837600034816","52539","Microsoft-Windows-Security-Auditing","54849625-5478-4994-a5ba-3e3b0328c30d","Security","5444","lab-dc1.lab.local",,"12/23/2016 8:19:19 PM",,,"security","Information","Info","Process Creation","System.Collections.ObjectModel.ReadOnlyCollection`1[System.String]"
"S-1-5-18","LAB-DC1$","LAB","0x3e7","0x8d4","C:\Windows\System32\wbem\WmiPrvSE.exe","%%1936","0x280","C:\windows\system32\wbem\wmiprvse.exe -secured -Embedding","4688","1","0","13312","0","-9214364837600034816","52508","Microsoft-Windows-Security-Auditing","54849625-5478-4994-a5ba-3e3b0328c30d","Security","1840","lab-dc1.lab.local",,"12/23/2016 8:15:26 PM",,,"security","Information","Info","Process Creation","System.Collections.ObjectModel.ReadOnlyCollection`1[System.String]"
"S-1-5-18","LAB-DC1$","LAB","0x3e7","0xf0c","C:\Windows\System32\slui.exe","%%1938","0x280","C:\windows\System32\slui.exe -Embedding","4688","1","0","13312","0","-9214364837600034816","52477","Microsoft-Windows-Security-Auditing","54849625-5478-4994-a5ba-3e3b0328c30d","Security","1812","lab-dc1.lab.local",,"12/23/2016 6:48:11 PM",,,"security","Information","Info","Process Creation","System.Collections.ObjectModel.ReadOnlyCollection`1[System.String]"
"S-1-5-20","LAB-DC1$","LAB","0x3e4","0x178c","C:\Windows\System32\slui.exe","%%1936","0x1404","""C:\windows\System32\SLUI.exe"" RuleId=eeba1977-569e-4571-b639-7623d8bfecc0;Action=AutoActivate;AppId=55c92734-d682-4d71-983e-d6ec3f16059f;SkuId=b3ca044e-a358-4d68-9883-aaa2941aca99;NotificationInterval=1440;Trigger=NetworkAvailable","4688","1","0","13312","0","-9214364837600034816","52474","Microsoft-Windows-Security-Auditing","54849625-5478-4994-a5ba-3e3b0328c30d","Security","1812","lab-dc1.lab.local",,"12/23/2016 6:48:11 PM",,,"security","Information","Info","Process Creation","System.Collections.ObjectModel.ReadOnlyCollection`1[System.String]"
"S-1-5-18","LAB-DC1$","LAB","0x3e7","0x1404","C:\Windows\System32\SppExtComObj.Exe","%%1936","0x280","C:\windows\system32\SppExtComObj.exe -Embedding","4688","1","0","13312","0","-9214364837600034816","52473","Microsoft-Windows-Security-Auditing","54849625-5478-4994-a5ba-3e3b0328c30d","Security","1812","lab-dc1.lab.local",,"12/23/2016 6:48:11 PM",,,"security","Information","Info","Process Creation","System.Collections.ObjectModel.ReadOnlyCollection`1[System.String]"
"S-1-5-18","LAB-DC1$","LAB","0x3e7","0x14d0","C:\Windows\System32\sppsvc.exe","%%1936","0x1ec","C:\windows\system32\sppsvc.exe","4688","1","0","13312","0","-9214364837600034816","52472","Microsoft-Windows-Security-Auditing","54849625-5478-4994-a5ba-3e3b0328c30d","Security","1812","lab-dc1.lab.local",,"12/23/2016 6:48:10 PM",,,"security","Information","Info","Process Creation","System.Collections.ObjectModel.ReadOnlyCollection`1[System.String]"
"S-1-5-18","LAB-DC1$","LAB","0x3e7","0x17cc","C:\Windows\System32\taskhost.exe","%%1936","0x330","taskhost.exe network","4688","1","0","13312","0","-9214364837600034816","52471","Microsoft-Windows-Security-Auditing","54849625-5478-4994-a5ba-3e3b0328c30d","Security","1812","lab-dc1.lab.local",,"12/23/2016 6:48:10 PM",,,"security","Information","Info","Process Creation","System.Collections.ObjectModel.ReadOnlyCollection`1[System.String]"
"S-1-5-18","LAB-DC1$","LAB","0x3e7","0x1f8","C:\Windows\System32\slui.exe","%%1938","0x280","C:\windows\System32\slui.exe -Embedding","4688","1","0","13312","0","-9214364837600034816","52445","Microsoft-Windows-Security-Auditing","54849625-5478-4994-a5ba-3e3b0328c30d","Security","5444","lab-dc1.lab.local",,"12/23/2016 6:47:37 PM",,,"security","Information","Info","Process Creation","System.Collections.ObjectModel.ReadOnlyCollection`1[System.String]"
"S-1-5-20","LAB-DC1$","LAB","0x3e4","0x152c","C:\Windows\System32\slui.exe","%%1936","0x1500","""C:\windows\System32\SLUI.exe"" RuleId=eeba1977-569e-4571-b639-7623d8bfecc0;Action=AutoActivate;AppId=55c92734-d682-4d71-983e-d6ec3f16059f;SkuId=b3ca044e-a358-4d68-9883-aaa2941aca99;NotificationInterval=1440;Trigger=NetworkAvailable","4688","1","0","13312","0","-9214364837600034816","52442","Microsoft-Windows-Security-Auditing","54849625-5478-4994-a5ba-3e3b0328c30d","Security","3216","lab-dc1.lab.local",,"12/23/2016 6:47:36 PM",,,"security","Information","Info","Process Creation","System.Collections.ObjectModel.ReadOnlyCollection`1[System.String]"
"S-1-5-18","LAB-DC1$","LAB","0x3e7","0x1500","C:\Windows\System32\SppExtComObj.Exe","%%1936","0x280","C:\windows\system32\SppExtComObj.exe -Embedding","4688","1","0","13312","0","-9214364837600034816","52441","Microsoft-Windows-Security-Auditing","54849625-5478-4994-a5ba-3e3b0328c30d","Security","3216","lab-dc1.lab.local",,"12/23/2016 6:47:36 PM",,,"security","Information","Info","Process Creation","System.Collections.ObjectModel.ReadOnlyCollection`1[System.String]"
"S-1-5-18","LAB-DC1$","LAB","0x3e7","0xf0c","C:\Windows\System32\sppsvc.exe","%%1936","0x1ec","C:\windows\system32\sppsvc.exe","4688","1","0","13312","0","-9214364837600034816","52440","Microsoft-Windows-Security-Auditing","54849625-5478-4994-a5ba-3e3b0328c30d","Security","3216","lab-dc1.lab.local",,"12/23/2016 6:47:36 PM",,,"security","Information","Info","Process Creation","System.Collections.ObjectModel.ReadOnlyCollection`1[System.String]"
"S-1-5-18","LAB-DC1$","LAB","0x3e7","0x10cc","C:\Windows\System32\taskhost.exe","%%1936","0x330","taskhost.exe network","4688","1","0","13312","0","-9214364837600034816","52439","Microsoft-Windows-Security-Auditing","54849625-5478-4994-a5ba-3e3b0328c30d","Security","3216","lab-dc1.lab.local",,"12/23/2016 6:47:36 PM",,,"security","Information","Info","Process Creation","System.Collections.ObjectModel.ReadOnlyCollection`1[System.String]"
"S-1-5-18","LAB-DC1$","LAB","0x3e7","0x16b8","C:\Windows\System32\wbem\WmiPrvSE.exe","%%1936","0x280","C:\windows\system32\wbem\wmiprvse.exe -secured -Embedding","4688","1","0","13312","0","-9214364837600034816","52409","Microsoft-Windows-Security-Auditing","54849625-5478-4994-a5ba-3e3b0328c30d","Security","5028","lab-dc1.lab.local",,"12/23/2016 6:45:09 PM",,,"security","Information","Info","Process Creation","System.Collections.ObjectModel.ReadOnlyCollection`1[System.String]"
"S-1-5-18","LAB-DC1$","LAB","0x3e7","0x121c","C:\Windows\System32\wbem\WmiPrvSE.exe","%%1936","0x280","C:\windows\system32\wbem\wmiprvse.exe -secured -Embedding","4688","1","0","13312","0","-9214364837600034816","52328","Microsoft-Windows-Security-Auditing","54849625-5478-4994-a5ba-3e3b0328c30d","Security","5768","lab-dc1.lab.local",,"12/23/2016 6:35:38 PM",,,"security","Information","Info","Process Creation","System.Collections.ObjectModel.ReadOnlyCollection`1[System.String]"
"S-1-5-18","LAB-DC1$","LAB","0x3e7","0x860","C:\Windows\System32\wbem\WmiPrvSE.exe","%%1936","0x280","C:\windows\system32\wbem\wmiprvse.exe -secured -Embedding","4688","1","0","13312","0","-9214364837600034816","52284","Microsoft-Windows-Security-Auditing","54849625-5478-4994-a5ba-3e3b0328c30d","Security","5768","lab-dc1.lab.local",,"12/23/2016 6:31:06 PM",,,"security","Information","Info","Process Creation","System.Collections.ObjectModel.ReadOnlyCollection`1[System.String]"
"S-1-5-18","LAB-DC1$","LAB","0x3e7","0x594","C:\Windows\System32\wbem\WmiPrvSE.exe","%%1936","0x280","C:\windows\system32\wbem\wmiprvse.exe -secured -Embedding","4688","1","0","13312","0","-9214364837600034816","52252","Microsoft-Windows-Security-Auditing","54849625-5478-4994-a5ba-3e3b0328c30d","Security","2208","lab-dc1.lab.local",,"12/23/2016 6:28:31 PM",,,"security","Information","Info","Process Creation","System.Collections.ObjectModel.ReadOnlyCollection`1[System.String]"
"S-1-5-18","LAB-DC1$","LAB","0x3e7","0x1550","C:\Windows\System32\wbem\WmiPrvSE.exe","%%1936","0x280","C:\windows\system32\wbem\wmiprvse.exe -secured -Embedding","4688","1","0","13312","0","-9214364837600034816","52205","Microsoft-Windows-Security-Auditing","54849625-5478-4994-a5ba-3e3b0328c30d","Security","84","lab-dc1.lab.local",,"12/23/2016 6:22:42 PM",,,"security","Information","Info","Process Creation","System.Collections.ObjectModel.ReadOnlyCollection`1[System.String]"
"S-1-5-18","LAB-DC1$","LAB","0x3e7","0x15a4","C:\Windows\System32\WindowsPowerShell\v1.0\powershell_ise.exe","%%1937","0xb74","""C:\windows\system32\WindowsPowerShell\v1.0\PowerShell_ISE.exe"" ","4688","1","0","13312","0","-9214364837600034816","52197","Microsoft-Windows-Security-Auditing","54849625-5478-4994-a5ba-3e3b0328c30d","Security","2208","lab-dc1.lab.local",,"12/23/2016 6:21:45 PM",,,"security","Information","Info","Process Creation","System.Collections.ObjectModel.ReadOnlyCollection`1[System.String]"
"S-1-5-18","LAB-DC1$","LAB","0x3e7","0x16c4","C:\Windows\System32\consent.exe","%%1936","0x330","consent.exe 816 484 000000D0FD8AC5C0","4688","1","0","13312","0","-9214364837600034816","52117","Microsoft-Windows-Security-Auditing","54849625-5478-4994-a5ba-3e3b0328c30d","Security","2776","lab-dc1.lab.local",,"12/23/2016 6:21:44 PM",,,"security","Information","Info","Process Creation","System.Collections.ObjectModel.ReadOnlyCollection`1[System.String]"
"S-1-5-18","LAB-DC1$","LAB","0x3e7","0x1228","C:\Windows\System32\wbem\WmiPrvSE.exe","%%1936","0x280","C:\windows\system32\wbem\wmiprvse.exe -secured -Embedding","4688","1","0","13312","0","-9214364837600034816","52106","Microsoft-Windows-Security-Auditing","54849625-5478-4994-a5ba-3e3b0328c30d","Security","2776","lab-dc1.lab.local",,"12/23/2016 6:21:02 PM",,,"security","Information","Info","Process Creation","System.Collections.ObjectModel.ReadOnlyCollection`1[System.String]"
"S-1-5-18","LAB-DC1$","LAB","0x3e7","0x119c","C:\Windows\System32\wbem\WmiPrvSE.exe","%%1936","0x280","C:\windows\system32\wbem\wmiprvse.exe -secured -Embedding","4688","1","0","13312","0","-9214364837600034816","52090","Microsoft-Windows-Security-Auditing","54849625-5478-4994-a5ba-3e3b0328c30d","Security","2776","lab-dc1.lab.local",,"12/23/2016 6:19:19 PM",,,"security","Information","Info","Process Creation","System.Collections.ObjectModel.ReadOnlyCollection`1[System.String]"
"S-1-5-18","LAB-DC1$","LAB","0x3e7","0x1720","C:\Windows\System32\wbem\WmiPrvSE.exe","%%1936","0x280","C:\windows\system32\wbem\wmiprvse.exe -secured -Embedding","4688","1","0","13312","0","-9214364837600034816","52056","Microsoft-Windows-Security-Auditing","54849625-5478-4994-a5ba-3e3b0328c30d","Security","2208","lab-dc1.lab.local",,"12/23/2016 6:17:05 PM",,,"security","Information","Info","Process Creation","System.Collections.ObjectModel.ReadOnlyCollection`1[System.String]"
"S-1-5-18","LAB-DC1$","LAB","0x3e7","0x890","C:\Windows\System32\wbem\WmiPrvSE.exe","%%1936","0x280","C:\windows\system32\wbem\wmiprvse.exe -secured -Embedding","4688","1","0","13312","0","-9214364837600034816","52009","Microsoft-Windows-Security-Auditing","54849625-5478-4994-a5ba-3e3b0328c30d","Security","5768","lab-dc1.lab.local",,"12/23/2016 6:10:24 PM",,,"security","Information","Info","Process Creation","System.Collections.ObjectModel.ReadOnlyCollection`1[System.String]"
"S-1-5-18","LAB-DC1$","LAB","0x3e7","0x1324","C:\Windows\System32\wbem\WmiPrvSE.exe","%%1936","0x280","C:\windows\system32\wbem\wmiprvse.exe -secured -Embedding","4688","1","0","13312","0","-9214364837600034816","51974","Microsoft-Windows-Security-Auditing","54849625-5478-4994-a5ba-3e3b0328c30d","Security","4716","lab-dc1.lab.local",,"12/23/2016 6:07:55 PM",,,"security","Information","Info","Process Creation","System.Collections.ObjectModel.ReadOnlyCollection`1[System.String]"
"S-1-5-18","LAB-DC1$","LAB","0x3e7","0x10cc","C:\Windows\System32\wbem\WmiPrvSE.exe","%%1936","0x280","C:\windows\system32\wbem\wmiprvse.exe -secured -Embedding","4688","1","0","13312","0","-9214364837600034816","51958","Microsoft-Windows-Security-Auditing","54849625-5478-4994-a5ba-3e3b0328c30d","Security","240","lab-dc1.lab.local",,"12/23/2016 6:05:55 PM",,,"security","Information","Info","Process Creation","System.Collections.ObjectModel.ReadOnlyCollection`1[System.String]"
"S-1-5-18","LAB-DC1$","LAB","0x3e7","0x14cc","C:\Windows\System32\wbem\WmiPrvSE.exe","%%1936","0x280","C:\windows\system32\wbem\wmiprvse.exe -secured -Embedding","4688","1","0","13312","0","-9214364837600034816","51911","Microsoft-Windows-Security-Auditing","54849625-5478-4994-a5ba-3e3b0328c30d","Security","3216","lab-dc1.lab.local",,"12/23/2016 6:02:19 PM",,,"security","Information","Info","Process Creation","System.Collections.ObjectModel.ReadOnlyCollection`1[System.String]"
"S-1-5-18","LAB-DC1$","LAB","0x3e7","0x1340","C:\Windows\System32\WindowsPowerShell\v1.0\powershell_ise.exe","%%1937","0xb74","""C:\windows\system32\WindowsPowerShell\v1.0\PowerShell_ISE.exe"" ","4688","1","0","13312","0","-9214364837600034816","51860","Microsoft-Windows-Security-Auditing","54849625-5478-4994-a5ba-3e3b0328c30d","Security","3216","lab-dc1.lab.local",,"12/23/2016 5:54:01 PM",,,"security","Information","Info","Process Creation","System.Collections.ObjectModel.ReadOnlyCollection`1[System.String]"
"S-1-5-18","LAB-DC1$","LAB","0x3e7","0x1438","C:\Windows\System32\consent.exe","%%1936","0x330","consent.exe 816 484 000000D0FD8AD540","4688","1","0","13312","0","-9214364837600034816","51780","Microsoft-Windows-Security-Auditing","54849625-5478-4994-a5ba-3e3b0328c30d","Security","240","lab-dc1.lab.local",,"12/23/2016 5:54:00 PM",,,"security","Information","Info","Process Creation","System.Collections.ObjectModel.ReadOnlyCollection`1[System.String]"
"S-1-5-21-1821399794-337311051-3185148185-500","dod_admin","LAB","0x27ad5","0x16fc","C:\Windows\System32\conhost.exe","%%1937","0x1600","\??\C:\windows\system32\conhost.exe 0xffffffff","4688","1","0","13312","0","-9214364837600034816","51772","Microsoft-Windows-Security-Auditing","54849625-5478-4994-a5ba-3e3b0328c30d","Security","2776","lab-dc1.lab.local",,"12/23/2016 5:53:53 PM",,,"security","Information","Info","Process Creation","System.Collections.ObjectModel.ReadOnlyCollection`1[System.String]"
"S-1-5-18","LAB-DC1$","LAB","0x3e7","0x1600","C:\Windows\System32\WindowsPowerShell\v1.0\powershell.exe","%%1937","0xb74","""C:\Windows\System32\WindowsPowerShell\v1.0\powershell.exe"" ","4688","1","0","13312","0","-9214364837600034816","51771","Microsoft-Windows-Security-Auditing","54849625-5478-4994-a5ba-3e3b0328c30d","Security","2776","lab-dc1.lab.local",,"12/23/2016 5:53:53 PM",,,"security","Information","Info","Process Creation","System.Collections.ObjectModel.ReadOnlyCollection`1[System.String]"
"S-1-5-18","LAB-DC1$","LAB","0x3e7","0x11c8","C:\Windows\System32\consent.exe","%%1936","0x330","consent.exe 816 460 000000D0FE159430","4688","1","0","13312","0","-9214364837600034816","51691","Microsoft-Windows-Security-Auditing","54849625-5478-4994-a5ba-3e3b0328c30d","Security","2776","lab-dc1.lab.local",,"12/23/2016 5:53:52 PM",,,"security","Information","Info","Process Creation","System.Collections.ObjectModel.ReadOnlyCollection`1[System.String]"
"S-1-5-18","LAB-DC1$","LAB","0x3e7","0xc98","C:\Windows\System32\wbem\WmiPrvSE.exe","%%1936","0x280","C:\windows\system32\wbem\wmiprvse.exe -secured -Embedding","4688","1","0","13312","0","-9214364837600034816","51666","Microsoft-Windows-Security-Auditing","54849625-5478-4994-a5ba-3e3b0328c30d","Security","3820","lab-dc1.lab.local",,"12/23/2016 5:53:00 PM",,,"security","Information","Info","Process Creation","System.Collections.ObjectModel.ReadOnlyCollection`1[System.String]"
"S-1-5-18","LAB-DC1$","LAB","0x3e7","0xcbc","C:\Windows\System32\WindowsPowerShell\v1.0\powershell_ise.exe","%%1937","0xb74","""C:\windows\system32\WindowsPowerShell\v1.0\PowerShell_ISE.exe"" ","4688","1","0","13312","0","-9214364837600034816","51643","Microsoft-Windows-Security-Auditing","54849625-5478-4994-a5ba-3e3b0328c30d","Security","2208","lab-dc1.lab.local",,"12/23/2016 5:48:49 PM",,,"security","Information","Info","Process Creation","System.Collections.ObjectModel.ReadOnlyCollection`1[System.String]"
"S-1-5-18","LAB-DC1$","LAB","0x3e7","0x172c","C:\Windows\System32\consent.exe","%%1936","0x330","consent.exe 816 484 000000D0FD8AD160","4688","1","0","13312","0","-9214364837600034816","51563","Microsoft-Windows-Security-Auditing","54849625-5478-4994-a5ba-3e3b0328c30d","Security","5028","lab-dc1.lab.local",,"12/23/2016 5:48:47 PM",,,"security","Information","Info","Process Creation","System.Collections.ObjectModel.ReadOnlyCollection`1[System.String]"
"S-1-5-18","LAB-DC1$","LAB","0x3e7","0x1418","C:\Windows\System32\wbem\WmiPrvSE.exe","%%1936","0x280","C:\windows\system32\wbem\wmiprvse.exe -secured -Embedding","4688","1","0","13312","0","-9214364837600034816","51522","Microsoft-Windows-Security-Auditing","54849625-5478-4994-a5ba-3e3b0328c30d","Security","5028","lab-dc1.lab.local",,"12/23/2016 5:44:21 PM",,,"security","Information","Info","Process Creation","System.Collections.ObjectModel.ReadOnlyCollection`1[System.String]"
"S-1-5-18","LAB-DC1$","LAB","0x3e7","0x11bc","C:\Windows\System32\wbem\WmiPrvSE.exe","%%1936","0x280","C:\windows\system32\wbem\wmiprvse.exe -secured -Embedding","4688","1","0","13312","0","-9214364837600034816","51437","Microsoft-Windows-Security-Auditing","54849625-5478-4994-a5ba-3e3b0328c30d","Security","240","lab-dc1.lab.local",,"12/23/2016 5:34:10 PM",,,"security","Information","Info","Process Creation","System.Collections.ObjectModel.ReadOnlyCollection`1[System.String]"
"S-1-5-18","LAB-DC1$","LAB","0x3e7","0x1298","C:\Windows\System32\wbem\WmiPrvSE.exe","%%1936","0x280","C:\windows\system32\wbem\wmiprvse.exe -secured -Embedding","4688","1","0","13312","0","-9214364837600034816","51235","Microsoft-Windows-Security-Auditing","54849625-5478-4994-a5ba-3e3b0328c30d","Security","240","lab-dc1.lab.local",,"12/23/2016 5:09:33 PM",,,"security","Information","Info","Process Creation","System.Collections.ObjectModel.ReadOnlyCollection`1[System.String]"
"S-1-5-18","LAB-DC1$","LAB","0x3e7","0x15ac","C:\Windows\System32\wermgr.exe","%%1938","0x330","C:\windows\system32\wermgr.exe -queuereporting","4688","1","0","13312","0","-9214364837600034816","51201","Microsoft-Windows-Security-Auditing","54849625-5478-4994-a5ba-3e3b0328c30d","Security","1840","lab-dc1.lab.local",,"12/23/2016 5:05:24 PM",,,"security","Information","Info","Process Creation","System.Collections.ObjectModel.ReadOnlyCollection`1[System.String]"
"S-1-5-18","LAB-DC1$","LAB","0x3e7","0x12b0","C:\Windows\System32\wbem\WmiPrvSE.exe","%%1936","0x280","C:\windows\system32\wbem\wmiprvse.exe -secured -Embedding","4688","1","0","13312","0","-9214364837600034816","51190","Microsoft-Windows-Security-Auditing","54849625-5478-4994-a5ba-3e3b0328c30d","Security","5028","lab-dc1.lab.local",,"12/23/2016 5:05:10 PM",,,"security","Information","Info","Process Creation","System.Collections.ObjectModel.ReadOnlyCollection`1[System.String]"
"S-1-5-18","LAB-DC1$","LAB","0x3e7","0x1678","C:\Windows\System32\conhost.exe","%%1936","0x113c","\??\C:\windows\system32\conhost.exe 0xffffffff","4688","1","0","13312","0","-9214364837600034816","51147","Microsoft-Windows-Security-Auditing","54849625-5478-4994-a5ba-3e3b0328c30d","Security","84","lab-dc1.lab.local",,"12/23/2016 5:00:00 PM",,,"security","Information","Info","Process Creation","System.Collections.ObjectModel.ReadOnlyCollection`1[System.String]"
"S-1-5-18","LAB-DC1$","LAB","0x3e7","0x113c","C:\Windows\System32\schtasks.exe","%%1936","0x1254","C:\windows\system32\schtasks.exe /delete /f /TN ""Microsoft\Windows\Customer Experience Improvement Program\Uploader""","4688","1","0","13312","0","-9214364837600034816","51146","Microsoft-Windows-Security-Auditing","54849625-5478-4994-a5ba-3e3b0328c30d","Security","84","lab-dc1.lab.local",,"12/23/2016 5:00:00 PM",,,"security","Information","Info","Process Creation","System.Collections.ObjectModel.ReadOnlyCollection`1[System.String]"
