"S-1-5-18","LAB-DC1$","LAB","0x92fb50","3","4624","1","0","12544","0","-9214364837600034816","52740","Microsoft-Windows-Security-Auditing","54849625-5478-4994-a5ba-3e3b0328c30d","Security","0x0","2236","lab-dc1.lab.local","12/23/2016 8:40:12 PM",,,"security","Information","Info","Logon"
"S-1-5-18","LAB-DC1$","LAB","0x92fa91","3","4624","1","0","12544","0","-9214364837600034816","52738","Microsoft-Windows-Security-Auditing","54849625-5478-4994-a5ba-3e3b0328c30d","Security","0x0","1552","lab-dc1.lab.local","12/23/2016 8:40:12 PM",,,"security","Information","Info","Logon"
"S-1-5-18","LAB-DC1$","LAB","0x92efc9","3","4624","1","0","12544","0","-9214364837600034816","52735","Microsoft-Windows-Security-Auditing","54849625-5478-4994-a5ba-3e3b0328c30d","Security","0x0","1552","lab-dc1.lab.local","12/23/2016 8:39:57 PM",,,"security","Information","Info","Logon"
"S-1-5-18","LAB-DC1$","LAB","0x91a660","3","4624","1","0","12544","0","-9214364837600034816","52732","Microsoft-Windows-Security-Auditing","54849625-5478-4994-a5ba-3e3b0328c30d","Security","0x0","1552","lab-dc1.lab.local","12/23/2016 8:38:57 PM",,,"security","Information","Info","Logon"
"S-1-5-18","LAB-DC1$","LAB","0x910b47","3","4624","1","0","12544","0","-9214364837600034816","52729","Microsoft-Windows-Security-Auditing","54849625-5478-4994-a5ba-3e3b0328c30d","Security","0x0","3336","lab-dc1.lab.local","12/23/2016 8:38:36 PM",,,"security","Information","Info","Logon"
"S-1-5-18","LAB-DC1$","LAB","0x906944","3","4624","1","0","12544","0","-9214364837600034816","52725","Microsoft-Windows-Security-Auditing","54849625-5478-4994-a5ba-3e3b0328c30d","Security","0x0","1552","lab-dc1.lab.local","12/23/2016 8:37:57 PM",,,"security","Information","Info","Logon"
"S-1-5-18","LAB-DC1$","LAB","0x902438","3","4624","1","0","12544","0","-9214364837600034816","52722","Microsoft-Windows-Security-Auditing","54849625-5478-4994-a5ba-3e3b0328c30d","Security","0x0","1552","lab-dc1.lab.local","12/23/2016 8:36:57 PM",,,"security","Information","Info","Logon"
"S-1-5-18","LAB-DC1$","LAB","0x8fd467","3","4624","1","0","12544","0","-9214364837600034816","52705","Microsoft-Windows-Security-Auditing","54849625-5478-4994-a5ba-3e3b0328c30d","Security","0x0","1552","lab-dc1.lab.local","12/23/2016 8:35:57 PM",,,"security","Information","Info","Logon"
"S-1-5-18","LAB-DC1$","LAB","0x8fd37b","3","4624","1","0","12544","0","-9214364837600034816","52702","Microsoft-Windows-Security-Auditing","54849625-5478-4994-a5ba-3e3b0328c30d","Security","0x0","1552","lab-dc1.lab.local","12/23/2016 8:35:56 PM",,,"security","Information","Info","Logon"
"S-1-5-18","LAB-DC1$","LAB","0x8fd308","3","4624","1","0","12544","0","-9214364837600034816","52699","Microsoft-Windows-Security-Auditing","54849625-5478-4994-a5ba-3e3b0328c30d","Security","0x0","1068","lab-dc1.lab.local","12/23/2016 8:35:56 PM",,,"security","Information","Info","Logon"
"S-1-5-18","LAB-DC1$","LAB","0x8f91bc","3","4624","1","0","12544","0","-9214364837600034816","52693","Microsoft-Windows-Security-Auditing","54849625-5478-4994-a5ba-3e3b0328c30d","Security","0x0","7072","lab-dc1.lab.local","12/23/2016 8:35:12 PM",,,"security","Information","Info","Logon"
"S-1-5-18","LAB-DC1$","LAB","0x8f8543","3","4624","1","0","12544","0","-9214364837600034816","52691","Microsoft-Windows-Security-Auditing","54849625-5478-4994-a5ba-3e3b0328c30d","Security","0x0","1068","lab-dc1.lab.local","12/23/2016 8:35:12 PM",,,"security","Information","Info","Logon"
"S-1-5-18","LAB-DC1$","LAB","0x8f84fe","3","4624","1","0","12544","0","-9214364837600034816","52689","Microsoft-Windows-Security-Auditing","54849625-5478-4994-a5ba-3e3b0328c30d","Security","0x0","7072","lab-dc1.lab.local","12/23/2016 8:35:12 PM",,,"security","Information","Info","Logon"
"S-1-5-18","LAB-DC1$","LAB","0x8f843f","3","4624","1","0","12544","0","-9214364837600034816","52687","Microsoft-Windows-Security-Auditing","54849625-5478-4994-a5ba-3e3b0328c30d","Security","0x0","1552","lab-dc1.lab.local","12/23/2016 8:35:12 PM",,,"security","Information","Info","Logon"
"S-1-5-18","LAB-DC1$","LAB","0x8f2212","3","4624","1","0","12544","0","-9214364837600034816","52684","Microsoft-Windows-Security-Auditing","54849625-5478-4994-a5ba-3e3b0328c30d","Security","0x0","1552","lab-dc1.lab.local","12/23/2016 8:34:57 PM",,,"security","Information","Info","Logon"
"S-1-5-18","LAB-DC1$","LAB","0x8e44e6","3","4624","1","0","12544","0","-9214364837600034816","52681","Microsoft-Windows-Security-Auditing","54849625-5478-4994-a5ba-3e3b0328c30d","Security","0x0","1552","lab-dc1.lab.local","12/23/2016 8:33:57 PM",,,"security","Information","Info","Logon"
"S-1-5-18","LAB-DC1$","LAB","0x8df2c6","3","4624","1","0","12544","0","-9214364837600034816","52666","Microsoft-Windows-Security-Auditing","54849625-5478-4994-a5ba-3e3b0328c30d","Security","0x0","1068","lab-dc1.lab.local","12/23/2016 8:32:57 PM",,,"security","Information","Info","Logon"
"S-1-5-18","LAB-DC1$","LAB","0x8db21a","3","4624","1","0","12544","0","-9214364837600034816","52662","Microsoft-Windows-Security-Auditing","54849625-5478-4994-a5ba-3e3b0328c30d","Security","0x0","1068","lab-dc1.lab.local","12/23/2016 8:31:57 PM",,,"security","Information","Info","Logon"
"S-1-5-18","LAB-DC1$","LAB","0x8d93d0","3","4624","1","0","12544","0","-9214364837600034816","52659","Microsoft-Windows-Security-Auditing","54849625-5478-4994-a5ba-3e3b0328c30d","Security","0x0","1068","lab-dc1.lab.local","12/23/2016 8:30:57 PM",,,"security","Information","Info","Logon"
"S-1-5-18","LAB-DC1$","LAB","0x8d9226","3","4624","1","0","12544","0","-9214364837600034816","52656","Microsoft-Windows-Security-Auditing","54849625-5478-4994-a5ba-3e3b0328c30d","Security","0x0","1068","lab-dc1.lab.local","12/23/2016 8:30:55 PM",,,"security","Information","Info","Logon"
"S-1-5-18","LAB-DC1$","LAB","0x8d91ae","3","4624","1","0","12544","0","-9214364837600034816","52653","Microsoft-Windows-Security-Auditing","54849625-5478-4994-a5ba-3e3b0328c30d","Security","0x0","1560","lab-dc1.lab.local","12/23/2016 8:30:55 PM",,,"security","Information","Info","Logon"
"S-1-5-18","LAB-DC1$","LAB","0x8d40e5","3","4624","1","0","12544","0","-9214364837600034816","52646","Microsoft-Windows-Security-Auditing","54849625-5478-4994-a5ba-3e3b0328c30d","Security","0x0","4928","lab-dc1.lab.local","12/23/2016 8:30:11 PM",,,"security","Information","Info","Logon"
"S-1-5-18","LAB-DC1$","LAB","0x8d404c","3","4624","1","0","12544","0","-9214364837600034816","52644","Microsoft-Windows-Security-Auditing","54849625-5478-4994-a5ba-3e3b0328c30d","Security","0x0","1560","lab-dc1.lab.local","12/23/2016 8:30:11 PM",,,"security","Information","Info","Logon"
"S-1-5-18","LAB-DC1$","LAB","0x8d4002","3","4624","1","0","12544","0","-9214364837600034816","52642","Microsoft-Windows-Security-Auditing","54849625-5478-4994-a5ba-3e3b0328c30d","Security","0x0","4928","lab-dc1.lab.local","12/23/2016 8:30:11 PM",,,"security","Information","Info","Logon"
"S-1-5-18","LAB-DC1$","LAB","0x8d3f43","3","4624","1","0","12544","0","-9214364837600034816","52640","Microsoft-Windows-Security-Auditing","54849625-5478-4994-a5ba-3e3b0328c30d","Security","0x0","1068","lab-dc1.lab.local","12/23/2016 8:30:11 PM",,,"security","Information","Info","Logon"
"S-1-5-18","LAB-DC1$","LAB","0x8cebe9","3","4624","1","0","12544","0","-9214364837600034816","52637","Microsoft-Windows-Security-Auditing","54849625-5478-4994-a5ba-3e3b0328c30d","Security","0x0","1068","lab-dc1.lab.local","12/23/2016 8:29:57 PM",,,"security","Information","Info","Logon"
"S-1-5-18","LAB-DC1$","LAB","0x8c5b9c","3","4624","1","0","12544","0","-9214364837600034816","52633","Microsoft-Windows-Security-Auditing","54849625-5478-4994-a5ba-3e3b0328c30d","Security","0x0","1068","lab-dc1.lab.local","12/23/2016 8:28:57 PM",,,"security","Information","Info","Logon"
"S-1-5-18","LAB-DC1$","LAB","0x8c4f2b","3","4624","1","0","12544","0","-9214364837600034816","52630","Microsoft-Windows-Security-Auditing","54849625-5478-4994-a5ba-3e3b0328c30d","Security","0x0","4928","lab-dc1.lab.local","12/23/2016 8:28:36 PM",,,"security","Information","Info","Logon"
"S-1-5-18","LAB-DC1$","LAB","0x8bd9ea","3","4624","1","0","12544","0","-9214364837600034816","52627","Microsoft-Windows-Security-Auditing","54849625-5478-4994-a5ba-3e3b0328c30d","Security","0x0","1068","lab-dc1.lab.local","12/23/2016 8:27:57 PM",,,"security","Information","Info","Logon"
"S-1-5-18","LAB-DC1$","LAB","0x8b5f3b","3","4624","1","0","12544","0","-9214364837600034816","52616","Microsoft-Windows-Security-Auditing","54849625-5478-4994-a5ba-3e3b0328c30d","Security","0x0","1068","lab-dc1.lab.local","12/23/2016 8:26:57 PM",,,"security","Information","Info","Logon"
"S-1-5-18","LAB-DC1$","LAB","0x8b3f3c","3","4624","1","0","12544","0","-9214364837600034816","52613","Microsoft-Windows-Security-Auditing","54849625-5478-4994-a5ba-3e3b0328c30d","Security","0x0","1068","lab-dc1.lab.local","12/23/2016 8:25:57 PM",,,"security","Information","Info","Logon"
"S-1-5-18","LAB-DC1$","LAB","0x8b2723","3","4624","1","0","12544","0","-9214364837600034816","52602","Microsoft-Windows-Security-Auditing","54849625-5478-4994-a5ba-3e3b0328c30d","Security","0x0","1068","lab-dc1.lab.local","12/23/2016 8:25:53 PM",,,"security","Information","Info","Logon"
"S-1-5-18","LAB-DC1$","LAB","0x8b26ac","3","4624","1","0","12544","0","-9214364837600034816","52599","Microsoft-Windows-Security-Auditing","54849625-5478-4994-a5ba-3e3b0328c30d","Security","0x0","1560","lab-dc1.lab.local","12/23/2016 8:25:53 PM",,,"security","Information","Info","Logon"
"S-1-5-18","LAB-DC1$","LAB","0x8ae9bb","3","4624","1","0","12544","0","-9214364837600034816","52592","Microsoft-Windows-Security-Auditing","54849625-5478-4994-a5ba-3e3b0328c30d","Security","0x0","5124","lab-dc1.lab.local","12/23/2016 8:25:10 PM",,,"security","Information","Info","Logon"
"S-1-5-18","LAB-DC1$","LAB","0x8ae936","3","4624","1","0","12544","0","-9214364837600034816","52590","Microsoft-Windows-Security-Auditing","54849625-5478-4994-a5ba-3e3b0328c30d","Security","0x0","1560","lab-dc1.lab.local","12/23/2016 8:25:10 PM",,,"security","Information","Info","Logon"
"S-1-5-18","LAB-DC1$","LAB","0x8ae8f1","3","4624","1","0","12544","0","-9214364837600034816","52588","Microsoft-Windows-Security-Auditing","54849625-5478-4994-a5ba-3e3b0328c30d","Security","0x0","3336","lab-dc1.lab.local","12/23/2016 8:25:10 PM",,,"security","Information","Info","Logon"
"S-1-5-18","LAB-DC1$","LAB","0x8ae832","3","4624","1","0","12544","0","-9214364837600034816","52586","Microsoft-Windows-Security-Auditing","54849625-5478-4994-a5ba-3e3b0328c30d","Security","0x0","1560","lab-dc1.lab.local","12/23/2016 8:25:10 PM",,,"security","Information","Info","Logon"
"S-1-5-18","LAB-DC1$","LAB","0x8ae0a7","3","4624","1","0","12544","0","-9214364837600034816","52583","Microsoft-Windows-Security-Auditing","54849625-5478-4994-a5ba-3e3b0328c30d","Security","0x0","1560","lab-dc1.lab.local","12/23/2016 8:24:57 PM",,,"security","Information","Info","Logon"
"S-1-5-18","LAB-DC1$","LAB","0x8ac1ea","3","4624","1","0","12544","0","-9214364837600034816","52580","Microsoft-Windows-Security-Auditing","54849625-5478-4994-a5ba-3e3b0328c30d","Security","0x0","1560","lab-dc1.lab.local","12/23/2016 8:23:57 PM",,,"security","Information","Info","Logon"
"S-1-5-18","LAB-DC1$","LAB","0x8abc18","3","4624","1","0","12544","0","-9214364837600034816","52578","Microsoft-Windows-Security-Auditing","54849625-5478-4994-a5ba-3e3b0328c30d","Security","0x0","3336","lab-dc1.lab.local","12/23/2016 8:23:48 PM",,,"security","Information","Info","Logon"
"S-1-5-18","LAB-DC1$","LAB","0x8aa1be","3","4624","1","0","12544","0","-9214364837600034816","52575","Microsoft-Windows-Security-Auditing","54849625-5478-4994-a5ba-3e3b0328c30d","Security","0x0","1068","lab-dc1.lab.local","12/23/2016 8:22:57 PM",,,"security","Information","Info","Logon"
"S-1-5-18","LAB-DC1$","LAB","0x8a825b","3","4624","1","0","12544","0","-9214364837600034816","52572","Microsoft-Windows-Security-Auditing","54849625-5478-4994-a5ba-3e3b0328c30d","Security","0x0","1068","lab-dc1.lab.local","12/23/2016 8:21:57 PM",,,"security","Information","Info","Logon"
"S-1-5-18","LAB-DC1$","LAB","0x8a5f39","3","4624","1","0","12544","0","-9214364837600034816","52569","Microsoft-Windows-Security-Auditing","54849625-5478-4994-a5ba-3e3b0328c30d","Security","0x0","1560","lab-dc1.lab.local","12/23/2016 8:20:57 PM",,,"security","Information","Info","Logon"
"S-1-5-18","LAB-DC1$","LAB","0x8a5991","3","4624","1","0","12544","0","-9214364837600034816","52566","Microsoft-Windows-Security-Auditing","54849625-5478-4994-a5ba-3e3b0328c30d","Security","0x0","1068","lab-dc1.lab.local","12/23/2016 8:20:52 PM",,,"security","Information","Info","Logon"
"S-1-5-18","LAB-DC1$","LAB","0x8a591a","3","4624","1","0","12544","0","-9214364837600034816","52563","Microsoft-Windows-Security-Auditing","54849625-5478-4994-a5ba-3e3b0328c30d","Security","0x0","1560","lab-dc1.lab.local","12/23/2016 8:20:52 PM",,,"security","Information","Info","Logon"
"S-1-5-18","LAB-DC1$","LAB","0x8a2098","3","4624","1","0","12544","0","-9214364837600034816","52557","Microsoft-Windows-Security-Auditing","54849625-5478-4994-a5ba-3e3b0328c30d","Security","0x0","4880","lab-dc1.lab.local","12/23/2016 8:20:10 PM",,,"security","Information","Info","Logon"
"S-1-5-18","LAB-DC1$","LAB","0x8a200b","3","4624","1","0","12544","0","-9214364837600034816","52555","Microsoft-Windows-Security-Auditing","54849625-5478-4994-a5ba-3e3b0328c30d","Security","0x0","1068","lab-dc1.lab.local","12/23/2016 8:20:09 PM",,,"security","Information","Info","Logon"
"S-1-5-18","LAB-DC1$","LAB","0x8a1fc2","3","4624","1","0","12544","0","-9214364837600034816","52553","Microsoft-Windows-Security-Auditing","54849625-5478-4994-a5ba-3e3b0328c30d","Security","0x0","4880","lab-dc1.lab.local","12/23/2016 8:20:09 PM",,,"security","Information","Info","Logon"
"S-1-5-18","LAB-DC1$","LAB","0x8a1f01","3","4624","1","0","12544","0","-9214364837600034816","52551","Microsoft-Windows-Security-Auditing","54849625-5478-4994-a5ba-3e3b0328c30d","Security","0x0","1560","lab-dc1.lab.local","12/23/2016 8:20:09 PM",,,"security","Information","Info","Logon"
"S-1-5-18","LAB-DC1$","LAB","0x89f563","3","4624","1","0","12544","0","-9214364837600034816","52548","Microsoft-Windows-Security-Auditing","54849625-5478-4994-a5ba-3e3b0328c30d","Security","0x0","1560","lab-dc1.lab.local","12/23/2016 8:19:57 PM",,,"security","Information","Info","Logon"
"S-1-5-18","LAB-DC1$","LAB","0x89a85b","3","4624","1","0","12544","0","-9214364837600034816","52537","Microsoft-Windows-Security-Auditing","54849625-5478-4994-a5ba-3e3b0328c30d","Security","0x0","1560","lab-dc1.lab.local","12/23/2016 8:18:57 PM",,,"security","Information","Info","Logon"
"S-1-5-18","LAB-DC1$","LAB","0x899dde","3","4624","1","0","12544","0","-9214364837600034816","52534","Microsoft-Windows-Security-Auditing","54849625-5478-4994-a5ba-3e3b0328c30d","Security","0x0","2144","lab-dc1.lab.local","12/23/2016 8:18:36 PM",,,"security","Information","Info","Logon"
"S-1-5-18","LAB-DC1$","LAB","0x898798","3","4624","1","0","12544","0","-9214364837600034816","52531","Microsoft-Windows-Security-Auditing","54849625-5478-4994-a5ba-3e3b0328c30d","Security","0x0","1068","lab-dc1.lab.local","12/23/2016 8:17:57 PM",,,"security","Information","Info","Logon"
"S-1-5-18","LAB-DC1$","LAB","0x894c01","3","4624","1","0","12544","0","-9214364837600034816","52527","Microsoft-Windows-Security-Auditing","54849625-5478-4994-a5ba-3e3b0328c30d","Security","0x0","1560","lab-dc1.lab.local","12/23/2016 8:16:57 PM",,,"security","Information","Info","Logon"
"S-1-5-18","LAB-DC1$","LAB","0x891a78","3","4624","1","0","12544","0","-9214364837600034816","52523","Microsoft-Windows-Security-Auditing","54849625-5478-4994-a5ba-3e3b0328c30d","Security","0x0","1560","lab-dc1.lab.local","12/23/2016 8:15:57 PM",,,"security","Information","Info","Logon"
"S-1-5-18","LAB-DC1$","LAB","0x891789","3","4624","1","0","12544","0","-9214364837600034816","52520","Microsoft-Windows-Security-Auditing","54849625-5478-4994-a5ba-3e3b0328c30d","Security","0x0","1560","lab-dc1.lab.local","12/23/2016 8:15:51 PM",,,"security","Information","Info","Logon"
"S-1-5-18","LAB-DC1$","LAB","0x89171a","3","4624","1","0","12544","0","-9214364837600034816","52517","Microsoft-Windows-Security-Auditing","54849625-5478-4994-a5ba-3e3b0328c30d","Security","0x0","1068","lab-dc1.lab.local","12/23/2016 8:15:51 PM",,,"security","Information","Info","Logon"
"S-1-5-18","LAB-DC1$","LAB","0x88d459","3","4624","1","0","12544","0","-9214364837600034816","52501","Microsoft-Windows-Security-Auditing","54849625-5478-4994-a5ba-3e3b0328c30d","Security","0x0","2144","lab-dc1.lab.local","12/23/2016 8:15:09 PM",,,"security","Information","Info","Logon"
"S-1-5-18","LAB-DC1$","LAB","0x88d3c4","3","4624","1","0","12544","0","-9214364837600034816","52499","Microsoft-Windows-Security-Auditing","54849625-5478-4994-a5ba-3e3b0328c30d","Security","0x0","1068","lab-dc1.lab.local","12/23/2016 8:15:08 PM",,,"security","Information","Info","Logon"
"S-1-5-18","LAB-DC1$","LAB","0x88d37a","3","4624","1","0","12544","0","-9214364837600034816","52497","Microsoft-Windows-Security-Auditing","54849625-5478-4994-a5ba-3e3b0328c30d","Security","0x0","4992","lab-dc1.lab.local","12/23/2016 8:15:08 PM",,,"security","Information","Info","Logon"
"S-1-5-18","LAB-DC1$","LAB","0x88d2b9","3","4624","1","0","12544","0","-9214364837600034816","52495","Microsoft-Windows-Security-Auditing","54849625-5478-4994-a5ba-3e3b0328c30d","Security","0x0","1068","lab-dc1.lab.local","12/23/2016 8:15:08 PM",,,"security","Information","Info","Logon"
"S-1-5-18","LAB-DC1$","LAB","0x88d256","3","4624","1","0","12544","0","-9214364837600034816","52493","Microsoft-Windows-Security-Auditing","54849625-5478-4994-a5ba-3e3b0328c30d","Security","0x0","5516","lab-dc1.lab.local","12/23/2016 8:15:08 PM",,,"security","Information","Info","Logon"
"S-1-5-18","LAB-DC1$","LAB","0x88ce95","3","4624","1","0","12544","0","-9214364837600034816","52490","Microsoft-Windows-Security-Auditing","54849625-5478-4994-a5ba-3e3b0328c30d","Security","0x0","1560","lab-dc1.lab.local","12/23/2016 8:14:57 PM",,,"security","Information","Info","Logon"
"S-1-5-21-1821399794-337311051-3185148185-1001","LAB-DC1$","LAB","0x88af57","3","4624","1","0","12544","0","-9214364837600034816","52468","Microsoft-Windows-Security-Auditing","54849625-5478-4994-a5ba-3e3b0328c30d","Security","0x0","1560","lab-dc1.lab.local","12/23/2016 6:48:09 PM",,,"security","Information","Info","Logon"
"S-1-5-21-1821399794-337311051-3185148185-1001","LAB-DC1$","LAB","0x88855d","3","4624","1","0","12544","0","-9214364837600034816","52436","Microsoft-Windows-Security-Auditing","54849625-5478-4994-a5ba-3e3b0328c30d","Security","0x0","1068","lab-dc1.lab.local","12/23/2016 6:47:35 PM",,,"security","Information","Info","Logon"
"S-1-5-18","LAB-DC1$","LAB","0x887d86","3","4624","1","0","12544","0","-9214364837600034816","52424","Microsoft-Windows-Security-Auditing","54849625-5478-4994-a5ba-3e3b0328c30d","Security","0x0","1068","lab-dc1.lab.local","12/23/2016 6:47:23 PM",,,"security","Information","Info","Logon"
"S-1-5-18","LAB-DC1$","LAB","0x886896","3","4624","1","0","12544","0","-9214364837600034816","52421","Microsoft-Windows-Security-Auditing","54849625-5478-4994-a5ba-3e3b0328c30d","Security","0x0","1068","lab-dc1.lab.local","12/23/2016 6:46:23 PM",,,"security","Information","Info","Logon"
"S-1-5-18","LAB-DC1$","LAB","0x884a24","3","4624","1","0","12544","0","-9214364837600034816","52418","Microsoft-Windows-Security-Auditing","54849625-5478-4994-a5ba-3e3b0328c30d","Security","0x0","1560","lab-dc1.lab.local","12/23/2016 6:45:23 PM",,,"security","Information","Info","Logon"
"S-1-5-18","LAB-DC1$","LAB","0x86e8ad","3","4624","1","0","12544","0","-9214364837600034816","52407","Microsoft-Windows-Security-Auditing","54849625-5478-4994-a5ba-3e3b0328c30d","Security","0x0","1560","lab-dc1.lab.local","12/23/2016 6:44:23 PM",,,"security","Information","Info","Logon"
"S-1-5-18","LAB-DC1$","LAB","0x86e5f2","3","4624","1","0","12544","0","-9214364837600034816","52404","Microsoft-Windows-Security-Auditing","54849625-5478-4994-a5ba-3e3b0328c30d","Security","0x0","1560","lab-dc1.lab.local","12/23/2016 6:44:15 PM",,,"security","Information","Info","Logon"
"S-1-5-18","LAB-DC1$","LAB","0x86e583","3","4624","1","0","12544","0","-9214364837600034816","52401","Microsoft-Windows-Security-Auditing","54849625-5478-4994-a5ba-3e3b0328c30d","Security","0x0","1068","lab-dc1.lab.local","12/23/2016 6:44:15 PM",,,"security","Information","Info","Logon"
"S-1-5-18","LAB-DC1$","LAB","0x86bb81","3","4624","1","0","12544","0","-9214364837600034816","52395","Microsoft-Windows-Security-Auditing","54849625-5478-4994-a5ba-3e3b0328c30d","Security","0x0","5516","lab-dc1.lab.local","12/23/2016 6:43:34 PM",,,"security","Information","Info","Logon"
"S-1-5-18","LAB-DC1$","LAB","0x86bb0e","3","4624","1","0","12544","0","-9214364837600034816","52393","Microsoft-Windows-Security-Auditing","54849625-5478-4994-a5ba-3e3b0328c30d","Security","0x0","1068","lab-dc1.lab.local","12/23/2016 6:43:33 PM",,,"security","Information","Info","Logon"
"S-1-5-18","LAB-DC1$","LAB","0x86bac9","3","4624","1","0","12544","0","-9214364837600034816","52391","Microsoft-Windows-Security-Auditing","54849625-5478-4994-a5ba-3e3b0328c30d","Security","0x0","5516","lab-dc1.lab.local","12/23/2016 6:43:33 PM",,,"security","Information","Info","Logon"
"S-1-5-18","LAB-DC1$","LAB","0x86ba0a","3","4624","1","0","12544","0","-9214364837600034816","52389","Microsoft-Windows-Security-Auditing","54849625-5478-4994-a5ba-3e3b0328c30d","Security","0x0","1560","lab-dc1.lab.local","12/23/2016 6:43:33 PM",,,"security","Information","Info","Logon"
"S-1-5-18","LAB-DC1$","LAB","0x86b64e","3","4624","1","0","12544","0","-9214364837600034816","52386","Microsoft-Windows-Security-Auditing","54849625-5478-4994-a5ba-3e3b0328c30d","Security","0x0","1560","lab-dc1.lab.local","12/23/2016 6:43:23 PM",,,"security","Information","Info","Logon"
"S-1-5-18","LAB-DC1$","LAB","0x86a57d","3","4624","1","0","12544","0","-9214364837600034816","52383","Microsoft-Windows-Security-Auditing","54849625-5478-4994-a5ba-3e3b0328c30d","Security","0x0","1560","lab-dc1.lab.local","12/23/2016 6:42:23 PM",,,"security","Information","Info","Logon"
"S-1-5-18","LAB-DC1$","LAB","0x869ccf","3","4624","1","0","12544","0","-9214364837600034816","52380","Microsoft-Windows-Security-Auditing","54849625-5478-4994-a5ba-3e3b0328c30d","Security","0x0","5420","lab-dc1.lab.local","12/23/2016 6:42:02 PM",,,"security","Information","Info","Logon"
"S-1-5-18","LAB-DC1$","LAB","0x8637a0","3","4624","1","0","12544","0","-9214364837600034816","52377","Microsoft-Windows-Security-Auditing","54849625-5478-4994-a5ba-3e3b0328c30d","Security","0x0","1560","lab-dc1.lab.local","12/23/2016 6:41:23 PM",,,"security","Information","Info","Logon"
"S-1-5-18","LAB-DC1$","LAB","0x847e0d","3","4624","1","0","12544","0","-9214364837600034816","52371","Microsoft-Windows-Security-Auditing","54849625-5478-4994-a5ba-3e3b0328c30d","Security","0x0","1560","lab-dc1.lab.local","12/23/2016 6:40:23 PM",,,"security","Information","Info","Logon"
"S-1-5-18","LAB-DC1$","LAB","0x8417e0","3","4624","1","0","12544","0","-9214364837600034816","52367","Microsoft-Windows-Security-Auditing","54849625-5478-4994-a5ba-3e3b0328c30d","Security","0x0","1560","lab-dc1.lab.local","12/23/2016 6:39:23 PM",,,"security","Information","Info","Logon"
"S-1-5-18","LAB-DC1$","LAB","0x841710","3","4624","1","0","12544","0","-9214364837600034816","52364","Microsoft-Windows-Security-Auditing","54849625-5478-4994-a5ba-3e3b0328c30d","Security","0x0","1560","lab-dc1.lab.local","12/23/2016 6:39:14 PM",,,"security","Information","Info","Logon"
"S-1-5-18","LAB-DC1$","LAB","0x8416a5","3","4624","1","0","12544","0","-9214364837600034816","52361","Microsoft-Windows-Security-Auditing","54849625-5478-4994-a5ba-3e3b0328c30d","Security","0x0","1068","lab-dc1.lab.local","12/23/2016 6:39:14 PM",,,"security","Information","Info","Logon"
"S-1-5-18","LAB-DC1$","LAB","0x82ac81","3","4624","1","0","12544","0","-9214364837600034816","52355","Microsoft-Windows-Security-Auditing","54849625-5478-4994-a5ba-3e3b0328c30d","Security","0x0","6116","lab-dc1.lab.local","12/23/2016 6:38:33 PM",,,"security","Information","Info","Logon"
"S-1-5-18","LAB-DC1$","LAB","0x82ac10","3","4624","1","0","12544","0","-9214364837600034816","52353","Microsoft-Windows-Security-Auditing","54849625-5478-4994-a5ba-3e3b0328c30d","Security","0x0","1068","lab-dc1.lab.local","12/23/2016 6:38:33 PM",,,"security","Information","Info","Logon"
"S-1-5-18","LAB-DC1$","LAB","0x82abcb","3","4624","1","0","12544","0","-9214364837600034816","52351","Microsoft-Windows-Security-Auditing","54849625-5478-4994-a5ba-3e3b0328c30d","Security","0x0","6116","lab-dc1.lab.local","12/23/2016 6:38:33 PM",,,"security","Information","Info","Logon"
"S-1-5-18","LAB-DC1$","LAB","0x82ab0c","3","4624","1","0","12544","0","-9214364837600034816","52349","Microsoft-Windows-Security-Auditing","54849625-5478-4994-a5ba-3e3b0328c30d","Security","0x0","1068","lab-dc1.lab.local","12/23/2016 6:38:33 PM",,,"security","Information","Info","Logon"
"S-1-5-18","LAB-DC1$","LAB","0x82a6f1","3","4624","1","0","12544","0","-9214364837600034816","52346","Microsoft-Windows-Security-Auditing","54849625-5478-4994-a5ba-3e3b0328c30d","Security","0x0","1560","lab-dc1.lab.local","12/23/2016 6:38:23 PM",,,"security","Information","Info","Logon"
"S-1-5-18","LAB-DC1$","LAB","0x82a1d1","3","4624","1","0","12544","0","-9214364837600034816","52343","Microsoft-Windows-Security-Auditing","54849625-5478-4994-a5ba-3e3b0328c30d","Security","0x0","1068","lab-dc1.lab.local","12/23/2016 6:38:15 PM",,,"security","Information","Info","Logon"
"S-1-5-18","LAB-DC1$","LAB","0x81569f","3","4624","1","0","12544","0","-9214364837600034816","52340","Microsoft-Windows-Security-Auditing","54849625-5478-4994-a5ba-3e3b0328c30d","Security","0x0","1560","lab-dc1.lab.local","12/23/2016 6:37:23 PM",,,"security","Information","Info","Logon"
"S-1-5-18","LAB-DC1$","LAB","0x7f0bd9","3","4624","1","0","12544","0","-9214364837600034816","52337","Microsoft-Windows-Security-Auditing","54849625-5478-4994-a5ba-3e3b0328c30d","Security","0x0","1560","lab-dc1.lab.local","12/23/2016 6:36:23 PM",,,"security","Information","Info","Logon"
"S-1-5-18","LAB-DC1$","LAB","0x7d69d2","3","4624","1","0","12544","0","-9214364837600034816","52326","Microsoft-Windows-Security-Auditing","54849625-5478-4994-a5ba-3e3b0328c30d","Security","0x0","1560","lab-dc1.lab.local","12/23/2016 6:35:23 PM",,,"security","Information","Info","Logon"
"S-1-5-18","LAB-DC1$","LAB","0x7d5b47","3","4624","1","0","12544","0","-9214364837600034816","52323","Microsoft-Windows-Security-Auditing","54849625-5478-4994-a5ba-3e3b0328c30d","Security","0x0","1560","lab-dc1.lab.local","12/23/2016 6:34:23 PM",,,"security","Information","Info","Logon"
"S-1-5-18","LAB-DC1$","LAB","0x7d5a6b","3","4624","1","0","12544","0","-9214364837600034816","52320","Microsoft-Windows-Security-Auditing","54849625-5478-4994-a5ba-3e3b0328c30d","Security","0x0","1560","lab-dc1.lab.local","12/23/2016 6:34:12 PM",,,"security","Information","Info","Logon"
"S-1-5-18","LAB-DC1$","LAB","0x7d5a01","3","4624","1","0","12544","0","-9214364837600034816","52317","Microsoft-Windows-Security-Auditing","54849625-5478-4994-a5ba-3e3b0328c30d","Security","0x0","1068","lab-dc1.lab.local","12/23/2016 6:34:12 PM",,,"security","Information","Info","Logon"
"S-1-5-18","LAB-DC1$","LAB","0x7c1fdc","3","4624","1","0","12544","0","-9214364837600034816","52311","Microsoft-Windows-Security-Auditing","54849625-5478-4994-a5ba-3e3b0328c30d","Security","0x0","5516","lab-dc1.lab.local","12/23/2016 6:33:32 PM",,,"security","Information","Info","Logon"
"S-1-5-18","LAB-DC1$","LAB","0x7c10b0","3","4624","1","0","12544","0","-9214364837600034816","52309","Microsoft-Windows-Security-Auditing","54849625-5478-4994-a5ba-3e3b0328c30d","Security","0x0","1068","lab-dc1.lab.local","12/23/2016 6:33:32 PM",,,"security","Information","Info","Logon"
"S-1-5-18","LAB-DC1$","LAB","0x7c1055","3","4624","1","0","12544","0","-9214364837600034816","52307","Microsoft-Windows-Security-Auditing","54849625-5478-4994-a5ba-3e3b0328c30d","Security","0x0","5516","lab-dc1.lab.local","12/23/2016 6:33:32 PM",,,"security","Information","Info","Logon"
"S-1-5-18","LAB-DC1$","LAB","0x7c0f7c","3","4624","1","0","12544","0","-9214364837600034816","52305","Microsoft-Windows-Security-Auditing","54849625-5478-4994-a5ba-3e3b0328c30d","Security","0x0","1068","lab-dc1.lab.local","12/23/2016 6:33:32 PM",,,"security","Information","Info","Logon"
"S-1-5-18","LAB-DC1$","LAB","0x7bf561","3","4624","1","0","12544","0","-9214364837600034816","52302","Microsoft-Windows-Security-Auditing","54849625-5478-4994-a5ba-3e3b0328c30d","Security","0x0","1068","lab-dc1.lab.local","12/23/2016 6:33:22 PM",,,"security","Information","Info","Logon"
"S-1-5-18","LAB-DC1$","LAB","0x79661e","3","4624","1","0","12544","0","-9214364837600034816","52299","Microsoft-Windows-Security-Auditing","54849625-5478-4994-a5ba-3e3b0328c30d","Security","0x0","1068","lab-dc1.lab.local","12/23/2016 6:32:22 PM",,,"security","Information","Info","Logon"
"S-1-5-18","LAB-DC1$","LAB","0x795e56","3","4624","1","0","12544","0","-9214364837600034816","52296","Microsoft-Windows-Security-Auditing","54849625-5478-4994-a5ba-3e3b0328c30d","Security","0x0","4520","lab-dc1.lab.local","12/23/2016 6:32:02 PM",,,"security","Information","Info","Logon"
"S-1-5-18","LAB-DC1$","LAB","0x7812cf","3","4624","1","0","12544","0","-9214364837600034816","52293","Microsoft-Windows-Security-Auditing","54849625-5478-4994-a5ba-3e3b0328c30d","Security","0x0","1068","lab-dc1.lab.local","12/23/2016 6:31:22 PM",,,"security","Information","Info","Logon"
"S-1-5-18","LAB-DC1$","LAB","0x76b9d1","3","4624","1","0","12544","0","-9214364837600034816","52282","Microsoft-Windows-Security-Auditing","54849625-5478-4994-a5ba-3e3b0328c30d","Security","0x0","1560","lab-dc1.lab.local","12/23/2016 6:30:22 PM",,,"security","Information","Info","Logon"
"S-1-5-18","LAB-DC1$","LAB","0x75f5cd","3","4624","1","0","12544","0","-9214364837600034816","52279","Microsoft-Windows-Security-Auditing","54849625-5478-4994-a5ba-3e3b0328c30d","Security","0x0","1560","lab-dc1.lab.local","12/23/2016 6:29:22 PM",,,"security","Information","Info","Logon"
"S-1-5-18","LAB-DC1$","LAB","0x75700f","3","4624","1","0","12544","0","-9214364837600034816","52276","Microsoft-Windows-Security-Auditing","54849625-5478-4994-a5ba-3e3b0328c30d","Security","0x0","1560","lab-dc1.lab.local","12/23/2016 6:29:10 PM",,,"security","Information","Info","Logon"
"S-1-5-18","LAB-DC1$","LAB","0x756fa6","3","4624","1","0","12544","0","-9214364837600034816","52273","Microsoft-Windows-Security-Auditing","54849625-5478-4994-a5ba-3e3b0328c30d","Security","0x0","1068","lab-dc1.lab.local","12/23/2016 6:29:10 PM",,,"security","Information","Info","Logon"
"S-1-5-18","LAB-DC1$","LAB","0x7433ad","3","4624","1","0","12544","0","-9214364837600034816","52267","Microsoft-Windows-Security-Auditing","54849625-5478-4994-a5ba-3e3b0328c30d","Security","0x0","5516","lab-dc1.lab.local","12/23/2016 6:28:31 PM",,,"security","Information","Info","Logon"
"S-1-5-18","LAB-DC1$","LAB","0x74250b","3","4624","1","0","12544","0","-9214364837600034816","52265","Microsoft-Windows-Security-Auditing","54849625-5478-4994-a5ba-3e3b0328c30d","Security","0x0","1068","lab-dc1.lab.local","12/23/2016 6:28:31 PM",,,"security","Information","Info","Logon"
"S-1-5-18","LAB-DC1$","LAB","0x7424b0","3","4624","1","0","12544","0","-9214364837600034816","52263","Microsoft-Windows-Security-Auditing","54849625-5478-4994-a5ba-3e3b0328c30d","Security","0x0","5516","lab-dc1.lab.local","12/23/2016 6:28:31 PM",,,"security","Information","Info","Logon"
"S-1-5-18","LAB-DC1$","LAB","0x7423d7","3","4624","1","0","12544","0","-9214364837600034816","52261","Microsoft-Windows-Security-Auditing","54849625-5478-4994-a5ba-3e3b0328c30d","Security","0x0","1068","lab-dc1.lab.local","12/23/2016 6:28:31 PM",,,"security","Information","Info","Logon"
"S-1-5-18","LAB-DC1$","LAB","0x741027","3","4624","1","0","12544","0","-9214364837600034816","52250","Microsoft-Windows-Security-Auditing","54849625-5478-4994-a5ba-3e3b0328c30d","Security","0x0","1068","lab-dc1.lab.local","12/23/2016 6:28:22 PM",,,"security","Information","Info","Logon"
"S-1-5-18","LAB-DC1$","LAB","0x740c34","3","4624","1","0","12544","0","-9214364837600034816","52247","Microsoft-Windows-Security-Auditing","54849625-5478-4994-a5ba-3e3b0328c30d","Security","0x0","1560","lab-dc1.lab.local","12/23/2016 6:27:22 PM",,,"security","Information","Info","Logon"
"S-1-5-18","LAB-DC1$","LAB","0x74075b","3","4624","1","0","12544","0","-9214364837600034816","52244","Microsoft-Windows-Security-Auditing","54849625-5478-4994-a5ba-3e3b0328c30d","Security","0x0","1560","lab-dc1.lab.local","12/23/2016 6:26:22 PM",,,"security","Information","Info","Logon"
"S-1-5-18","LAB-DC1$","LAB","0x740384","3","4624","1","0","12544","0","-9214364837600034816","52241","Microsoft-Windows-Security-Auditing","54849625-5478-4994-a5ba-3e3b0328c30d","Security","0x0","1068","lab-dc1.lab.local","12/23/2016 6:25:22 PM",,,"security","Information","Info","Logon"
"S-1-5-18","LAB-DC1$","LAB","0x74002c","3","4624","1","0","12544","0","-9214364837600034816","52237","Microsoft-Windows-Security-Auditing","54849625-5478-4994-a5ba-3e3b0328c30d","Security","0x0","1068","lab-dc1.lab.local","12/23/2016 6:24:22 PM",,,"security","Information","Info","Logon"
"S-1-5-18","LAB-DC1$","LAB","0x73ff33","3","4624","1","0","12544","0","-9214364837600034816","52234","Microsoft-Windows-Security-Auditing","54849625-5478-4994-a5ba-3e3b0328c30d","Security","0x0","1068","lab-dc1.lab.local","12/23/2016 6:24:08 PM",,,"security","Information","Info","Logon"
"S-1-5-18","LAB-DC1$","LAB","0x73fec8","3","4624","1","0","12544","0","-9214364837600034816","52231","Microsoft-Windows-Security-Auditing","54849625-5478-4994-a5ba-3e3b0328c30d","Security","0x0","1560","lab-dc1.lab.local","12/23/2016 6:24:08 PM",,,"security","Information","Info","Logon"
"S-1-5-18","LAB-DC1$","LAB","0x728112","3","4624","1","0","12544","0","-9214364837600034816","52225","Microsoft-Windows-Security-Auditing","54849625-5478-4994-a5ba-3e3b0328c30d","Security","0x0","5516","lab-dc1.lab.local","12/23/2016 6:23:30 PM",,,"security","Information","Info","Logon"
"S-1-5-18","LAB-DC1$","LAB","0x7280a3","3","4624","1","0","12544","0","-9214364837600034816","52223","Microsoft-Windows-Security-Auditing","54849625-5478-4994-a5ba-3e3b0328c30d","Security","0x0","1068","lab-dc1.lab.local","12/23/2016 6:23:30 PM",,,"security","Information","Info","Logon"
"S-1-5-18","LAB-DC1$","LAB","0x72805e","3","4624","1","0","12544","0","-9214364837600034816","52221","Microsoft-Windows-Security-Auditing","54849625-5478-4994-a5ba-3e3b0328c30d","Security","0x0","5516","lab-dc1.lab.local","12/23/2016 6:23:30 PM",,,"security","Information","Info","Logon"
"S-1-5-18","LAB-DC1$","LAB","0x727f9d","3","4624","1","0","12544","0","-9214364837600034816","52219","Microsoft-Windows-Security-Auditing","54849625-5478-4994-a5ba-3e3b0328c30d","Security","0x0","1560","lab-dc1.lab.local","12/23/2016 6:23:30 PM",,,"security","Information","Info","Logon"
"S-1-5-18","LAB-DC1$","LAB","0x727f5b","3","4624","1","0","12544","0","-9214364837600034816","52217","Microsoft-Windows-Security-Auditing","54849625-5478-4994-a5ba-3e3b0328c30d","Security","0x0","5564","lab-dc1.lab.local","12/23/2016 6:23:30 PM",,,"security","Information","Info","Logon"
"S-1-5-18","LAB-DC1$","LAB","0x7243a4","3","4624","1","0","12544","0","-9214364837600034816","52214","Microsoft-Windows-Security-Auditing","54849625-5478-4994-a5ba-3e3b0328c30d","Security","0x0","1068","lab-dc1.lab.local","12/23/2016 6:23:22 PM",,,"security","Information","Info","Logon"
"S-1-5-18","LAB-DC1$","LAB","0x707ec5","3","4624","1","0","12544","0","-9214364837600034816","52203","Microsoft-Windows-Security-Auditing","54849625-5478-4994-a5ba-3e3b0328c30d","Security","0x0","1068","lab-dc1.lab.local","12/23/2016 6:22:22 PM",,,"security","Information","Info","Logon"
"S-1-5-18","LAB-DC1$","LAB","0x7022bd","3","4624","1","0","12544","0","-9214364837600034816","52200","Microsoft-Windows-Security-Auditing","54849625-5478-4994-a5ba-3e3b0328c30d","Security","0x0","388","lab-dc1.lab.local","12/23/2016 6:22:02 PM",,,"security","Information","Info","Logon"
"S-1-5-18","LAB-DC1$","LAB","0x6fceae","3","4624","1","0","12544","0","-9214364837600034816","52115","Microsoft-Windows-Security-Auditing","54849625-5478-4994-a5ba-3e3b0328c30d","Security","0x0","1068","lab-dc1.lab.local","12/23/2016 6:21:22 PM",,,"security","Information","Info","Logon"
"S-1-5-18","LAB-DC1$","LAB","0x6e7e33","3","4624","1","0","12544","0","-9214364837600034816","52102","Microsoft-Windows-Security-Auditing","54849625-5478-4994-a5ba-3e3b0328c30d","Security","0x0","1068","lab-dc1.lab.local","12/23/2016 6:20:22 PM",,,"security","Information","Info","Logon"
"S-1-5-18","LAB-DC1$","LAB","0x6dbbb8","3","4624","1","0","12544","0","-9214364837600034816","52099","Microsoft-Windows-Security-Auditing","54849625-5478-4994-a5ba-3e3b0328c30d","Security","0x0","1560","lab-dc1.lab.local","12/23/2016 6:19:22 PM",,,"security","Information","Info","Logon"
"S-1-5-18","LAB-DC1$","LAB","0x6d3094","3","4624","1","0","12544","0","-9214364837600034816","52088","Microsoft-Windows-Security-Auditing","54849625-5478-4994-a5ba-3e3b0328c30d","Security","0x0","1560","lab-dc1.lab.local","12/23/2016 6:19:06 PM",,,"security","Information","Info","Logon"
"S-1-5-18","LAB-DC1$","LAB","0x6d302b","3","4624","1","0","12544","0","-9214364837600034816","52085","Microsoft-Windows-Security-Auditing","54849625-5478-4994-a5ba-3e3b0328c30d","Security","0x0","1068","lab-dc1.lab.local","12/23/2016 6:19:06 PM",,,"security","Information","Info","Logon"
"S-1-5-18","LAB-DC1$","LAB","0x6d0c28","3","4624","1","0","12544","0","-9214364837600034816","52079","Microsoft-Windows-Security-Auditing","54849625-5478-4994-a5ba-3e3b0328c30d","Security","0x0","388","lab-dc1.lab.local","12/23/2016 6:18:30 PM",,,"security","Information","Info","Logon"
"S-1-5-18","LAB-DC1$","LAB","0x6d0bc4","3","4624","1","0","12544","0","-9214364837600034816","52077","Microsoft-Windows-Security-Auditing","54849625-5478-4994-a5ba-3e3b0328c30d","Security","0x0","1068","lab-dc1.lab.local","12/23/2016 6:18:29 PM",,,"security","Information","Info","Logon"
"S-1-5-18","LAB-DC1$","LAB","0x6d0b7f","3","4624","1","0","12544","0","-9214364837600034816","52075","Microsoft-Windows-Security-Auditing","54849625-5478-4994-a5ba-3e3b0328c30d","Security","0x0","388","lab-dc1.lab.local","12/23/2016 6:18:29 PM",,,"security","Information","Info","Logon"
"S-1-5-18","LAB-DC1$","LAB","0x6d0ac0","3","4624","1","0","12544","0","-9214364837600034816","52073","Microsoft-Windows-Security-Auditing","54849625-5478-4994-a5ba-3e3b0328c30d","Security","0x0","1560","lab-dc1.lab.local","12/23/2016 6:18:29 PM",,,"security","Information","Info","Logon"
"S-1-5-18","LAB-DC1$","LAB","0x6d09c0","3","4624","1","0","12544","0","-9214364837600034816","52070","Microsoft-Windows-Security-Auditing","54849625-5478-4994-a5ba-3e3b0328c30d","Security","0x0","1560","lab-dc1.lab.local","12/23/2016 6:18:22 PM",,,"security","Information","Info","Logon"
"S-1-5-18","LAB-DC1$","LAB","0x6d00a4","3","4624","1","0","12544","0","-9214364837600034816","52065","Microsoft-Windows-Security-Auditing","54849625-5478-4994-a5ba-3e3b0328c30d","Security","0x0","1560","lab-dc1.lab.local","12/23/2016 6:17:22 PM",,,"security","Information","Info","Logon"
"S-1-5-18","LAB-DC1$","LAB","0x6bad0d","3","4624","1","0","12544","0","-9214364837600034816","52054","Microsoft-Windows-Security-Auditing","54849625-5478-4994-a5ba-3e3b0328c30d","Security","0x0","1560","lab-dc1.lab.local","12/23/2016 6:16:22 PM",,,"security","Information","Info","Logon"
"S-1-5-18","LAB-DC1$","LAB","0x6ba538","3","4624","1","0","12544","0","-9214364837600034816","52051","Microsoft-Windows-Security-Auditing","54849625-5478-4994-a5ba-3e3b0328c30d","Security","0x0","1560","lab-dc1.lab.local","12/23/2016 6:15:22 PM",,,"security","Information","Info","Logon"
"S-1-5-18","LAB-DC1$","LAB","0x6ba226","3","4624","1","0","12544","0","-9214364837600034816","52048","Microsoft-Windows-Security-Auditing","54849625-5478-4994-a5ba-3e3b0328c30d","Security","0x0","1560","lab-dc1.lab.local","12/23/2016 6:14:22 PM",,,"security","Information","Info","Logon"
"S-1-5-18","LAB-DC1$","LAB","0x6b9f82","3","4624","1","0","12544","0","-9214364837600034816","52045","Microsoft-Windows-Security-Auditing","54849625-5478-4994-a5ba-3e3b0328c30d","Security","0x0","1560","lab-dc1.lab.local","12/23/2016 6:14:05 PM",,,"security","Information","Info","Logon"
"S-1-5-18","LAB-DC1$","LAB","0x6b9f19","3","4624","1","0","12544","0","-9214364837600034816","52042","Microsoft-Windows-Security-Auditing","54849625-5478-4994-a5ba-3e3b0328c30d","Security","0x0","1068","lab-dc1.lab.local","12/23/2016 6:14:05 PM",,,"security","Information","Info","Logon"
"S-1-5-18","LAB-DC1$","LAB","0x6a2383","3","4624","1","0","12544","0","-9214364837600034816","52036","Microsoft-Windows-Security-Auditing","54849625-5478-4994-a5ba-3e3b0328c30d","Security","0x0","5932","lab-dc1.lab.local","12/23/2016 6:13:29 PM",,,"security","Information","Info","Logon"
"S-1-5-18","LAB-DC1$","LAB","0x6a231d","3","4624","1","0","12544","0","-9214364837600034816","52034","Microsoft-Windows-Security-Auditing","54849625-5478-4994-a5ba-3e3b0328c30d","Security","0x0","1068","lab-dc1.lab.local","12/23/2016 6:13:29 PM",,,"security","Information","Info","Logon"
"S-1-5-18","LAB-DC1$","LAB","0x6a22d8","3","4624","1","0","12544","0","-9214364837600034816","52032","Microsoft-Windows-Security-Auditing","54849625-5478-4994-a5ba-3e3b0328c30d","Security","0x0","5932","lab-dc1.lab.local","12/23/2016 6:13:29 PM",,,"security","Information","Info","Logon"
"S-1-5-18","LAB-DC1$","LAB","0x6a2219","3","4624","1","0","12544","0","-9214364837600034816","52030","Microsoft-Windows-Security-Auditing","54849625-5478-4994-a5ba-3e3b0328c30d","Security","0x0","1068","lab-dc1.lab.local","12/23/2016 6:13:29 PM",,,"security","Information","Info","Logon"
"S-1-5-18","LAB-DC1$","LAB","0x6a20d9","3","4624","1","0","12544","0","-9214364837600034816","52027","Microsoft-Windows-Security-Auditing","54849625-5478-4994-a5ba-3e3b0328c30d","Security","0x0","1068","lab-dc1.lab.local","12/23/2016 6:13:22 PM",,,"security","Information","Info","Logon"
"S-1-5-18","LAB-DC1$","LAB","0x68d585","3","4624","1","0","12544","0","-9214364837600034816","52024","Microsoft-Windows-Security-Auditing","54849625-5478-4994-a5ba-3e3b0328c30d","Security","0x0","1068","lab-dc1.lab.local","12/23/2016 6:12:22 PM",,,"security","Information","Info","Logon"
"S-1-5-18","LAB-DC1$","LAB","0x682aa5","3","4624","1","0","12544","0","-9214364837600034816","52021","Microsoft-Windows-Security-Auditing","54849625-5478-4994-a5ba-3e3b0328c30d","Security","0x0","2032","lab-dc1.lab.local","12/23/2016 6:12:02 PM",,,"security","Information","Info","Logon"
"S-1-5-18","LAB-DC1$","LAB","0x66438f","3","4624","1","0","12544","0","-9214364837600034816","52018","Microsoft-Windows-Security-Auditing","54849625-5478-4994-a5ba-3e3b0328c30d","Security","0x0","1068","lab-dc1.lab.local","12/23/2016 6:11:22 PM",,,"security","Information","Info","Logon"
"S-1-5-18","LAB-DC1$","LAB","0x63aa60","3","4624","1","0","12544","0","-9214364837600034816","52007","Microsoft-Windows-Security-Auditing","54849625-5478-4994-a5ba-3e3b0328c30d","Security","0x0","1068","lab-dc1.lab.local","12/23/2016 6:10:22 PM",,,"security","Information","Info","Logon"
"S-1-5-18","LAB-DC1$","LAB","0x638958","3","4624","1","0","12544","0","-9214364837600034816","52004","Microsoft-Windows-Security-Auditing","54849625-5478-4994-a5ba-3e3b0328c30d","Security","0x0","1068","lab-dc1.lab.local","12/23/2016 6:09:22 PM",,,"security","Information","Info","Logon"
"S-1-5-18","LAB-DC1$","LAB","0x63885a","3","4624","1","0","12544","0","-9214364837600034816","52001","Microsoft-Windows-Security-Auditing","54849625-5478-4994-a5ba-3e3b0328c30d","Security","0x0","1068","lab-dc1.lab.local","12/23/2016 6:09:03 PM",,,"security","Information","Info","Logon"
"S-1-5-18","LAB-DC1$","LAB","0x6387f1","3","4624","1","0","12544","0","-9214364837600034816","51998","Microsoft-Windows-Security-Auditing","54849625-5478-4994-a5ba-3e3b0328c30d","Security","0x0","1560","lab-dc1.lab.local","12/23/2016 6:09:03 PM",,,"security","Information","Info","Logon"
"S-1-5-18","LAB-DC1$","LAB","0x62eea1","3","4624","1","0","12544","0","-9214364837600034816","51992","Microsoft-Windows-Security-Auditing","54849625-5478-4994-a5ba-3e3b0328c30d","Security","0x0","5488","lab-dc1.lab.local","12/23/2016 6:08:28 PM",,,"security","Information","Info","Logon"
"S-1-5-18","LAB-DC1$","LAB","0x62df2e","3","4624","1","0","12544","0","-9214364837600034816","51990","Microsoft-Windows-Security-Auditing","54849625-5478-4994-a5ba-3e3b0328c30d","Security","0x0","1068","lab-dc1.lab.local","12/23/2016 6:08:28 PM",,,"security","Information","Info","Logon"
"S-1-5-18","LAB-DC1$","LAB","0x62ded5","3","4624","1","0","12544","0","-9214364837600034816","51988","Microsoft-Windows-Security-Auditing","54849625-5478-4994-a5ba-3e3b0328c30d","Security","0x0","5488","lab-dc1.lab.local","12/23/2016 6:08:28 PM",,,"security","Information","Info","Logon"
"S-1-5-18","LAB-DC1$","LAB","0x62ddf9","3","4624","1","0","12544","0","-9214364837600034816","51986","Microsoft-Windows-Security-Auditing","54849625-5478-4994-a5ba-3e3b0328c30d","Security","0x0","1560","lab-dc1.lab.local","12/23/2016 6:08:28 PM",,,"security","Information","Info","Logon"
"S-1-5-18","LAB-DC1$","LAB","0x622d7a","3","4624","1","0","12544","0","-9214364837600034816","51983","Microsoft-Windows-Security-Auditing","54849625-5478-4994-a5ba-3e3b0328c30d","Security","0x0","1560","lab-dc1.lab.local","12/23/2016 6:08:22 PM",,,"security","Information","Info","Logon"
"S-1-5-18","LAB-DC1$","LAB","0x60d7fd","3","4624","1","0","12544","0","-9214364837600034816","51970","Microsoft-Windows-Security-Auditing","54849625-5478-4994-a5ba-3e3b0328c30d","Security","0x0","1560","lab-dc1.lab.local","12/23/2016 6:07:22 PM",,,"security","Information","Info","Logon"
"S-1-5-18","LAB-DC1$","LAB","0x60d41e","3","4624","1","0","12544","0","-9214364837600034816","51967","Microsoft-Windows-Security-Auditing","54849625-5478-4994-a5ba-3e3b0328c30d","Security","0x0","1560","lab-dc1.lab.local","12/23/2016 6:06:22 PM",,,"security","Information","Info","Logon"
"S-1-5-18","LAB-DC1$","LAB","0x5f86ff","3","4624","1","0","12544","0","-9214364837600034816","51956","Microsoft-Windows-Security-Auditing","54849625-5478-4994-a5ba-3e3b0328c30d","Security","0x0","1560","lab-dc1.lab.local","12/23/2016 6:05:22 PM",,,"security","Information","Info","Logon"
"S-1-5-18","LAB-DC1$","LAB","0x5e37d0","3","4624","1","0","12544","0","-9214364837600034816","51950","Microsoft-Windows-Security-Auditing","54849625-5478-4994-a5ba-3e3b0328c30d","Security","0x0","1560","lab-dc1.lab.local","12/23/2016 6:04:22 PM",,,"security","Information","Info","Logon"
"S-1-5-18","LAB-DC1$","LAB","0x5e313b","3","4624","1","0","12544","0","-9214364837600034816","51943","Microsoft-Windows-Security-Auditing","54849625-5478-4994-a5ba-3e3b0328c30d","Security","0x0","1560","lab-dc1.lab.local","12/23/2016 6:04:01 PM",,,"security","Information","Info","Logon"
"S-1-5-18","LAB-DC1$","LAB","0x5e30d2","3","4624","1","0","12544","0","-9214364837600034816","51940","Microsoft-Windows-Security-Auditing","54849625-5478-4994-a5ba-3e3b0328c30d","Security","0x0","1068","lab-dc1.lab.local","12/23/2016 6:04:01 PM",,,"security","Information","Info","Logon"
"S-1-5-18","LAB-DC1$","LAB","0x5e0f27","3","4624","1","0","12544","0","-9214364837600034816","51934","Microsoft-Windows-Security-Auditing","54849625-5478-4994-a5ba-3e3b0328c30d","Security","0x0","5072","lab-dc1.lab.local","12/23/2016 6:03:27 PM",,,"security","Information","Info","Logon"
"S-1-5-18","LAB-DC1$","LAB","0x5e0ec1","3","4624","1","0","12544","0","-9214364837600034816","51932","Microsoft-Windows-Security-Auditing","54849625-5478-4994-a5ba-3e3b0328c30d","Security","0x0","1068","lab-dc1.lab.local","12/23/2016 6:03:27 PM",,,"security","Information","Info","Logon"
"S-1-5-18","LAB-DC1$","LAB","0x5e0e7c","3","4624","1","0","12544","0","-9214364837600034816","51930","Microsoft-Windows-Security-Auditing","54849625-5478-4994-a5ba-3e3b0328c30d","Security","0x0","5072","lab-dc1.lab.local","12/23/2016 6:03:27 PM",,,"security","Information","Info","Logon"
"S-1-5-18","LAB-DC1$","LAB","0x5e0dbd","3","4624","1","0","12544","0","-9214364837600034816","51928","Microsoft-Windows-Security-Auditing","54849625-5478-4994-a5ba-3e3b0328c30d","Security","0x0","1068","lab-dc1.lab.local","12/23/2016 6:03:27 PM",,,"security","Information","Info","Logon"
"S-1-5-18","LAB-DC1$","LAB","0x5e0d18","3","4624","1","0","12544","0","-9214364837600034816","51925","Microsoft-Windows-Security-Auditing","54849625-5478-4994-a5ba-3e3b0328c30d","Security","0x0","1560","lab-dc1.lab.local","12/23/2016 6:03:22 PM",,,"security","Information","Info","Logon"
"S-1-5-18","LAB-DC1$","LAB","0x5c0ce4","3","4624","1","0","12544","0","-9214364837600034816","51920","Microsoft-Windows-Security-Auditing","54849625-5478-4994-a5ba-3e3b0328c30d","Security","0x0","1560","lab-dc1.lab.local","12/23/2016 6:02:22 PM",,,"security","Information","Info","Logon"
"S-1-5-18","LAB-DC1$","LAB","0x5b6c6f","3","4624","1","0","12544","0","-9214364837600034816","51909","Microsoft-Windows-Security-Auditing","54849625-5478-4994-a5ba-3e3b0328c30d","Security","0x0","3020","lab-dc1.lab.local","12/23/2016 6:02:02 PM",,,"security","Information","Info","Logon"
