"S-1-5-18","LAB-DC1$","LAB","0x4b5acb","3","4634","0","0","12545","0","-9214364837600034816","51066","Microsoft-Windows-Security-Auditing","54849625-5478-4994-a5ba-3e3b0328c30d","Security","500","4236","lab-dc1.lab.local","12/23/2016 4:53:18 PM",,,"security","Information","Info","Logoff"
"S-1-5-18","LAB-DC1$","LAB","0x4b5b8d","3","4634","0","0","12545","0","-9214364837600034816","51065","Microsoft-Windows-Security-Auditing","54849625-5478-4994-a5ba-3e3b0328c30d","Security","500","4236","lab-dc1.lab.local","12/23/2016 4:53:17 PM",,,"security","Information","Info","Logoff"
"S-1-5-18","LAB-DC1$","LAB","0x4b5bd6","3","4634","0","0","12545","0","-9214364837600034816","51064","Microsoft-Windows-Security-Auditing","54849625-5478-4994-a5ba-3e3b0328c30d","Security","500","4236","lab-dc1.lab.local","12/23/2016 4:53:17 PM",,,"security","Information","Info","Logoff"
"S-1-5-18","LAB-DC1$","LAB","0x1e968","3","4634","0","0","12545","0","-9214364837600034816","50952","Microsoft-Windows-Security-Auditing","54849625-5478-4994-a5ba-3e3b0328c30d","Security","500","4236","lab-dc1.lab.local","12/23/2016 4:52:51 PM",,,"security","Information","Info","Logoff"
"S-1-5-18","LAB-DC1$","LAB","0x49bbef","3","4634","0","0","12545","0","-9214364837600034816","50924","Microsoft-Windows-Security-Auditing","54849625-5478-4994-a5ba-3e3b0328c30d","Security","500","4236","lab-dc1.lab.local","12/23/2016 4:52:23 PM",,,"security","Information","Info","Logoff"
"S-1-5-21-1821399794-337311051-3185148185-1001","LAB-DC1$","LAB","0x49b5f0","3","4634","0","0","12545","0","-9214364837600034816","50919","Microsoft-Windows-Security-Auditing","54849625-5478-4994-a5ba-3e3b0328c30d","Security","500","4236","lab-dc1.lab.local","12/23/2016 4:52:22 PM",,,"security","Information","Info","Logoff"
