"S-1-5-18","LAB-DC1$","LAB","0x933591","3","4634","0","0","12545","0","-9214364837600034816","52757","Microsoft-Windows-Security-Auditing","54849625-5478-4994-a5ba-3e3b0328c30d","Security","500","6840","lab-dc1.lab.local","12/23/2016 8:40:57 PM",,,"security","Information","Info","Logoff"
"S-1-5-18","LAB-DC1$","LAB","0x933513","3","4634","0","0","12545","0","-9214364837600034816","52754","Microsoft-Windows-Security-Auditing","54849625-5478-4994-a5ba-3e3b0328c30d","Security","500","7072","lab-dc1.lab.local","12/23/2016 8:40:57 PM",,,"security","Information","Info","Logoff"
"S-1-5-18","LAB-DC1$","LAB","0x933400","3","4634","0","0","12545","0","-9214364837600034816","52751","Microsoft-Windows-Security-Auditing","54849625-5478-4994-a5ba-3e3b0328c30d","Security","500","2236","lab-dc1.lab.local","12/23/2016 8:40:57 PM",,,"security","Information","Info","Logoff"
"S-1-5-18","LAB-DC1$","LAB","0x92fc25","3","4634","0","0","12545","0","-9214364837600034816","52748","Microsoft-Windows-Security-Auditing","54849625-5478-4994-a5ba-3e3b0328c30d","Security","500","2236","lab-dc1.lab.local","12/23/2016 8:40:23 PM",,,"security","Information","Info","Logoff"
"S-1-5-18","LAB-DC1$","LAB","0x92fa91","3","4634","0","0","12545","0","-9214364837600034816","52747","Microsoft-Windows-Security-Auditing","54849625-5478-4994-a5ba-3e3b0328c30d","Security","500","2236","lab-dc1.lab.local","12/23/2016 8:40:13 PM",,,"security","Information","Info","Logoff"
"S-1-5-18","LAB-DC1$","LAB","0x92fb50","3","4634","0","0","12545","0","-9214364837600034816","52746","Microsoft-Windows-Security-Auditing","54849625-5478-4994-a5ba-3e3b0328c30d","Security","500","2236","lab-dc1.lab.local","12/23/2016 8:40:13 PM",,,"security","Information","Info","Logoff"
"S-1-5-18","LAB-DC1$","LAB","0x92fb97","3","4634","0","0","12545","0","-9214364837600034816","52745","Microsoft-Windows-Security-Auditing","54849625-5478-4994-a5ba-3e3b0328c30d","Security","500","2236","lab-dc1.lab.local","12/23/2016 8:40:13 PM",,,"security","Information","Info","Logoff"
"S-1-5-18","LAB-DC1$","LAB","0x92efc9","3","4634","0","0","12545","0","-9214364837600034816","52736","Microsoft-Windows-Security-Auditing","54849625-5478-4994-a5ba-3e3b0328c30d","Security","500","2236","lab-dc1.lab.local","12/23/2016 8:39:57 PM",,,"security","Information","Info","Logoff"
"S-1-5-18","LAB-DC1$","LAB","0x91a660","3","4634","0","0","12545","0","-9214364837600034816","52733","Microsoft-Windows-Security-Auditing","54849625-5478-4994-a5ba-3e3b0328c30d","Security","500","2236","lab-dc1.lab.local","12/23/2016 8:38:57 PM",,,"security","Information","Info","Logoff"
"S-1-5-18","LAB-DC1$","LAB","0x910b47","3","4634","0","0","12545","0","-9214364837600034816","52730","Microsoft-Windows-Security-Auditing","54849625-5478-4994-a5ba-3e3b0328c30d","Security","500","7072","lab-dc1.lab.local","12/23/2016 8:38:47 PM",,,"security","Information","Info","Logoff"
"S-1-5-18","LAB-DC1$","LAB","0x906944","3","4634","0","0","12545","0","-9214364837600034816","52726","Microsoft-Windows-Security-Auditing","54849625-5478-4994-a5ba-3e3b0328c30d","Security","500","7072","lab-dc1.lab.local","12/23/2016 8:37:57 PM",,,"security","Information","Info","Logoff"
"S-1-5-18","LAB-DC1$","LAB","0x902438","3","4634","0","0","12545","0","-9214364837600034816","52723","Microsoft-Windows-Security-Auditing","54849625-5478-4994-a5ba-3e3b0328c30d","Security","500","7072","lab-dc1.lab.local","12/23/2016 8:36:57 PM",,,"security","Information","Info","Logoff"
"S-1-5-18","LAB-DC1$","LAB","0x8fd467","3","4634","0","0","12545","0","-9214364837600034816","52706","Microsoft-Windows-Security-Auditing","54849625-5478-4994-a5ba-3e3b0328c30d","Security","500","3336","lab-dc1.lab.local","12/23/2016 8:35:57 PM",,,"security","Information","Info","Logoff"
"S-1-5-18","LAB-DC1$","LAB","0x8fd37b","3","4634","0","0","12545","0","-9214364837600034816","52703","Microsoft-Windows-Security-Auditing","54849625-5478-4994-a5ba-3e3b0328c30d","Security","500","7072","lab-dc1.lab.local","12/23/2016 8:35:56 PM",,,"security","Information","Info","Logoff"
"S-1-5-18","LAB-DC1$","LAB","0x8fd308","3","4634","0","0","12545","0","-9214364837600034816","52700","Microsoft-Windows-Security-Auditing","54849625-5478-4994-a5ba-3e3b0328c30d","Security","500","7072","lab-dc1.lab.local","12/23/2016 8:35:56 PM",,,"security","Information","Info","Logoff"
"S-1-5-18","LAB-DC1$","LAB","0x8f91bc","3","4634","0","0","12545","0","-9214364837600034816","52697","Microsoft-Windows-Security-Auditing","54849625-5478-4994-a5ba-3e3b0328c30d","Security","500","3336","lab-dc1.lab.local","12/23/2016 8:35:23 PM",,,"security","Information","Info","Logoff"
"S-1-5-18","LAB-DC1$","LAB","0x8f843f","3","4634","0","0","12545","0","-9214364837600034816","52696","Microsoft-Windows-Security-Auditing","54849625-5478-4994-a5ba-3e3b0328c30d","Security","500","7072","lab-dc1.lab.local","12/23/2016 8:35:12 PM",,,"security","Information","Info","Logoff"
"S-1-5-18","LAB-DC1$","LAB","0x8f84fe","3","4634","0","0","12545","0","-9214364837600034816","52695","Microsoft-Windows-Security-Auditing","54849625-5478-4994-a5ba-3e3b0328c30d","Security","500","3336","lab-dc1.lab.local","12/23/2016 8:35:12 PM",,,"security","Information","Info","Logoff"
"S-1-5-18","LAB-DC1$","LAB","0x8f8543","3","4634","0","0","12545","0","-9214364837600034816","52694","Microsoft-Windows-Security-Auditing","54849625-5478-4994-a5ba-3e3b0328c30d","Security","500","7072","lab-dc1.lab.local","12/23/2016 8:35:12 PM",,,"security","Information","Info","Logoff"
"S-1-5-18","LAB-DC1$","LAB","0x8f2212","3","4634","0","0","12545","0","-9214364837600034816","52685","Microsoft-Windows-Security-Auditing","54849625-5478-4994-a5ba-3e3b0328c30d","Security","500","7072","lab-dc1.lab.local","12/23/2016 8:34:57 PM",,,"security","Information","Info","Logoff"
"S-1-5-18","LAB-DC1$","LAB","0x8e44e6","3","4634","0","0","12545","0","-9214364837600034816","52682","Microsoft-Windows-Security-Auditing","54849625-5478-4994-a5ba-3e3b0328c30d","Security","500","3336","lab-dc1.lab.local","12/23/2016 8:33:57 PM",,,"security","Information","Info","Logoff"
"S-1-5-18","LAB-DC1$","LAB","0x8df2c6","3","4634","0","0","12545","0","-9214364837600034816","52667","Microsoft-Windows-Security-Auditing","54849625-5478-4994-a5ba-3e3b0328c30d","Security","500","3336","lab-dc1.lab.local","12/23/2016 8:32:57 PM",,,"security","Information","Info","Logoff"
"S-1-5-18","LAB-DC1$","LAB","0x8db21a","3","4634","0","0","12545","0","-9214364837600034816","52663","Microsoft-Windows-Security-Auditing","54849625-5478-4994-a5ba-3e3b0328c30d","Security","500","3336","lab-dc1.lab.local","12/23/2016 8:31:57 PM",,,"security","Information","Info","Logoff"
"S-1-5-18","LAB-DC1$","LAB","0x8d93d0","3","4634","0","0","12545","0","-9214364837600034816","52660","Microsoft-Windows-Security-Auditing","54849625-5478-4994-a5ba-3e3b0328c30d","Security","500","4928","lab-dc1.lab.local","12/23/2016 8:30:57 PM",,,"security","Information","Info","Logoff"
"S-1-5-18","LAB-DC1$","LAB","0x8d9226","3","4634","0","0","12545","0","-9214364837600034816","52657","Microsoft-Windows-Security-Auditing","54849625-5478-4994-a5ba-3e3b0328c30d","Security","500","3336","lab-dc1.lab.local","12/23/2016 8:30:55 PM",,,"security","Information","Info","Logoff"
"S-1-5-18","LAB-DC1$","LAB","0x8d91ae","3","4634","0","0","12545","0","-9214364837600034816","52654","Microsoft-Windows-Security-Auditing","54849625-5478-4994-a5ba-3e3b0328c30d","Security","500","3336","lab-dc1.lab.local","12/23/2016 8:30:55 PM",,,"security","Information","Info","Logoff"
"S-1-5-18","LAB-DC1$","LAB","0x8d40e5","3","4634","0","0","12545","0","-9214364837600034816","52650","Microsoft-Windows-Security-Auditing","54849625-5478-4994-a5ba-3e3b0328c30d","Security","500","3336","lab-dc1.lab.local","12/23/2016 8:30:22 PM",,,"security","Information","Info","Logoff"
"S-1-5-18","LAB-DC1$","LAB","0x8d3f43","3","4634","0","0","12545","0","-9214364837600034816","52649","Microsoft-Windows-Security-Auditing","54849625-5478-4994-a5ba-3e3b0328c30d","Security","500","3336","lab-dc1.lab.local","12/23/2016 8:30:11 PM",,,"security","Information","Info","Logoff"
"S-1-5-18","LAB-DC1$","LAB","0x8d4002","3","4634","0","0","12545","0","-9214364837600034816","52648","Microsoft-Windows-Security-Auditing","54849625-5478-4994-a5ba-3e3b0328c30d","Security","500","4928","lab-dc1.lab.local","12/23/2016 8:30:11 PM",,,"security","Information","Info","Logoff"
"S-1-5-18","LAB-DC1$","LAB","0x8d404c","3","4634","0","0","12545","0","-9214364837600034816","52647","Microsoft-Windows-Security-Auditing","54849625-5478-4994-a5ba-3e3b0328c30d","Security","500","4928","lab-dc1.lab.local","12/23/2016 8:30:11 PM",,,"security","Information","Info","Logoff"
"S-1-5-18","LAB-DC1$","LAB","0x8cebe9","3","4634","0","0","12545","0","-9214364837600034816","52638","Microsoft-Windows-Security-Auditing","54849625-5478-4994-a5ba-3e3b0328c30d","Security","500","4928","lab-dc1.lab.local","12/23/2016 8:29:57 PM",,,"security","Information","Info","Logoff"
"S-1-5-18","LAB-DC1$","LAB","0x8c5b9c","3","4634","0","0","12545","0","-9214364837600034816","52634","Microsoft-Windows-Security-Auditing","54849625-5478-4994-a5ba-3e3b0328c30d","Security","500","4928","lab-dc1.lab.local","12/23/2016 8:28:57 PM",,,"security","Information","Info","Logoff"
"S-1-5-18","LAB-DC1$","LAB","0x8c4f2b","3","4634","0","0","12545","0","-9214364837600034816","52631","Microsoft-Windows-Security-Auditing","54849625-5478-4994-a5ba-3e3b0328c30d","Security","500","3336","lab-dc1.lab.local","12/23/2016 8:28:47 PM",,,"security","Information","Info","Logoff"
"S-1-5-18","LAB-DC1$","LAB","0x8bd9ea","3","4634","0","0","12545","0","-9214364837600034816","52628","Microsoft-Windows-Security-Auditing","54849625-5478-4994-a5ba-3e3b0328c30d","Security","500","4928","lab-dc1.lab.local","12/23/2016 8:27:57 PM",,,"security","Information","Info","Logoff"
"S-1-5-18","LAB-DC1$","LAB","0x8b5f3b","3","4634","0","0","12545","0","-9214364837600034816","52617","Microsoft-Windows-Security-Auditing","54849625-5478-4994-a5ba-3e3b0328c30d","Security","500","3336","lab-dc1.lab.local","12/23/2016 8:26:57 PM",,,"security","Information","Info","Logoff"
"S-1-5-18","LAB-DC1$","LAB","0x8b3f3c","3","4634","0","0","12545","0","-9214364837600034816","52614","Microsoft-Windows-Security-Auditing","54849625-5478-4994-a5ba-3e3b0328c30d","Security","500","5124","lab-dc1.lab.local","12/23/2016 8:25:57 PM",,,"security","Information","Info","Logoff"
"S-1-5-18","LAB-DC1$","LAB","0x8b2723","3","4634","0","0","12545","0","-9214364837600034816","52603","Microsoft-Windows-Security-Auditing","54849625-5478-4994-a5ba-3e3b0328c30d","Security","500","3336","lab-dc1.lab.local","12/23/2016 8:25:53 PM",,,"security","Information","Info","Logoff"
"S-1-5-18","LAB-DC1$","LAB","0x8b26ac","3","4634","0","0","12545","0","-9214364837600034816","52600","Microsoft-Windows-Security-Auditing","54849625-5478-4994-a5ba-3e3b0328c30d","Security","500","3336","lab-dc1.lab.local","12/23/2016 8:25:53 PM",,,"security","Information","Info","Logoff"
"S-1-5-18","LAB-DC1$","LAB","0x8abc18","3","4634","0","0","12545","0","-9214364837600034816","52597","Microsoft-Windows-Security-Auditing","54849625-5478-4994-a5ba-3e3b0328c30d","Security","500","5124","lab-dc1.lab.local","12/23/2016 8:25:23 PM",,,"security","Information","Info","Logoff"
"S-1-5-18","LAB-DC1$","LAB","0x8ae9bb","3","4634","0","0","12545","0","-9214364837600034816","52596","Microsoft-Windows-Security-Auditing","54849625-5478-4994-a5ba-3e3b0328c30d","Security","500","5124","lab-dc1.lab.local","12/23/2016 8:25:21 PM",,,"security","Information","Info","Logoff"
"S-1-5-18","LAB-DC1$","LAB","0x8ae832","3","4634","0","0","12545","0","-9214364837600034816","52595","Microsoft-Windows-Security-Auditing","54849625-5478-4994-a5ba-3e3b0328c30d","Security","500","3336","lab-dc1.lab.local","12/23/2016 8:25:10 PM",,,"security","Information","Info","Logoff"
"S-1-5-18","LAB-DC1$","LAB","0x8ae8f1","3","4634","0","0","12545","0","-9214364837600034816","52594","Microsoft-Windows-Security-Auditing","54849625-5478-4994-a5ba-3e3b0328c30d","Security","500","3336","lab-dc1.lab.local","12/23/2016 8:25:10 PM",,,"security","Information","Info","Logoff"
"S-1-5-18","LAB-DC1$","LAB","0x8ae936","3","4634","0","0","12545","0","-9214364837600034816","52593","Microsoft-Windows-Security-Auditing","54849625-5478-4994-a5ba-3e3b0328c30d","Security","500","5124","lab-dc1.lab.local","12/23/2016 8:25:10 PM",,,"security","Information","Info","Logoff"
"S-1-5-18","LAB-DC1$","LAB","0x8ae0a7","3","4634","0","0","12545","0","-9214364837600034816","52584","Microsoft-Windows-Security-Auditing","54849625-5478-4994-a5ba-3e3b0328c30d","Security","500","3336","lab-dc1.lab.local","12/23/2016 8:24:57 PM",,,"security","Information","Info","Logoff"
"S-1-5-18","LAB-DC1$","LAB","0x8ac1ea","3","4634","0","0","12545","0","-9214364837600034816","52581","Microsoft-Windows-Security-Auditing","54849625-5478-4994-a5ba-3e3b0328c30d","Security","500","3336","lab-dc1.lab.local","12/23/2016 8:23:57 PM",,,"security","Information","Info","Logoff"
"S-1-5-18","LAB-DC1$","LAB","0x8aa1be","3","4634","0","0","12545","0","-9214364837600034816","52576","Microsoft-Windows-Security-Auditing","54849625-5478-4994-a5ba-3e3b0328c30d","Security","500","5204","lab-dc1.lab.local","12/23/2016 8:22:57 PM",,,"security","Information","Info","Logoff"
"S-1-5-18","LAB-DC1$","LAB","0x8a825b","3","4634","0","0","12545","0","-9214364837600034816","52573","Microsoft-Windows-Security-Auditing","54849625-5478-4994-a5ba-3e3b0328c30d","Security","500","2144","lab-dc1.lab.local","12/23/2016 8:21:57 PM",,,"security","Information","Info","Logoff"
"S-1-5-18","LAB-DC1$","LAB","0x8a5f39","3","4634","0","0","12545","0","-9214364837600034816","52570","Microsoft-Windows-Security-Auditing","54849625-5478-4994-a5ba-3e3b0328c30d","Security","500","4104","lab-dc1.lab.local","12/23/2016 8:20:57 PM",,,"security","Information","Info","Logoff"
"S-1-5-18","LAB-DC1$","LAB","0x8a5991","3","4634","0","0","12545","0","-9214364837600034816","52567","Microsoft-Windows-Security-Auditing","54849625-5478-4994-a5ba-3e3b0328c30d","Security","500","2144","lab-dc1.lab.local","12/23/2016 8:20:52 PM",,,"security","Information","Info","Logoff"
"S-1-5-18","LAB-DC1$","LAB","0x8a591a","3","4634","0","0","12545","0","-9214364837600034816","52564","Microsoft-Windows-Security-Auditing","54849625-5478-4994-a5ba-3e3b0328c30d","Security","500","2144","lab-dc1.lab.local","12/23/2016 8:20:52 PM",,,"security","Information","Info","Logoff"
"S-1-5-18","LAB-DC1$","LAB","0x8a2098","3","4634","0","0","12545","0","-9214364837600034816","52561","Microsoft-Windows-Security-Auditing","54849625-5478-4994-a5ba-3e3b0328c30d","Security","500","4880","lab-dc1.lab.local","12/23/2016 8:20:20 PM",,,"security","Information","Info","Logoff"
"S-1-5-18","LAB-DC1$","LAB","0x8a1f01","3","4634","0","0","12545","0","-9214364837600034816","52560","Microsoft-Windows-Security-Auditing","54849625-5478-4994-a5ba-3e3b0328c30d","Security","500","4880","lab-dc1.lab.local","12/23/2016 8:20:10 PM",,,"security","Information","Info","Logoff"
"S-1-5-18","LAB-DC1$","LAB","0x8a1fc2","3","4634","0","0","12545","0","-9214364837600034816","52559","Microsoft-Windows-Security-Auditing","54849625-5478-4994-a5ba-3e3b0328c30d","Security","500","4880","lab-dc1.lab.local","12/23/2016 8:20:10 PM",,,"security","Information","Info","Logoff"
"S-1-5-18","LAB-DC1$","LAB","0x8a200b","3","4634","0","0","12545","0","-9214364837600034816","52558","Microsoft-Windows-Security-Auditing","54849625-5478-4994-a5ba-3e3b0328c30d","Security","500","4880","lab-dc1.lab.local","12/23/2016 8:20:10 PM",,,"security","Information","Info","Logoff"
"S-1-5-18","LAB-DC1$","LAB","0x89f563","3","4634","0","0","12545","0","-9214364837600034816","52549","Microsoft-Windows-Security-Auditing","54849625-5478-4994-a5ba-3e3b0328c30d","Security","500","4880","lab-dc1.lab.local","12/23/2016 8:19:57 PM",,,"security","Information","Info","Logoff"
"S-1-5-18","LAB-DC1$","LAB","0x89a85b","3","4634","0","0","12545","0","-9214364837600034816","52538","Microsoft-Windows-Security-Auditing","54849625-5478-4994-a5ba-3e3b0328c30d","Security","500","4880","lab-dc1.lab.local","12/23/2016 8:18:57 PM",,,"security","Information","Info","Logoff"
"S-1-5-18","LAB-DC1$","LAB","0x899dde","3","4634","0","0","12545","0","-9214364837600034816","52535","Microsoft-Windows-Security-Auditing","54849625-5478-4994-a5ba-3e3b0328c30d","Security","500","2144","lab-dc1.lab.local","12/23/2016 8:18:47 PM",,,"security","Information","Info","Logoff"
"S-1-5-18","LAB-DC1$","LAB","0x898798","3","4634","0","0","12545","0","-9214364837600034816","52532","Microsoft-Windows-Security-Auditing","54849625-5478-4994-a5ba-3e3b0328c30d","Security","500","2144","lab-dc1.lab.local","12/23/2016 8:17:57 PM",,,"security","Information","Info","Logoff"
"S-1-5-18","LAB-DC1$","LAB","0x894c01","3","4634","0","0","12545","0","-9214364837600034816","52528","Microsoft-Windows-Security-Auditing","54849625-5478-4994-a5ba-3e3b0328c30d","Security","500","2144","lab-dc1.lab.local","12/23/2016 8:16:57 PM",,,"security","Information","Info","Logoff"
"S-1-5-18","LAB-DC1$","LAB","0x88d256","3","4634","0","0","12545","0","-9214364837600034816","52525","Microsoft-Windows-Security-Auditing","54849625-5478-4994-a5ba-3e3b0328c30d","Security","500","2144","lab-dc1.lab.local","12/23/2016 8:16:39 PM",,,"security","Information","Info","Logoff"
"S-1-5-18","LAB-DC1$","LAB","0x891a78","3","4634","0","0","12545","0","-9214364837600034816","52524","Microsoft-Windows-Security-Auditing","54849625-5478-4994-a5ba-3e3b0328c30d","Security","500","4992","lab-dc1.lab.local","12/23/2016 8:15:57 PM",,,"security","Information","Info","Logoff"
"S-1-5-18","LAB-DC1$","LAB","0x891789","3","4634","0","0","12545","0","-9214364837600034816","52521","Microsoft-Windows-Security-Auditing","54849625-5478-4994-a5ba-3e3b0328c30d","Security","500","2144","lab-dc1.lab.local","12/23/2016 8:15:51 PM",,,"security","Information","Info","Logoff"
"S-1-5-18","LAB-DC1$","LAB","0x89171a","3","4634","0","0","12545","0","-9214364837600034816","52518","Microsoft-Windows-Security-Auditing","54849625-5478-4994-a5ba-3e3b0328c30d","Security","500","2144","lab-dc1.lab.local","12/23/2016 8:15:51 PM",,,"security","Information","Info","Logoff"
"S-1-5-18","LAB-DC1$","LAB","0x88d459","3","4634","0","0","12545","0","-9214364837600034816","52507","Microsoft-Windows-Security-Auditing","54849625-5478-4994-a5ba-3e3b0328c30d","Security","500","4992","lab-dc1.lab.local","12/23/2016 8:15:20 PM",,,"security","Information","Info","Logoff"
"S-1-5-18","LAB-DC1$","LAB","0x88d2b9","3","4634","0","0","12545","0","-9214364837600034816","52504","Microsoft-Windows-Security-Auditing","54849625-5478-4994-a5ba-3e3b0328c30d","Security","500","2144","lab-dc1.lab.local","12/23/2016 8:15:09 PM",,,"security","Information","Info","Logoff"
"S-1-5-18","LAB-DC1$","LAB","0x88d37a","3","4634","0","0","12545","0","-9214364837600034816","52503","Microsoft-Windows-Security-Auditing","54849625-5478-4994-a5ba-3e3b0328c30d","Security","500","2144","lab-dc1.lab.local","12/23/2016 8:15:09 PM",,,"security","Information","Info","Logoff"
"S-1-5-18","LAB-DC1$","LAB","0x88d3c4","3","4634","0","0","12545","0","-9214364837600034816","52502","Microsoft-Windows-Security-Auditing","54849625-5478-4994-a5ba-3e3b0328c30d","Security","500","2144","lab-dc1.lab.local","12/23/2016 8:15:09 PM",,,"security","Information","Info","Logoff"
"S-1-5-18","LAB-DC1$","LAB","0x88ce95","3","4634","0","0","12545","0","-9214364837600034816","52491","Microsoft-Windows-Security-Auditing","54849625-5478-4994-a5ba-3e3b0328c30d","Security","500","2144","lab-dc1.lab.local","12/23/2016 8:14:57 PM",,,"security","Information","Info","Logoff"
"S-1-5-21-1821399794-337311051-3185148185-1001","LAB-DC1$","LAB","0x88af57","3","4634","0","0","12545","0","-9214364837600034816","52469","Microsoft-Windows-Security-Auditing","54849625-5478-4994-a5ba-3e3b0328c30d","Security","500","2144","lab-dc1.lab.local","12/23/2016 6:48:09 PM",,,"security","Information","Info","Logoff"
"S-1-5-21-1821399794-337311051-3185148185-1001","LAB-DC1$","LAB","0x88855d","3","4634","0","0","12545","0","-9214364837600034816","52437","Microsoft-Windows-Security-Auditing","54849625-5478-4994-a5ba-3e3b0328c30d","Security","500","5516","lab-dc1.lab.local","12/23/2016 6:47:35 PM",,,"security","Information","Info","Logoff"
"S-1-5-18","LAB-DC1$","LAB","0x887d86","3","4634","0","0","12545","0","-9214364837600034816","52425","Microsoft-Windows-Security-Auditing","54849625-5478-4994-a5ba-3e3b0328c30d","Security","500","5516","lab-dc1.lab.local","12/23/2016 6:47:23 PM",,,"security","Information","Info","Logoff"
"S-1-5-18","LAB-DC1$","LAB","0x886896","3","4634","0","0","12545","0","-9214364837600034816","52422","Microsoft-Windows-Security-Auditing","54849625-5478-4994-a5ba-3e3b0328c30d","Security","500","5516","lab-dc1.lab.local","12/23/2016 6:46:23 PM",,,"security","Information","Info","Logoff"
"S-1-5-18","LAB-DC1$","LAB","0x884a24","3","4634","0","0","12545","0","-9214364837600034816","52419","Microsoft-Windows-Security-Auditing","54849625-5478-4994-a5ba-3e3b0328c30d","Security","500","5516","lab-dc1.lab.local","12/23/2016 6:45:23 PM",,,"security","Information","Info","Logoff"
"S-1-5-18","LAB-DC1$","LAB","0x86e8ad","3","4634","0","0","12545","0","-9214364837600034816","52408","Microsoft-Windows-Security-Auditing","54849625-5478-4994-a5ba-3e3b0328c30d","Security","500","4956","lab-dc1.lab.local","12/23/2016 6:44:23 PM",,,"security","Information","Info","Logoff"
"S-1-5-18","LAB-DC1$","LAB","0x86e5f2","3","4634","0","0","12545","0","-9214364837600034816","52405","Microsoft-Windows-Security-Auditing","54849625-5478-4994-a5ba-3e3b0328c30d","Security","500","5516","lab-dc1.lab.local","12/23/2016 6:44:15 PM",,,"security","Information","Info","Logoff"
"S-1-5-18","LAB-DC1$","LAB","0x86e583","3","4634","0","0","12545","0","-9214364837600034816","52402","Microsoft-Windows-Security-Auditing","54849625-5478-4994-a5ba-3e3b0328c30d","Security","500","5516","lab-dc1.lab.local","12/23/2016 6:44:15 PM",,,"security","Information","Info","Logoff"
"S-1-5-18","LAB-DC1$","LAB","0x86bb81","3","4634","0","0","12545","0","-9214364837600034816","52399","Microsoft-Windows-Security-Auditing","54849625-5478-4994-a5ba-3e3b0328c30d","Security","500","4104","lab-dc1.lab.local","12/23/2016 6:43:44 PM",,,"security","Information","Info","Logoff"
"S-1-5-18","LAB-DC1$","LAB","0x86ba0a","3","4634","0","0","12545","0","-9214364837600034816","52398","Microsoft-Windows-Security-Auditing","54849625-5478-4994-a5ba-3e3b0328c30d","Security","500","4104","lab-dc1.lab.local","12/23/2016 6:43:34 PM",,,"security","Information","Info","Logoff"
"S-1-5-18","LAB-DC1$","LAB","0x86bac9","3","4634","0","0","12545","0","-9214364837600034816","52397","Microsoft-Windows-Security-Auditing","54849625-5478-4994-a5ba-3e3b0328c30d","Security","500","5516","lab-dc1.lab.local","12/23/2016 6:43:34 PM",,,"security","Information","Info","Logoff"
"S-1-5-18","LAB-DC1$","LAB","0x86bb0e","3","4634","0","0","12545","0","-9214364837600034816","52396","Microsoft-Windows-Security-Auditing","54849625-5478-4994-a5ba-3e3b0328c30d","Security","500","5516","lab-dc1.lab.local","12/23/2016 6:43:34 PM",,,"security","Information","Info","Logoff"
"S-1-5-18","LAB-DC1$","LAB","0x86b64e","3","4634","0","0","12545","0","-9214364837600034816","52387","Microsoft-Windows-Security-Auditing","54849625-5478-4994-a5ba-3e3b0328c30d","Security","500","5516","lab-dc1.lab.local","12/23/2016 6:43:23 PM",,,"security","Information","Info","Logoff"
"S-1-5-18","LAB-DC1$","LAB","0x86a57d","3","4634","0","0","12545","0","-9214364837600034816","52384","Microsoft-Windows-Security-Auditing","54849625-5478-4994-a5ba-3e3b0328c30d","Security","500","4104","lab-dc1.lab.local","12/23/2016 6:42:23 PM",,,"security","Information","Info","Logoff"
"S-1-5-18","LAB-DC1$","LAB","0x869ccf","3","4634","0","0","12545","0","-9214364837600034816","52381","Microsoft-Windows-Security-Auditing","54849625-5478-4994-a5ba-3e3b0328c30d","Security","500","4104","lab-dc1.lab.local","12/23/2016 6:42:12 PM",,,"security","Information","Info","Logoff"
"S-1-5-18","LAB-DC1$","LAB","0x8637a0","3","4634","0","0","12545","0","-9214364837600034816","52378","Microsoft-Windows-Security-Auditing","54849625-5478-4994-a5ba-3e3b0328c30d","Security","500","5516","lab-dc1.lab.local","12/23/2016 6:41:23 PM",,,"security","Information","Info","Logoff"
"S-1-5-18","LAB-DC1$","LAB","0x847e0d","3","4634","0","0","12545","0","-9214364837600034816","52372","Microsoft-Windows-Security-Auditing","54849625-5478-4994-a5ba-3e3b0328c30d","Security","500","5516","lab-dc1.lab.local","12/23/2016 6:40:23 PM",,,"security","Information","Info","Logoff"
"S-1-5-18","LAB-DC1$","LAB","0x8417e0","3","4634","0","0","12545","0","-9214364837600034816","52368","Microsoft-Windows-Security-Auditing","54849625-5478-4994-a5ba-3e3b0328c30d","Security","500","6116","lab-dc1.lab.local","12/23/2016 6:39:23 PM",,,"security","Information","Info","Logoff"
"S-1-5-18","LAB-DC1$","LAB","0x841710","3","4634","0","0","12545","0","-9214364837600034816","52365","Microsoft-Windows-Security-Auditing","54849625-5478-4994-a5ba-3e3b0328c30d","Security","500","5516","lab-dc1.lab.local","12/23/2016 6:39:14 PM",,,"security","Information","Info","Logoff"
"S-1-5-18","LAB-DC1$","LAB","0x8416a5","3","4634","0","0","12545","0","-9214364837600034816","52362","Microsoft-Windows-Security-Auditing","54849625-5478-4994-a5ba-3e3b0328c30d","Security","500","5516","lab-dc1.lab.local","12/23/2016 6:39:14 PM",,,"security","Information","Info","Logoff"
"S-1-5-18","LAB-DC1$","LAB","0x82ac81","3","4634","0","0","12545","0","-9214364837600034816","52359","Microsoft-Windows-Security-Auditing","54849625-5478-4994-a5ba-3e3b0328c30d","Security","500","6116","lab-dc1.lab.local","12/23/2016 6:38:44 PM",,,"security","Information","Info","Logoff"
"S-1-5-18","LAB-DC1$","LAB","0x82ab0c","3","4634","0","0","12545","0","-9214364837600034816","52358","Microsoft-Windows-Security-Auditing","54849625-5478-4994-a5ba-3e3b0328c30d","Security","500","5516","lab-dc1.lab.local","12/23/2016 6:38:33 PM",,,"security","Information","Info","Logoff"
"S-1-5-18","LAB-DC1$","LAB","0x82abcb","3","4634","0","0","12545","0","-9214364837600034816","52357","Microsoft-Windows-Security-Auditing","54849625-5478-4994-a5ba-3e3b0328c30d","Security","500","5516","lab-dc1.lab.local","12/23/2016 6:38:33 PM",,,"security","Information","Info","Logoff"
"S-1-5-18","LAB-DC1$","LAB","0x82ac10","3","4634","0","0","12545","0","-9214364837600034816","52356","Microsoft-Windows-Security-Auditing","54849625-5478-4994-a5ba-3e3b0328c30d","Security","500","6116","lab-dc1.lab.local","12/23/2016 6:38:33 PM",,,"security","Information","Info","Logoff"
"S-1-5-18","LAB-DC1$","LAB","0x82a6f1","3","4634","0","0","12545","0","-9214364837600034816","52347","Microsoft-Windows-Security-Auditing","54849625-5478-4994-a5ba-3e3b0328c30d","Security","500","6116","lab-dc1.lab.local","12/23/2016 6:38:23 PM",,,"security","Information","Info","Logoff"
"S-1-5-18","LAB-DC1$","LAB","0x82a1d1","3","4634","0","0","12545","0","-9214364837600034816","52344","Microsoft-Windows-Security-Auditing","54849625-5478-4994-a5ba-3e3b0328c30d","Security","500","6116","lab-dc1.lab.local","12/23/2016 6:38:15 PM",,,"security","Information","Info","Logoff"
"S-1-5-18","LAB-DC1$","LAB","0x81569f","3","4634","0","0","12545","0","-9214364837600034816","52341","Microsoft-Windows-Security-Auditing","54849625-5478-4994-a5ba-3e3b0328c30d","Security","500","5516","lab-dc1.lab.local","12/23/2016 6:37:23 PM",,,"security","Information","Info","Logoff"
"S-1-5-18","LAB-DC1$","LAB","0x7f0bd9","3","4634","0","0","12545","0","-9214364837600034816","52338","Microsoft-Windows-Security-Auditing","54849625-5478-4994-a5ba-3e3b0328c30d","Security","500","5516","lab-dc1.lab.local","12/23/2016 6:36:23 PM",,,"security","Information","Info","Logoff"
"S-1-5-18","LAB-DC1$","LAB","0x7d69d2","3","4634","0","0","12545","0","-9214364837600034816","52327","Microsoft-Windows-Security-Auditing","54849625-5478-4994-a5ba-3e3b0328c30d","Security","500","6116","lab-dc1.lab.local","12/23/2016 6:35:23 PM",,,"security","Information","Info","Logoff"
"S-1-5-18","LAB-DC1$","LAB","0x7d5b47","3","4634","0","0","12545","0","-9214364837600034816","52324","Microsoft-Windows-Security-Auditing","54849625-5478-4994-a5ba-3e3b0328c30d","Security","500","6116","lab-dc1.lab.local","12/23/2016 6:34:23 PM",,,"security","Information","Info","Logoff"
"S-1-5-18","LAB-DC1$","LAB","0x7d5a6b","3","4634","0","0","12545","0","-9214364837600034816","52321","Microsoft-Windows-Security-Auditing","54849625-5478-4994-a5ba-3e3b0328c30d","Security","500","5516","lab-dc1.lab.local","12/23/2016 6:34:12 PM",,,"security","Information","Info","Logoff"
"S-1-5-18","LAB-DC1$","LAB","0x7d5a01","3","4634","0","0","12545","0","-9214364837600034816","52318","Microsoft-Windows-Security-Auditing","54849625-5478-4994-a5ba-3e3b0328c30d","Security","500","5516","lab-dc1.lab.local","12/23/2016 6:34:12 PM",,,"security","Information","Info","Logoff"
"S-1-5-18","LAB-DC1$","LAB","0x7c1fdc","3","4634","0","0","12545","0","-9214364837600034816","52315","Microsoft-Windows-Security-Auditing","54849625-5478-4994-a5ba-3e3b0328c30d","Security","500","5516","lab-dc1.lab.local","12/23/2016 6:33:43 PM",,,"security","Information","Info","Logoff"
"S-1-5-18","LAB-DC1$","LAB","0x7c0f7c","3","4634","0","0","12545","0","-9214364837600034816","52314","Microsoft-Windows-Security-Auditing","54849625-5478-4994-a5ba-3e3b0328c30d","Security","500","4520","lab-dc1.lab.local","12/23/2016 6:33:32 PM",,,"security","Information","Info","Logoff"
"S-1-5-18","LAB-DC1$","LAB","0x7c1055","3","4634","0","0","12545","0","-9214364837600034816","52313","Microsoft-Windows-Security-Auditing","54849625-5478-4994-a5ba-3e3b0328c30d","Security","500","5516","lab-dc1.lab.local","12/23/2016 6:33:32 PM",,,"security","Information","Info","Logoff"
"S-1-5-18","LAB-DC1$","LAB","0x7c10b0","3","4634","0","0","12545","0","-9214364837600034816","52312","Microsoft-Windows-Security-Auditing","54849625-5478-4994-a5ba-3e3b0328c30d","Security","500","5516","lab-dc1.lab.local","12/23/2016 6:33:32 PM",,,"security","Information","Info","Logoff"
"S-1-5-18","LAB-DC1$","LAB","0x7bf561","3","4634","0","0","12545","0","-9214364837600034816","52303","Microsoft-Windows-Security-Auditing","54849625-5478-4994-a5ba-3e3b0328c30d","Security","500","4520","lab-dc1.lab.local","12/23/2016 6:33:22 PM",,,"security","Information","Info","Logoff"
"S-1-5-18","LAB-DC1$","LAB","0x79661e","3","4634","0","0","12545","0","-9214364837600034816","52300","Microsoft-Windows-Security-Auditing","54849625-5478-4994-a5ba-3e3b0328c30d","Security","500","5516","lab-dc1.lab.local","12/23/2016 6:32:22 PM",,,"security","Information","Info","Logoff"
"S-1-5-18","LAB-DC1$","LAB","0x795e56","3","4634","0","0","12545","0","-9214364837600034816","52297","Microsoft-Windows-Security-Auditing","54849625-5478-4994-a5ba-3e3b0328c30d","Security","500","4636","lab-dc1.lab.local","12/23/2016 6:32:12 PM",,,"security","Information","Info","Logoff"
"S-1-5-18","LAB-DC1$","LAB","0x7812cf","3","4634","0","0","12545","0","-9214364837600034816","52294","Microsoft-Windows-Security-Auditing","54849625-5478-4994-a5ba-3e3b0328c30d","Security","500","4520","lab-dc1.lab.local","12/23/2016 6:31:22 PM",,,"security","Information","Info","Logoff"
"S-1-5-18","LAB-DC1$","LAB","0x76b9d1","3","4634","0","0","12545","0","-9214364837600034816","52283","Microsoft-Windows-Security-Auditing","54849625-5478-4994-a5ba-3e3b0328c30d","Security","500","5516","lab-dc1.lab.local","12/23/2016 6:30:22 PM",,,"security","Information","Info","Logoff"
"S-1-5-18","LAB-DC1$","LAB","0x75f5cd","3","4634","0","0","12545","0","-9214364837600034816","52280","Microsoft-Windows-Security-Auditing","54849625-5478-4994-a5ba-3e3b0328c30d","Security","500","5516","lab-dc1.lab.local","12/23/2016 6:29:22 PM",,,"security","Information","Info","Logoff"
"S-1-5-18","LAB-DC1$","LAB","0x75700f","3","4634","0","0","12545","0","-9214364837600034816","52277","Microsoft-Windows-Security-Auditing","54849625-5478-4994-a5ba-3e3b0328c30d","Security","500","5836","lab-dc1.lab.local","12/23/2016 6:29:10 PM",,,"security","Information","Info","Logoff"
"S-1-5-18","LAB-DC1$","LAB","0x756fa6","3","4634","0","0","12545","0","-9214364837600034816","52274","Microsoft-Windows-Security-Auditing","54849625-5478-4994-a5ba-3e3b0328c30d","Security","500","5836","lab-dc1.lab.local","12/23/2016 6:29:10 PM",,,"security","Information","Info","Logoff"
"S-1-5-18","LAB-DC1$","LAB","0x7433ad","3","4634","0","0","12545","0","-9214364837600034816","52271","Microsoft-Windows-Security-Auditing","54849625-5478-4994-a5ba-3e3b0328c30d","Security","500","5836","lab-dc1.lab.local","12/23/2016 6:28:42 PM",,,"security","Information","Info","Logoff"
"S-1-5-18","LAB-DC1$","LAB","0x7423d7","3","4634","0","0","12545","0","-9214364837600034816","52270","Microsoft-Windows-Security-Auditing","54849625-5478-4994-a5ba-3e3b0328c30d","Security","500","5516","lab-dc1.lab.local","12/23/2016 6:28:31 PM",,,"security","Information","Info","Logoff"
"S-1-5-18","LAB-DC1$","LAB","0x7424b0","3","4634","0","0","12545","0","-9214364837600034816","52269","Microsoft-Windows-Security-Auditing","54849625-5478-4994-a5ba-3e3b0328c30d","Security","500","5516","lab-dc1.lab.local","12/23/2016 6:28:31 PM",,,"security","Information","Info","Logoff"
"S-1-5-18","LAB-DC1$","LAB","0x74250b","3","4634","0","0","12545","0","-9214364837600034816","52268","Microsoft-Windows-Security-Auditing","54849625-5478-4994-a5ba-3e3b0328c30d","Security","500","5516","lab-dc1.lab.local","12/23/2016 6:28:31 PM",,,"security","Information","Info","Logoff"
"S-1-5-18","LAB-DC1$","LAB","0x741027","3","4634","0","0","12545","0","-9214364837600034816","52251","Microsoft-Windows-Security-Auditing","54849625-5478-4994-a5ba-3e3b0328c30d","Security","500","5516","lab-dc1.lab.local","12/23/2016 6:28:22 PM",,,"security","Information","Info","Logoff"
"S-1-5-18","LAB-DC1$","LAB","0x740c34","3","4634","0","0","12545","0","-9214364837600034816","52248","Microsoft-Windows-Security-Auditing","54849625-5478-4994-a5ba-3e3b0328c30d","Security","500","5516","lab-dc1.lab.local","12/23/2016 6:27:22 PM",,,"security","Information","Info","Logoff"
"S-1-5-18","LAB-DC1$","LAB","0x74075b","3","4634","0","0","12545","0","-9214364837600034816","52245","Microsoft-Windows-Security-Auditing","54849625-5478-4994-a5ba-3e3b0328c30d","Security","500","5564","lab-dc1.lab.local","12/23/2016 6:26:22 PM",,,"security","Information","Info","Logoff"
"S-1-5-18","LAB-DC1$","LAB","0x740384","3","4634","0","0","12545","0","-9214364837600034816","52242","Microsoft-Windows-Security-Auditing","54849625-5478-4994-a5ba-3e3b0328c30d","Security","500","5564","lab-dc1.lab.local","12/23/2016 6:25:22 PM",,,"security","Information","Info","Logoff"
"S-1-5-18","LAB-DC1$","LAB","0x727f5b","3","4634","0","0","12545","0","-9214364837600034816","52239","Microsoft-Windows-Security-Auditing","54849625-5478-4994-a5ba-3e3b0328c30d","Security","500","5564","lab-dc1.lab.local","12/23/2016 6:25:02 PM",,,"security","Information","Info","Logoff"
"S-1-5-18","LAB-DC1$","LAB","0x74002c","3","4634","0","0","12545","0","-9214364837600034816","52238","Microsoft-Windows-Security-Auditing","54849625-5478-4994-a5ba-3e3b0328c30d","Security","500","5516","lab-dc1.lab.local","12/23/2016 6:24:22 PM",,,"security","Information","Info","Logoff"
"S-1-5-18","LAB-DC1$","LAB","0x73ff33","3","4634","0","0","12545","0","-9214364837600034816","52235","Microsoft-Windows-Security-Auditing","54849625-5478-4994-a5ba-3e3b0328c30d","Security","500","5516","lab-dc1.lab.local","12/23/2016 6:24:08 PM",,,"security","Information","Info","Logoff"
"S-1-5-18","LAB-DC1$","LAB","0x73fec8","3","4634","0","0","12545","0","-9214364837600034816","52232","Microsoft-Windows-Security-Auditing","54849625-5478-4994-a5ba-3e3b0328c30d","Security","500","5564","lab-dc1.lab.local","12/23/2016 6:24:08 PM",,,"security","Information","Info","Logoff"
"S-1-5-18","LAB-DC1$","LAB","0x728112","3","4634","0","0","12545","0","-9214364837600034816","52229","Microsoft-Windows-Security-Auditing","54849625-5478-4994-a5ba-3e3b0328c30d","Security","500","5516","lab-dc1.lab.local","12/23/2016 6:23:41 PM",,,"security","Information","Info","Logoff"
"S-1-5-18","LAB-DC1$","LAB","0x727f9d","3","4634","0","0","12545","0","-9214364837600034816","52228","Microsoft-Windows-Security-Auditing","54849625-5478-4994-a5ba-3e3b0328c30d","Security","500","5516","lab-dc1.lab.local","12/23/2016 6:23:31 PM",,,"security","Information","Info","Logoff"
"S-1-5-18","LAB-DC1$","LAB","0x72805e","3","4634","0","0","12545","0","-9214364837600034816","52227","Microsoft-Windows-Security-Auditing","54849625-5478-4994-a5ba-3e3b0328c30d","Security","500","5516","lab-dc1.lab.local","12/23/2016 6:23:30 PM",,,"security","Information","Info","Logoff"
"S-1-5-18","LAB-DC1$","LAB","0x7280a3","3","4634","0","0","12545","0","-9214364837600034816","52226","Microsoft-Windows-Security-Auditing","54849625-5478-4994-a5ba-3e3b0328c30d","Security","500","5516","lab-dc1.lab.local","12/23/2016 6:23:30 PM",,,"security","Information","Info","Logoff"
"S-1-5-18","LAB-DC1$","LAB","0x7243a4","3","4634","0","0","12545","0","-9214364837600034816","52215","Microsoft-Windows-Security-Auditing","54849625-5478-4994-a5ba-3e3b0328c30d","Security","500","5516","lab-dc1.lab.local","12/23/2016 6:23:22 PM",,,"security","Information","Info","Logoff"
"S-1-5-18","LAB-DC1$","LAB","0x707ec5","3","4634","0","0","12545","0","-9214364837600034816","52204","Microsoft-Windows-Security-Auditing","54849625-5478-4994-a5ba-3e3b0328c30d","Security","500","388","lab-dc1.lab.local","12/23/2016 6:22:22 PM",,,"security","Information","Info","Logoff"
"S-1-5-18","LAB-DC1$","LAB","0x7022bd","3","4634","0","0","12545","0","-9214364837600034816","52201","Microsoft-Windows-Security-Auditing","54849625-5478-4994-a5ba-3e3b0328c30d","Security","500","388","lab-dc1.lab.local","12/23/2016 6:22:12 PM",,,"security","Information","Info","Logoff"
"S-1-5-18","LAB-DC1$","LAB","0x6fceae","3","4634","0","0","12545","0","-9214364837600034816","52116","Microsoft-Windows-Security-Auditing","54849625-5478-4994-a5ba-3e3b0328c30d","Security","500","388","lab-dc1.lab.local","12/23/2016 6:21:22 PM",,,"security","Information","Info","Logoff"
"S-1-5-18","LAB-DC1$","LAB","0x6e7e33","3","4634","0","0","12545","0","-9214364837600034816","52103","Microsoft-Windows-Security-Auditing","54849625-5478-4994-a5ba-3e3b0328c30d","Security","500","5516","lab-dc1.lab.local","12/23/2016 6:20:22 PM",,,"security","Information","Info","Logoff"
"S-1-5-18","LAB-DC1$","LAB","0x6dbbb8","3","4634","0","0","12545","0","-9214364837600034816","52100","Microsoft-Windows-Security-Auditing","54849625-5478-4994-a5ba-3e3b0328c30d","Security","500","5516","lab-dc1.lab.local","12/23/2016 6:19:22 PM",,,"security","Information","Info","Logoff"
"S-1-5-18","LAB-DC1$","LAB","0x6d3094","3","4634","0","0","12545","0","-9214364837600034816","52089","Microsoft-Windows-Security-Auditing","54849625-5478-4994-a5ba-3e3b0328c30d","Security","500","5516","lab-dc1.lab.local","12/23/2016 6:19:06 PM",,,"security","Information","Info","Logoff"
"S-1-5-18","LAB-DC1$","LAB","0x6d302b","3","4634","0","0","12545","0","-9214364837600034816","52086","Microsoft-Windows-Security-Auditing","54849625-5478-4994-a5ba-3e3b0328c30d","Security","500","388","lab-dc1.lab.local","12/23/2016 6:19:06 PM",,,"security","Information","Info","Logoff"
"S-1-5-18","LAB-DC1$","LAB","0x6d0c28","3","4634","0","0","12545","0","-9214364837600034816","52083","Microsoft-Windows-Security-Auditing","54849625-5478-4994-a5ba-3e3b0328c30d","Security","500","5516","lab-dc1.lab.local","12/23/2016 6:18:40 PM",,,"security","Information","Info","Logoff"
"S-1-5-18","LAB-DC1$","LAB","0x6d0ac0","3","4634","0","0","12545","0","-9214364837600034816","52082","Microsoft-Windows-Security-Auditing","54849625-5478-4994-a5ba-3e3b0328c30d","Security","500","388","lab-dc1.lab.local","12/23/2016 6:18:30 PM",,,"security","Information","Info","Logoff"
"S-1-5-18","LAB-DC1$","LAB","0x6d0b7f","3","4634","0","0","12545","0","-9214364837600034816","52081","Microsoft-Windows-Security-Auditing","54849625-5478-4994-a5ba-3e3b0328c30d","Security","500","388","lab-dc1.lab.local","12/23/2016 6:18:30 PM",,,"security","Information","Info","Logoff"
"S-1-5-18","LAB-DC1$","LAB","0x6d0bc4","3","4634","0","0","12545","0","-9214364837600034816","52080","Microsoft-Windows-Security-Auditing","54849625-5478-4994-a5ba-3e3b0328c30d","Security","500","388","lab-dc1.lab.local","12/23/2016 6:18:30 PM",,,"security","Information","Info","Logoff"
"S-1-5-18","LAB-DC1$","LAB","0x6d09c0","3","4634","0","0","12545","0","-9214364837600034816","52071","Microsoft-Windows-Security-Auditing","54849625-5478-4994-a5ba-3e3b0328c30d","Security","500","388","lab-dc1.lab.local","12/23/2016 6:18:22 PM",,,"security","Information","Info","Logoff"
"S-1-5-18","LAB-DC1$","LAB","0x6d00a4","3","4634","0","0","12545","0","-9214364837600034816","52066","Microsoft-Windows-Security-Auditing","54849625-5478-4994-a5ba-3e3b0328c30d","Security","500","388","lab-dc1.lab.local","12/23/2016 6:17:22 PM",,,"security","Information","Info","Logoff"
"S-1-5-18","LAB-DC1$","LAB","0x6bad0d","3","4634","0","0","12545","0","-9214364837600034816","52055","Microsoft-Windows-Security-Auditing","54849625-5478-4994-a5ba-3e3b0328c30d","Security","500","388","lab-dc1.lab.local","12/23/2016 6:16:22 PM",,,"security","Information","Info","Logoff"
"S-1-5-18","LAB-DC1$","LAB","0x6ba538","3","4634","0","0","12545","0","-9214364837600034816","52052","Microsoft-Windows-Security-Auditing","54849625-5478-4994-a5ba-3e3b0328c30d","Security","500","2032","lab-dc1.lab.local","12/23/2016 6:15:22 PM",,,"security","Information","Info","Logoff"
"S-1-5-18","LAB-DC1$","LAB","0x6ba226","3","4634","0","0","12545","0","-9214364837600034816","52049","Microsoft-Windows-Security-Auditing","54849625-5478-4994-a5ba-3e3b0328c30d","Security","500","2032","lab-dc1.lab.local","12/23/2016 6:14:22 PM",,,"security","Information","Info","Logoff"
"S-1-5-18","LAB-DC1$","LAB","0x6b9f82","3","4634","0","0","12545","0","-9214364837600034816","52046","Microsoft-Windows-Security-Auditing","54849625-5478-4994-a5ba-3e3b0328c30d","Security","500","2032","lab-dc1.lab.local","12/23/2016 6:14:05 PM",,,"security","Information","Info","Logoff"
"S-1-5-18","LAB-DC1$","LAB","0x6b9f19","3","4634","0","0","12545","0","-9214364837600034816","52043","Microsoft-Windows-Security-Auditing","54849625-5478-4994-a5ba-3e3b0328c30d","Security","500","2032","lab-dc1.lab.local","12/23/2016 6:14:05 PM",,,"security","Information","Info","Logoff"
"S-1-5-18","LAB-DC1$","LAB","0x6a2383","3","4634","0","0","12545","0","-9214364837600034816","52040","Microsoft-Windows-Security-Auditing","54849625-5478-4994-a5ba-3e3b0328c30d","Security","500","2032","lab-dc1.lab.local","12/23/2016 6:13:40 PM",,,"security","Information","Info","Logoff"
"S-1-5-18","LAB-DC1$","LAB","0x6a2219","3","4634","0","0","12545","0","-9214364837600034816","52039","Microsoft-Windows-Security-Auditing","54849625-5478-4994-a5ba-3e3b0328c30d","Security","500","5932","lab-dc1.lab.local","12/23/2016 6:13:29 PM",,,"security","Information","Info","Logoff"
"S-1-5-18","LAB-DC1$","LAB","0x6a22d8","3","4634","0","0","12545","0","-9214364837600034816","52038","Microsoft-Windows-Security-Auditing","54849625-5478-4994-a5ba-3e3b0328c30d","Security","500","5932","lab-dc1.lab.local","12/23/2016 6:13:29 PM",,,"security","Information","Info","Logoff"
"S-1-5-18","LAB-DC1$","LAB","0x6a231d","3","4634","0","0","12545","0","-9214364837600034816","52037","Microsoft-Windows-Security-Auditing","54849625-5478-4994-a5ba-3e3b0328c30d","Security","500","5932","lab-dc1.lab.local","12/23/2016 6:13:29 PM",,,"security","Information","Info","Logoff"
"S-1-5-18","LAB-DC1$","LAB","0x6a20d9","3","4634","0","0","12545","0","-9214364837600034816","52028","Microsoft-Windows-Security-Auditing","54849625-5478-4994-a5ba-3e3b0328c30d","Security","500","2032","lab-dc1.lab.local","12/23/2016 6:13:22 PM",,,"security","Information","Info","Logoff"
"S-1-5-18","LAB-DC1$","LAB","0x68d585","3","4634","0","0","12545","0","-9214364837600034816","52025","Microsoft-Windows-Security-Auditing","54849625-5478-4994-a5ba-3e3b0328c30d","Security","500","2032","lab-dc1.lab.local","12/23/2016 6:12:22 PM",,,"security","Information","Info","Logoff"
"S-1-5-18","LAB-DC1$","LAB","0x682aa5","3","4634","0","0","12545","0","-9214364837600034816","52022","Microsoft-Windows-Security-Auditing","54849625-5478-4994-a5ba-3e3b0328c30d","Security","500","2032","lab-dc1.lab.local","12/23/2016 6:12:12 PM",,,"security","Information","Info","Logoff"
"S-1-5-18","LAB-DC1$","LAB","0x66438f","3","4634","0","0","12545","0","-9214364837600034816","52019","Microsoft-Windows-Security-Auditing","54849625-5478-4994-a5ba-3e3b0328c30d","Security","500","4132","lab-dc1.lab.local","12/23/2016 6:11:22 PM",,,"security","Information","Info","Logoff"
"S-1-5-18","LAB-DC1$","LAB","0x63aa60","3","4634","0","0","12545","0","-9214364837600034816","52008","Microsoft-Windows-Security-Auditing","54849625-5478-4994-a5ba-3e3b0328c30d","Security","500","4132","lab-dc1.lab.local","12/23/2016 6:10:22 PM",,,"security","Information","Info","Logoff"
"S-1-5-18","LAB-DC1$","LAB","0x638958","3","4634","0","0","12545","0","-9214364837600034816","52005","Microsoft-Windows-Security-Auditing","54849625-5478-4994-a5ba-3e3b0328c30d","Security","500","5488","lab-dc1.lab.local","12/23/2016 6:09:22 PM",,,"security","Information","Info","Logoff"
"S-1-5-18","LAB-DC1$","LAB","0x63885a","3","4634","0","0","12545","0","-9214364837600034816","52002","Microsoft-Windows-Security-Auditing","54849625-5478-4994-a5ba-3e3b0328c30d","Security","500","5488","lab-dc1.lab.local","12/23/2016 6:09:03 PM",,,"security","Information","Info","Logoff"
"S-1-5-18","LAB-DC1$","LAB","0x6387f1","3","4634","0","0","12545","0","-9214364837600034816","51999","Microsoft-Windows-Security-Auditing","54849625-5478-4994-a5ba-3e3b0328c30d","Security","500","4132","lab-dc1.lab.local","12/23/2016 6:09:03 PM",,,"security","Information","Info","Logoff"
"S-1-5-18","LAB-DC1$","LAB","0x62eea1","3","4634","0","0","12545","0","-9214364837600034816","51996","Microsoft-Windows-Security-Auditing","54849625-5478-4994-a5ba-3e3b0328c30d","Security","500","4132","lab-dc1.lab.local","12/23/2016 6:08:39 PM",,,"security","Information","Info","Logoff"
"S-1-5-18","LAB-DC1$","LAB","0x62ddf9","3","4634","0","0","12545","0","-9214364837600034816","51995","Microsoft-Windows-Security-Auditing","54849625-5478-4994-a5ba-3e3b0328c30d","Security","500","5488","lab-dc1.lab.local","12/23/2016 6:08:28 PM",,,"security","Information","Info","Logoff"
"S-1-5-18","LAB-DC1$","LAB","0x62ded5","3","4634","0","0","12545","0","-9214364837600034816","51994","Microsoft-Windows-Security-Auditing","54849625-5478-4994-a5ba-3e3b0328c30d","Security","500","5488","lab-dc1.lab.local","12/23/2016 6:08:28 PM",,,"security","Information","Info","Logoff"
"S-1-5-18","LAB-DC1$","LAB","0x62df2e","3","4634","0","0","12545","0","-9214364837600034816","51993","Microsoft-Windows-Security-Auditing","54849625-5478-4994-a5ba-3e3b0328c30d","Security","500","5488","lab-dc1.lab.local","12/23/2016 6:08:28 PM",,,"security","Information","Info","Logoff"
"S-1-5-18","LAB-DC1$","LAB","0x622d7a","3","4634","0","0","12545","0","-9214364837600034816","51984","Microsoft-Windows-Security-Auditing","54849625-5478-4994-a5ba-3e3b0328c30d","Security","500","5488","lab-dc1.lab.local","12/23/2016 6:08:22 PM",,,"security","Information","Info","Logoff"
"S-1-5-18","LAB-DC1$","LAB","0x60d7fd","3","4634","0","0","12545","0","-9214364837600034816","51971","Microsoft-Windows-Security-Auditing","54849625-5478-4994-a5ba-3e3b0328c30d","Security","500","5488","lab-dc1.lab.local","12/23/2016 6:07:22 PM",,,"security","Information","Info","Logoff"
"S-1-5-18","LAB-DC1$","LAB","0x60d41e","3","4634","0","0","12545","0","-9214364837600034816","51968","Microsoft-Windows-Security-Auditing","54849625-5478-4994-a5ba-3e3b0328c30d","Security","500","3020","lab-dc1.lab.local","12/23/2016 6:06:22 PM",,,"security","Information","Info","Logoff"
"S-1-5-18","LAB-DC1$","LAB","0x5f86ff","3","4634","0","0","12545","0","-9214364837600034816","51957","Microsoft-Windows-Security-Auditing","54849625-5478-4994-a5ba-3e3b0328c30d","Security","500","3020","lab-dc1.lab.local","12/23/2016 6:05:22 PM",,,"security","Information","Info","Logoff"
"S-1-5-18","LAB-DC1$","LAB","0x5e37d0","3","4634","0","0","12545","0","-9214364837600034816","51951","Microsoft-Windows-Security-Auditing","54849625-5478-4994-a5ba-3e3b0328c30d","Security","500","4652","lab-dc1.lab.local","12/23/2016 6:04:22 PM",,,"security","Information","Info","Logoff"
"S-1-5-18","LAB-DC1$","LAB","0x5e313b","3","4634","0","0","12545","0","-9214364837600034816","51944","Microsoft-Windows-Security-Auditing","54849625-5478-4994-a5ba-3e3b0328c30d","Security","500","3020","lab-dc1.lab.local","12/23/2016 6:04:01 PM",,,"security","Information","Info","Logoff"
"S-1-5-18","LAB-DC1$","LAB","0x5e30d2","3","4634","0","0","12545","0","-9214364837600034816","51941","Microsoft-Windows-Security-Auditing","54849625-5478-4994-a5ba-3e3b0328c30d","Security","500","3020","lab-dc1.lab.local","12/23/2016 6:04:01 PM",,,"security","Information","Info","Logoff"
"S-1-5-18","LAB-DC1$","LAB","0x5e0f27","3","4634","0","0","12545","0","-9214364837600034816","51938","Microsoft-Windows-Security-Auditing","54849625-5478-4994-a5ba-3e3b0328c30d","Security","500","4652","lab-dc1.lab.local","12/23/2016 6:03:38 PM",,,"security","Information","Info","Logoff"
"S-1-5-18","LAB-DC1$","LAB","0x5e0dbd","3","4634","0","0","12545","0","-9214364837600034816","51937","Microsoft-Windows-Security-Auditing","54849625-5478-4994-a5ba-3e3b0328c30d","Security","500","5072","lab-dc1.lab.local","12/23/2016 6:03:27 PM",,,"security","Information","Info","Logoff"
