#TYPE Selected.System.Diagnostics.Eventing.Reader.EventLogRecord
"TargetUserSid","TargetUserName","TargetDomainName","TargetLogonId","LogonType","Id","Version","Level","Task","Opcode","Keywords","RecordId","ProviderName","ProviderId","LogName","ProcessId","ThreadId","MachineName","TimeCreated","ActivityId","RelatedActivityId","ContainerLog","LevelDisplayName","OpcodeDisplayName","TaskDisplayName"
"S-1-5-18","LAB-DC1$","LAB","0x12cff28","3","4634","0","0","12545","0","-9214364837600034816","55655","Microsoft-Windows-Security-Auditing","54849625-5478-4994-a5ba-3e3b0328c30d","Security","500","6844","lab-dc1.lab.local","12/24/2016 10:56:12 AM",,,"security","Information","Info","Logoff"
"S-1-5-18","LAB-DC1$","LAB","0x12c345b","3","4634","0","0","12545","0","-9214364837600034816","55652","Microsoft-Windows-Security-Auditing","54849625-5478-4994-a5ba-3e3b0328c30d","Security","500","3336","lab-dc1.lab.local","12/24/2016 10:56:08 AM",,,"security","Information","Info","Logoff"
"S-1-5-18","LAB-DC1$","LAB","0x12c2f0f","3","4634","0","0","12545","0","-9214364837600034816","55649","Microsoft-Windows-Security-Auditing","54849625-5478-4994-a5ba-3e3b0328c30d","Security","500","7780","lab-dc1.lab.local","12/24/2016 10:56:07 AM",,,"security","Information","Info","Logoff"
"S-1-5-18","LAB-DC1$","LAB","0x12641d3","3","4634","0","0","12545","0","-9214364837600034816","55645","Microsoft-Windows-Security-Auditing","54849625-5478-4994-a5ba-3e3b0328c30d","Security","500","3336","lab-dc1.lab.local","12/24/2016 10:55:12 AM",,,"security","Information","Info","Logoff"
"S-1-5-18","LAB-DC1$","LAB","0x12438f0","3","4634","0","0","12545","0","-9214364837600034816","55642","Microsoft-Windows-Security-Auditing","54849625-5478-4994-a5ba-3e3b0328c30d","Security","500","7780","lab-dc1.lab.local","12/24/2016 10:55:10 AM",,,"security","Information","Info","Logoff"
"S-1-5-18","LAB-DC1$","LAB","0x1242b12","3","4634","0","0","12545","0","-9214364837600034816","55641","Microsoft-Windows-Security-Auditing","54849625-5478-4994-a5ba-3e3b0328c30d","Security","500","3336","lab-dc1.lab.local","12/24/2016 10:55:00 AM",,,"security","Information","Info","Logoff"
"S-1-5-18","LAB-DC1$","LAB","0x1242bfb","3","4634","0","0","12545","0","-9214364837600034816","55640","Microsoft-Windows-Security-Auditing","54849625-5478-4994-a5ba-3e3b0328c30d","Security","500","6844","lab-dc1.lab.local","12/24/2016 10:55:00 AM",,,"security","Information","Info","Logoff"
"S-1-5-18","LAB-DC1$","LAB","0x1242c6f","3","4634","0","0","12545","0","-9214364837600034816","55639","Microsoft-Windows-Security-Auditing","54849625-5478-4994-a5ba-3e3b0328c30d","Security","500","3336","lab-dc1.lab.local","12/24/2016 10:55:00 AM",,,"security","Information","Info","Logoff"
"S-1-5-18","LAB-DC1$","LAB","0x11ec947","3","4634","0","0","12545","0","-9214364837600034816","55630","Microsoft-Windows-Security-Auditing","54849625-5478-4994-a5ba-3e3b0328c30d","Security","500","7780","lab-dc1.lab.local","12/24/2016 10:54:12 AM",,,"security","Information","Info","Logoff"
"S-1-5-18","LAB-DC1$","LAB","0x11c6cae","3","4634","0","0","12545","0","-9214364837600034816","55626","Microsoft-Windows-Security-Auditing","54849625-5478-4994-a5ba-3e3b0328c30d","Security","500","6844","lab-dc1.lab.local","12/24/2016 10:53:12 AM",,,"security","Information","Info","Logoff"
"S-1-5-18","LAB-DC1$","LAB","0x118d236","3","4634","0","0","12545","0","-9214364837600034816","55623","Microsoft-Windows-Security-Auditing","54849625-5478-4994-a5ba-3e3b0328c30d","Security","500","6844","lab-dc1.lab.local","12/24/2016 10:53:01 AM",,,"security","Information","Info","Logoff"
"S-1-5-18","LAB-DC1$","LAB","0x113a1eb","3","4634","0","0","12545","0","-9214364837600034816","55609","Microsoft-Windows-Security-Auditing","54849625-5478-4994-a5ba-3e3b0328c30d","Security","500","6844","lab-dc1.lab.local","12/24/2016 10:52:12 AM",,,"security","Information","Info","Logoff"
"S-1-5-18","LAB-DC1$","LAB","0x11045ad","3","4634","0","0","12545","0","-9214364837600034816","55598","Microsoft-Windows-Security-Auditing","54849625-5478-4994-a5ba-3e3b0328c30d","Security","500","6844","lab-dc1.lab.local","12/24/2016 10:51:12 AM",,,"security","Information","Info","Logoff"
"S-1-5-18","LAB-DC1$","LAB","0x1104307","3","4634","0","0","12545","0","-9214364837600034816","55595","Microsoft-Windows-Security-Auditing","54849625-5478-4994-a5ba-3e3b0328c30d","Security","500","7780","lab-dc1.lab.local","12/24/2016 10:51:06 AM",,,"security","Information","Info","Logoff"
"S-1-5-18","LAB-DC1$","LAB","0x110429c","3","4634","0","0","12545","0","-9214364837600034816","55592","Microsoft-Windows-Security-Auditing","54849625-5478-4994-a5ba-3e3b0328c30d","Security","500","6844","lab-dc1.lab.local","12/24/2016 10:51:06 AM",,,"security","Information","Info","Logoff"
"S-1-5-18","LAB-DC1$","LAB","0x1103269","3","4634","0","0","12545","0","-9214364837600034816","55589","Microsoft-Windows-Security-Auditing","54849625-5478-4994-a5ba-3e3b0328c30d","Security","500","7780","lab-dc1.lab.local","12/24/2016 10:50:12 AM",,,"security","Information","Info","Logoff"
"S-1-5-18","LAB-DC1$","LAB","0x1101216","3","4634","0","0","12545","0","-9214364837600034816","55586","Microsoft-Windows-Security-Auditing","54849625-5478-4994-a5ba-3e3b0328c30d","Security","500","7780","lab-dc1.lab.local","12/24/2016 10:50:09 AM",,,"security","Information","Info","Logoff"
"S-1-5-18","LAB-DC1$","LAB","0x1101092","3","4634","0","0","12545","0","-9214364837600034816","55585","Microsoft-Windows-Security-Auditing","54849625-5478-4994-a5ba-3e3b0328c30d","Security","500","7468","lab-dc1.lab.local","12/24/2016 10:49:59 AM",,,"security","Information","Info","Logoff"
"S-1-5-18","LAB-DC1$","LAB","0x1101151","3","4634","0","0","12545","0","-9214364837600034816","55584","Microsoft-Windows-Security-Auditing","54849625-5478-4994-a5ba-3e3b0328c30d","Security","500","6844","lab-dc1.lab.local","12/24/2016 10:49:59 AM",,,"security","Information","Info","Logoff"
"S-1-5-18","LAB-DC1$","LAB","0x1101198","3","4634","0","0","12545","0","-9214364837600034816","55583","Microsoft-Windows-Security-Auditing","54849625-5478-4994-a5ba-3e3b0328c30d","Security","500","6844","lab-dc1.lab.local","12/24/2016 10:49:59 AM",,,"security","Information","Info","Logoff"
"S-1-5-18","LAB-DC1$","LAB","0x10ffb4c","3","4634","0","0","12545","0","-9214364837600034816","55563","Microsoft-Windows-Security-Auditing","54849625-5478-4994-a5ba-3e3b0328c30d","Security","500","7468","lab-dc1.lab.local","12/24/2016 10:49:12 AM",,,"security","Information","Info","Logoff"
"S-1-5-18","LAB-DC1$","LAB","0x10fe487","3","4634","0","0","12545","0","-9214364837600034816","55549","Microsoft-Windows-Security-Auditing","54849625-5478-4994-a5ba-3e3b0328c30d","Security","500","7468","lab-dc1.lab.local","12/24/2016 10:48:12 AM",,,"security","Information","Info","Logoff"
"S-1-5-18","LAB-DC1$","LAB","0x10fb6e7","3","4634","0","0","12545","0","-9214364837600034816","55524","Microsoft-Windows-Security-Auditing","54849625-5478-4994-a5ba-3e3b0328c30d","Security","500","6664","lab-dc1.lab.local","12/24/2016 10:47:12 AM",,,"security","Information","Info","Logoff"
"S-1-5-18","LAB-DC1$","LAB","0x10f8b42","3","4634","0","0","12545","0","-9214364837600034816","55509","Microsoft-Windows-Security-Auditing","54849625-5478-4994-a5ba-3e3b0328c30d","Security","500","6664","lab-dc1.lab.local","12/24/2016 10:46:12 AM",,,"security","Information","Info","Logoff"
"S-1-5-18","LAB-DC1$","LAB","0x10f8935","3","4634","0","0","12545","0","-9214364837600034816","55506","Microsoft-Windows-Security-Auditing","54849625-5478-4994-a5ba-3e3b0328c30d","Security","500","6664","lab-dc1.lab.local","12/24/2016 10:46:05 AM",,,"security","Information","Info","Logoff"
"S-1-5-18","LAB-DC1$","LAB","0x10f88c8","3","4634","0","0","12545","0","-9214364837600034816","55503","Microsoft-Windows-Security-Auditing","54849625-5478-4994-a5ba-3e3b0328c30d","Security","500","6664","lab-dc1.lab.local","12/24/2016 10:46:05 AM",,,"security","Information","Info","Logoff"
"S-1-5-18","LAB-DC1$","LAB","0x10d49fa","3","4634","0","0","12545","0","-9214364837600034816","55478","Microsoft-Windows-Security-Auditing","54849625-5478-4994-a5ba-3e3b0328c30d","Security","500","7528","lab-dc1.lab.local","12/24/2016 10:45:12 AM",,,"security","Information","Info","Logoff"
"S-1-5-18","LAB-DC1$","LAB","0x10bae9e","3","4634","0","0","12545","0","-9214364837600034816","55475","Microsoft-Windows-Security-Auditing","54849625-5478-4994-a5ba-3e3b0328c30d","Security","500","7468","lab-dc1.lab.local","12/24/2016 10:45:09 AM",,,"security","Information","Info","Logoff"
"S-1-5-18","LAB-DC1$","LAB","0x10b9f27","3","4634","0","0","12545","0","-9214364837600034816","55474","Microsoft-Windows-Security-Auditing","54849625-5478-4994-a5ba-3e3b0328c30d","Security","500","6664","lab-dc1.lab.local","12/24/2016 10:44:58 AM",,,"security","Information","Info","Logoff"
"S-1-5-18","LAB-DC1$","LAB","0x10ba001","3","4634","0","0","12545","0","-9214364837600034816","55473","Microsoft-Windows-Security-Auditing","54849625-5478-4994-a5ba-3e3b0328c30d","Security","500","6664","lab-dc1.lab.local","12/24/2016 10:44:58 AM",,,"security","Information","Info","Logoff"
"S-1-5-18","LAB-DC1$","LAB","0x10ba070","3","4634","0","0","12545","0","-9214364837600034816","55472","Microsoft-Windows-Security-Auditing","54849625-5478-4994-a5ba-3e3b0328c30d","Security","500","6664","lab-dc1.lab.local","12/24/2016 10:44:58 AM",,,"security","Information","Info","Logoff"
"S-1-5-18","LAB-DC1$","LAB","0x1090849","3","4634","0","0","12545","0","-9214364837600034816","55462","Microsoft-Windows-Security-Auditing","54849625-5478-4994-a5ba-3e3b0328c30d","Security","500","6664","lab-dc1.lab.local","12/24/2016 10:44:12 AM",,,"security","Information","Info","Logoff"
"S-1-5-18","LAB-DC1$","LAB","0x105aaae","3","4634","0","0","12545","0","-9214364837600034816","55459","Microsoft-Windows-Security-Auditing","54849625-5478-4994-a5ba-3e3b0328c30d","Security","500","2528","lab-dc1.lab.local","12/24/2016 10:43:12 AM",,,"security","Information","Info","Logoff"
"S-1-5-18","LAB-DC1$","LAB","0x1030f31","3","4634","0","0","12545","0","-9214364837600034816","55434","Microsoft-Windows-Security-Auditing","54849625-5478-4994-a5ba-3e3b0328c30d","Security","500","6664","lab-dc1.lab.local","12/24/2016 10:43:01 AM",,,"security","Information","Info","Logoff"
"S-1-5-18","LAB-DC1$","LAB","0x102f8aa","3","4634","0","0","12545","0","-9214364837600034816","55430","Microsoft-Windows-Security-Auditing","54849625-5478-4994-a5ba-3e3b0328c30d","Security","500","7468","lab-dc1.lab.local","12/24/2016 10:42:12 AM",,,"security","Information","Info","Logoff"
"S-1-5-18","LAB-DC1$","LAB","0x102d9f7","3","4634","0","0","12545","0","-9214364837600034816","55416","Microsoft-Windows-Security-Auditing","54849625-5478-4994-a5ba-3e3b0328c30d","Security","500","6664","lab-dc1.lab.local","12/24/2016 10:41:12 AM",,,"security","Information","Info","Logoff"
"S-1-5-18","LAB-DC1$","LAB","0x101d0b2","3","4634","0","0","12545","0","-9214364837600034816","55413","Microsoft-Windows-Security-Auditing","54849625-5478-4994-a5ba-3e3b0328c30d","Security","500","7468","lab-dc1.lab.local","12/24/2016 10:41:04 AM",,,"security","Information","Info","Logoff"
"S-1-5-18","LAB-DC1$","LAB","0x101cb4f","3","4634","0","0","12545","0","-9214364837600034816","55410","Microsoft-Windows-Security-Auditing","54849625-5478-4994-a5ba-3e3b0328c30d","Security","500","7468","lab-dc1.lab.local","12/24/2016 10:41:03 AM",,,"security","Information","Info","Logoff"
"S-1-5-18","LAB-DC1$","LAB","0xfa2c1c","3","4634","0","0","12545","0","-9214364837600034816","55396","Microsoft-Windows-Security-Auditing","54849625-5478-4994-a5ba-3e3b0328c30d","Security","500","6664","lab-dc1.lab.local","12/24/2016 10:40:12 AM",,,"security","Information","Info","Logoff"
"S-1-5-18","LAB-DC1$","LAB","0xf84c53","3","4634","0","0","12545","0","-9214364837600034816","55393","Microsoft-Windows-Security-Auditing","54849625-5478-4994-a5ba-3e3b0328c30d","Security","500","7560","lab-dc1.lab.local","12/24/2016 10:40:08 AM",,,"security","Information","Info","Logoff"
"S-1-5-18","LAB-DC1$","LAB","0xf84ab5","3","4634","0","0","12545","0","-9214364837600034816","55381","Microsoft-Windows-Security-Auditing","54849625-5478-4994-a5ba-3e3b0328c30d","Security","500","6664","lab-dc1.lab.local","12/24/2016 10:39:57 AM",,,"security","Information","Info","Logoff"
"S-1-5-18","LAB-DC1$","LAB","0xf84b74","3","4634","0","0","12545","0","-9214364837600034816","55380","Microsoft-Windows-Security-Auditing","54849625-5478-4994-a5ba-3e3b0328c30d","Security","500","6664","lab-dc1.lab.local","12/24/2016 10:39:57 AM",,,"security","Information","Info","Logoff"
"S-1-5-18","LAB-DC1$","LAB","0xf84bbb","3","4634","0","0","12545","0","-9214364837600034816","55379","Microsoft-Windows-Security-Auditing","54849625-5478-4994-a5ba-3e3b0328c30d","Security","500","6664","lab-dc1.lab.local","12/24/2016 10:39:57 AM",,,"security","Information","Info","Logoff"
"S-1-5-18","LAB-DC1$","LAB","0xf0cc5c","3","4634","0","0","12545","0","-9214364837600034816","55370","Microsoft-Windows-Security-Auditing","54849625-5478-4994-a5ba-3e3b0328c30d","Security","500","7560","lab-dc1.lab.local","12/24/2016 10:39:37 AM",,,"security","Information","Info","Logoff"
"S-1-5-18","LAB-DC1$","LAB","0xf1e6b5","3","4634","0","0","12545","0","-9214364837600034816","55369","Microsoft-Windows-Security-Auditing","54849625-5478-4994-a5ba-3e3b0328c30d","Security","500","7468","lab-dc1.lab.local","12/24/2016 10:39:12 AM",,,"security","Information","Info","Logoff"
"S-1-5-18","LAB-DC1$","LAB","0xf0d646","3","4634","0","0","12545","0","-9214364837600034816","55336","Microsoft-Windows-Security-Auditing","54849625-5478-4994-a5ba-3e3b0328c30d","Security","500","7468","lab-dc1.lab.local","12/24/2016 10:38:12 AM",,,"security","Information","Info","Logoff"
"S-1-5-18","LAB-DC1$","LAB","0xf0a99d","3","4634","0","0","12545","0","-9214364837600034816","55323","Microsoft-Windows-Security-Auditing","54849625-5478-4994-a5ba-3e3b0328c30d","Security","500","7468","lab-dc1.lab.local","12/24/2016 10:37:12 AM",,,"security","Information","Info","Logoff"
"S-1-5-18","LAB-DC1$","LAB","0xf03333","3","4634","0","0","12545","0","-9214364837600034816","55320","Microsoft-Windows-Security-Auditing","54849625-5478-4994-a5ba-3e3b0328c30d","Security","500","7468","lab-dc1.lab.local","12/24/2016 10:36:26 AM",,,"security","Information","Info","Logoff"
"S-1-5-18","LAB-DC1$","LAB","0xf093fb","3","4634","0","0","12545","0","-9214364837600034816","55319","Microsoft-Windows-Security-Auditing","54849625-5478-4994-a5ba-3e3b0328c30d","Security","500","7560","lab-dc1.lab.local","12/24/2016 10:36:12 AM",,,"security","Information","Info","Logoff"
"S-1-5-18","LAB-DC1$","LAB","0xf08faa","3","4634","0","0","12545","0","-9214364837600034816","55316","Microsoft-Windows-Security-Auditing","54849625-5478-4994-a5ba-3e3b0328c30d","Security","500","6664","lab-dc1.lab.local","12/24/2016 10:36:02 AM",,,"security","Information","Info","Logoff"
"S-1-5-18","LAB-DC1$","LAB","0xf08f3b","3","4634","0","0","12545","0","-9214364837600034816","55313","Microsoft-Windows-Security-Auditing","54849625-5478-4994-a5ba-3e3b0328c30d","Security","500","6664","lab-dc1.lab.local","12/24/2016 10:36:02 AM",,,"security","Information","Info","Logoff"
"S-1-5-18","LAB-DC1$","LAB","0xf05465","3","4634","0","0","12545","0","-9214364837600034816","55302","Microsoft-Windows-Security-Auditing","54849625-5478-4994-a5ba-3e3b0328c30d","Security","500","7560","lab-dc1.lab.local","12/24/2016 10:35:12 AM",,,"security","Information","Info","Logoff"
"S-1-5-18","LAB-DC1$","LAB","0xf03523","3","4634","0","0","12545","0","-9214364837600034816","55299","Microsoft-Windows-Security-Auditing","54849625-5478-4994-a5ba-3e3b0328c30d","Security","500","7468","lab-dc1.lab.local","12/24/2016 10:35:08 AM",,,"security","Information","Info","Logoff"
"S-1-5-18","LAB-DC1$","LAB","0xf03385","3","4634","0","0","12545","0","-9214364837600034816","55298","Microsoft-Windows-Security-Auditing","54849625-5478-4994-a5ba-3e3b0328c30d","Security","500","6664","lab-dc1.lab.local","12/24/2016 10:34:56 AM",,,"security","Information","Info","Logoff"
"S-1-5-18","LAB-DC1$","LAB","0xf0348b","3","4634","0","0","12545","0","-9214364837600034816","55297","Microsoft-Windows-Security-Auditing","54849625-5478-4994-a5ba-3e3b0328c30d","Security","500","7560","lab-dc1.lab.local","12/24/2016 10:34:56 AM",,,"security","Information","Info","Logoff"
"S-1-5-18","LAB-DC1$","LAB","0xf03444","3","4634","0","0","12545","0","-9214364837600034816","55296","Microsoft-Windows-Security-Auditing","54849625-5478-4994-a5ba-3e3b0328c30d","Security","500","7560","lab-dc1.lab.local","12/24/2016 10:34:56 AM",,,"security","Information","Info","Logoff"
"S-1-5-18","LAB-DC1$","LAB","0xf01ffb","3","4634","0","0","12545","0","-9214364837600034816","55285","Microsoft-Windows-Security-Auditing","54849625-5478-4994-a5ba-3e3b0328c30d","Security","500","7560","lab-dc1.lab.local","12/24/2016 10:34:12 AM",,,"security","Information","Info","Logoff"
"S-1-5-18","LAB-DC1$","LAB","0xf01094","3","4634","0","0","12545","0","-9214364837600034816","55282","Microsoft-Windows-Security-Auditing","54849625-5478-4994-a5ba-3e3b0328c30d","Security","500","7468","lab-dc1.lab.local","12/24/2016 10:33:12 AM",,,"security","Information","Info","Logoff"
"S-1-5-18","LAB-DC1$","LAB","0xf009bf","3","4634","0","0","12545","0","-9214364837600034816","55279","Microsoft-Windows-Security-Auditing","54849625-5478-4994-a5ba-3e3b0328c30d","Security","500","7560","lab-dc1.lab.local","12/24/2016 10:33:01 AM",,,"security","Information","Info","Logoff"
"S-1-5-18","LAB-DC1$","LAB","0xeffd39","3","4634","0","0","12545","0","-9214364837600034816","55276","Microsoft-Windows-Security-Auditing","54849625-5478-4994-a5ba-3e3b0328c30d","Security","500","6664","lab-dc1.lab.local","12/24/2016 10:32:12 AM",,,"security","Information","Info","Logoff"
"S-1-5-18","LAB-DC1$","LAB","0xefe917","3","4634","0","0","12545","0","-9214364837600034816","55273","Microsoft-Windows-Security-Auditing","54849625-5478-4994-a5ba-3e3b0328c30d","Security","500","3788","lab-dc1.lab.local","12/24/2016 10:31:12 AM",,,"security","Information","Info","Logoff"
"S-1-5-18","LAB-DC1$","LAB","0xefe590","3","4634","0","0","12545","0","-9214364837600034816","55270","Microsoft-Windows-Security-Auditing","54849625-5478-4994-a5ba-3e3b0328c30d","Security","500","3788","lab-dc1.lab.local","12/24/2016 10:31:01 AM",,,"security","Information","Info","Logoff"
"S-1-5-18","LAB-DC1$","LAB","0xefe523","3","4634","0","0","12545","0","-9214364837600034816","55267","Microsoft-Windows-Security-Auditing","54849625-5478-4994-a5ba-3e3b0328c30d","Security","500","6664","lab-dc1.lab.local","12/24/2016 10:31:01 AM",,,"security","Information","Info","Logoff"
"S-1-5-18","LAB-DC1$","LAB","0xefd5dc","3","4634","0","0","12545","0","-9214364837600034816","55264","Microsoft-Windows-Security-Auditing","54849625-5478-4994-a5ba-3e3b0328c30d","Security","500","6664","lab-dc1.lab.local","12/24/2016 10:30:12 AM",,,"security","Information","Info","Logoff"
"S-1-5-18","LAB-DC1$","LAB","0xefb26b","3","4634","0","0","12545","0","-9214364837600034816","55261","Microsoft-Windows-Security-Auditing","54849625-5478-4994-a5ba-3e3b0328c30d","Security","500","6664","lab-dc1.lab.local","12/24/2016 10:30:06 AM",,,"security","Information","Info","Logoff"
"S-1-5-18","LAB-DC1$","LAB","0xefb0db","3","4634","0","0","12545","0","-9214364837600034816","55260","Microsoft-Windows-Security-Auditing","54849625-5478-4994-a5ba-3e3b0328c30d","Security","500","3788","lab-dc1.lab.local","12/24/2016 10:29:56 AM",,,"security","Information","Info","Logoff"
"S-1-5-18","LAB-DC1$","LAB","0xefb1e2","3","4634","0","0","12545","0","-9214364837600034816","55259","Microsoft-Windows-Security-Auditing","54849625-5478-4994-a5ba-3e3b0328c30d","Security","500","6664","lab-dc1.lab.local","12/24/2016 10:29:56 AM",,,"security","Information","Info","Logoff"
"S-1-5-18","LAB-DC1$","LAB","0xefb19a","3","4634","0","0","12545","0","-9214364837600034816","55258","Microsoft-Windows-Security-Auditing","54849625-5478-4994-a5ba-3e3b0328c30d","Security","500","6664","lab-dc1.lab.local","12/24/2016 10:29:56 AM",,,"security","Information","Info","Logoff"
"S-1-5-18","LAB-DC1$","LAB","0xef773c","3","4634","0","0","12545","0","-9214364837600034816","55230","Microsoft-Windows-Security-Auditing","54849625-5478-4994-a5ba-3e3b0328c30d","Security","500","4896","lab-dc1.lab.local","12/24/2016 10:29:12 AM",,,"security","Information","Info","Logoff"
"S-1-5-18","LAB-DC1$","LAB","0xef6541","3","4634","0","0","12545","0","-9214364837600034816","55227","Microsoft-Windows-Security-Auditing","54849625-5478-4994-a5ba-3e3b0328c30d","Security","500","4896","lab-dc1.lab.local","12/24/2016 10:28:12 AM",,,"security","Information","Info","Logoff"
"S-1-5-18","LAB-DC1$","LAB","0xef38d1","3","4634","0","0","12545","0","-9214364837600034816","55213","Microsoft-Windows-Security-Auditing","54849625-5478-4994-a5ba-3e3b0328c30d","Security","500","4896","lab-dc1.lab.local","12/24/2016 10:27:12 AM",,,"security","Information","Info","Logoff"
"S-1-5-18","LAB-DC1$","LAB","0xef185d","3","4634","0","0","12545","0","-9214364837600034816","55210","Microsoft-Windows-Security-Auditing","54849625-5478-4994-a5ba-3e3b0328c30d","Security","500","6664","lab-dc1.lab.local","12/24/2016 10:26:12 AM",,,"security","Information","Info","Logoff"
"S-1-5-18","LAB-DC1$","LAB","0xef13c5","3","4634","0","0","12545","0","-9214364837600034816","55205","Microsoft-Windows-Security-Auditing","54849625-5478-4994-a5ba-3e3b0328c30d","Security","500","6664","lab-dc1.lab.local","12/24/2016 10:26:00 AM",,,"security","Information","Info","Logoff"
"S-1-5-18","LAB-DC1$","LAB","0xef1356","3","4634","0","0","12545","0","-9214364837600034816","55202","Microsoft-Windows-Security-Auditing","54849625-5478-4994-a5ba-3e3b0328c30d","Security","500","6664","lab-dc1.lab.local","12/24/2016 10:25:59 AM",,,"security","Information","Info","Logoff"
"S-1-5-18","LAB-DC1$","LAB","0xeefa08","3","4634","0","0","12545","0","-9214364837600034816","55199","Microsoft-Windows-Security-Auditing","54849625-5478-4994-a5ba-3e3b0328c30d","Security","500","4896","lab-dc1.lab.local","12/24/2016 10:25:12 AM",,,"security","Information","Info","Logoff"
"S-1-5-18","LAB-DC1$","LAB","0xeeda59","3","4634","0","0","12545","0","-9214364837600034816","55194","Microsoft-Windows-Security-Auditing","54849625-5478-4994-a5ba-3e3b0328c30d","Security","500","4896","lab-dc1.lab.local","12/24/2016 10:25:06 AM",,,"security","Information","Info","Logoff"
"S-1-5-18","LAB-DC1$","LAB","0xeed8ee","3","4634","0","0","12545","0","-9214364837600034816","55193","Microsoft-Windows-Security-Auditing","54849625-5478-4994-a5ba-3e3b0328c30d","Security","500","6664","lab-dc1.lab.local","12/24/2016 10:24:55 AM",,,"security","Information","Info","Logoff"
"S-1-5-18","LAB-DC1$","LAB","0xeed9ad","3","4634","0","0","12545","0","-9214364837600034816","55192","Microsoft-Windows-Security-Auditing","54849625-5478-4994-a5ba-3e3b0328c30d","Security","500","6664","lab-dc1.lab.local","12/24/2016 10:24:55 AM",,,"security","Information","Info","Logoff"
"S-1-5-18","LAB-DC1$","LAB","0xeed9f4","3","4634","0","0","12545","0","-9214364837600034816","55191","Microsoft-Windows-Security-Auditing","54849625-5478-4994-a5ba-3e3b0328c30d","Security","500","6664","lab-dc1.lab.local","12/24/2016 10:24:55 AM",,,"security","Information","Info","Logoff"
"S-1-5-18","LAB-DC1$","LAB","0xeebeba","3","4634","0","0","12545","0","-9214364837600034816","55172","Microsoft-Windows-Security-Auditing","54849625-5478-4994-a5ba-3e3b0328c30d","Security","500","4508","lab-dc1.lab.local","12/24/2016 10:24:12 AM",,,"security","Information","Info","Logoff"
"S-1-5-18","LAB-DC1$","LAB","0xeeaa38","3","4634","0","0","12545","0","-9214364837600034816","55168","Microsoft-Windows-Security-Auditing","54849625-5478-4994-a5ba-3e3b0328c30d","Security","500","4896","lab-dc1.lab.local","12/24/2016 10:23:12 AM",,,"security","Information","Info","Logoff"
"S-1-5-18","LAB-DC1$","LAB","0xee9fc3","3","4634","0","0","12545","0","-9214364837600034816","55165","Microsoft-Windows-Security-Auditing","54849625-5478-4994-a5ba-3e3b0328c30d","Security","500","4896","lab-dc1.lab.local","12/24/2016 10:23:01 AM",,,"security","Information","Info","Logoff"
"S-1-5-18","LAB-DC1$","LAB","0xed90c5","3","4634","0","0","12545","0","-9214364837600034816","55161","Microsoft-Windows-Security-Auditing","54849625-5478-4994-a5ba-3e3b0328c30d","Security","500","4896","lab-dc1.lab.local","12/24/2016 10:22:12 AM",,,"security","Information","Info","Logoff"
"S-1-5-18","LAB-DC1$","LAB","0xec5d95","3","4634","0","0","12545","0","-9214364837600034816","55149","Microsoft-Windows-Security-Auditing","54849625-5478-4994-a5ba-3e3b0328c30d","Security","500","4508","lab-dc1.lab.local","12/24/2016 10:21:12 AM",,,"security","Information","Info","Logoff"
"S-1-5-18","LAB-DC1$","LAB","0xec5b97","3","4634","0","0","12545","0","-9214364837600034816","55146","Microsoft-Windows-Security-Auditing","54849625-5478-4994-a5ba-3e3b0328c30d","Security","500","4896","lab-dc1.lab.local","12/24/2016 10:20:58 AM",,,"security","Information","Info","Logoff"
"S-1-5-18","LAB-DC1$","LAB","0xec5b2e","3","4634","0","0","12545","0","-9214364837600034816","55143","Microsoft-Windows-Security-Auditing","54849625-5478-4994-a5ba-3e3b0328c30d","Security","500","4896","lab-dc1.lab.local","12/24/2016 10:20:58 AM",,,"security","Information","Info","Logoff"
"S-1-5-18","LAB-DC1$","LAB","0xeb68a8","3","4634","0","0","12545","0","-9214364837600034816","55128","Microsoft-Windows-Security-Auditing","54849625-5478-4994-a5ba-3e3b0328c30d","Security","500","4896","lab-dc1.lab.local","12/24/2016 10:20:12 AM",,,"security","Information","Info","Logoff"
"S-1-5-18","LAB-DC1$","LAB","0xeb456f","3","4634","0","0","12545","0","-9214364837600034816","55125","Microsoft-Windows-Security-Auditing","54849625-5478-4994-a5ba-3e3b0328c30d","Security","500","4896","lab-dc1.lab.local","12/24/2016 10:20:05 AM",,,"security","Information","Info","Logoff"
"S-1-5-18","LAB-DC1$","LAB","0xeb43f6","3","4634","0","0","12545","0","-9214364837600034816","55124","Microsoft-Windows-Security-Auditing","54849625-5478-4994-a5ba-3e3b0328c30d","Security","500","4896","lab-dc1.lab.local","12/24/2016 10:19:54 AM",,,"security","Information","Info","Logoff"
"S-1-5-18","LAB-DC1$","LAB","0xeb44fa","3","4634","0","0","12545","0","-9214364837600034816","55123","Microsoft-Windows-Security-Auditing","54849625-5478-4994-a5ba-3e3b0328c30d","Security","500","4508","lab-dc1.lab.local","12/24/2016 10:19:54 AM",,,"security","Information","Info","Logoff"
"S-1-5-18","LAB-DC1$","LAB","0xeb44b5","3","4634","0","0","12545","0","-9214364837600034816","55122","Microsoft-Windows-Security-Auditing","54849625-5478-4994-a5ba-3e3b0328c30d","Security","500","4508","lab-dc1.lab.local","12/24/2016 10:19:54 AM",,,"security","Information","Info","Logoff"
"S-1-5-18","LAB-DC1$","LAB","0xeb33ac","3","4634","0","0","12545","0","-9214364837600034816","55101","Microsoft-Windows-Security-Auditing","54849625-5478-4994-a5ba-3e3b0328c30d","Security","500","4896","lab-dc1.lab.local","12/24/2016 10:19:12 AM",,,"security","Information","Info","Logoff"
"S-1-5-18","LAB-DC1$","LAB","0xea4287","3","4634","0","0","12545","0","-9214364837600034816","55089","Microsoft-Windows-Security-Auditing","54849625-5478-4994-a5ba-3e3b0328c30d","Security","500","4896","lab-dc1.lab.local","12/24/2016 10:18:12 AM",,,"security","Information","Info","Logoff"
"S-1-5-18","LAB-DC1$","LAB","0xe911c7","3","4634","0","0","12545","0","-9214364837600034816","55074","Microsoft-Windows-Security-Auditing","54849625-5478-4994-a5ba-3e3b0328c30d","Security","500","4508","lab-dc1.lab.local","12/24/2016 10:17:12 AM",,,"security","Information","Info","Logoff"
"S-1-5-18","LAB-DC1$","LAB","0xe7ba52","3","4634","0","0","12545","0","-9214364837600034816","55062","Microsoft-Windows-Security-Auditing","54849625-5478-4994-a5ba-3e3b0328c30d","Security","500","8152","lab-dc1.lab.local","12/24/2016 10:16:12 AM",,,"security","Information","Info","Logoff"
"S-1-5-18","LAB-DC1$","LAB","0xe7b4f7","3","4634","0","0","12545","0","-9214364837600034816","55059","Microsoft-Windows-Security-Auditing","54849625-5478-4994-a5ba-3e3b0328c30d","Security","500","4508","lab-dc1.lab.local","12/24/2016 10:16:05 AM",,,"security","Information","Info","Logoff"
"S-1-5-18","LAB-DC1$","LAB","0xe7b261","3","4634","0","0","12545","0","-9214364837600034816","55056","Microsoft-Windows-Security-Auditing","54849625-5478-4994-a5ba-3e3b0328c30d","Security","500","4508","lab-dc1.lab.local","12/24/2016 10:15:57 AM",,,"security","Information","Info","Logoff"
"S-1-5-18","LAB-DC1$","LAB","0xe7b1f8","3","4634","0","0","12545","0","-9214364837600034816","55053","Microsoft-Windows-Security-Auditing","54849625-5478-4994-a5ba-3e3b0328c30d","Security","500","4508","lab-dc1.lab.local","12/24/2016 10:15:57 AM",,,"security","Information","Info","Logoff"
"S-1-5-18","LAB-DC1$","LAB","0xe7a8dd","3","4634","0","0","12545","0","-9214364837600034816","55049","Microsoft-Windows-Security-Auditing","54849625-5478-4994-a5ba-3e3b0328c30d","Security","500","4508","lab-dc1.lab.local","12/24/2016 10:15:12 AM",,,"security","Information","Info","Logoff"
"S-1-5-18","LAB-DC1$","LAB","0xe785c4","3","4634","0","0","12545","0","-9214364837600034816","55046","Microsoft-Windows-Security-Auditing","54849625-5478-4994-a5ba-3e3b0328c30d","Security","500","7684","lab-dc1.lab.local","12/24/2016 10:15:04 AM",,,"security","Information","Info","Logoff"
"S-1-5-18","LAB-DC1$","LAB","0xe78459","3","4634","0","0","12545","0","-9214364837600034816","55045","Microsoft-Windows-Security-Auditing","54849625-5478-4994-a5ba-3e3b0328c30d","Security","500","7684","lab-dc1.lab.local","12/24/2016 10:14:53 AM",,,"security","Information","Info","Logoff"
"S-1-5-18","LAB-DC1$","LAB","0xe78518","3","4634","0","0","12545","0","-9214364837600034816","55044","Microsoft-Windows-Security-Auditing","54849625-5478-4994-a5ba-3e3b0328c30d","Security","500","7684","lab-dc1.lab.local","12/24/2016 10:14:53 AM",,,"security","Information","Info","Logoff"
"S-1-5-18","LAB-DC1$","LAB","0xe78561","3","4634","0","0","12545","0","-9214364837600034816","55043","Microsoft-Windows-Security-Auditing","54849625-5478-4994-a5ba-3e3b0328c30d","Security","500","7684","lab-dc1.lab.local","12/24/2016 10:14:53 AM",,,"security","Information","Info","Logoff"
"S-1-5-18","LAB-DC1$","LAB","0xe778fb","3","4634","0","0","12545","0","-9214364837600034816","55033","Microsoft-Windows-Security-Auditing","54849625-5478-4994-a5ba-3e3b0328c30d","Security","500","8152","lab-dc1.lab.local","12/24/2016 10:14:12 AM",,,"security","Information","Info","Logoff"
"S-1-5-18","LAB-DC1$","LAB","0xe75818","3","4634","0","0","12545","0","-9214364837600034816","55021","Microsoft-Windows-Security-Auditing","54849625-5478-4994-a5ba-3e3b0328c30d","Security","500","7684","lab-dc1.lab.local","12/24/2016 10:13:12 AM",,,"security","Information","Info","Logoff"
"S-1-5-18","LAB-DC1$","LAB","0xe75219","3","4634","0","0","12545","0","-9214364837600034816","55018","Microsoft-Windows-Security-Auditing","54849625-5478-4994-a5ba-3e3b0328c30d","Security","500","7684","lab-dc1.lab.local","12/24/2016 10:13:01 AM",,,"security","Information","Info","Logoff"
"S-1-5-18","LAB-DC1$","LAB","0xe74e04","3","4634","0","0","12545","0","-9214364837600034816","55014","Microsoft-Windows-Security-Auditing","54849625-5478-4994-a5ba-3e3b0328c30d","Security","500","2124","lab-dc1.lab.local","12/24/2016 10:12:12 AM",,,"security","Information","Info","Logoff"
"S-1-5-18","LAB-DC1$","LAB","0xe71b23","3","4634","0","0","12545","0","-9214364837600034816","54991","Microsoft-Windows-Security-Auditing","54849625-5478-4994-a5ba-3e3b0328c30d","Security","500","7380","lab-dc1.lab.local","12/24/2016 10:11:12 AM",,,"security","Information","Info","Logoff"
"S-1-5-18","LAB-DC1$","LAB","0xe7150a","3","4634","0","0","12545","0","-9214364837600034816","54988","Microsoft-Windows-Security-Auditing","54849625-5478-4994-a5ba-3e3b0328c30d","Security","500","7684","lab-dc1.lab.local","12/24/2016 10:10:56 AM",,,"security","Information","Info","Logoff"
"S-1-5-18","LAB-DC1$","LAB","0xe714a1","3","4634","0","0","12545","0","-9214364837600034816","54985","Microsoft-Windows-Security-Auditing","54849625-5478-4994-a5ba-3e3b0328c30d","Security","500","7684","lab-dc1.lab.local","12/24/2016 10:10:55 AM",,,"security","Information","Info","Logoff"
"S-1-5-18","LAB-DC1$","LAB","0xe7084f","3","4634","0","0","12545","0","-9214364837600034816","54981","Microsoft-Windows-Security-Auditing","54849625-5478-4994-a5ba-3e3b0328c30d","Security","500","7380","lab-dc1.lab.local","12/24/2016 10:10:12 AM",,,"security","Information","Info","Logoff"
"S-1-5-18","LAB-DC1$","LAB","0xe6e902","3","4634","0","0","12545","0","-9214364837600034816","54978","Microsoft-Windows-Security-Auditing","54849625-5478-4994-a5ba-3e3b0328c30d","Security","500","7684","lab-dc1.lab.local","12/24/2016 10:10:03 AM",,,"security","Information","Info","Logoff"
"S-1-5-18","LAB-DC1$","LAB","0xe6e779","3","4634","0","0","12545","0","-9214364837600034816","54977","Microsoft-Windows-Security-Auditing","54849625-5478-4994-a5ba-3e3b0328c30d","Security","500","7684","lab-dc1.lab.local","12/24/2016 10:09:52 AM",,,"security","Information","Info","Logoff"
"S-1-5-18","LAB-DC1$","LAB","0xe6e83a","3","4634","0","0","12545","0","-9214364837600034816","54976","Microsoft-Windows-Security-Auditing","54849625-5478-4994-a5ba-3e3b0328c30d","Security","500","7380","lab-dc1.lab.local","12/24/2016 10:09:52 AM",,,"security","Information","Info","Logoff"
"S-1-5-18","LAB-DC1$","LAB","0xe6e883","3","4634","0","0","12545","0","-9214364837600034816","54975","Microsoft-Windows-Security-Auditing","54849625-5478-4994-a5ba-3e3b0328c30d","Security","500","7684","lab-dc1.lab.local","12/24/2016 10:09:52 AM",,,"security","Information","Info","Logoff"
"S-1-5-18","LAB-DC1$","LAB","0xe5a675","3","4634","0","0","12545","0","-9214364837600034816","54965","Microsoft-Windows-Security-Auditing","54849625-5478-4994-a5ba-3e3b0328c30d","Security","500","7684","lab-dc1.lab.local","12/24/2016 10:09:12 AM",,,"security","Information","Info","Logoff"
"S-1-5-18","LAB-DC1$","LAB","0xe4bf62","3","4634","0","0","12545","0","-9214364837600034816","54961","Microsoft-Windows-Security-Auditing","54849625-5478-4994-a5ba-3e3b0328c30d","Security","500","7532","lab-dc1.lab.local","12/24/2016 10:08:12 AM",,,"security","Information","Info","Logoff"
"S-1-5-18","LAB-DC1$","LAB","0xe35a9b","3","4634","0","0","12545","0","-9214364837600034816","54949","Microsoft-Windows-Security-Auditing","54849625-5478-4994-a5ba-3e3b0328c30d","Security","500","7684","lab-dc1.lab.local","12/24/2016 10:07:12 AM",,,"security","Information","Info","Logoff"
"S-1-5-18","LAB-DC1$","LAB","0xe0724b","3","4634","0","0","12545","0","-9214364837600034816","54945","Microsoft-Windows-Security-Auditing","54849625-5478-4994-a5ba-3e3b0328c30d","Security","500","7532","lab-dc1.lab.local","12/24/2016 10:06:24 AM",,,"security","Information","Info","Logoff"
"S-1-5-18","LAB-DC1$","LAB","0xe204bd","3","4634","0","0","12545","0","-9214364837600034816","54944","Microsoft-Windows-Security-Auditing","54849625-5478-4994-a5ba-3e3b0328c30d","Security","500","7532","lab-dc1.lab.local","12/24/2016 10:06:12 AM",,,"security","Information","Info","Logoff"
"S-1-5-18","LAB-DC1$","LAB","0xe0a928","3","4634","0","0","12545","0","-9214364837600034816","54933","Microsoft-Windows-Security-Auditing","54849625-5478-4994-a5ba-3e3b0328c30d","Security","500","7352","lab-dc1.lab.local","12/24/2016 10:05:54 AM",,,"security","Information","Info","Logoff"
"S-1-5-18","LAB-DC1$","LAB","0xe0a8bb","3","4634","0","0","12545","0","-9214364837600034816","54930","Microsoft-Windows-Security-Auditing","54849625-5478-4994-a5ba-3e3b0328c30d","Security","500","7352","lab-dc1.lab.local","12/24/2016 10:05:54 AM",,,"security","Information","Info","Logoff"
"S-1-5-18","LAB-DC1$","LAB","0xe095da","3","4634","0","0","12545","0","-9214364837600034816","54926","Microsoft-Windows-Security-Auditing","54849625-5478-4994-a5ba-3e3b0328c30d","Security","500","7352","lab-dc1.lab.local","12/24/2016 10:05:12 AM",,,"security","Information","Info","Logoff"
"S-1-5-18","LAB-DC1$","LAB","0xe07437","3","4634","0","0","12545","0","-9214364837600034816","54923","Microsoft-Windows-Security-Auditing","54849625-5478-4994-a5ba-3e3b0328c30d","Security","500","7684","lab-dc1.lab.local","12/24/2016 10:05:02 AM",,,"security","Information","Info","Logoff"
"S-1-5-18","LAB-DC1$","LAB","0xe07298","3","4634","0","0","12545","0","-9214364837600034816","54922","Microsoft-Windows-Security-Auditing","54849625-5478-4994-a5ba-3e3b0328c30d","Security","500","7684","lab-dc1.lab.local","12/24/2016 10:04:52 AM",,,"security","Information","Info","Logoff"
"S-1-5-18","LAB-DC1$","LAB","0xe07359","3","4634","0","0","12545","0","-9214364837600034816","54921","Microsoft-Windows-Security-Auditing","54849625-5478-4994-a5ba-3e3b0328c30d","Security","500","7532","lab-dc1.lab.local","12/24/2016 10:04:52 AM",,,"security","Information","Info","Logoff"
"S-1-5-18","LAB-DC1$","LAB","0xe073a0","3","4634","0","0","12545","0","-9214364837600034816","54920","Microsoft-Windows-Security-Auditing","54849625-5478-4994-a5ba-3e3b0328c30d","Security","500","7532","lab-dc1.lab.local","12/24/2016 10:04:52 AM",,,"security","Information","Info","Logoff"
"S-1-5-18","LAB-DC1$","LAB","0xe04f3b","3","4634","0","0","12545","0","-9214364837600034816","54900","Microsoft-Windows-Security-Auditing","54849625-5478-4994-a5ba-3e3b0328c30d","Security","500","7352","lab-dc1.lab.local","12/24/2016 10:04:12 AM",,,"security","Information","Info","Logoff"
"S-1-5-18","LAB-DC1$","LAB","0xe03b9d","3","4634","0","0","12545","0","-9214364837600034816","54896","Microsoft-Windows-Security-Auditing","54849625-5478-4994-a5ba-3e3b0328c30d","Security","500","7532","lab-dc1.lab.local","12/24/2016 10:03:12 AM",,,"security","Information","Info","Logoff"
"S-1-5-18","LAB-DC1$","LAB","0xe01b14","3","4634","0","0","12545","0","-9214364837600034816","54892","Microsoft-Windows-Security-Auditing","54849625-5478-4994-a5ba-3e3b0328c30d","Security","500","4304","lab-dc1.lab.local","12/24/2016 10:03:01 AM",,,"security","Information","Info","Logoff"
"S-1-5-18","LAB-DC1$","LAB","0xe00c15","3","4634","0","0","12545","0","-9214364837600034816","54888","Microsoft-Windows-Security-Auditing","54849625-5478-4994-a5ba-3e3b0328c30d","Security","500","7532","lab-dc1.lab.local","12/24/2016 10:02:12 AM",,,"security","Information","Info","Logoff"
"S-1-5-18","LAB-DC1$","LAB","0xdfe2da","3","4634","0","0","12545","0","-9214364837600034816","54876","Microsoft-Windows-Security-Auditing","54849625-5478-4994-a5ba-3e3b0328c30d","Security","500","7532","lab-dc1.lab.local","12/24/2016 10:01:12 AM",,,"security","Information","Info","Logoff"
"S-1-5-18","LAB-DC1$","LAB","0xdfddb9","3","4634","0","0","12545","0","-9214364837600034816","54873","Microsoft-Windows-Security-Auditing","54849625-5478-4994-a5ba-3e3b0328c30d","Security","500","7532","lab-dc1.lab.local","12/24/2016 10:00:53 AM",,,"security","Information","Info","Logoff"
"S-1-5-18","LAB-DC1$","LAB","0xdfdd4e","3","4634","0","0","12545","0","-9214364837600034816","54870","Microsoft-Windows-Security-Auditing","54849625-5478-4994-a5ba-3e3b0328c30d","Security","500","7532","lab-dc1.lab.local","12/24/2016 10:00:53 AM",,,"security","Information","Info","Logoff"
"S-1-5-18","LAB-DC1$","LAB","0xdfce8c","3","4634","0","0","12545","0","-9214364837600034816","54866","Microsoft-Windows-Security-Auditing","54849625-5478-4994-a5ba-3e3b0328c30d","Security","500","4304","lab-dc1.lab.local","12/24/2016 10:00:12 AM",,,"security","Information","Info","Logoff"
"S-1-5-18","LAB-DC1$","LAB","0xdf9ca3","3","4634","0","0","12545","0","-9214364837600034816","54863","Microsoft-Windows-Security-Auditing","54849625-5478-4994-a5ba-3e3b0328c30d","Security","500","4304","lab-dc1.lab.local","12/24/2016 10:00:02 AM",,,"security","Information","Info","Logoff"
"S-1-5-18","LAB-DC1$","LAB","0xdf9a53","3","4634","0","0","12545","0","-9214364837600034816","54862","Microsoft-Windows-Security-Auditing","54849625-5478-4994-a5ba-3e3b0328c30d","Security","500","4304","lab-dc1.lab.local","12/24/2016 9:59:51 AM",,,"security","Information","Info","Logoff"
"S-1-5-18","LAB-DC1$","LAB","0xdf9b20","3","4634","0","0","12545","0","-9214364837600034816","54861","Microsoft-Windows-Security-Auditing","54849625-5478-4994-a5ba-3e3b0328c30d","Security","500","8032","lab-dc1.lab.local","12/24/2016 9:59:51 AM",,,"security","Information","Info","Logoff"
"S-1-5-18","LAB-DC1$","LAB","0xdf9b69","3","4634","0","0","12545","0","-9214364837600034816","54860","Microsoft-Windows-Security-Auditing","54849625-5478-4994-a5ba-3e3b0328c30d","Security","500","4304","lab-dc1.lab.local","12/24/2016 9:59:51 AM",,,"security","Information","Info","Logoff"
"S-1-5-18","LAB-DC1$","LAB","0xdf8050","3","4634","0","0","12545","0","-9214364837600034816","54850","Microsoft-Windows-Security-Auditing","54849625-5478-4994-a5ba-3e3b0328c30d","Security","500","8032","lab-dc1.lab.local","12/24/2016 9:59:12 AM",,,"security","Information","Info","Logoff"
"S-1-5-18","LAB-DC1$","LAB","0xdf590c","3","4634","0","0","12545","0","-9214364837600034816","54846","Microsoft-Windows-Security-Auditing","54849625-5478-4994-a5ba-3e3b0328c30d","Security","500","4304","lab-dc1.lab.local","12/24/2016 9:58:12 AM",,,"security","Information","Info","Logoff"
"S-1-5-18","LAB-DC1$","LAB","0xdc940f","3","4634","0","0","12545","0","-9214364837600034816","54832","Microsoft-Windows-Security-Auditing","54849625-5478-4994-a5ba-3e3b0328c30d","Security","500","8032","lab-dc1.lab.local","12/24/2016 9:57:12 AM",,,"security","Information","Info","Logoff"
"S-1-5-18","LAB-DC1$","LAB","0xdc7d79","3","4634","0","0","12545","0","-9214364837600034816","54828","Microsoft-Windows-Security-Auditing","54849625-5478-4994-a5ba-3e3b0328c30d","Security","500","4304","lab-dc1.lab.local","12/24/2016 9:56:12 AM",,,"security","Information","Info","Logoff"
"S-1-5-18","LAB-DC1$","LAB","0xd4ab95","3","4634","0","0","12545","0","-9214364837600034816","54825","Microsoft-Windows-Security-Auditing","54849625-5478-4994-a5ba-3e3b0328c30d","Security","500","8032","lab-dc1.lab.local","12/24/2016 9:56:09 AM",,,"security","Information","Info","Logoff"
"S-1-5-18","LAB-DC1$","LAB","0xdc7544","3","4634","0","0","12545","0","-9214364837600034816","54824","Microsoft-Windows-Security-Auditing","54849625-5478-4994-a5ba-3e3b0328c30d","Security","500","3712","lab-dc1.lab.local","12/24/2016 9:55:52 AM",,,"security","Information","Info","Logoff"
"S-1-5-18","LAB-DC1$","LAB","0xdc74d2","3","4634","0","0","12545","0","-9214364837600034816","54821","Microsoft-Windows-Security-Auditing","54849625-5478-4994-a5ba-3e3b0328c30d","Security","500","3712","lab-dc1.lab.local","12/24/2016 9:55:51 AM",,,"security","Information","Info","Logoff"
"S-1-5-18","LAB-DC1$","LAB","0xd9c270","3","4634","0","0","12545","0","-9214364837600034816","54816","Microsoft-Windows-Security-Auditing","54849625-5478-4994-a5ba-3e3b0328c30d","Security","500","3712","lab-dc1.lab.local","12/24/2016 9:55:12 AM",,,"security","Information","Info","Logoff"
"S-1-5-18","LAB-DC1$","LAB","0xd8cad0","3","4634","0","0","12545","0","-9214364837600034816","54813","Microsoft-Windows-Security-Auditing","54849625-5478-4994-a5ba-3e3b0328c30d","Security","500","3712","lab-dc1.lab.local","12/24/2016 9:55:01 AM",,,"security","Information","Info","Logoff"
"S-1-5-18","LAB-DC1$","LAB","0xd8bd92","3","4634","0","0","12545","0","-9214364837600034816","54811","Microsoft-Windows-Security-Auditing","54849625-5478-4994-a5ba-3e3b0328c30d","Security","500","8032","lab-dc1.lab.local","12/24/2016 9:54:50 AM",,,"security","Information","Info","Logoff"
"S-1-5-18","LAB-DC1$","LAB","0xd8be6d","3","4634","0","0","12545","0","-9214364837600034816","54810","Microsoft-Windows-Security-Auditing","54849625-5478-4994-a5ba-3e3b0328c30d","Security","500","4304","lab-dc1.lab.local","12/24/2016 9:54:50 AM",,,"security","Information","Info","Logoff"
"S-1-5-18","LAB-DC1$","LAB","0xd8bed6","3","4634","0","0","12545","0","-9214364837600034816","54809","Microsoft-Windows-Security-Auditing","54849625-5478-4994-a5ba-3e3b0328c30d","Security","500","4304","lab-dc1.lab.local","12/24/2016 9:54:50 AM",,,"security","Information","Info","Logoff"
"S-1-5-18","LAB-DC1$","LAB","0xd6f7d7","3","4634","0","0","12545","0","-9214364837600034816","54800","Microsoft-Windows-Security-Auditing","54849625-5478-4994-a5ba-3e3b0328c30d","Security","500","4304","lab-dc1.lab.local","12/24/2016 9:54:12 AM",,,"security","Information","Info","Logoff"
"S-1-5-18","LAB-DC1$","LAB","0xd52d70","3","4634","0","0","12545","0","-9214364837600034816","54795","Microsoft-Windows-Security-Auditing","54849625-5478-4994-a5ba-3e3b0328c30d","Security","500","4304","lab-dc1.lab.local","12/24/2016 9:53:12 AM",,,"security","Information","Info","Logoff"
"S-1-5-18","LAB-DC1$","LAB","0xd4b119","3","4634","0","0","12545","0","-9214364837600034816","54792","Microsoft-Windows-Security-Auditing","54849625-5478-4994-a5ba-3e3b0328c30d","Security","500","4304","lab-dc1.lab.local","12/24/2016 9:53:09 AM",,,"security","Information","Info","Logoff"
"S-1-5-18","LAB-DC1$","LAB","0xd30c45","3","4634","0","0","12545","0","-9214364837600034816","54786","Microsoft-Windows-Security-Auditing","54849625-5478-4994-a5ba-3e3b0328c30d","Security","500","8032","lab-dc1.lab.local","12/24/2016 9:53:01 AM",,,"security","Information","Info","Logoff"
"S-1-5-18","LAB-DC1$","LAB","0xd2f3fc","3","4634","0","0","12545","0","-9214364837600034816","54772","Microsoft-Windows-Security-Auditing","54849625-5478-4994-a5ba-3e3b0328c30d","Security","500","3712","lab-dc1.lab.local","12/24/2016 9:52:12 AM",,,"security","Information","Info","Logoff"
"S-1-5-18","LAB-DC1$","LAB","0xd2e06b","3","4634","0","0","12545","0","-9214364837600034816","54764","Microsoft-Windows-Security-Auditing","54849625-5478-4994-a5ba-3e3b0328c30d","Security","500","8032","lab-dc1.lab.local","12/24/2016 9:51:12 AM",,,"security","Information","Info","Logoff"
"S-1-5-18","LAB-DC1$","LAB","0xd2db19","3","4634","0","0","12545","0","-9214364837600034816","54760","Microsoft-Windows-Security-Auditing","54849625-5478-4994-a5ba-3e3b0328c30d","Security","500","3712","lab-dc1.lab.local","12/24/2016 9:50:50 AM",,,"security","Information","Info","Logoff"
"S-1-5-18","LAB-DC1$","LAB","0xd2dab0","3","4634","0","0","12545","0","-9214364837600034816","54757","Microsoft-Windows-Security-Auditing","54849625-5478-4994-a5ba-3e3b0328c30d","Security","500","3712","lab-dc1.lab.local","12/24/2016 9:50:50 AM",,,"security","Information","Info","Logoff"
"S-1-5-18","LAB-DC1$","LAB","0xd2d0ff","3","4634","0","0","12545","0","-9214364837600034816","54754","Microsoft-Windows-Security-Auditing","54849625-5478-4994-a5ba-3e3b0328c30d","Security","500","3712","lab-dc1.lab.local","12/24/2016 9:50:12 AM",,,"security","Information","Info","Logoff"
"S-1-5-18","LAB-DC1$","LAB","0xd2ae5a","3","4634","0","0","12545","0","-9214364837600034816","54751","Microsoft-Windows-Security-Auditing","54849625-5478-4994-a5ba-3e3b0328c30d","Security","500","3712","lab-dc1.lab.local","12/24/2016 9:50:00 AM",,,"security","Information","Info","Logoff"
"S-1-5-18","LAB-DC1$","LAB","0xd2acd6","3","4634","0","0","12545","0","-9214364837600034816","54748","Microsoft-Windows-Security-Auditing","54849625-5478-4994-a5ba-3e3b0328c30d","Security","500","3712","lab-dc1.lab.local","12/24/2016 9:49:49 AM",,,"security","Information","Info","Logoff"
"S-1-5-18","LAB-DC1$","LAB","0xd2ad95","3","4634","0","0","12545","0","-9214364837600034816","54747","Microsoft-Windows-Security-Auditing","54849625-5478-4994-a5ba-3e3b0328c30d","Security","500","8032","lab-dc1.lab.local","12/24/2016 9:49:49 AM",,,"security","Information","Info","Logoff"
"S-1-5-18","LAB-DC1$","LAB","0xd2addc","3","4634","0","0","12545","0","-9214364837600034816","54746","Microsoft-Windows-Security-Auditing","54849625-5478-4994-a5ba-3e3b0328c30d","Security","500","3712","lab-dc1.lab.local","12/24/2016 9:49:49 AM",,,"security","Information","Info","Logoff"
"S-1-5-18","LAB-DC1$","LAB","0xd29d25","3","4634","0","0","12545","0","-9214364837600034816","54737","Microsoft-Windows-Security-Auditing","54849625-5478-4994-a5ba-3e3b0328c30d","Security","500","3712","lab-dc1.lab.local","12/24/2016 9:49:12 AM",,,"security","Information","Info","Logoff"
"S-1-5-18","LAB-DC1$","LAB","0xd140d2","3","4634","0","0","12545","0","-9214364837600034816","54733","Microsoft-Windows-Security-Auditing","54849625-5478-4994-a5ba-3e3b0328c30d","Security","500","8032","lab-dc1.lab.local","12/24/2016 9:48:12 AM",,,"security","Information","Info","Logoff"
"S-1-5-18","LAB-DC1$","LAB","0xcfc5bc","3","4634","0","0","12545","0","-9214364837600034816","54721","Microsoft-Windows-Security-Auditing","54849625-5478-4994-a5ba-3e3b0328c30d","Security","500","8032","lab-dc1.lab.local","12/24/2016 9:47:12 AM",,,"security","Information","Info","Logoff"
"S-1-5-18","LAB-DC1$","LAB","0xccb5cf","3","4634","0","0","12545","0","-9214364837600034816","54703","Microsoft-Windows-Security-Auditing","54849625-5478-4994-a5ba-3e3b0328c30d","Security","500","8032","lab-dc1.lab.local","12/24/2016 9:46:12 AM",,,"security","Information","Info","Logoff"
"S-1-5-18","LAB-DC1$","LAB","0xccae80","3","4634","0","0","12545","0","-9214364837600034816","54699","Microsoft-Windows-Security-Auditing","54849625-5478-4994-a5ba-3e3b0328c30d","Security","500","8032","lab-dc1.lab.local","12/24/2016 9:45:49 AM",,,"security","Information","Info","Logoff"
"S-1-5-18","LAB-DC1$","LAB","0xccae13","3","4634","0","0","12545","0","-9214364837600034816","54696","Microsoft-Windows-Security-Auditing","54849625-5478-4994-a5ba-3e3b0328c30d","Security","500","8032","lab-dc1.lab.local","12/24/2016 9:45:49 AM",,,"security","Information","Info","Logoff"
