"S-1-5-18","LAB-DC1$","LAB","0x5e0e7c","3","4634","0","0","12545","0","-9214364837600034816","51936","Microsoft-Windows-Security-Auditing","54849625-5478-4994-a5ba-3e3b0328c30d","Security","500","5072","lab-dc1.lab.local","12/23/2016 6:03:27 PM",,,"security","Information","Info","Logoff"
"S-1-5-18","LAB-DC1$","LAB","0x5e0ec1","3","4634","0","0","12545","0","-9214364837600034816","51935","Microsoft-Windows-Security-Auditing","54849625-5478-4994-a5ba-3e3b0328c30d","Security","500","5072","lab-dc1.lab.local","12/23/2016 6:03:27 PM",,,"security","Information","Info","Logoff"
"S-1-5-18","LAB-DC1$","LAB","0x5e0d18","3","4634","0","0","12545","0","-9214364837600034816","51926","Microsoft-Windows-Security-Auditing","54849625-5478-4994-a5ba-3e3b0328c30d","Security","500","3020","lab-dc1.lab.local","12/23/2016 6:03:22 PM",,,"security","Information","Info","Logoff"
"S-1-5-18","LAB-DC1$","LAB","0x5c0ce4","3","4634","0","0","12545","0","-9214364837600034816","51921","Microsoft-Windows-Security-Auditing","54849625-5478-4994-a5ba-3e3b0328c30d","Security","500","3020","lab-dc1.lab.local","12/23/2016 6:02:22 PM",,,"security","Information","Info","Logoff"
"S-1-5-18","LAB-DC1$","LAB","0x5b6c6f","3","4634","0","0","12545","0","-9214364837600034816","51910","Microsoft-Windows-Security-Auditing","54849625-5478-4994-a5ba-3e3b0328c30d","Security","500","3020","lab-dc1.lab.local","12/23/2016 6:02:12 PM",,,"security","Information","Info","Logoff"
"S-1-5-18","LAB-DC1$","LAB","0x5b65ab","3","4634","0","0","12545","0","-9214364837600034816","51907","Microsoft-Windows-Security-Auditing","54849625-5478-4994-a5ba-3e3b0328c30d","Security","500","5048","lab-dc1.lab.local","12/23/2016 6:01:22 PM",,,"security","Information","Info","Logoff"
"S-1-5-18","LAB-DC1$","LAB","0x5b5cd0","3","4634","0","0","12545","0","-9214364837600034816","51904","Microsoft-Windows-Security-Auditing","54849625-5478-4994-a5ba-3e3b0328c30d","Security","500","4708","lab-dc1.lab.local","12/23/2016 6:00:22 PM",,,"security","Information","Info","Logoff"
"S-1-5-18","LAB-DC1$","LAB","0x5b5768","3","4634","0","0","12545","0","-9214364837600034816","51901","Microsoft-Windows-Security-Auditing","54849625-5478-4994-a5ba-3e3b0328c30d","Security","500","5048","lab-dc1.lab.local","12/23/2016 5:59:22 PM",,,"security","Information","Info","Logoff"
"S-1-5-18","LAB-DC1$","LAB","0x5b5639","3","4634","0","0","12545","0","-9214364837600034816","51898","Microsoft-Windows-Security-Auditing","54849625-5478-4994-a5ba-3e3b0328c30d","Security","500","4708","lab-dc1.lab.local","12/23/2016 5:59:00 PM",,,"security","Information","Info","Logoff"
"S-1-5-18","LAB-DC1$","LAB","0x5b55ce","3","4634","0","0","12545","0","-9214364837600034816","51895","Microsoft-Windows-Security-Auditing","54849625-5478-4994-a5ba-3e3b0328c30d","Security","500","4708","lab-dc1.lab.local","12/23/2016 5:58:59 PM",,,"security","Information","Info","Logoff"
"S-1-5-18","LAB-DC1$","LAB","0x5b354d","3","4634","0","0","12545","0","-9214364837600034816","51892","Microsoft-Windows-Security-Auditing","54849625-5478-4994-a5ba-3e3b0328c30d","Security","500","5048","lab-dc1.lab.local","12/23/2016 5:58:45 PM",,,"security","Information","Info","Logoff"
"S-1-5-18","LAB-DC1$","LAB","0x5b3aa7","3","4634","0","0","12545","0","-9214364837600034816","51891","Microsoft-Windows-Security-Auditing","54849625-5478-4994-a5ba-3e3b0328c30d","Security","500","4708","lab-dc1.lab.local","12/23/2016 5:58:38 PM",,,"security","Information","Info","Logoff"
"S-1-5-18","LAB-DC1$","LAB","0x5b3939","3","4634","0","0","12545","0","-9214364837600034816","51890","Microsoft-Windows-Security-Auditing","54849625-5478-4994-a5ba-3e3b0328c30d","Security","500","5048","lab-dc1.lab.local","12/23/2016 5:58:27 PM",,,"security","Information","Info","Logoff"
"S-1-5-18","LAB-DC1$","LAB","0x5b39f8","3","4634","0","0","12545","0","-9214364837600034816","51889","Microsoft-Windows-Security-Auditing","54849625-5478-4994-a5ba-3e3b0328c30d","Security","500","5048","lab-dc1.lab.local","12/23/2016 5:58:27 PM",,,"security","Information","Info","Logoff"
"S-1-5-18","LAB-DC1$","LAB","0x5b3a3d","3","4634","0","0","12545","0","-9214364837600034816","51888","Microsoft-Windows-Security-Auditing","54849625-5478-4994-a5ba-3e3b0328c30d","Security","500","5048","lab-dc1.lab.local","12/23/2016 5:58:27 PM",,,"security","Information","Info","Logoff"
"S-1-5-18","LAB-DC1$","LAB","0x5b3888","3","4634","0","0","12545","0","-9214364837600034816","51879","Microsoft-Windows-Security-Auditing","54849625-5478-4994-a5ba-3e3b0328c30d","Security","500","5048","lab-dc1.lab.local","12/23/2016 5:58:22 PM",,,"security","Information","Info","Logoff"
"S-1-5-18","LAB-DC1$","LAB","0x5b36f0","3","4634","0","0","12545","0","-9214364837600034816","51876","Microsoft-Windows-Security-Auditing","54849625-5478-4994-a5ba-3e3b0328c30d","Security","500","5048","lab-dc1.lab.local","12/23/2016 5:57:22 PM",,,"security","Information","Info","Logoff"
"S-1-5-18","LAB-DC1$","LAB","0x5b334f","3","4634","0","0","12545","0","-9214364837600034816","51871","Microsoft-Windows-Security-Auditing","54849625-5478-4994-a5ba-3e3b0328c30d","Security","500","4708","lab-dc1.lab.local","12/23/2016 5:56:22 PM",,,"security","Information","Info","Logoff"
"S-1-5-18","LAB-DC1$","LAB","0x5b2e98","3","4634","0","0","12545","0","-9214364837600034816","51868","Microsoft-Windows-Security-Auditing","54849625-5478-4994-a5ba-3e3b0328c30d","Security","500","4708","lab-dc1.lab.local","12/23/2016 5:55:22 PM",,,"security","Information","Info","Logoff"
"S-1-5-18","LAB-DC1$","LAB","0x5a85f7","3","4634","0","0","12545","0","-9214364837600034816","51865","Microsoft-Windows-Security-Auditing","54849625-5478-4994-a5ba-3e3b0328c30d","Security","500","4708","lab-dc1.lab.local","12/23/2016 5:54:55 PM",,,"security","Information","Info","Logoff"
"S-1-5-18","LAB-DC1$","LAB","0x5b2ca4","3","4634","0","0","12545","0","-9214364837600034816","51864","Microsoft-Windows-Security-Auditing","54849625-5478-4994-a5ba-3e3b0328c30d","Security","500","5700","lab-dc1.lab.local","12/23/2016 5:54:22 PM",,,"security","Information","Info","Logoff"
"S-1-5-18","LAB-DC1$","LAB","0x5ad7c1","3","4634","0","0","12545","0","-9214364837600034816","51779","Microsoft-Windows-Security-Auditing","54849625-5478-4994-a5ba-3e3b0328c30d","Security","500","4104","lab-dc1.lab.local","12/23/2016 5:53:58 PM",,,"security","Information","Info","Logoff"
"S-1-5-18","LAB-DC1$","LAB","0x5ad758","3","4634","0","0","12545","0","-9214364837600034816","51776","Microsoft-Windows-Security-Auditing","54849625-5478-4994-a5ba-3e3b0328c30d","Security","500","4104","lab-dc1.lab.local","12/23/2016 5:53:58 PM",,,"security","Information","Info","Logoff"
"S-1-5-18","LAB-DC1$","LAB","0x5a87b1","3","4634","0","0","12545","0","-9214364837600034816","51690","Microsoft-Windows-Security-Auditing","54849625-5478-4994-a5ba-3e3b0328c30d","Security","500","4104","lab-dc1.lab.local","12/23/2016 5:53:37 PM",,,"security","Information","Info","Logoff"
"S-1-5-18","LAB-DC1$","LAB","0x5a863c","3","4634","0","0","12545","0","-9214364837600034816","51689","Microsoft-Windows-Security-Auditing","54849625-5478-4994-a5ba-3e3b0328c30d","Security","500","4104","lab-dc1.lab.local","12/23/2016 5:53:26 PM",,,"security","Information","Info","Logoff"
"S-1-5-18","LAB-DC1$","LAB","0x5a86fb","3","4634","0","0","12545","0","-9214364837600034816","51688","Microsoft-Windows-Security-Auditing","54849625-5478-4994-a5ba-3e3b0328c30d","Security","500","6140","lab-dc1.lab.local","12/23/2016 5:53:26 PM",,,"security","Information","Info","Logoff"
"S-1-5-18","LAB-DC1$","LAB","0x5a8740","3","4634","0","0","12545","0","-9214364837600034816","51687","Microsoft-Windows-Security-Auditing","54849625-5478-4994-a5ba-3e3b0328c30d","Security","500","6140","lab-dc1.lab.local","12/23/2016 5:53:26 PM",,,"security","Information","Info","Logoff"
"S-1-5-18","LAB-DC1$","LAB","0x5a850a","3","4634","0","0","12545","0","-9214364837600034816","51676","Microsoft-Windows-Security-Auditing","54849625-5478-4994-a5ba-3e3b0328c30d","Security","500","6140","lab-dc1.lab.local","12/23/2016 5:53:22 PM",,,"security","Information","Info","Logoff"
"S-1-5-18","LAB-DC1$","LAB","0x592b5a","3","4634","0","0","12545","0","-9214364837600034816","51665","Microsoft-Windows-Security-Auditing","54849625-5478-4994-a5ba-3e3b0328c30d","Security","500","4708","lab-dc1.lab.local","12/23/2016 5:52:22 PM",,,"security","Information","Info","Logoff"
"S-1-5-18","LAB-DC1$","LAB","0x591d7f","3","4634","0","0","12545","0","-9214364837600034816","51662","Microsoft-Windows-Security-Auditing","54849625-5478-4994-a5ba-3e3b0328c30d","Security","500","6140","lab-dc1.lab.local","12/23/2016 5:52:12 PM",,,"security","Information","Info","Logoff"
"S-1-5-18","LAB-DC1$","LAB","0x591a8f","3","4634","0","0","12545","0","-9214364837600034816","51659","Microsoft-Windows-Security-Auditing","54849625-5478-4994-a5ba-3e3b0328c30d","Security","500","4460","lab-dc1.lab.local","12/23/2016 5:51:22 PM",,,"security","Information","Info","Logoff"
"S-1-5-18","LAB-DC1$","LAB","0x5916e7","3","4634","0","0","12545","0","-9214364837600034816","51656","Microsoft-Windows-Security-Auditing","54849625-5478-4994-a5ba-3e3b0328c30d","Security","500","6140","lab-dc1.lab.local","12/23/2016 5:50:22 PM",,,"security","Information","Info","Logoff"
"S-1-5-18","LAB-DC1$","LAB","0x5914c2","3","4634","0","0","12545","0","-9214364837600034816","51653","Microsoft-Windows-Security-Auditing","54849625-5478-4994-a5ba-3e3b0328c30d","Security","500","4460","lab-dc1.lab.local","12/23/2016 5:49:22 PM",,,"security","Information","Info","Logoff"
"S-1-5-18","LAB-DC1$","LAB","0x590f8a","3","4634","0","0","12545","0","-9214364837600034816","51650","Microsoft-Windows-Security-Auditing","54849625-5478-4994-a5ba-3e3b0328c30d","Security","500","4460","lab-dc1.lab.local","12/23/2016 5:48:56 PM",,,"security","Information","Info","Logoff"
"S-1-5-18","LAB-DC1$","LAB","0x590ea6","3","4634","0","0","12545","0","-9214364837600034816","51647","Microsoft-Windows-Security-Auditing","54849625-5478-4994-a5ba-3e3b0328c30d","Security","500","5764","lab-dc1.lab.local","12/23/2016 5:48:56 PM",,,"security","Information","Info","Logoff"
"S-1-5-18","LAB-DC1$","LAB","0x589801","3","4634","0","0","12545","0","-9214364837600034816","51562","Microsoft-Windows-Security-Auditing","54849625-5478-4994-a5ba-3e3b0328c30d","Security","500","4460","lab-dc1.lab.local","12/23/2016 5:48:36 PM",,,"security","Information","Info","Logoff"
"S-1-5-18","LAB-DC1$","LAB","0x58968e","3","4634","0","0","12545","0","-9214364837600034816","51561","Microsoft-Windows-Security-Auditing","54849625-5478-4994-a5ba-3e3b0328c30d","Security","500","5660","lab-dc1.lab.local","12/23/2016 5:48:25 PM",,,"security","Information","Info","Logoff"
"S-1-5-18","LAB-DC1$","LAB","0x58974d","3","4634","0","0","12545","0","-9214364837600034816","51560","Microsoft-Windows-Security-Auditing","54849625-5478-4994-a5ba-3e3b0328c30d","Security","500","5660","lab-dc1.lab.local","12/23/2016 5:48:25 PM",,,"security","Information","Info","Logoff"
"S-1-5-18","LAB-DC1$","LAB","0x589792","3","4634","0","0","12545","0","-9214364837600034816","51559","Microsoft-Windows-Security-Auditing","54849625-5478-4994-a5ba-3e3b0328c30d","Security","500","5660","lab-dc1.lab.local","12/23/2016 5:48:25 PM",,,"security","Information","Info","Logoff"
"S-1-5-18","LAB-DC1$","LAB","0x5895ef","3","4634","0","0","12545","0","-9214364837600034816","51550","Microsoft-Windows-Security-Auditing","54849625-5478-4994-a5ba-3e3b0328c30d","Security","500","5660","lab-dc1.lab.local","12/23/2016 5:48:22 PM",,,"security","Information","Info","Logoff"
"S-1-5-18","LAB-DC1$","LAB","0x588d6d","3","4634","0","0","12545","0","-9214364837600034816","51547","Microsoft-Windows-Security-Auditing","54849625-5478-4994-a5ba-3e3b0328c30d","Security","500","5660","lab-dc1.lab.local","12/23/2016 5:47:22 PM",,,"security","Information","Info","Logoff"
"S-1-5-18","LAB-DC1$","LAB","0x565a82","3","4634","0","0","12545","0","-9214364837600034816","51542","Microsoft-Windows-Security-Auditing","54849625-5478-4994-a5ba-3e3b0328c30d","Security","500","4596","lab-dc1.lab.local","12/23/2016 5:46:22 PM",,,"security","Information","Info","Logoff"
"S-1-5-18","LAB-DC1$","LAB","0x54d4e1","3","4634","0","0","12545","0","-9214364837600034816","51535","Microsoft-Windows-Security-Auditing","54849625-5478-4994-a5ba-3e3b0328c30d","Security","500","4596","lab-dc1.lab.local","12/23/2016 5:45:22 PM",,,"security","Information","Info","Logoff"
"S-1-5-18","LAB-DC1$","LAB","0x529e0e","3","4634","0","0","12545","0","-9214364837600034816","51532","Microsoft-Windows-Security-Auditing","54849625-5478-4994-a5ba-3e3b0328c30d","Security","500","4596","lab-dc1.lab.local","12/23/2016 5:44:22 PM",,,"security","Information","Info","Logoff"
"S-1-5-18","LAB-DC1$","LAB","0x525ac3","3","4634","0","0","12545","0","-9214364837600034816","51521","Microsoft-Windows-Security-Auditing","54849625-5478-4994-a5ba-3e3b0328c30d","Security","500","4596","lab-dc1.lab.local","12/23/2016 5:43:54 PM",,,"security","Information","Info","Logoff"
"S-1-5-18","LAB-DC1$","LAB","0x525a56","3","4634","0","0","12545","0","-9214364837600034816","51518","Microsoft-Windows-Security-Auditing","54849625-5478-4994-a5ba-3e3b0328c30d","Security","500","4596","lab-dc1.lab.local","12/23/2016 5:43:54 PM",,,"security","Information","Info","Logoff"
"S-1-5-18","LAB-DC1$","LAB","0x5232ea","3","4634","0","0","12545","0","-9214364837600034816","51513","Microsoft-Windows-Security-Auditing","54849625-5478-4994-a5ba-3e3b0328c30d","Security","500","4596","lab-dc1.lab.local","12/23/2016 5:43:35 PM",,,"security","Information","Info","Logoff"
"S-1-5-18","LAB-DC1$","LAB","0x52317d","3","4634","0","0","12545","0","-9214364837600034816","51510","Microsoft-Windows-Security-Auditing","54849625-5478-4994-a5ba-3e3b0328c30d","Security","500","5648","lab-dc1.lab.local","12/23/2016 5:43:24 PM",,,"security","Information","Info","Logoff"
"S-1-5-18","LAB-DC1$","LAB","0x52323d","3","4634","0","0","12545","0","-9214364837600034816","51509","Microsoft-Windows-Security-Auditing","54849625-5478-4994-a5ba-3e3b0328c30d","Security","500","5648","lab-dc1.lab.local","12/23/2016 5:43:24 PM",,,"security","Information","Info","Logoff"
"S-1-5-18","LAB-DC1$","LAB","0x523282","3","4634","0","0","12545","0","-9214364837600034816","51508","Microsoft-Windows-Security-Auditing","54849625-5478-4994-a5ba-3e3b0328c30d","Security","500","5648","lab-dc1.lab.local","12/23/2016 5:43:24 PM",,,"security","Information","Info","Logoff"
"S-1-5-18","LAB-DC1$","LAB","0x5230e6","3","4634","0","0","12545","0","-9214364837600034816","51499","Microsoft-Windows-Security-Auditing","54849625-5478-4994-a5ba-3e3b0328c30d","Security","500","4596","lab-dc1.lab.local","12/23/2016 5:43:22 PM",,,"security","Information","Info","Logoff"
"S-1-5-18","LAB-DC1$","LAB","0x522ebd","3","4634","0","0","12545","0","-9214364837600034816","51496","Microsoft-Windows-Security-Auditing","54849625-5478-4994-a5ba-3e3b0328c30d","Security","500","5648","lab-dc1.lab.local","12/23/2016 5:42:22 PM",,,"security","Information","Info","Logoff"
"S-1-5-18","LAB-DC1$","LAB","0x522d01","3","4634","0","0","12545","0","-9214364837600034816","51493","Microsoft-Windows-Security-Auditing","54849625-5478-4994-a5ba-3e3b0328c30d","Security","500","5648","lab-dc1.lab.local","12/23/2016 5:42:12 PM",,,"security","Information","Info","Logoff"
"S-1-5-18","LAB-DC1$","LAB","0x522c69","3","4634","0","0","12545","0","-9214364837600034816","51490","Microsoft-Windows-Security-Auditing","54849625-5478-4994-a5ba-3e3b0328c30d","Security","500","5188","lab-dc1.lab.local","12/23/2016 5:41:22 PM",,,"security","Information","Info","Logoff"
"S-1-5-18","LAB-DC1$","LAB","0x522899","3","4634","0","0","12545","0","-9214364837600034816","51487","Microsoft-Windows-Security-Auditing","54849625-5478-4994-a5ba-3e3b0328c30d","Security","500","4924","lab-dc1.lab.local","12/23/2016 5:40:22 PM",,,"security","Information","Info","Logoff"
"S-1-5-18","LAB-DC1$","LAB","0x522711","3","4634","0","0","12545","0","-9214364837600034816","51484","Microsoft-Windows-Security-Auditing","54849625-5478-4994-a5ba-3e3b0328c30d","Security","500","5188","lab-dc1.lab.local","12/23/2016 5:39:22 PM",,,"security","Information","Info","Logoff"
"S-1-5-18","LAB-DC1$","LAB","0x5225a0","3","4634","0","0","12545","0","-9214364837600034816","51481","Microsoft-Windows-Security-Auditing","54849625-5478-4994-a5ba-3e3b0328c30d","Security","500","5188","lab-dc1.lab.local","12/23/2016 5:38:53 PM",,,"security","Information","Info","Logoff"
"S-1-5-18","LAB-DC1$","LAB","0x522535","3","4634","0","0","12545","0","-9214364837600034816","51478","Microsoft-Windows-Security-Auditing","54849625-5478-4994-a5ba-3e3b0328c30d","Security","500","5188","lab-dc1.lab.local","12/23/2016 5:38:53 PM",,,"security","Information","Info","Logoff"
"S-1-5-18","LAB-DC1$","LAB","0x51fe8a","3","4634","0","0","12545","0","-9214364837600034816","51475","Microsoft-Windows-Security-Auditing","54849625-5478-4994-a5ba-3e3b0328c30d","Security","500","4924","lab-dc1.lab.local","12/23/2016 5:38:34 PM",,,"security","Information","Info","Logoff"
"S-1-5-18","LAB-DC1$","LAB","0x51fd12","3","4634","0","0","12545","0","-9214364837600034816","51474","Microsoft-Windows-Security-Auditing","54849625-5478-4994-a5ba-3e3b0328c30d","Security","500","4924","lab-dc1.lab.local","12/23/2016 5:38:24 PM",,,"security","Information","Info","Logoff"
"S-1-5-18","LAB-DC1$","LAB","0x51fdd1","3","4634","0","0","12545","0","-9214364837600034816","51473","Microsoft-Windows-Security-Auditing","54849625-5478-4994-a5ba-3e3b0328c30d","Security","500","5624","lab-dc1.lab.local","12/23/2016 5:38:23 PM",,,"security","Information","Info","Logoff"
"S-1-5-18","LAB-DC1$","LAB","0x51fe17","3","4634","0","0","12545","0","-9214364837600034816","51472","Microsoft-Windows-Security-Auditing","54849625-5478-4994-a5ba-3e3b0328c30d","Security","500","5624","lab-dc1.lab.local","12/23/2016 5:38:23 PM",,,"security","Information","Info","Logoff"
"S-1-5-18","LAB-DC1$","LAB","0x51fc79","3","4634","0","0","12545","0","-9214364837600034816","51463","Microsoft-Windows-Security-Auditing","54849625-5478-4994-a5ba-3e3b0328c30d","Security","500","5624","lab-dc1.lab.local","12/23/2016 5:38:22 PM",,,"security","Information","Info","Logoff"
"S-1-5-18","LAB-DC1$","LAB","0x51f0bf","3","4634","0","0","12545","0","-9214364837600034816","51458","Microsoft-Windows-Security-Auditing","54849625-5478-4994-a5ba-3e3b0328c30d","Security","500","5624","lab-dc1.lab.local","12/23/2016 5:37:22 PM",,,"security","Information","Info","Logoff"
"S-1-5-18","LAB-DC1$","LAB","0x51e7d2","3","4634","0","0","12545","0","-9214364837600034816","51453","Microsoft-Windows-Security-Auditing","54849625-5478-4994-a5ba-3e3b0328c30d","Security","500","4924","lab-dc1.lab.local","12/23/2016 5:36:22 PM",,,"security","Information","Info","Logoff"
"S-1-5-18","LAB-DC1$","LAB","0x51e33d","3","4634","0","0","12545","0","-9214364837600034816","51450","Microsoft-Windows-Security-Auditing","54849625-5478-4994-a5ba-3e3b0328c30d","Security","500","4924","lab-dc1.lab.local","12/23/2016 5:35:22 PM",,,"security","Information","Info","Logoff"
"S-1-5-18","LAB-DC1$","LAB","0x51e029","3","4634","0","0","12545","0","-9214364837600034816","51447","Microsoft-Windows-Security-Auditing","54849625-5478-4994-a5ba-3e3b0328c30d","Security","500","2364","lab-dc1.lab.local","12/23/2016 5:34:22 PM",,,"security","Information","Info","Logoff"
"S-1-5-18","LAB-DC1$","LAB","0x50d85d","3","4634","0","0","12545","0","-9214364837600034816","51436","Microsoft-Windows-Security-Auditing","54849625-5478-4994-a5ba-3e3b0328c30d","Security","500","4252","lab-dc1.lab.local","12/23/2016 5:33:52 PM",,,"security","Information","Info","Logoff"
"S-1-5-18","LAB-DC1$","LAB","0x50d7e4","3","4634","0","0","12545","0","-9214364837600034816","51433","Microsoft-Windows-Security-Auditing","54849625-5478-4994-a5ba-3e3b0328c30d","Security","500","4252","lab-dc1.lab.local","12/23/2016 5:33:52 PM",,,"security","Information","Info","Logoff"
"S-1-5-18","LAB-DC1$","LAB","0x50b5b9","3","4634","0","0","12545","0","-9214364837600034816","51430","Microsoft-Windows-Security-Auditing","54849625-5478-4994-a5ba-3e3b0328c30d","Security","500","2364","lab-dc1.lab.local","12/23/2016 5:33:33 PM",,,"security","Information","Info","Logoff"
"S-1-5-18","LAB-DC1$","LAB","0x50b40f","3","4634","0","0","12545","0","-9214364837600034816","51429","Microsoft-Windows-Security-Auditing","54849625-5478-4994-a5ba-3e3b0328c30d","Security","500","2364","lab-dc1.lab.local","12/23/2016 5:33:23 PM",,,"security","Information","Info","Logoff"
"S-1-5-18","LAB-DC1$","LAB","0x50b517","3","4634","0","0","12545","0","-9214364837600034816","51428","Microsoft-Windows-Security-Auditing","54849625-5478-4994-a5ba-3e3b0328c30d","Security","500","4252","lab-dc1.lab.local","12/23/2016 5:33:23 PM",,,"security","Information","Info","Logoff"
"S-1-5-18","LAB-DC1$","LAB","0x50b4d2","3","4634","0","0","12545","0","-9214364837600034816","51427","Microsoft-Windows-Security-Auditing","54849625-5478-4994-a5ba-3e3b0328c30d","Security","500","4252","lab-dc1.lab.local","12/23/2016 5:33:23 PM",,,"security","Information","Info","Logoff"
"S-1-5-18","LAB-DC1$","LAB","0x50b34a","3","4634","0","0","12545","0","-9214364837600034816","51418","Microsoft-Windows-Security-Auditing","54849625-5478-4994-a5ba-3e3b0328c30d","Security","500","4252","lab-dc1.lab.local","12/23/2016 5:33:22 PM",,,"security","Information","Info","Logoff"
"S-1-5-18","LAB-DC1$","LAB","0x50ad40","3","4634","0","0","12545","0","-9214364837600034816","51414","Microsoft-Windows-Security-Auditing","54849625-5478-4994-a5ba-3e3b0328c30d","Security","500","2364","lab-dc1.lab.local","12/23/2016 5:32:23 PM",,,"security","Information","Info","Logoff"
"S-1-5-18","LAB-DC1$","LAB","0x50a979","3","4634","0","0","12545","0","-9214364837600034816","51409","Microsoft-Windows-Security-Auditing","54849625-5478-4994-a5ba-3e3b0328c30d","Security","500","2364","lab-dc1.lab.local","12/23/2016 5:32:13 PM",,,"security","Information","Info","Logoff"
"S-1-5-18","LAB-DC1$","LAB","0x50a8f9","3","4634","0","0","12545","0","-9214364837600034816","51406","Microsoft-Windows-Security-Auditing","54849625-5478-4994-a5ba-3e3b0328c30d","Security","500","4252","lab-dc1.lab.local","12/23/2016 5:31:23 PM",,,"security","Information","Info","Logoff"
"S-1-5-18","LAB-DC1$","LAB","0x50a83a","3","4634","0","0","12545","0","-9214364837600034816","51403","Microsoft-Windows-Security-Auditing","54849625-5478-4994-a5ba-3e3b0328c30d","Security","500","4252","lab-dc1.lab.local","12/23/2016 5:30:23 PM",,,"security","Information","Info","Logoff"
"S-1-5-18","LAB-DC1$","LAB","0x50a32c","3","4634","0","0","12545","0","-9214364837600034816","51398","Microsoft-Windows-Security-Auditing","54849625-5478-4994-a5ba-3e3b0328c30d","Security","500","3540","lab-dc1.lab.local","12/23/2016 5:29:23 PM",,,"security","Information","Info","Logoff"
"S-1-5-18","LAB-DC1$","LAB","0x50a067","3","4634","0","0","12545","0","-9214364837600034816","51393","Microsoft-Windows-Security-Auditing","54849625-5478-4994-a5ba-3e3b0328c30d","Security","500","3540","lab-dc1.lab.local","12/23/2016 5:28:51 PM",,,"security","Information","Info","Logoff"
"S-1-5-18","LAB-DC1$","LAB","0x509ffe","3","4634","0","0","12545","0","-9214364837600034816","51390","Microsoft-Windows-Security-Auditing","54849625-5478-4994-a5ba-3e3b0328c30d","Security","500","5004","lab-dc1.lab.local","12/23/2016 5:28:51 PM",,,"security","Information","Info","Logoff"
"S-1-5-18","LAB-DC1$","LAB","0x507e08","3","4634","0","0","12545","0","-9214364837600034816","51387","Microsoft-Windows-Security-Auditing","54849625-5478-4994-a5ba-3e3b0328c30d","Security","500","5004","lab-dc1.lab.local","12/23/2016 5:28:34 PM",,,"security","Information","Info","Logoff"
"S-1-5-18","LAB-DC1$","LAB","0x507c52","3","4634","0","0","12545","0","-9214364837600034816","51386","Microsoft-Windows-Security-Auditing","54849625-5478-4994-a5ba-3e3b0328c30d","Security","500","5004","lab-dc1.lab.local","12/23/2016 5:28:23 PM",,,"security","Information","Info","Logoff"
"S-1-5-18","LAB-DC1$","LAB","0x507d11","3","4634","0","0","12545","0","-9214364837600034816","51385","Microsoft-Windows-Security-Auditing","54849625-5478-4994-a5ba-3e3b0328c30d","Security","500","3540","lab-dc1.lab.local","12/23/2016 5:28:23 PM",,,"security","Information","Info","Logoff"
"S-1-5-18","LAB-DC1$","LAB","0x507d56","3","4634","0","0","12545","0","-9214364837600034816","51384","Microsoft-Windows-Security-Auditing","54849625-5478-4994-a5ba-3e3b0328c30d","Security","500","3540","lab-dc1.lab.local","12/23/2016 5:28:23 PM",,,"security","Information","Info","Logoff"
"S-1-5-18","LAB-DC1$","LAB","0x507d9a","3","4634","0","0","12545","0","-9214364837600034816","51381","Microsoft-Windows-Security-Auditing","54849625-5478-4994-a5ba-3e3b0328c30d","Security","500","3540","lab-dc1.lab.local","12/23/2016 5:28:23 PM",,,"security","Information","Info","Logoff"
"S-1-5-18","LAB-DC1$","LAB","0x507b73","3","4634","0","0","12545","0","-9214364837600034816","51372","Microsoft-Windows-Security-Auditing","54849625-5478-4994-a5ba-3e3b0328c30d","Security","500","5004","lab-dc1.lab.local","12/23/2016 5:27:23 PM",,,"security","Information","Info","Logoff"
"S-1-5-18","LAB-DC1$","LAB","0x507a58","3","4634","0","0","12545","0","-9214364837600034816","51369","Microsoft-Windows-Security-Auditing","54849625-5478-4994-a5ba-3e3b0328c30d","Security","500","5004","lab-dc1.lab.local","12/23/2016 5:26:23 PM",,,"security","Information","Info","Logoff"
"S-1-5-18","LAB-DC1$","LAB","0x5079cb","3","4634","0","0","12545","0","-9214364837600034816","51366","Microsoft-Windows-Security-Auditing","54849625-5478-4994-a5ba-3e3b0328c30d","Security","500","5340","lab-dc1.lab.local","12/23/2016 5:25:23 PM",,,"security","Information","Info","Logoff"
"S-1-5-18","LAB-DC1$","LAB","0x505b9f","3","4634","0","0","12545","0","-9214364837600034816","51363","Microsoft-Windows-Security-Auditing","54849625-5478-4994-a5ba-3e3b0328c30d","Security","500","5340","lab-dc1.lab.local","12/23/2016 5:24:56 PM",,,"security","Information","Info","Logoff"
"S-1-5-18","LAB-DC1$","LAB","0x507919","3","4634","0","0","12545","0","-9214364837600034816","51362","Microsoft-Windows-Security-Auditing","54849625-5478-4994-a5ba-3e3b0328c30d","Security","500","5004","lab-dc1.lab.local","12/23/2016 5:24:23 PM",,,"security","Information","Info","Logoff"
"S-1-5-18","LAB-DC1$","LAB","0x50784b","3","4634","0","0","12545","0","-9214364837600034816","51359","Microsoft-Windows-Security-Auditing","54849625-5478-4994-a5ba-3e3b0328c30d","Security","500","5340","lab-dc1.lab.local","12/23/2016 5:23:50 PM",,,"security","Information","Info","Logoff"
"S-1-5-18","LAB-DC1$","LAB","0x5077e2","3","4634","0","0","12545","0","-9214364837600034816","51356","Microsoft-Windows-Security-Auditing","54849625-5478-4994-a5ba-3e3b0328c30d","Security","500","5340","lab-dc1.lab.local","12/23/2016 5:23:50 PM",,,"security","Information","Info","Logoff"
"S-1-5-18","LAB-DC1$","LAB","0x505d58","3","4634","0","0","12545","0","-9214364837600034816","51353","Microsoft-Windows-Security-Auditing","54849625-5478-4994-a5ba-3e3b0328c30d","Security","500","5004","lab-dc1.lab.local","12/23/2016 5:23:33 PM",,,"security","Information","Info","Logoff"
"S-1-5-18","LAB-DC1$","LAB","0x50763f","3","4634","0","0","12545","0","-9214364837600034816","51352","Microsoft-Windows-Security-Auditing","54849625-5478-4994-a5ba-3e3b0328c30d","Security","500","5004","lab-dc1.lab.local","12/23/2016 5:23:23 PM",,,"security","Information","Info","Logoff"
"S-1-5-18","LAB-DC1$","LAB","0x505be0","3","4634","0","0","12545","0","-9214364837600034816","51349","Microsoft-Windows-Security-Auditing","54849625-5478-4994-a5ba-3e3b0328c30d","Security","500","5004","lab-dc1.lab.local","12/23/2016 5:23:22 PM",,,"security","Information","Info","Logoff"
"S-1-5-18","LAB-DC1$","LAB","0x505c9f","3","4634","0","0","12545","0","-9214364837600034816","51348","Microsoft-Windows-Security-Auditing","54849625-5478-4994-a5ba-3e3b0328c30d","Security","500","5340","lab-dc1.lab.local","12/23/2016 5:23:22 PM",,,"security","Information","Info","Logoff"
"S-1-5-18","LAB-DC1$","LAB","0x505ce7","3","4634","0","0","12545","0","-9214364837600034816","51347","Microsoft-Windows-Security-Auditing","54849625-5478-4994-a5ba-3e3b0328c30d","Security","500","5004","lab-dc1.lab.local","12/23/2016 5:23:22 PM",,,"security","Information","Info","Logoff"
"S-1-5-18","LAB-DC1$","LAB","0x5059ec","3","4634","0","0","12545","0","-9214364837600034816","51336","Microsoft-Windows-Security-Auditing","54849625-5478-4994-a5ba-3e3b0328c30d","Security","500","5340","lab-dc1.lab.local","12/23/2016 5:22:23 PM",,,"security","Information","Info","Logoff"
"S-1-5-18","LAB-DC1$","LAB","0x50587d","3","4634","0","0","12545","0","-9214364837600034816","51333","Microsoft-Windows-Security-Auditing","54849625-5478-4994-a5ba-3e3b0328c30d","Security","500","5340","lab-dc1.lab.local","12/23/2016 5:22:13 PM",,,"security","Information","Info","Logoff"
"S-1-5-18","LAB-DC1$","LAB","0x5057f5","3","4634","0","0","12545","0","-9214364837600034816","51330","Microsoft-Windows-Security-Auditing","54849625-5478-4994-a5ba-3e3b0328c30d","Security","500","5340","lab-dc1.lab.local","12/23/2016 5:21:23 PM",,,"security","Information","Info","Logoff"
"S-1-5-18","LAB-DC1$","LAB","0x50574e","3","4634","0","0","12545","0","-9214364837600034816","51327","Microsoft-Windows-Security-Auditing","54849625-5478-4994-a5ba-3e3b0328c30d","Security","500","5340","lab-dc1.lab.local","12/23/2016 5:20:23 PM",,,"security","Information","Info","Logoff"
"S-1-5-18","LAB-DC1$","LAB","0x5056bf","3","4634","0","0","12545","0","-9214364837600034816","51324","Microsoft-Windows-Security-Auditing","54849625-5478-4994-a5ba-3e3b0328c30d","Security","500","4264","lab-dc1.lab.local","12/23/2016 5:19:23 PM",,,"security","Information","Info","Logoff"
"S-1-5-18","LAB-DC1$","LAB","0x5055f5","3","4634","0","0","12545","0","-9214364837600034816","51321","Microsoft-Windows-Security-Auditing","54849625-5478-4994-a5ba-3e3b0328c30d","Security","500","4264","lab-dc1.lab.local","12/23/2016 5:18:49 PM",,,"security","Information","Info","Logoff"
"S-1-5-18","LAB-DC1$","LAB","0x50558c","3","4634","0","0","12545","0","-9214364837600034816","51318","Microsoft-Windows-Security-Auditing","54849625-5478-4994-a5ba-3e3b0328c30d","Security","500","4264","lab-dc1.lab.local","12/23/2016 5:18:49 PM",,,"security","Information","Info","Logoff"
"S-1-5-18","LAB-DC1$","LAB","0x5036f0","3","4634","0","0","12545","0","-9214364837600034816","51315","Microsoft-Windows-Security-Auditing","54849625-5478-4994-a5ba-3e3b0328c30d","Security","500","4732","lab-dc1.lab.local","12/23/2016 5:18:32 PM",,,"security","Information","Info","Logoff"
"S-1-5-18","LAB-DC1$","LAB","0x50540f","3","4634","0","0","12545","0","-9214364837600034816","51314","Microsoft-Windows-Security-Auditing","54849625-5478-4994-a5ba-3e3b0328c30d","Security","500","4732","lab-dc1.lab.local","12/23/2016 5:18:23 PM",,,"security","Information","Info","Logoff"
"S-1-5-18","LAB-DC1$","LAB","0x503581","3","4634","0","0","12545","0","-9214364837600034816","51311","Microsoft-Windows-Security-Auditing","54849625-5478-4994-a5ba-3e3b0328c30d","Security","500","4732","lab-dc1.lab.local","12/23/2016 5:18:21 PM",,,"security","Information","Info","Logoff"
"S-1-5-18","LAB-DC1$","LAB","0x503640","3","4634","0","0","12545","0","-9214364837600034816","51310","Microsoft-Windows-Security-Auditing","54849625-5478-4994-a5ba-3e3b0328c30d","Security","500","4732","lab-dc1.lab.local","12/23/2016 5:18:21 PM",,,"security","Information","Info","Logoff"
"S-1-5-18","LAB-DC1$","LAB","0x503685","3","4634","0","0","12545","0","-9214364837600034816","51309","Microsoft-Windows-Security-Auditing","54849625-5478-4994-a5ba-3e3b0328c30d","Security","500","4732","lab-dc1.lab.local","12/23/2016 5:18:21 PM",,,"security","Information","Info","Logoff"
"S-1-5-18","LAB-DC1$","LAB","0x5034a0","3","4634","0","0","12545","0","-9214364837600034816","51300","Microsoft-Windows-Security-Auditing","54849625-5478-4994-a5ba-3e3b0328c30d","Security","500","4732","lab-dc1.lab.local","12/23/2016 5:17:23 PM",,,"security","Information","Info","Logoff"
"S-1-5-18","LAB-DC1$","LAB","0x502df1","3","4634","0","0","12545","0","-9214364837600034816","51295","Microsoft-Windows-Security-Auditing","54849625-5478-4994-a5ba-3e3b0328c30d","Security","500","4732","lab-dc1.lab.local","12/23/2016 5:16:23 PM",,,"security","Information","Info","Logoff"
"S-1-5-18","LAB-DC1$","LAB","0x502a32","3","4634","0","0","12545","0","-9214364837600034816","51292","Microsoft-Windows-Security-Auditing","54849625-5478-4994-a5ba-3e3b0328c30d","Security","500","4496","lab-dc1.lab.local","12/23/2016 5:15:23 PM",,,"security","Information","Info","Logoff"
"S-1-5-18","LAB-DC1$","LAB","0x502403","3","4634","0","0","12545","0","-9214364837600034816","51287","Microsoft-Windows-Security-Auditing","54849625-5478-4994-a5ba-3e3b0328c30d","Security","500","4732","lab-dc1.lab.local","12/23/2016 5:14:23 PM",,,"security","Information","Info","Logoff"
"S-1-5-18","LAB-DC1$","LAB","0x5020e7","3","4634","0","0","12545","0","-9214364837600034816","51284","Microsoft-Windows-Security-Auditing","54849625-5478-4994-a5ba-3e3b0328c30d","Security","500","4732","lab-dc1.lab.local","12/23/2016 5:13:47 PM",,,"security","Information","Info","Logoff"
"S-1-5-18","LAB-DC1$","LAB","0x50207e","3","4634","0","0","12545","0","-9214364837600034816","51281","Microsoft-Windows-Security-Auditing","54849625-5478-4994-a5ba-3e3b0328c30d","Security","500","4732","lab-dc1.lab.local","12/23/2016 5:13:47 PM",,,"security","Information","Info","Logoff"
"S-1-5-18","LAB-DC1$","LAB","0x5000b1","3","4634","0","0","12545","0","-9214364837600034816","51278","Microsoft-Windows-Security-Auditing","54849625-5478-4994-a5ba-3e3b0328c30d","Security","500","4732","lab-dc1.lab.local","12/23/2016 5:13:31 PM",,,"security","Information","Info","Logoff"
"S-1-5-18","LAB-DC1$","LAB","0x501ddc","3","4634","0","0","12545","0","-9214364837600034816","51277","Microsoft-Windows-Security-Auditing","54849625-5478-4994-a5ba-3e3b0328c30d","Security","500","4732","lab-dc1.lab.local","12/23/2016 5:13:23 PM",,,"security","Information","Info","Logoff"
"S-1-5-18","LAB-DC1$","LAB","0x4fff41","3","4634","0","0","12545","0","-9214364837600034816","51274","Microsoft-Windows-Security-Auditing","54849625-5478-4994-a5ba-3e3b0328c30d","Security","500","5264","lab-dc1.lab.local","12/23/2016 5:13:21 PM",,,"security","Information","Info","Logoff"
"S-1-5-18","LAB-DC1$","LAB","0x500002","3","4634","0","0","12545","0","-9214364837600034816","51273","Microsoft-Windows-Security-Auditing","54849625-5478-4994-a5ba-3e3b0328c30d","Security","500","4732","lab-dc1.lab.local","12/23/2016 5:13:21 PM",,,"security","Information","Info","Logoff"
"S-1-5-18","LAB-DC1$","LAB","0x50004b","3","4634","0","0","12545","0","-9214364837600034816","51272","Microsoft-Windows-Security-Auditing","54849625-5478-4994-a5ba-3e3b0328c30d","Security","500","4732","lab-dc1.lab.local","12/23/2016 5:13:21 PM",,,"security","Information","Info","Logoff"
"S-1-5-18","LAB-DC1$","LAB","0x4ff077","3","4634","0","0","12545","0","-9214364837600034816","51263","Microsoft-Windows-Security-Auditing","54849625-5478-4994-a5ba-3e3b0328c30d","Security","500","4732","lab-dc1.lab.local","12/23/2016 5:12:23 PM",,,"security","Information","Info","Logoff"
"S-1-5-18","LAB-DC1$","LAB","0x4fee1a","3","4634","0","0","12545","0","-9214364837600034816","51260","Microsoft-Windows-Security-Auditing","54849625-5478-4994-a5ba-3e3b0328c30d","Security","500","4732","lab-dc1.lab.local","12/23/2016 5:12:13 PM",,,"security","Information","Info","Logoff"
"S-1-5-18","LAB-DC1$","LAB","0x4feb20","3","4634","0","0","12545","0","-9214364837600034816","51255","Microsoft-Windows-Security-Auditing","54849625-5478-4994-a5ba-3e3b0328c30d","Security","500","5676","lab-dc1.lab.local","12/23/2016 5:11:23 PM",,,"security","Information","Info","Logoff"
"S-1-5-18","LAB-DC1$","LAB","0x4f60f1","3","4634","0","0","12545","0","-9214364837600034816","51245","Microsoft-Windows-Security-Auditing","54849625-5478-4994-a5ba-3e3b0328c30d","Security","500","5676","lab-dc1.lab.local","12/23/2016 5:10:23 PM",,,"security","Information","Info","Logoff"
"S-1-5-18","LAB-DC1$","LAB","0x4eda6e","3","4634","0","0","12545","0","-9214364837600034816","51234","Microsoft-Windows-Security-Auditing","54849625-5478-4994-a5ba-3e3b0328c30d","Security","500","5676","lab-dc1.lab.local","12/23/2016 5:09:23 PM",,,"security","Information","Info","Logoff"
"S-1-5-18","LAB-DC1$","LAB","0x4ed7c5","3","4634","0","0","12545","0","-9214364837600034816","51231","Microsoft-Windows-Security-Auditing","54849625-5478-4994-a5ba-3e3b0328c30d","Security","500","4692","lab-dc1.lab.local","12/23/2016 5:08:46 PM",,,"security","Information","Info","Logoff"
"S-1-5-18","LAB-DC1$","LAB","0x4ed75c","3","4634","0","0","12545","0","-9214364837600034816","51228","Microsoft-Windows-Security-Auditing","54849625-5478-4994-a5ba-3e3b0328c30d","Security","500","4700","lab-dc1.lab.local","12/23/2016 5:08:46 PM",,,"security","Information","Info","Logoff"
"S-1-5-18","LAB-DC1$","LAB","0x4eb633","3","4634","0","0","12545","0","-9214364837600034816","51225","Microsoft-Windows-Security-Auditing","54849625-5478-4994-a5ba-3e3b0328c30d","Security","500","4692","lab-dc1.lab.local","12/23/2016 5:08:31 PM",,,"security","Information","Info","Logoff"
"S-1-5-18","LAB-DC1$","LAB","0x4ed4fa","3","4634","0","0","12545","0","-9214364837600034816","51224","Microsoft-Windows-Security-Auditing","54849625-5478-4994-a5ba-3e3b0328c30d","Security","500","5676","lab-dc1.lab.local","12/23/2016 5:08:23 PM",,,"security","Information","Info","Logoff"
"S-1-5-18","LAB-DC1$","LAB","0x4eb4bc","3","4634","0","0","12545","0","-9214364837600034816","51221","Microsoft-Windows-Security-Auditing","54849625-5478-4994-a5ba-3e3b0328c30d","Security","500","5676","lab-dc1.lab.local","12/23/2016 5:08:20 PM",,,"security","Information","Info","Logoff"
"S-1-5-18","LAB-DC1$","LAB","0x4eb57b","3","4634","0","0","12545","0","-9214364837600034816","51220","Microsoft-Windows-Security-Auditing","54849625-5478-4994-a5ba-3e3b0328c30d","Security","500","5676","lab-dc1.lab.local","12/23/2016 5:08:20 PM",,,"security","Information","Info","Logoff"
"S-1-5-18","LAB-DC1$","LAB","0x4eb5c1","3","4634","0","0","12545","0","-9214364837600034816","51219","Microsoft-Windows-Security-Auditing","54849625-5478-4994-a5ba-3e3b0328c30d","Security","500","5676","lab-dc1.lab.local","12/23/2016 5:08:20 PM",,,"security","Information","Info","Logoff"
"S-1-5-18","LAB-DC1$","LAB","0x4eaee1","3","4634","0","0","12545","0","-9214364837600034816","51210","Microsoft-Windows-Security-Auditing","54849625-5478-4994-a5ba-3e3b0328c30d","Security","500","4700","lab-dc1.lab.local","12/23/2016 5:07:23 PM",,,"security","Information","Info","Logoff"
"S-1-5-18","LAB-DC1$","LAB","0x4e3b2c","3","4634","0","0","12545","0","-9214364837600034816","51204","Microsoft-Windows-Security-Auditing","54849625-5478-4994-a5ba-3e3b0328c30d","Security","500","4700","lab-dc1.lab.local","12/23/2016 5:06:23 PM",,,"security","Information","Info","Logoff"
"S-1-5-18","LAB-DC1$","LAB","0x4dcd3f","3","4634","0","0","12545","0","-9214364837600034816","51200","Microsoft-Windows-Security-Auditing","54849625-5478-4994-a5ba-3e3b0328c30d","Security","500","4700","lab-dc1.lab.local","12/23/2016 5:05:23 PM",,,"security","Information","Info","Logoff"
"S-1-5-18","LAB-DC1$","LAB","0x4d5eec","3","4634","0","0","12545","0","-9214364837600034816","51187","Microsoft-Windows-Security-Auditing","54849625-5478-4994-a5ba-3e3b0328c30d","Security","500","4484","lab-dc1.lab.local","12/23/2016 5:04:23 PM",,,"security","Information","Info","Logoff"
"S-1-5-18","LAB-DC1$","LAB","0x4d5d7c","3","4634","0","0","12545","0","-9214364837600034816","51184","Microsoft-Windows-Security-Auditing","54849625-5478-4994-a5ba-3e3b0328c30d","Security","500","4484","lab-dc1.lab.local","12/23/2016 5:03:45 PM",,,"security","Information","Info","Logoff"
"S-1-5-18","LAB-DC1$","LAB","0x4d5d13","3","4634","0","0","12545","0","-9214364837600034816","51181","Microsoft-Windows-Security-Auditing","54849625-5478-4994-a5ba-3e3b0328c30d","Security","500","6132","lab-dc1.lab.local","12/23/2016 5:03:45 PM",,,"security","Information","Info","Logoff"
"S-1-5-18","LAB-DC1$","LAB","0x4d39e2","3","4634","0","0","12545","0","-9214364837600034816","51178","Microsoft-Windows-Security-Auditing","54849625-5478-4994-a5ba-3e3b0328c30d","Security","500","4484","lab-dc1.lab.local","12/23/2016 5:03:30 PM",,,"security","Information","Info","Logoff"
"S-1-5-18","LAB-DC1$","LAB","0x4d5b2d","3","4634","0","0","12545","0","-9214364837600034816","51177","Microsoft-Windows-Security-Auditing","54849625-5478-4994-a5ba-3e3b0328c30d","Security","500","4484","lab-dc1.lab.local","12/23/2016 5:03:23 PM",,,"security","Information","Info","Logoff"
"S-1-5-18","LAB-DC1$","LAB","0x4d3871","3","4634","0","0","12545","0","-9214364837600034816","51174","Microsoft-Windows-Security-Auditing","54849625-5478-4994-a5ba-3e3b0328c30d","Security","500","5812","lab-dc1.lab.local","12/23/2016 5:03:19 PM",,,"security","Information","Info","Logoff"
"S-1-5-18","LAB-DC1$","LAB","0x4d3932","3","4634","0","0","12545","0","-9214364837600034816","51173","Microsoft-Windows-Security-Auditing","54849625-5478-4994-a5ba-3e3b0328c30d","Security","500","5812","lab-dc1.lab.local","12/23/2016 5:03:19 PM",,,"security","Information","Info","Logoff"
"S-1-5-18","LAB-DC1$","LAB","0x4d397b","3","4634","0","0","12545","0","-9214364837600034816","51172","Microsoft-Windows-Security-Auditing","54849625-5478-4994-a5ba-3e3b0328c30d","Security","500","5812","lab-dc1.lab.local","12/23/2016 5:03:19 PM",,,"security","Information","Info","Logoff"
"S-1-5-18","LAB-DC1$","LAB","0x4d3594","3","4634","0","0","12545","0","-9214364837600034816","51163","Microsoft-Windows-Security-Auditing","54849625-5478-4994-a5ba-3e3b0328c30d","Security","500","5812","lab-dc1.lab.local","12/23/2016 5:02:23 PM",,,"security","Information","Info","Logoff"
"S-1-5-18","LAB-DC1$","LAB","0x4d3412","3","4634","0","0","12545","0","-9214364837600034816","51160","Microsoft-Windows-Security-Auditing","54849625-5478-4994-a5ba-3e3b0328c30d","Security","500","5812","lab-dc1.lab.local","12/23/2016 5:02:13 PM",,,"security","Information","Info","Logoff"
"S-1-5-18","LAB-DC1$","LAB","0x4d31f2","3","4634","0","0","12545","0","-9214364837600034816","51157","Microsoft-Windows-Security-Auditing","54849625-5478-4994-a5ba-3e3b0328c30d","Security","500","5812","lab-dc1.lab.local","12/23/2016 5:01:23 PM",,,"security","Information","Info","Logoff"
"S-1-5-18","LAB-DC1$","LAB","0x4d2ebe","3","4634","0","0","12545","0","-9214364837600034816","51154","Microsoft-Windows-Security-Auditing","54849625-5478-4994-a5ba-3e3b0328c30d","Security","500","4484","lab-dc1.lab.local","12/23/2016 5:01:15 PM",,,"security","Information","Info","Logoff"
"S-1-5-18","LAB-DC1$","LAB","0x4d2cc3","3","4634","0","0","12545","0","-9214364837600034816","51151","Microsoft-Windows-Security-Auditing","54849625-5478-4994-a5ba-3e3b0328c30d","Security","500","4484","lab-dc1.lab.local","12/23/2016 5:00:23 PM",,,"security","Information","Info","Logoff"
"S-1-5-21-1821399794-337311051-3185148185-1105","BOB-WIN7$","LAB","0x4d2844","3","4634","0","0","12545","0","-9214364837600034816","51144","Microsoft-Windows-Security-Auditing","54849625-5478-4994-a5ba-3e3b0328c30d","Security","500","4564","lab-dc1.lab.local","12/23/2016 4:59:48 PM",,,"security","Information","Info","Logoff"
"S-1-5-21-1821399794-337311051-3185148185-1105","BOB-WIN7$","LAB","0x4d2854","3","4634","0","0","12545","0","-9214364837600034816","51143","Microsoft-Windows-Security-Auditing","54849625-5478-4994-a5ba-3e3b0328c30d","Security","500","4564","lab-dc1.lab.local","12/23/2016 4:59:48 PM",,,"security","Information","Info","Logoff"
"S-1-5-18","LAB-DC1$","LAB","0x4d2774","3","4634","0","0","12545","0","-9214364837600034816","51140","Microsoft-Windows-Security-Auditing","54849625-5478-4994-a5ba-3e3b0328c30d","Security","500","4564","lab-dc1.lab.local","12/23/2016 4:59:23 PM",,,"security","Information","Info","Logoff"
"S-1-5-18","LAB-DC1$","LAB","0x4c3ba4","3","4634","0","0","12545","0","-9214364837600034816","51137","Microsoft-Windows-Security-Auditing","54849625-5478-4994-a5ba-3e3b0328c30d","Security","500","5296","lab-dc1.lab.local","12/23/2016 4:58:45 PM",,,"security","Information","Info","Logoff"
"S-1-5-18","LAB-DC1$","LAB","0x4cdc58","3","4634","0","0","12545","0","-9214364837600034816","51136","Microsoft-Windows-Security-Auditing","54849625-5478-4994-a5ba-3e3b0328c30d","Security","500","5296","lab-dc1.lab.local","12/23/2016 4:58:43 PM",,,"security","Information","Info","Logoff"
"S-1-5-18","LAB-DC1$","LAB","0x4cdbef","3","4634","0","0","12545","0","-9214364837600034816","51133","Microsoft-Windows-Security-Auditing","54849625-5478-4994-a5ba-3e3b0328c30d","Security","500","5296","lab-dc1.lab.local","12/23/2016 4:58:43 PM",,,"security","Information","Info","Logoff"
"S-1-5-18","LAB-DC1$","LAB","0x4c93d2","3","4634","0","0","12545","0","-9214364837600034816","51130","Microsoft-Windows-Security-Auditing","54849625-5478-4994-a5ba-3e3b0328c30d","Security","500","4564","lab-dc1.lab.local","12/23/2016 4:58:29 PM",,,"security","Information","Info","Logoff"
"S-1-5-18","LAB-DC1$","LAB","0x4cd7d3","3","4634","0","0","12545","0","-9214364837600034816","51129","Microsoft-Windows-Security-Auditing","54849625-5478-4994-a5ba-3e3b0328c30d","Security","500","4564","lab-dc1.lab.local","12/23/2016 4:58:23 PM",,,"security","Information","Info","Logoff"
"S-1-5-18","LAB-DC1$","LAB","0x4c8798","3","4634","0","0","12545","0","-9214364837600034816","51126","Microsoft-Windows-Security-Auditing","54849625-5478-4994-a5ba-3e3b0328c30d","Security","500","4236","lab-dc1.lab.local","12/23/2016 4:58:18 PM",,,"security","Information","Info","Logoff"
"S-1-5-18","LAB-DC1$","LAB","0x4c889c","3","4634","0","0","12545","0","-9214364837600034816","51125","Microsoft-Windows-Security-Auditing","54849625-5478-4994-a5ba-3e3b0328c30d","Security","500","5296","lab-dc1.lab.local","12/23/2016 4:58:18 PM",,,"security","Information","Info","Logoff"
"S-1-5-18","LAB-DC1$","LAB","0x4c8857","3","4634","0","0","12545","0","-9214364837600034816","51124","Microsoft-Windows-Security-Auditing","54849625-5478-4994-a5ba-3e3b0328c30d","Security","500","5296","lab-dc1.lab.local","12/23/2016 4:58:18 PM",,,"security","Information","Info","Logoff"
"S-1-5-18","LAB-DC1$","LAB","0x4c3ff2","3","4634","0","0","12545","0","-9214364837600034816","51113","Microsoft-Windows-Security-Auditing","54849625-5478-4994-a5ba-3e3b0328c30d","Security","500","5296","lab-dc1.lab.local","12/23/2016 4:57:23 PM",,,"security","Information","Info","Logoff"
"S-1-5-18","LAB-DC1$","LAB","0x4bcbf9","3","4634","0","0","12545","0","-9214364837600034816","51100","Microsoft-Windows-Security-Auditing","54849625-5478-4994-a5ba-3e3b0328c30d","Security","500","4564","lab-dc1.lab.local","12/23/2016 4:56:23 PM",,,"security","Information","Info","Logoff"
"S-1-5-18","LAB-DC1$","LAB","0x4bbf86","3","4634","0","0","12545","0","-9214364837600034816","51097","Microsoft-Windows-Security-Auditing","54849625-5478-4994-a5ba-3e3b0328c30d","Security","500","4564","lab-dc1.lab.local","12/23/2016 4:55:23 PM",,,"security","Information","Info","Logoff"
"S-1-5-18","LAB-DC1$","LAB","0x4b5a79","3","4634","0","0","12545","0","-9214364837600034816","51094","Microsoft-Windows-Security-Auditing","54849625-5478-4994-a5ba-3e3b0328c30d","Security","500","4236","lab-dc1.lab.local","12/23/2016 4:54:49 PM",,,"security","Information","Info","Logoff"
"S-1-5-18","LAB-DC1$","LAB","0x1e585","3","4634","0","0","12545","0","-9214364837600034816","51091","Microsoft-Windows-Security-Auditing","54849625-5478-4994-a5ba-3e3b0328c30d","Security","500","4236","lab-dc1.lab.local","12/23/2016 4:54:45 PM",,,"security","Information","Info","Logoff"
"S-1-5-18","LAB-DC1$","LAB","0x4bb608","3","4634","0","0","12545","0","-9214364837600034816","51090","Microsoft-Windows-Security-Auditing","54849625-5478-4994-a5ba-3e3b0328c30d","Security","500","4236","lab-dc1.lab.local","12/23/2016 4:54:23 PM",,,"security","Information","Info","Logoff"
"S-1-5-18","LAB-DC1$","LAB","0x22db8","3","4634","0","0","12545","0","-9214364837600034816","51082","Microsoft-Windows-Security-Auditing","54849625-5478-4994-a5ba-3e3b0328c30d","Security","500","3224","lab-dc1.lab.local","12/23/2016 4:53:43 PM",,,"security","Information","Info","Logoff"
"S-1-5-18","LAB-DC1$","LAB","0x4b8689","3","4634","0","0","12545","0","-9214364837600034816","51081","Microsoft-Windows-Security-Auditing","54849625-5478-4994-a5ba-3e3b0328c30d","Security","500","4236","lab-dc1.lab.local","12/23/2016 4:53:42 PM",,,"security","Information","Info","Logoff"
"S-1-5-18","LAB-DC1$","LAB","0x4b8620","3","4634","0","0","12545","0","-9214364837600034816","51078","Microsoft-Windows-Security-Auditing","54849625-5478-4994-a5ba-3e3b0328c30d","Security","500","4236","lab-dc1.lab.local","12/23/2016 4:53:42 PM",,,"security","Information","Info","Logoff"
"S-1-5-18","LAB-DC1$","LAB","0x2302a","3","4634","0","0","12545","0","-9214364837600034816","51073","Microsoft-Windows-Security-Auditing","54849625-5478-4994-a5ba-3e3b0328c30d","Security","500","4236","lab-dc1.lab.local","12/23/2016 4:53:41 PM",,,"security","Information","Info","Logoff"
"S-1-5-18","LAB-DC1$","LAB","0x4b5c48","3","4634","0","0","12545","0","-9214364837600034816","51072","Microsoft-Windows-Security-Auditing","54849625-5478-4994-a5ba-3e3b0328c30d","Security","500","4236","lab-dc1.lab.local","12/23/2016 4:53:28 PM",,,"security","Information","Info","Logoff"
"S-1-5-18","LAB-DC1$","LAB","0x4b81e2","3","4634","0","0","12545","0","-9214364837600034816","51069","Microsoft-Windows-Security-Auditing","54849625-5478-4994-a5ba-3e3b0328c30d","Security","500","4236","lab-dc1.lab.local","12/23/2016 4:53:23 PM",,,"security","Information","Info","Logoff"
