"S-1-5-18","LAB-DC1$","LAB","0xcca511","3","4634","0","0","12545","0","-9214364837600034816","54693","Microsoft-Windows-Security-Auditing","54849625-5478-4994-a5ba-3e3b0328c30d","Security","500","8032","lab-dc1.lab.local","12/24/2016 9:45:12 AM",,,"security","Information","Info","Logoff"
"S-1-5-18","LAB-DC1$","LAB","0xcc80d5","3","4634","0","0","12545","0","-9214364837600034816","54690","Microsoft-Windows-Security-Auditing","54849625-5478-4994-a5ba-3e3b0328c30d","Security","500","7496","lab-dc1.lab.local","12/24/2016 9:44:59 AM",,,"security","Information","Info","Logoff"
"S-1-5-18","LAB-DC1$","LAB","0xcc7f4a","3","4634","0","0","12545","0","-9214364837600034816","54688","Microsoft-Windows-Security-Auditing","54849625-5478-4994-a5ba-3e3b0328c30d","Security","500","7496","lab-dc1.lab.local","12/24/2016 9:44:49 AM",,,"security","Information","Info","Logoff"
"S-1-5-18","LAB-DC1$","LAB","0xcc8009","3","4634","0","0","12545","0","-9214364837600034816","54687","Microsoft-Windows-Security-Auditing","54849625-5478-4994-a5ba-3e3b0328c30d","Security","500","7496","lab-dc1.lab.local","12/24/2016 9:44:49 AM",,,"security","Information","Info","Logoff"
"S-1-5-18","LAB-DC1$","LAB","0xcc804e","3","4634","0","0","12545","0","-9214364837600034816","54686","Microsoft-Windows-Security-Auditing","54849625-5478-4994-a5ba-3e3b0328c30d","Security","500","7496","lab-dc1.lab.local","12/24/2016 9:44:49 AM",,,"security","Information","Info","Logoff"
"S-1-5-18","LAB-DC1$","LAB","0xcc7728","3","4634","0","0","12545","0","-9214364837600034816","54677","Microsoft-Windows-Security-Auditing","54849625-5478-4994-a5ba-3e3b0328c30d","Security","500","7496","lab-dc1.lab.local","12/24/2016 9:44:12 AM",,,"security","Information","Info","Logoff"
"S-1-5-18","LAB-DC1$","LAB","0xc93d20","3","4634","0","0","12545","0","-9214364837600034816","54654","Microsoft-Windows-Security-Auditing","54849625-5478-4994-a5ba-3e3b0328c30d","Security","500","7496","lab-dc1.lab.local","12/24/2016 9:43:12 AM",,,"security","Information","Info","Logoff"
"S-1-5-18","LAB-DC1$","LAB","0xc93496","3","4634","0","0","12545","0","-9214364837600034816","54651","Microsoft-Windows-Security-Auditing","54849625-5478-4994-a5ba-3e3b0328c30d","Security","500","5596","lab-dc1.lab.local","12/24/2016 9:43:01 AM",,,"security","Information","Info","Logoff"
"S-1-5-18","LAB-DC1$","LAB","0xc929ef","3","4634","0","0","12545","0","-9214364837600034816","54647","Microsoft-Windows-Security-Auditing","54849625-5478-4994-a5ba-3e3b0328c30d","Security","500","5224","lab-dc1.lab.local","12/24/2016 9:42:12 AM",,,"security","Information","Info","Logoff"
"S-1-5-18","LAB-DC1$","LAB","0xc6ba30","3","4634","0","0","12545","0","-9214364837600034816","54643","Microsoft-Windows-Security-Auditing","54849625-5478-4994-a5ba-3e3b0328c30d","Security","500","5824","lab-dc1.lab.local","12/24/2016 9:41:12 AM",,,"security","Information","Info","Logoff"
"S-1-5-18","LAB-DC1$","LAB","0xc61dd9","3","4634","0","0","12545","0","-9214364837600034816","54639","Microsoft-Windows-Security-Auditing","54849625-5478-4994-a5ba-3e3b0328c30d","Security","500","5224","lab-dc1.lab.local","12/24/2016 9:40:48 AM",,,"security","Information","Info","Logoff"
"S-1-5-18","LAB-DC1$","LAB","0xc61d6c","3","4634","0","0","12545","0","-9214364837600034816","54636","Microsoft-Windows-Security-Auditing","54849625-5478-4994-a5ba-3e3b0328c30d","Security","500","5224","lab-dc1.lab.local","12/24/2016 9:40:47 AM",,,"security","Information","Info","Logoff"
"S-1-5-18","LAB-DC1$","LAB","0xc60239","3","4634","0","0","12545","0","-9214364837600034816","54625","Microsoft-Windows-Security-Auditing","54849625-5478-4994-a5ba-3e3b0328c30d","Security","500","5824","lab-dc1.lab.local","12/24/2016 9:40:12 AM",,,"security","Information","Info","Logoff"
"S-1-5-18","LAB-DC1$","LAB","0xc5ddf6","3","4634","0","0","12545","0","-9214364837600034816","54622","Microsoft-Windows-Security-Auditing","54849625-5478-4994-a5ba-3e3b0328c30d","Security","500","5824","lab-dc1.lab.local","12/24/2016 9:39:59 AM",,,"security","Information","Info","Logoff"
"S-1-5-18","LAB-DC1$","LAB","0xc5dc88","3","4634","0","0","12545","0","-9214364837600034816","54620","Microsoft-Windows-Security-Auditing","54849625-5478-4994-a5ba-3e3b0328c30d","Security","500","5824","lab-dc1.lab.local","12/24/2016 9:39:48 AM",,,"security","Information","Info","Logoff"
"S-1-5-18","LAB-DC1$","LAB","0xc5dd47","3","4634","0","0","12545","0","-9214364837600034816","54619","Microsoft-Windows-Security-Auditing","54849625-5478-4994-a5ba-3e3b0328c30d","Security","500","5824","lab-dc1.lab.local","12/24/2016 9:39:48 AM",,,"security","Information","Info","Logoff"
"S-1-5-18","LAB-DC1$","LAB","0xc5dd8c","3","4634","0","0","12545","0","-9214364837600034816","54618","Microsoft-Windows-Security-Auditing","54849625-5478-4994-a5ba-3e3b0328c30d","Security","500","5824","lab-dc1.lab.local","12/24/2016 9:39:48 AM",,,"security","Information","Info","Logoff"
"S-1-5-18","LAB-DC1$","LAB","0xc5a150","3","4634","0","0","12545","0","-9214364837600034816","54609","Microsoft-Windows-Security-Auditing","54849625-5478-4994-a5ba-3e3b0328c30d","Security","500","5224","lab-dc1.lab.local","12/24/2016 9:39:36 AM",,,"security","Information","Info","Logoff"
"S-1-5-18","LAB-DC1$","LAB","0xc5d1d8","3","4634","0","0","12545","0","-9214364837600034816","54608","Microsoft-Windows-Security-Auditing","54849625-5478-4994-a5ba-3e3b0328c30d","Security","500","5224","lab-dc1.lab.local","12/24/2016 9:39:12 AM",,,"security","Information","Info","Logoff"
"S-1-5-18","LAB-DC1$","LAB","0xc5a4b7","3","4634","0","0","12545","0","-9214364837600034816","54596","Microsoft-Windows-Security-Auditing","54849625-5478-4994-a5ba-3e3b0328c30d","Security","500","5224","lab-dc1.lab.local","12/24/2016 9:38:12 AM",,,"security","Information","Info","Logoff"
"S-1-5-18","LAB-DC1$","LAB","0xc58d47","3","4634","0","0","12545","0","-9214364837600034816","54590","Microsoft-Windows-Security-Auditing","54849625-5478-4994-a5ba-3e3b0328c30d","Security","500","7860","lab-dc1.lab.local","12/24/2016 9:37:12 AM",,,"security","Information","Info","Logoff"
"S-1-5-18","LAB-DC1$","LAB","0xc51a76","3","4634","0","0","12545","0","-9214364837600034816","54586","Microsoft-Windows-Security-Auditing","54849625-5478-4994-a5ba-3e3b0328c30d","Security","500","5224","lab-dc1.lab.local","12/24/2016 9:36:18 AM",,,"security","Information","Info","Logoff"
"S-1-5-18","LAB-DC1$","LAB","0xc57811","3","4634","0","0","12545","0","-9214364837600034816","54585","Microsoft-Windows-Security-Auditing","54849625-5478-4994-a5ba-3e3b0328c30d","Security","500","5224","lab-dc1.lab.local","12/24/2016 9:36:12 AM",,,"security","Information","Info","Logoff"
"S-1-5-18","LAB-DC1$","LAB","0xc56d9c","3","4634","0","0","12545","0","-9214364837600034816","54581","Microsoft-Windows-Security-Auditing","54849625-5478-4994-a5ba-3e3b0328c30d","Security","500","7860","lab-dc1.lab.local","12/24/2016 9:35:46 AM",,,"security","Information","Info","Logoff"
"S-1-5-18","LAB-DC1$","LAB","0xc56d2e","3","4634","0","0","12545","0","-9214364837600034816","54578","Microsoft-Windows-Security-Auditing","54849625-5478-4994-a5ba-3e3b0328c30d","Security","500","5224","lab-dc1.lab.local","12/24/2016 9:35:46 AM",,,"security","Information","Info","Logoff"
"S-1-5-18","LAB-DC1$","LAB","0xc545cb","3","4634","0","0","12545","0","-9214364837600034816","54556","Microsoft-Windows-Security-Auditing","54849625-5478-4994-a5ba-3e3b0328c30d","Security","500","7852","lab-dc1.lab.local","12/24/2016 9:35:12 AM",,,"security","Information","Info","Logoff"
"S-1-5-18","LAB-DC1$","LAB","0xc51c61","3","4634","0","0","12545","0","-9214364837600034816","54553","Microsoft-Windows-Security-Auditing","54849625-5478-4994-a5ba-3e3b0328c30d","Security","500","7852","lab-dc1.lab.local","12/24/2016 9:34:58 AM",,,"security","Information","Info","Logoff"
"S-1-5-18","LAB-DC1$","LAB","0xc51adc","3","4634","0","0","12545","0","-9214364837600034816","54551","Microsoft-Windows-Security-Auditing","54849625-5478-4994-a5ba-3e3b0328c30d","Security","500","7852","lab-dc1.lab.local","12/24/2016 9:34:47 AM",,,"security","Information","Info","Logoff"
"S-1-5-18","LAB-DC1$","LAB","0xc51be6","3","4634","0","0","12545","0","-9214364837600034816","54550","Microsoft-Windows-Security-Auditing","54849625-5478-4994-a5ba-3e3b0328c30d","Security","500","5224","lab-dc1.lab.local","12/24/2016 9:34:47 AM",,,"security","Information","Info","Logoff"
"S-1-5-18","LAB-DC1$","LAB","0xc51b9d","3","4634","0","0","12545","0","-9214364837600034816","54549","Microsoft-Windows-Security-Auditing","54849625-5478-4994-a5ba-3e3b0328c30d","Security","500","5224","lab-dc1.lab.local","12/24/2016 9:34:47 AM",,,"security","Information","Info","Logoff"
"S-1-5-18","LAB-DC1$","LAB","0xc50f76","3","4634","0","0","12545","0","-9214364837600034816","54536","Microsoft-Windows-Security-Auditing","54849625-5478-4994-a5ba-3e3b0328c30d","Security","500","5224","lab-dc1.lab.local","12/24/2016 9:34:12 AM",,,"security","Information","Info","Logoff"
"S-1-5-18","LAB-DC1$","LAB","0xc4fc59","3","4634","0","0","12545","0","-9214364837600034816","54530","Microsoft-Windows-Security-Auditing","54849625-5478-4994-a5ba-3e3b0328c30d","Security","500","2712","lab-dc1.lab.local","12/24/2016 9:33:12 AM",,,"security","Information","Info","Logoff"
"S-1-5-18","LAB-DC1$","LAB","0xc4d008","3","4634","0","0","12545","0","-9214364837600034816","54524","Microsoft-Windows-Security-Auditing","54849625-5478-4994-a5ba-3e3b0328c30d","Security","500","5224","lab-dc1.lab.local","12/24/2016 9:30:56 AM",,,"security","Information","Info","Logoff"
"S-1-5-21-1821399794-337311051-3185148185-1001","LAB-DC1$","LAB","0xc4d416","3","4634","0","0","12545","0","-9214364837600034816","54503","Microsoft-Windows-Security-Auditing","54849625-5478-4994-a5ba-3e3b0328c30d","Security","500","5944","lab-dc1.lab.local","12/24/2016 9:30:47 AM",,,"security","Information","Info","Logoff"
"S-1-5-18","LAB-DC1$","LAB","0xc4c1c4","3","4634","0","0","12545","0","-9214364837600034816","54489","Microsoft-Windows-Security-Auditing","54849625-5478-4994-a5ba-3e3b0328c30d","Security","500","2712","lab-dc1.lab.local","12/24/2016 9:30:06 AM",,,"security","Information","Info","Logoff"
"S-1-5-18","LAB-DC1$","LAB","0xc4b30b","3","4634","0","0","12545","0","-9214364837600034816","54485","Microsoft-Windows-Security-Auditing","54849625-5478-4994-a5ba-3e3b0328c30d","Security","500","2712","lab-dc1.lab.local","12/24/2016 9:29:06 AM",,,"security","Information","Info","Logoff"
"S-1-5-18","LAB-DC1$","LAB","0xc4ab13","3","4634","0","0","12545","0","-9214364837600034816","54481","Microsoft-Windows-Security-Auditing","54849625-5478-4994-a5ba-3e3b0328c30d","Security","500","2712","lab-dc1.lab.local","12/24/2016 9:28:40 AM",,,"security","Information","Info","Logoff"
"S-1-5-18","LAB-DC1$","LAB","0xc4aaa6","3","4634","0","0","12545","0","-9214364837600034816","54478","Microsoft-Windows-Security-Auditing","54849625-5478-4994-a5ba-3e3b0328c30d","Security","500","2712","lab-dc1.lab.local","12/24/2016 9:28:40 AM",,,"security","Information","Info","Logoff"
"S-1-5-18","LAB-DC1$","LAB","0xc4a2fd","3","4634","0","0","12545","0","-9214364837600034816","54475","Microsoft-Windows-Security-Auditing","54849625-5478-4994-a5ba-3e3b0328c30d","Security","500","2712","lab-dc1.lab.local","12/24/2016 9:28:06 AM",,,"security","Information","Info","Logoff"
"S-1-5-18","LAB-DC1$","LAB","0xc47de3","3","4634","0","0","12545","0","-9214364837600034816","54472","Microsoft-Windows-Security-Auditing","54849625-5478-4994-a5ba-3e3b0328c30d","Security","500","2872","lab-dc1.lab.local","12/24/2016 9:27:52 AM",,,"security","Information","Info","Logoff"
"S-1-5-18","LAB-DC1$","LAB","0xc47c71","3","4634","0","0","12545","0","-9214364837600034816","54470","Microsoft-Windows-Security-Auditing","54849625-5478-4994-a5ba-3e3b0328c30d","Security","500","2872","lab-dc1.lab.local","12/24/2016 9:27:41 AM",,,"security","Information","Info","Logoff"
"S-1-5-18","LAB-DC1$","LAB","0xc47d32","3","4634","0","0","12545","0","-9214364837600034816","54469","Microsoft-Windows-Security-Auditing","54849625-5478-4994-a5ba-3e3b0328c30d","Security","500","2872","lab-dc1.lab.local","12/24/2016 9:27:41 AM",,,"security","Information","Info","Logoff"
"S-1-5-18","LAB-DC1$","LAB","0xc47d77","3","4634","0","0","12545","0","-9214364837600034816","54468","Microsoft-Windows-Security-Auditing","54849625-5478-4994-a5ba-3e3b0328c30d","Security","500","2872","lab-dc1.lab.local","12/24/2016 9:27:41 AM",,,"security","Information","Info","Logoff"
"S-1-5-18","LAB-DC1$","LAB","0xc47144","3","4634","0","0","12545","0","-9214364837600034816","54459","Microsoft-Windows-Security-Auditing","54849625-5478-4994-a5ba-3e3b0328c30d","Security","500","3788","lab-dc1.lab.local","12/24/2016 9:27:06 AM",,,"security","Information","Info","Logoff"
"S-1-5-18","LAB-DC1$","LAB","0xc456c0","3","4634","0","0","12545","0","-9214364837600034816","54455","Microsoft-Windows-Security-Auditing","54849625-5478-4994-a5ba-3e3b0328c30d","Security","500","3788","lab-dc1.lab.local","12/24/2016 9:26:06 AM",,,"security","Information","Info","Logoff"
"S-1-5-18","LAB-DC1$","LAB","0xc4425a","3","4634","0","0","12545","0","-9214364837600034816","54451","Microsoft-Windows-Security-Auditing","54849625-5478-4994-a5ba-3e3b0328c30d","Security","500","4412","lab-dc1.lab.local","12/24/2016 9:25:06 AM",,,"security","Information","Info","Logoff"
"S-1-5-18","LAB-DC1$","LAB","0xc42bad","3","4634","0","0","12545","0","-9214364837600034816","54447","Microsoft-Windows-Security-Auditing","54849625-5478-4994-a5ba-3e3b0328c30d","Security","500","4412","lab-dc1.lab.local","12/24/2016 9:24:06 AM",,,"security","Information","Info","Logoff"
"S-1-5-18","LAB-DC1$","LAB","0xc421a8","3","4634","0","0","12545","0","-9214364837600034816","54443","Microsoft-Windows-Security-Auditing","54849625-5478-4994-a5ba-3e3b0328c30d","Security","500","4412","lab-dc1.lab.local","12/24/2016 9:23:38 AM",,,"security","Information","Info","Logoff"
"S-1-5-18","LAB-DC1$","LAB","0xc42139","3","4634","0","0","12545","0","-9214364837600034816","54440","Microsoft-Windows-Security-Auditing","54849625-5478-4994-a5ba-3e3b0328c30d","Security","500","4412","lab-dc1.lab.local","12/24/2016 9:23:38 AM",,,"security","Information","Info","Logoff"
"S-1-5-18","LAB-DC1$","LAB","0xc416ca","3","4634","0","0","12545","0","-9214364837600034816","54437","Microsoft-Windows-Security-Auditing","54849625-5478-4994-a5ba-3e3b0328c30d","Security","500","3788","lab-dc1.lab.local","12/24/2016 9:23:06 AM",,,"security","Information","Info","Logoff"
"S-1-5-18","LAB-DC1$","LAB","0xc3f029","3","4634","0","0","12545","0","-9214364837600034816","54434","Microsoft-Windows-Security-Auditing","54849625-5478-4994-a5ba-3e3b0328c30d","Security","500","4412","lab-dc1.lab.local","12/24/2016 9:22:51 AM",,,"security","Information","Info","Logoff"
"S-1-5-18","LAB-DC1$","LAB","0xc3ee8b","3","4634","0","0","12545","0","-9214364837600034816","54432","Microsoft-Windows-Security-Auditing","54849625-5478-4994-a5ba-3e3b0328c30d","Security","500","4412","lab-dc1.lab.local","12/24/2016 9:22:40 AM",,,"security","Information","Info","Logoff"
"S-1-5-18","LAB-DC1$","LAB","0xc3ef4a","3","4634","0","0","12545","0","-9214364837600034816","54431","Microsoft-Windows-Security-Auditing","54849625-5478-4994-a5ba-3e3b0328c30d","Security","500","3788","lab-dc1.lab.local","12/24/2016 9:22:40 AM",,,"security","Information","Info","Logoff"
"S-1-5-18","LAB-DC1$","LAB","0xc3ef92","3","4634","0","0","12545","0","-9214364837600034816","54430","Microsoft-Windows-Security-Auditing","54849625-5478-4994-a5ba-3e3b0328c30d","Security","500","3788","lab-dc1.lab.local","12/24/2016 9:22:40 AM",,,"security","Information","Info","Logoff"
"S-1-5-18","LAB-DC1$","LAB","0xc3e648","3","4634","0","0","12545","0","-9214364837600034816","54421","Microsoft-Windows-Security-Auditing","54849625-5478-4994-a5ba-3e3b0328c30d","Security","500","3788","lab-dc1.lab.local","12/24/2016 9:22:06 AM",,,"security","Information","Info","Logoff"
"S-1-5-18","LAB-DC1$","LAB","0xc3ca95","3","4634","0","0","12545","0","-9214364837600034816","54406","Microsoft-Windows-Security-Auditing","54849625-5478-4994-a5ba-3e3b0328c30d","Security","500","3788","lab-dc1.lab.local","12/24/2016 9:21:06 AM",,,"security","Information","Info","Logoff"
"S-1-5-18","LAB-DC1$","LAB","0xc3c161","3","4634","0","0","12545","0","-9214364837600034816","54403","Microsoft-Windows-Security-Auditing","54849625-5478-4994-a5ba-3e3b0328c30d","Security","500","3788","lab-dc1.lab.local","12/24/2016 9:20:56 AM",,,"security","Information","Info","Logoff"
"S-1-5-18","LAB-DC1$","LAB","0xc13d77","3","4634","0","0","12545","0","-9214364837600034816","54380","Microsoft-Windows-Security-Auditing","54849625-5478-4994-a5ba-3e3b0328c30d","Security","500","3788","lab-dc1.lab.local","12/24/2016 9:20:06 AM",,,"security","Information","Info","Logoff"
"S-1-5-18","LAB-DC1$","LAB","0xc12b8f","3","4634","0","0","12545","0","-9214364837600034816","54376","Microsoft-Windows-Security-Auditing","54849625-5478-4994-a5ba-3e3b0328c30d","Security","500","1036","lab-dc1.lab.local","12/24/2016 9:19:06 AM",,,"security","Information","Info","Logoff"
"S-1-5-18","LAB-DC1$","LAB","0xc11924","3","4634","0","0","12545","0","-9214364837600034816","54361","Microsoft-Windows-Security-Auditing","54849625-5478-4994-a5ba-3e3b0328c30d","Security","500","5488","lab-dc1.lab.local","12/24/2016 9:18:37 AM",,,"security","Information","Info","Logoff"
"S-1-5-18","LAB-DC1$","LAB","0xc118b9","3","4634","0","0","12545","0","-9214364837600034816","54358","Microsoft-Windows-Security-Auditing","54849625-5478-4994-a5ba-3e3b0328c30d","Security","500","5488","lab-dc1.lab.local","12/24/2016 9:18:37 AM",,,"security","Information","Info","Logoff"
"S-1-5-18","LAB-DC1$","LAB","0xc0ff57","3","4634","0","0","12545","0","-9214364837600034816","54354","Microsoft-Windows-Security-Auditing","54849625-5478-4994-a5ba-3e3b0328c30d","Security","500","5488","lab-dc1.lab.local","12/24/2016 9:18:06 AM",,,"security","Information","Info","Logoff"
"S-1-5-18","LAB-DC1$","LAB","0xc0dcde","3","4634","0","0","12545","0","-9214364837600034816","54350","Microsoft-Windows-Security-Auditing","54849625-5478-4994-a5ba-3e3b0328c30d","Security","500","1036","lab-dc1.lab.local","12/24/2016 9:17:50 AM",,,"security","Information","Info","Logoff"
"S-1-5-18","LAB-DC1$","LAB","0xc0db72","3","4634","0","0","12545","0","-9214364837600034816","54349","Microsoft-Windows-Security-Auditing","54849625-5478-4994-a5ba-3e3b0328c30d","Security","500","5488","lab-dc1.lab.local","12/24/2016 9:17:40 AM",,,"security","Information","Info","Logoff"
"S-1-5-18","LAB-DC1$","LAB","0xc0dc31","3","4634","0","0","12545","0","-9214364837600034816","54348","Microsoft-Windows-Security-Auditing","54849625-5478-4994-a5ba-3e3b0328c30d","Security","500","5488","lab-dc1.lab.local","12/24/2016 9:17:40 AM",,,"security","Information","Info","Logoff"
"S-1-5-18","LAB-DC1$","LAB","0xc0dc76","3","4634","0","0","12545","0","-9214364837600034816","54347","Microsoft-Windows-Security-Auditing","54849625-5478-4994-a5ba-3e3b0328c30d","Security","500","1036","lab-dc1.lab.local","12/24/2016 9:17:40 AM",,,"security","Information","Info","Logoff"
"S-1-5-18","LAB-DC1$","LAB","0xc0d492","3","4634","0","0","12545","0","-9214364837600034816","54338","Microsoft-Windows-Security-Auditing","54849625-5478-4994-a5ba-3e3b0328c30d","Security","500","5488","lab-dc1.lab.local","12/24/2016 9:17:06 AM",,,"security","Information","Info","Logoff"
"S-1-5-18","LAB-DC1$","LAB","0xbf6a21","3","4634","0","0","12545","0","-9214364837600034816","54326","Microsoft-Windows-Security-Auditing","54849625-5478-4994-a5ba-3e3b0328c30d","Security","500","5488","lab-dc1.lab.local","12/24/2016 9:16:06 AM",,,"security","Information","Info","Logoff"
"S-1-5-18","LAB-DC1$","LAB","0xbf6021","3","4634","0","0","12545","0","-9214364837600034816","54322","Microsoft-Windows-Security-Auditing","54849625-5478-4994-a5ba-3e3b0328c30d","Security","500","7068","lab-dc1.lab.local","12/24/2016 9:15:06 AM",,,"security","Information","Info","Logoff"
"S-1-5-18","LAB-DC1$","LAB","0xbf50a9","3","4634","0","0","12545","0","-9214364837600034816","54318","Microsoft-Windows-Security-Auditing","54849625-5478-4994-a5ba-3e3b0328c30d","Security","500","7068","lab-dc1.lab.local","12/24/2016 9:14:06 AM",,,"security","Information","Info","Logoff"
"S-1-5-18","LAB-DC1$","LAB","0xbf42a2","3","4634","0","0","12545","0","-9214364837600034816","54314","Microsoft-Windows-Security-Auditing","54849625-5478-4994-a5ba-3e3b0328c30d","Security","500","7076","lab-dc1.lab.local","12/24/2016 9:13:36 AM",,,"security","Information","Info","Logoff"
"S-1-5-18","LAB-DC1$","LAB","0xbf4234","3","4634","0","0","12545","0","-9214364837600034816","54311","Microsoft-Windows-Security-Auditing","54849625-5478-4994-a5ba-3e3b0328c30d","Security","500","6864","lab-dc1.lab.local","12/24/2016 9:13:36 AM",,,"security","Information","Info","Logoff"
"S-1-5-18","LAB-DC1$","LAB","0xbf3a70","3","4634","0","0","12545","0","-9214364837600034816","54308","Microsoft-Windows-Security-Auditing","54849625-5478-4994-a5ba-3e3b0328c30d","Security","500","7076","lab-dc1.lab.local","12/24/2016 9:13:06 AM",,,"security","Information","Info","Logoff"
"S-1-5-18","LAB-DC1$","LAB","0xbefe3f","3","4634","0","0","12545","0","-9214364837600034816","54304","Microsoft-Windows-Security-Auditing","54849625-5478-4994-a5ba-3e3b0328c30d","Security","500","6864","lab-dc1.lab.local","12/24/2016 9:12:50 AM",,,"security","Information","Info","Logoff"
"S-1-5-18","LAB-DC1$","LAB","0xbef00f","3","4634","0","0","12545","0","-9214364837600034816","54303","Microsoft-Windows-Security-Auditing","54849625-5478-4994-a5ba-3e3b0328c30d","Security","500","6864","lab-dc1.lab.local","12/24/2016 9:12:39 AM",,,"security","Information","Info","Logoff"
"S-1-5-18","LAB-DC1$","LAB","0xbef0df","3","4634","0","0","12545","0","-9214364837600034816","54302","Microsoft-Windows-Security-Auditing","54849625-5478-4994-a5ba-3e3b0328c30d","Security","500","7076","lab-dc1.lab.local","12/24/2016 9:12:39 AM",,,"security","Information","Info","Logoff"
"S-1-5-18","LAB-DC1$","LAB","0xbef131","3","4634","0","0","12545","0","-9214364837600034816","54301","Microsoft-Windows-Security-Auditing","54849625-5478-4994-a5ba-3e3b0328c30d","Security","500","6864","lab-dc1.lab.local","12/24/2016 9:12:39 AM",,,"security","Information","Info","Logoff"
"S-1-5-18","LAB-DC1$","LAB","0xbe86ee","3","4634","0","0","12545","0","-9214364837600034816","54284","Microsoft-Windows-Security-Auditing","54849625-5478-4994-a5ba-3e3b0328c30d","Security","500","6864","lab-dc1.lab.local","12/24/2016 9:12:06 AM",,,"security","Information","Info","Logoff"
"S-1-5-18","LAB-DC1$","LAB","0xbe0f6b","3","4634","0","0","12545","0","-9214364837600034816","54278","Microsoft-Windows-Security-Auditing","54849625-5478-4994-a5ba-3e3b0328c30d","Security","500","7076","lab-dc1.lab.local","12/24/2016 9:11:06 AM",,,"security","Information","Info","Logoff"
"S-1-5-18","LAB-DC1$","LAB","0xbdcd5e","3","4634","0","0","12545","0","-9214364837600034816","54273","Microsoft-Windows-Security-Auditing","54849625-5478-4994-a5ba-3e3b0328c30d","Security","500","7076","lab-dc1.lab.local","12/24/2016 9:10:56 AM",,,"security","Information","Info","Logoff"
"S-1-5-18","LAB-DC1$","LAB","0xbdab9b","3","4634","0","0","12545","0","-9214364837600034816","54267","Microsoft-Windows-Security-Auditing","54849625-5478-4994-a5ba-3e3b0328c30d","Security","500","6864","lab-dc1.lab.local","12/24/2016 9:10:06 AM",,,"security","Information","Info","Logoff"
"S-1-5-18","LAB-DC1$","LAB","0xbd981d","3","4634","0","0","12545","0","-9214364837600034816","54263","Microsoft-Windows-Security-Auditing","54849625-5478-4994-a5ba-3e3b0328c30d","Security","500","5684","lab-dc1.lab.local","12/24/2016 9:09:06 AM",,,"security","Information","Info","Logoff"
"S-1-5-18","LAB-DC1$","LAB","0xbd8307","3","4634","0","0","12545","0","-9214364837600034816","54259","Microsoft-Windows-Security-Auditing","54849625-5478-4994-a5ba-3e3b0328c30d","Security","500","5684","lab-dc1.lab.local","12/24/2016 9:08:35 AM",,,"security","Information","Info","Logoff"
"S-1-5-18","LAB-DC1$","LAB","0xbd829e","3","4634","0","0","12545","0","-9214364837600034816","54256","Microsoft-Windows-Security-Auditing","54849625-5478-4994-a5ba-3e3b0328c30d","Security","500","5684","lab-dc1.lab.local","12/24/2016 9:08:34 AM",,,"security","Information","Info","Logoff"
"S-1-5-18","LAB-DC1$","LAB","0xbd7df4","3","4634","0","0","12545","0","-9214364837600034816","54253","Microsoft-Windows-Security-Auditing","54849625-5478-4994-a5ba-3e3b0328c30d","Security","500","5684","lab-dc1.lab.local","12/24/2016 9:08:06 AM",,,"security","Information","Info","Logoff"
"S-1-5-18","LAB-DC1$","LAB","0xbd4a35","3","4634","0","0","12545","0","-9214364837600034816","54241","Microsoft-Windows-Security-Auditing","54849625-5478-4994-a5ba-3e3b0328c30d","Security","500","5684","lab-dc1.lab.local","12/24/2016 9:07:49 AM",,,"security","Information","Info","Logoff"
"S-1-5-18","LAB-DC1$","LAB","0xbd48b8","3","4634","0","0","12545","0","-9214364837600034816","54240","Microsoft-Windows-Security-Auditing","54849625-5478-4994-a5ba-3e3b0328c30d","Security","500","5684","lab-dc1.lab.local","12/24/2016 9:07:38 AM",,,"security","Information","Info","Logoff"
"S-1-5-18","LAB-DC1$","LAB","0xbd4977","3","4634","0","0","12545","0","-9214364837600034816","54239","Microsoft-Windows-Security-Auditing","54849625-5478-4994-a5ba-3e3b0328c30d","Security","500","5684","lab-dc1.lab.local","12/24/2016 9:07:38 AM",,,"security","Information","Info","Logoff"
"S-1-5-18","LAB-DC1$","LAB","0xbd49bf","3","4634","0","0","12545","0","-9214364837600034816","54238","Microsoft-Windows-Security-Auditing","54849625-5478-4994-a5ba-3e3b0328c30d","Security","500","5684","lab-dc1.lab.local","12/24/2016 9:07:38 AM",,,"security","Information","Info","Logoff"
"S-1-5-18","LAB-DC1$","LAB","0xbd4187","3","4634","0","0","12545","0","-9214364837600034816","54229","Microsoft-Windows-Security-Auditing","54849625-5478-4994-a5ba-3e3b0328c30d","Security","500","5684","lab-dc1.lab.local","12/24/2016 9:07:06 AM",,,"security","Information","Info","Logoff"
"S-1-5-18","LAB-DC1$","LAB","0xbd326f","3","4634","0","0","12545","0","-9214364837600034816","54225","Microsoft-Windows-Security-Auditing","54849625-5478-4994-a5ba-3e3b0328c30d","Security","500","4436","lab-dc1.lab.local","12/24/2016 9:06:06 AM",,,"security","Information","Info","Logoff"
"S-1-5-18","LAB-DC1$","LAB","0xbd11d4","3","4634","0","0","12545","0","-9214364837600034816","54213","Microsoft-Windows-Security-Auditing","54849625-5478-4994-a5ba-3e3b0328c30d","Security","500","4436","lab-dc1.lab.local","12/24/2016 9:05:06 AM",,,"security","Information","Info","Logoff"
"S-1-5-18","LAB-DC1$","LAB","0xba63eb","3","4634","0","0","12545","0","-9214364837600034816","54205","Microsoft-Windows-Security-Auditing","54849625-5478-4994-a5ba-3e3b0328c30d","Security","500","7056","lab-dc1.lab.local","12/24/2016 9:04:09 AM",,,"security","Information","Info","Logoff"
"S-1-5-18","LAB-DC1$","LAB","0xbb5b1c","3","4634","0","0","12545","0","-9214364837600034816","54204","Microsoft-Windows-Security-Auditing","54849625-5478-4994-a5ba-3e3b0328c30d","Security","500","7056","lab-dc1.lab.local","12/24/2016 9:04:06 AM",,,"security","Information","Info","Logoff"
"S-1-5-18","LAB-DC1$","LAB","0xbb5044","3","4634","0","0","12545","0","-9214364837600034816","54198","Microsoft-Windows-Security-Auditing","54849625-5478-4994-a5ba-3e3b0328c30d","Security","500","7056","lab-dc1.lab.local","12/24/2016 9:03:33 AM",,,"security","Information","Info","Logoff"
"S-1-5-18","LAB-DC1$","LAB","0xbb4fdb","3","4634","0","0","12545","0","-9214364837600034816","54195","Microsoft-Windows-Security-Auditing","54849625-5478-4994-a5ba-3e3b0328c30d","Security","500","7056","lab-dc1.lab.local","12/24/2016 9:03:33 AM",,,"security","Information","Info","Logoff"
"S-1-5-18","LAB-DC1$","LAB","0xbb4bc8","3","4634","0","0","12545","0","-9214364837600034816","54192","Microsoft-Windows-Security-Auditing","54849625-5478-4994-a5ba-3e3b0328c30d","Security","500","7056","lab-dc1.lab.local","12/24/2016 9:03:06 AM",,,"security","Information","Info","Logoff"
"S-1-5-18","LAB-DC1$","LAB","0xba65a9","3","4634","0","0","12545","0","-9214364837600034816","54188","Microsoft-Windows-Security-Auditing","54849625-5478-4994-a5ba-3e3b0328c30d","Security","500","7056","lab-dc1.lab.local","12/24/2016 9:02:48 AM",,,"security","Information","Info","Logoff"
"S-1-5-18","LAB-DC1$","LAB","0xba642f","3","4634","0","0","12545","0","-9214364837600034816","54187","Microsoft-Windows-Security-Auditing","54849625-5478-4994-a5ba-3e3b0328c30d","Security","500","7056","lab-dc1.lab.local","12/24/2016 9:02:37 AM",,,"security","Information","Info","Logoff"
"S-1-5-18","LAB-DC1$","LAB","0xba64ee","3","4634","0","0","12545","0","-9214364837600034816","54186","Microsoft-Windows-Security-Auditing","54849625-5478-4994-a5ba-3e3b0328c30d","Security","500","6568","lab-dc1.lab.local","12/24/2016 9:02:37 AM",,,"security","Information","Info","Logoff"
"S-1-5-18","LAB-DC1$","LAB","0xba6533","3","4634","0","0","12545","0","-9214364837600034816","54185","Microsoft-Windows-Security-Auditing","54849625-5478-4994-a5ba-3e3b0328c30d","Security","500","6568","lab-dc1.lab.local","12/24/2016 9:02:37 AM",,,"security","Information","Info","Logoff"
"S-1-5-18","LAB-DC1$","LAB","0xba5d5d","3","4634","0","0","12545","0","-9214364837600034816","54174","Microsoft-Windows-Security-Auditing","54849625-5478-4994-a5ba-3e3b0328c30d","Security","500","6568","lab-dc1.lab.local","12/24/2016 9:02:06 AM",,,"security","Information","Info","Logoff"
"S-1-5-18","LAB-DC1$","LAB","0xba3e20","3","4634","0","0","12545","0","-9214364837600034816","54170","Microsoft-Windows-Security-Auditing","54849625-5478-4994-a5ba-3e3b0328c30d","Security","500","4396","lab-dc1.lab.local","12/24/2016 9:01:06 AM",,,"security","Information","Info","Logoff"
"S-1-5-18","LAB-DC1$","LAB","0xba3539","3","4634","0","0","12545","0","-9214364837600034816","54167","Microsoft-Windows-Security-Auditing","54849625-5478-4994-a5ba-3e3b0328c30d","Security","500","4396","lab-dc1.lab.local","12/24/2016 9:00:56 AM",,,"security","Information","Info","Logoff"
"S-1-5-18","LAB-DC1$","LAB","0xba2165","3","4634","0","0","12545","0","-9214364837600034816","54155","Microsoft-Windows-Security-Auditing","54849625-5478-4994-a5ba-3e3b0328c30d","Security","500","6568","lab-dc1.lab.local","12/24/2016 9:00:06 AM",,,"security","Information","Info","Logoff"
"S-1-5-18","LAB-DC1$","LAB","0xba1689","3","4634","0","0","12545","0","-9214364837600034816","54151","Microsoft-Windows-Security-Auditing","54849625-5478-4994-a5ba-3e3b0328c30d","Security","500","5272","lab-dc1.lab.local","12/24/2016 8:59:06 AM",,,"security","Information","Info","Logoff"
"S-1-5-18","LAB-DC1$","LAB","0xba0d80","3","4634","0","0","12545","0","-9214364837600034816","54147","Microsoft-Windows-Security-Auditing","54849625-5478-4994-a5ba-3e3b0328c30d","Security","500","5272","lab-dc1.lab.local","12/24/2016 8:58:32 AM",,,"security","Information","Info","Logoff"
"S-1-5-18","LAB-DC1$","LAB","0xba0d17","3","4634","0","0","12545","0","-9214364837600034816","54144","Microsoft-Windows-Security-Auditing","54849625-5478-4994-a5ba-3e3b0328c30d","Security","500","5272","lab-dc1.lab.local","12/24/2016 8:58:32 AM",,,"security","Information","Info","Logoff"
"S-1-5-18","LAB-DC1$","LAB","0xba072b","3","4634","0","0","12545","0","-9214364837600034816","54141","Microsoft-Windows-Security-Auditing","54849625-5478-4994-a5ba-3e3b0328c30d","Security","500","6568","lab-dc1.lab.local","12/24/2016 8:58:06 AM",,,"security","Information","Info","Logoff"
"S-1-5-18","LAB-DC1$","LAB","0xb9df5f","3","4634","0","0","12545","0","-9214364837600034816","54137","Microsoft-Windows-Security-Auditing","54849625-5478-4994-a5ba-3e3b0328c30d","Security","500","6568","lab-dc1.lab.local","12/24/2016 8:57:47 AM",,,"security","Information","Info","Logoff"
"S-1-5-18","LAB-DC1$","LAB","0xb9dde5","3","4634","0","0","12545","0","-9214364837600034816","54136","Microsoft-Windows-Security-Auditing","54849625-5478-4994-a5ba-3e3b0328c30d","Security","500","6568","lab-dc1.lab.local","12/24/2016 8:57:37 AM",,,"security","Information","Info","Logoff"
"S-1-5-18","LAB-DC1$","LAB","0xb9dea4","3","4634","0","0","12545","0","-9214364837600034816","54135","Microsoft-Windows-Security-Auditing","54849625-5478-4994-a5ba-3e3b0328c30d","Security","500","5272","lab-dc1.lab.local","12/24/2016 8:57:36 AM",,,"security","Information","Info","Logoff"
"S-1-5-18","LAB-DC1$","LAB","0xb9dee9","3","4634","0","0","12545","0","-9214364837600034816","54134","Microsoft-Windows-Security-Auditing","54849625-5478-4994-a5ba-3e3b0328c30d","Security","500","6568","lab-dc1.lab.local","12/24/2016 8:57:36 AM",,,"security","Information","Info","Logoff"
"S-1-5-18","LAB-DC1$","LAB","0xb9da2e","3","4634","0","0","12545","0","-9214364837600034816","54125","Microsoft-Windows-Security-Auditing","54849625-5478-4994-a5ba-3e3b0328c30d","Security","500","6568","lab-dc1.lab.local","12/24/2016 8:57:06 AM",,,"security","Information","Info","Logoff"
"S-1-5-18","LAB-DC1$","LAB","0xb9bcf7","3","4634","0","0","12545","0","-9214364837600034816","54120","Microsoft-Windows-Security-Auditing","54849625-5478-4994-a5ba-3e3b0328c30d","Security","500","6568","lab-dc1.lab.local","12/24/2016 8:56:06 AM",,,"security","Information","Info","Logoff"
"S-1-5-18","LAB-DC1$","LAB","0xb99d0d","3","4634","0","0","12545","0","-9214364837600034816","54108","Microsoft-Windows-Security-Auditing","54849625-5478-4994-a5ba-3e3b0328c30d","Security","500","6568","lab-dc1.lab.local","12/24/2016 8:55:06 AM",,,"security","Information","Info","Logoff"
"S-1-5-18","LAB-DC1$","LAB","0xb98c01","3","4634","0","0","12545","0","-9214364837600034816","54104","Microsoft-Windows-Security-Auditing","54849625-5478-4994-a5ba-3e3b0328c30d","Security","500","5272","lab-dc1.lab.local","12/24/2016 8:54:06 AM",,,"security","Information","Info","Logoff"
"S-1-5-18","LAB-DC1$","LAB","0xb97d67","3","4634","0","0","12545","0","-9214364837600034816","54092","Microsoft-Windows-Security-Auditing","54849625-5478-4994-a5ba-3e3b0328c30d","Security","500","5272","lab-dc1.lab.local","12/24/2016 8:53:31 AM",,,"security","Information","Info","Logoff"
"S-1-5-18","LAB-DC1$","LAB","0xb97cfc","3","4634","0","0","12545","0","-9214364837600034816","54089","Microsoft-Windows-Security-Auditing","54849625-5478-4994-a5ba-3e3b0328c30d","Security","500","5272","lab-dc1.lab.local","12/24/2016 8:53:30 AM",,,"security","Information","Info","Logoff"
"S-1-5-18","LAB-DC1$","LAB","0xb96ffe","3","4634","0","0","12545","0","-9214364837600034816","54086","Microsoft-Windows-Security-Auditing","54849625-5478-4994-a5ba-3e3b0328c30d","Security","500","5272","lab-dc1.lab.local","12/24/2016 8:53:06 AM",,,"security","Information","Info","Logoff"
"S-1-5-18","LAB-DC1$","LAB","0xb94ee0","3","4634","0","0","12545","0","-9214364837600034816","54082","Microsoft-Windows-Security-Auditing","54849625-5478-4994-a5ba-3e3b0328c30d","Security","500","5724","lab-dc1.lab.local","12/24/2016 8:52:46 AM",,,"security","Information","Info","Logoff"
"S-1-5-18","LAB-DC1$","LAB","0xb94d52","3","4634","0","0","12545","0","-9214364837600034816","54081","Microsoft-Windows-Security-Auditing","54849625-5478-4994-a5ba-3e3b0328c30d","Security","500","5272","lab-dc1.lab.local","12/24/2016 8:52:35 AM",,,"security","Information","Info","Logoff"
"S-1-5-18","LAB-DC1$","LAB","0xb94e11","3","4634","0","0","12545","0","-9214364837600034816","54080","Microsoft-Windows-Security-Auditing","54849625-5478-4994-a5ba-3e3b0328c30d","Security","500","5272","lab-dc1.lab.local","12/24/2016 8:52:35 AM",,,"security","Information","Info","Logoff"
"S-1-5-18","LAB-DC1$","LAB","0xb94e57","3","4634","0","0","12545","0","-9214364837600034816","54079","Microsoft-Windows-Security-Auditing","54849625-5478-4994-a5ba-3e3b0328c30d","Security","500","5272","lab-dc1.lab.local","12/24/2016 8:52:35 AM",,,"security","Information","Info","Logoff"
"S-1-5-18","LAB-DC1$","LAB","0xb94a3c","3","4634","0","0","12545","0","-9214364837600034816","54070","Microsoft-Windows-Security-Auditing","54849625-5478-4994-a5ba-3e3b0328c30d","Security","500","5272","lab-dc1.lab.local","12/24/2016 8:52:06 AM",,,"security","Information","Info","Logoff"
"S-1-5-18","LAB-DC1$","LAB","0xb940d8","3","4634","0","0","12545","0","-9214364837600034816","54066","Microsoft-Windows-Security-Auditing","54849625-5478-4994-a5ba-3e3b0328c30d","Security","500","5724","lab-dc1.lab.local","12/24/2016 8:51:06 AM",,,"security","Information","Info","Logoff"
"S-1-5-18","LAB-DC1$","LAB","0xb93a92","3","4634","0","0","12545","0","-9214364837600034816","54063","Microsoft-Windows-Security-Auditing","54849625-5478-4994-a5ba-3e3b0328c30d","Security","500","5272","lab-dc1.lab.local","12/24/2016 8:50:56 AM",,,"security","Information","Info","Logoff"
"S-1-5-18","LAB-DC1$","LAB","0xb9328c","3","4634","0","0","12545","0","-9214364837600034816","54059","Microsoft-Windows-Security-Auditing","54849625-5478-4994-a5ba-3e3b0328c30d","Security","500","5724","lab-dc1.lab.local","12/24/2016 8:50:06 AM",,,"security","Information","Info","Logoff"
"S-1-5-18","LAB-DC1$","LAB","0xb9240a","3","4634","0","0","12545","0","-9214364837600034816","54055","Microsoft-Windows-Security-Auditing","54849625-5478-4994-a5ba-3e3b0328c30d","Security","500","5272","lab-dc1.lab.local","12/24/2016 8:49:06 AM",,,"security","Information","Info","Logoff"
"S-1-5-18","LAB-DC1$","LAB","0xb91d06","3","4634","0","0","12545","0","-9214364837600034816","54051","Microsoft-Windows-Security-Auditing","54849625-5478-4994-a5ba-3e3b0328c30d","Security","500","5724","lab-dc1.lab.local","12/24/2016 8:48:29 AM",,,"security","Information","Info","Logoff"
"S-1-5-18","LAB-DC1$","LAB","0xb91c8b","3","4634","0","0","12545","0","-9214364837600034816","54048","Microsoft-Windows-Security-Auditing","54849625-5478-4994-a5ba-3e3b0328c30d","Security","500","5724","lab-dc1.lab.local","12/24/2016 8:48:29 AM",,,"security","Information","Info","Logoff"
"S-1-5-18","LAB-DC1$","LAB","0xb9165e","3","4634","0","0","12545","0","-9214364837600034816","54045","Microsoft-Windows-Security-Auditing","54849625-5478-4994-a5ba-3e3b0328c30d","Security","500","5272","lab-dc1.lab.local","12/24/2016 8:48:06 AM",,,"security","Information","Info","Logoff"
"S-1-5-18","LAB-DC1$","LAB","0xb8ee5a","3","4634","0","0","12545","0","-9214364837600034816","54041","Microsoft-Windows-Security-Auditing","54849625-5478-4994-a5ba-3e3b0328c30d","Security","500","5272","lab-dc1.lab.local","12/24/2016 8:47:45 AM",,,"security","Information","Info","Logoff"
"S-1-5-18","LAB-DC1$","LAB","0xb8ecf4","3","4634","0","0","12545","0","-9214364837600034816","54040","Microsoft-Windows-Security-Auditing","54849625-5478-4994-a5ba-3e3b0328c30d","Security","500","6460","lab-dc1.lab.local","12/24/2016 8:47:35 AM",,,"security","Information","Info","Logoff"
"S-1-5-18","LAB-DC1$","LAB","0xb8edb3","3","4634","0","0","12545","0","-9214364837600034816","54039","Microsoft-Windows-Security-Auditing","54849625-5478-4994-a5ba-3e3b0328c30d","Security","500","6460","lab-dc1.lab.local","12/24/2016 8:47:35 AM",,,"security","Information","Info","Logoff"
"S-1-5-18","LAB-DC1$","LAB","0xb8edf8","3","4634","0","0","12545","0","-9214364837600034816","54038","Microsoft-Windows-Security-Auditing","54849625-5478-4994-a5ba-3e3b0328c30d","Security","500","6460","lab-dc1.lab.local","12/24/2016 8:47:35 AM",,,"security","Information","Info","Logoff"
"S-1-5-18","LAB-DC1$","LAB","0xb8e856","3","4634","0","0","12545","0","-9214364837600034816","54029","Microsoft-Windows-Security-Auditing","54849625-5478-4994-a5ba-3e3b0328c30d","Security","500","6460","lab-dc1.lab.local","12/24/2016 8:47:06 AM",,,"security","Information","Info","Logoff"
"S-1-5-18","LAB-DC1$","LAB","0xb8dd6f","3","4634","0","0","12545","0","-9214364837600034816","54025","Microsoft-Windows-Security-Auditing","54849625-5478-4994-a5ba-3e3b0328c30d","Security","500","5272","lab-dc1.lab.local","12/24/2016 8:46:06 AM",,,"security","Information","Info","Logoff"
"S-1-5-18","LAB-DC1$","LAB","0xb8d11e","3","4634","0","0","12545","0","-9214364837600034816","54021","Microsoft-Windows-Security-Auditing","54849625-5478-4994-a5ba-3e3b0328c30d","Security","500","5272","lab-dc1.lab.local","12/24/2016 8:45:06 AM",,,"security","Information","Info","Logoff"
"S-1-5-18","LAB-DC1$","LAB","0xb8c938","3","4634","0","0","12545","0","-9214364837600034816","54017","Microsoft-Windows-Security-Auditing","54849625-5478-4994-a5ba-3e3b0328c30d","Security","500","4160","lab-dc1.lab.local","12/24/2016 8:44:06 AM",,,"security","Information","Info","Logoff"
"S-1-5-18","LAB-DC1$","LAB","0xb8c1a8","3","4634","0","0","12545","0","-9214364837600034816","54013","Microsoft-Windows-Security-Auditing","54849625-5478-4994-a5ba-3e3b0328c30d","Security","500","6588","lab-dc1.lab.local","12/24/2016 8:43:28 AM",,,"security","Information","Info","Logoff"
"S-1-5-18","LAB-DC1$","LAB","0xb8c13f","3","4634","0","0","12545","0","-9214364837600034816","54010","Microsoft-Windows-Security-Auditing","54849625-5478-4994-a5ba-3e3b0328c30d","Security","500","6588","lab-dc1.lab.local","12/24/2016 8:43:28 AM",,,"security","Information","Info","Logoff"
"S-1-5-18","LAB-DC1$","LAB","0xb8ba56","3","4634","0","0","12545","0","-9214364837600034816","54007","Microsoft-Windows-Security-Auditing","54849625-5478-4994-a5ba-3e3b0328c30d","Security","500","4160","lab-dc1.lab.local","12/24/2016 8:43:06 AM",,,"security","Information","Info","Logoff"
"S-1-5-18","LAB-DC1$","LAB","0xb8993b","3","4634","0","0","12545","0","-9214364837600034816","54003","Microsoft-Windows-Security-Auditing","54849625-5478-4994-a5ba-3e3b0328c30d","Security","500","4160","lab-dc1.lab.local","12/24/2016 8:42:45 AM",,,"security","Information","Info","Logoff"
"S-1-5-18","LAB-DC1$","LAB","0xb897d3","3","4634","0","0","12545","0","-9214364837600034816","54002","Microsoft-Windows-Security-Auditing","54849625-5478-4994-a5ba-3e3b0328c30d","Security","500","4160","lab-dc1.lab.local","12/24/2016 8:42:34 AM",,,"security","Information","Info","Logoff"
"S-1-5-18","LAB-DC1$","LAB","0xb89892","3","4634","0","0","12545","0","-9214364837600034816","54001","Microsoft-Windows-Security-Auditing","54849625-5478-4994-a5ba-3e3b0328c30d","Security","500","6588","lab-dc1.lab.local","12/24/2016 8:42:34 AM",,,"security","Information","Info","Logoff"
"S-1-5-18","LAB-DC1$","LAB","0xb898d7","3","4634","0","0","12545","0","-9214364837600034816","54000","Microsoft-Windows-Security-Auditing","54849625-5478-4994-a5ba-3e3b0328c30d","Security","500","6588","lab-dc1.lab.local","12/24/2016 8:42:34 AM",,,"security","Information","Info","Logoff"
"S-1-5-18","LAB-DC1$","LAB","0xb892a5","3","4634","0","0","12545","0","-9214364837600034816","53991","Microsoft-Windows-Security-Auditing","54849625-5478-4994-a5ba-3e3b0328c30d","Security","500","1376","lab-dc1.lab.local","12/24/2016 8:42:06 AM",,,"security","Information","Info","Logoff"
"S-1-5-18","LAB-DC1$","LAB","0xb885e5","3","4634","0","0","12545","0","-9214364837600034816","53987","Microsoft-Windows-Security-Auditing","54849625-5478-4994-a5ba-3e3b0328c30d","Security","500","6588","lab-dc1.lab.local","12/24/2016 8:41:06 AM",,,"security","Information","Info","Logoff"
"S-1-5-18","LAB-DC1$","LAB","0xb8806d","3","4634","0","0","12545","0","-9214364837600034816","53984","Microsoft-Windows-Security-Auditing","54849625-5478-4994-a5ba-3e3b0328c30d","Security","500","6588","lab-dc1.lab.local","12/24/2016 8:40:56 AM",,,"security","Information","Info","Logoff"
"S-1-5-18","LAB-DC1$","LAB","0xb87746","3","4634","0","0","12545","0","-9214364837600034816","53978","Microsoft-Windows-Security-Auditing","54849625-5478-4994-a5ba-3e3b0328c30d","Security","500","6588","lab-dc1.lab.local","12/24/2016 8:40:06 AM",,,"security","Information","Info","Logoff"
"S-1-5-18","LAB-DC1$","LAB","0xb86aef","3","4634","0","0","12545","0","-9214364837600034816","53972","Microsoft-Windows-Security-Auditing","54849625-5478-4994-a5ba-3e3b0328c30d","Security","500","6588","lab-dc1.lab.local","12/24/2016 8:39:06 AM",,,"security","Information","Info","Logoff"
"S-1-5-18","LAB-DC1$","LAB","0xb8630a","3","4634","0","0","12545","0","-9214364837600034816","53968","Microsoft-Windows-Security-Auditing","54849625-5478-4994-a5ba-3e3b0328c30d","Security","500","6588","lab-dc1.lab.local","12/24/2016 8:38:27 AM",,,"security","Information","Info","Logoff"
"S-1-5-18","LAB-DC1$","LAB","0xb862a1","3","4634","0","0","12545","0","-9214364837600034816","53965","Microsoft-Windows-Security-Auditing","54849625-5478-4994-a5ba-3e3b0328c30d","Security","500","6588","lab-dc1.lab.local","12/24/2016 8:38:26 AM",,,"security","Information","Info","Logoff"
"S-1-5-18","LAB-DC1$","LAB","0xb85dfa","3","4634","0","0","12545","0","-9214364837600034816","53962","Microsoft-Windows-Security-Auditing","54849625-5478-4994-a5ba-3e3b0328c30d","Security","500","6588","lab-dc1.lab.local","12/24/2016 8:38:06 AM",,,"security","Information","Info","Logoff"
"S-1-5-18","LAB-DC1$","LAB","0xb83683","3","4634","0","0","12545","0","-9214364837600034816","53958","Microsoft-Windows-Security-Auditing","54849625-5478-4994-a5ba-3e3b0328c30d","Security","500","6588","lab-dc1.lab.local","12/24/2016 8:37:44 AM",,,"security","Information","Info","Logoff"
"S-1-5-18","LAB-DC1$","LAB","0xb83506","3","4634","0","0","12545","0","-9214364837600034816","53957","Microsoft-Windows-Security-Auditing","54849625-5478-4994-a5ba-3e3b0328c30d","Security","500","1376","lab-dc1.lab.local","12/24/2016 8:37:33 AM",,,"security","Information","Info","Logoff"
"S-1-5-18","LAB-DC1$","LAB","0xb835c7","3","4634","0","0","12545","0","-9214364837600034816","53956","Microsoft-Windows-Security-Auditing","54849625-5478-4994-a5ba-3e3b0328c30d","Security","500","1376","lab-dc1.lab.local","12/24/2016 8:37:33 AM",,,"security","Information","Info","Logoff"
"S-1-5-18","LAB-DC1$","LAB","0xb8360c","3","4634","0","0","12545","0","-9214364837600034816","53955","Microsoft-Windows-Security-Auditing","54849625-5478-4994-a5ba-3e3b0328c30d","Security","500","1376","lab-dc1.lab.local","12/24/2016 8:37:33 AM",,,"security","Information","Info","Logoff"
"S-1-5-18","LAB-DC1$","LAB","0xb81bd8","3","4634","0","0","12545","0","-9214364837600034816","53946","Microsoft-Windows-Security-Auditing","54849625-5478-4994-a5ba-3e3b0328c30d","Security","500","1376","lab-dc1.lab.local","12/24/2016 8:37:31 AM",,,"security","Information","Info","Logoff"
"S-1-5-18","LAB-DC1$","LAB","0xb82f69","3","4634","0","0","12545","0","-9214364837600034816","53945","Microsoft-Windows-Security-Auditing","54849625-5478-4994-a5ba-3e3b0328c30d","Security","500","6588","lab-dc1.lab.local","12/24/2016 8:37:06 AM",,,"security","Information","Info","Logoff"
"S-1-5-18","LAB-DC1$","LAB","0xb81e4a","3","4634","0","0","12545","0","-9214364837600034816","53941","Microsoft-Windows-Security-Auditing","54849625-5478-4994-a5ba-3e3b0328c30d","Security","500","1376","lab-dc1.lab.local","12/24/2016 8:36:06 AM",,,"security","Information","Info","Logoff"
"S-1-5-21-1821399794-337311051-3185148185-1001","LAB-DC1$","LAB","0xb7ee16","3","4634","0","0","12545","0","-9214364837600034816","53912","Microsoft-Windows-Security-Auditing","54849625-5478-4994-a5ba-3e3b0328c30d","Security","500","6588","lab-dc1.lab.local","12/24/2016 8:33:44 AM",,,"security","Information","Info","Logoff"
"S-1-5-18","LAB-DC1$","LAB","0xb7e9b6","3","4634","0","0","12545","0","-9214364837600034816","53903","Microsoft-Windows-Security-Auditing","54849625-5478-4994-a5ba-3e3b0328c30d","Security","500","6588","lab-dc1.lab.local","12/24/2016 8:33:42 AM",,,"security","Information","Info","Logoff"
"S-1-5-21-1821399794-337311051-3185148185-1001","LAB-DC1$","LAB","0xb7c00e","3","4634","0","0","12545","0","-9214364837600034816","53876","Microsoft-Windows-Security-Auditing","54849625-5478-4994-a5ba-3e3b0328c30d","Security","500","6588","lab-dc1.lab.local","12/24/2016 8:33:11 AM",,,"security","Information","Info","Logoff"
"S-1-5-18","LAB-DC1$","LAB","0xb7b196","3","4634","0","0","12545","0","-9214364837600034816","53864","Microsoft-Windows-Security-Auditing","54849625-5478-4994-a5ba-3e3b0328c30d","Security","500","6588","lab-dc1.lab.local","12/24/2016 8:32:42 AM",,,"security","Information","Info","Logoff"
"S-1-5-18","LAB-DC1$","LAB","0xb75365","3","4634","0","0","12545","0","-9214364837600034816","53861","Microsoft-Windows-Security-Auditing","54849625-5478-4994-a5ba-3e3b0328c30d","Security","500","6588","lab-dc1.lab.local","12/24/2016 8:32:40 AM",,,"security","Information","Info","Logoff"
"S-1-5-18","LAB-DC1$","LAB","0xb7883a","3","4634","0","0","12545","0","-9214364837600034816","53857","Microsoft-Windows-Security-Auditing","54849625-5478-4994-a5ba-3e3b0328c30d","Security","500","740","lab-dc1.lab.local","12/24/2016 8:32:01 AM",,,"security","Information","Info","Logoff"
"S-1-5-18","LAB-DC1$","LAB","0xb787b7","3","4634","0","0","12545","0","-9214364837600034816","53854","Microsoft-Windows-Security-Auditing","54849625-5478-4994-a5ba-3e3b0328c30d","Security","500","740","lab-dc1.lab.local","12/24/2016 8:32:01 AM",,,"security","Information","Info","Logoff"
"S-1-5-18","LAB-DC1$","LAB","0xb77e6a","3","4634","0","0","12545","0","-9214364837600034816","53850","Microsoft-Windows-Security-Auditing","54849625-5478-4994-a5ba-3e3b0328c30d","Security","500","6588","lab-dc1.lab.local","12/24/2016 8:31:42 AM",,,"security","Information","Info","Logoff"
"S-1-5-18","LAB-DC1$","LAB","0xb7555b","3","4634","0","0","12545","0","-9214364837600034816","53847","Microsoft-Windows-Security-Auditing","54849625-5478-4994-a5ba-3e3b0328c30d","Security","500","740","lab-dc1.lab.local","12/24/2016 8:31:19 AM",,,"security","Information","Info","Logoff"
"S-1-5-18","LAB-DC1$","LAB","0xb753c1","3","4634","0","0","12545","0","-9214364837600034816","53846","Microsoft-Windows-Security-Auditing","54849625-5478-4994-a5ba-3e3b0328c30d","Security","500","740","lab-dc1.lab.local","12/24/2016 8:31:08 AM",,,"security","Information","Info","Logoff"
