"S-1-5-18","LAB-DC1$","LAB","0xb75480","3","4634","0","0","12545","0","-9214364837600034816","53845","Microsoft-Windows-Security-Auditing","54849625-5478-4994-a5ba-3e3b0328c30d","Security","500","6588","lab-dc1.lab.local","12/24/2016 8:31:08 AM",,,"security","Information","Info","Logoff"
"S-1-5-18","LAB-DC1$","LAB","0xb754c8","3","4634","0","0","12545","0","-9214364837600034816","53844","Microsoft-Windows-Security-Auditing","54849625-5478-4994-a5ba-3e3b0328c30d","Security","500","740","lab-dc1.lab.local","12/24/2016 8:31:08 AM",,,"security","Information","Info","Logoff"
"S-1-5-18","LAB-DC1$","LAB","0xb74816","3","4634","0","0","12545","0","-9214364837600034816","53832","Microsoft-Windows-Security-Auditing","54849625-5478-4994-a5ba-3e3b0328c30d","Security","500","1376","lab-dc1.lab.local","12/24/2016 8:30:42 AM",,,"security","Information","Info","Logoff"
"S-1-5-18","LAB-DC1$","LAB","0xb7314a","3","4634","0","0","12545","0","-9214364837600034816","53828","Microsoft-Windows-Security-Auditing","54849625-5478-4994-a5ba-3e3b0328c30d","Security","500","6588","lab-dc1.lab.local","12/24/2016 8:29:42 AM",,,"security","Information","Info","Logoff"
"S-1-5-18","LAB-DC1$","LAB","0xb7295d","3","4634","0","0","12545","0","-9214364837600034816","53825","Microsoft-Windows-Security-Auditing","54849625-5478-4994-a5ba-3e3b0328c30d","Security","500","6588","lab-dc1.lab.local","12/24/2016 8:29:32 AM",,,"security","Information","Info","Logoff"
"S-1-5-18","LAB-DC1$","LAB","0xb71a2a","3","4634","0","0","12545","0","-9214364837600034816","53821","Microsoft-Windows-Security-Auditing","54849625-5478-4994-a5ba-3e3b0328c30d","Security","500","6588","lab-dc1.lab.local","12/24/2016 8:28:42 AM",,,"security","Information","Info","Logoff"
"S-1-5-18","LAB-DC1$","LAB","0xb7017d","3","4634","0","0","12545","0","-9214364837600034816","53817","Microsoft-Windows-Security-Auditing","54849625-5478-4994-a5ba-3e3b0328c30d","Security","500","1376","lab-dc1.lab.local","12/24/2016 8:27:42 AM",,,"security","Information","Info","Logoff"
"S-1-5-18","LAB-DC1$","LAB","0xb6ef53","3","4634","0","0","12545","0","-9214364837600034816","53814","Microsoft-Windows-Security-Auditing","54849625-5478-4994-a5ba-3e3b0328c30d","Security","500","1376","lab-dc1.lab.local","12/24/2016 8:27:00 AM",,,"security","Information","Info","Logoff"
"S-1-5-18","LAB-DC1$","LAB","0xb6eee4","3","4634","0","0","12545","0","-9214364837600034816","53811","Microsoft-Windows-Security-Auditing","54849625-5478-4994-a5ba-3e3b0328c30d","Security","500","1376","lab-dc1.lab.local","12/24/2016 8:27:00 AM",,,"security","Information","Info","Logoff"
"S-1-5-18","LAB-DC1$","LAB","0xb6e5ef","3","4634","0","0","12545","0","-9214364837600034816","53807","Microsoft-Windows-Security-Auditing","54849625-5478-4994-a5ba-3e3b0328c30d","Security","500","1376","lab-dc1.lab.local","12/24/2016 8:26:42 AM",,,"security","Information","Info","Logoff"
"S-1-5-18","LAB-DC1$","LAB","0xb6bfee","3","4634","0","0","12545","0","-9214364837600034816","53804","Microsoft-Windows-Security-Auditing","54849625-5478-4994-a5ba-3e3b0328c30d","Security","500","1376","lab-dc1.lab.local","12/24/2016 8:26:18 AM",,,"security","Information","Info","Logoff"
"S-1-5-18","LAB-DC1$","LAB","0xb6be70","3","4634","0","0","12545","0","-9214364837600034816","53803","Microsoft-Windows-Security-Auditing","54849625-5478-4994-a5ba-3e3b0328c30d","Security","500","1376","lab-dc1.lab.local","12/24/2016 8:26:08 AM",,,"security","Information","Info","Logoff"
"S-1-5-18","LAB-DC1$","LAB","0xb6bf2f","3","4634","0","0","12545","0","-9214364837600034816","53802","Microsoft-Windows-Security-Auditing","54849625-5478-4994-a5ba-3e3b0328c30d","Security","500","7020","lab-dc1.lab.local","12/24/2016 8:26:08 AM",,,"security","Information","Info","Logoff"
"S-1-5-18","LAB-DC1$","LAB","0xb6bf74","3","4634","0","0","12545","0","-9214364837600034816","53801","Microsoft-Windows-Security-Auditing","54849625-5478-4994-a5ba-3e3b0328c30d","Security","500","7020","lab-dc1.lab.local","12/24/2016 8:26:08 AM",,,"security","Information","Info","Logoff"
"S-1-5-18","LAB-DC1$","LAB","0xb6b380","3","4634","0","0","12545","0","-9214364837600034816","53791","Microsoft-Windows-Security-Auditing","54849625-5478-4994-a5ba-3e3b0328c30d","Security","500","7020","lab-dc1.lab.local","12/24/2016 8:25:42 AM",,,"security","Information","Info","Logoff"
"S-1-5-18","LAB-DC1$","LAB","0xb47684","3","4634","0","0","12545","0","-9214364837600034816","53777","Microsoft-Windows-Security-Auditing","54849625-5478-4994-a5ba-3e3b0328c30d","Security","500","1376","lab-dc1.lab.local","12/24/2016 8:24:42 AM",,,"security","Information","Info","Logoff"
"S-1-5-18","LAB-DC1$","LAB","0xb45f63","3","4634","0","0","12545","0","-9214364837600034816","53773","Microsoft-Windows-Security-Auditing","54849625-5478-4994-a5ba-3e3b0328c30d","Security","500","5844","lab-dc1.lab.local","12/24/2016 8:23:42 AM",,,"security","Information","Info","Logoff"
"S-1-5-18","LAB-DC1$","LAB","0xb319fc","3","4634","0","0","12545","0","-9214364837600034816","53769","Microsoft-Windows-Security-Auditing","54849625-5478-4994-a5ba-3e3b0328c30d","Security","500","7020","lab-dc1.lab.local","12/24/2016 8:22:42 AM",,,"security","Information","Info","Logoff"
"S-1-5-18","LAB-DC1$","LAB","0xb2d488","3","4634","0","0","12545","0","-9214364837600034816","53766","Microsoft-Windows-Security-Auditing","54849625-5478-4994-a5ba-3e3b0328c30d","Security","500","5844","lab-dc1.lab.local","12/24/2016 8:22:35 AM",,,"security","Information","Info","Logoff"
"S-1-5-18","LAB-DC1$","LAB","0xb26cd3","3","4634","0","0","12545","0","-9214364837600034816","53755","Microsoft-Windows-Security-Auditing","54849625-5478-4994-a5ba-3e3b0328c30d","Security","500","7020","lab-dc1.lab.local","12/24/2016 8:21:59 AM",,,"security","Information","Info","Logoff"
"S-1-5-18","LAB-DC1$","LAB","0xb26c66","3","4634","0","0","12545","0","-9214364837600034816","53752","Microsoft-Windows-Security-Auditing","54849625-5478-4994-a5ba-3e3b0328c30d","Security","500","5844","lab-dc1.lab.local","12/24/2016 8:21:58 AM",,,"security","Information","Info","Logoff"
"S-1-5-18","LAB-DC1$","LAB","0xb263f9","3","4634","0","0","12545","0","-9214364837600034816","53748","Microsoft-Windows-Security-Auditing","54849625-5478-4994-a5ba-3e3b0328c30d","Security","500","5844","lab-dc1.lab.local","12/24/2016 8:21:42 AM",,,"security","Information","Info","Logoff"
"S-1-5-18","LAB-DC1$","LAB","0xb23f32","3","4634","0","0","12545","0","-9214364837600034816","53745","Microsoft-Windows-Security-Auditing","54849625-5478-4994-a5ba-3e3b0328c30d","Security","500","5844","lab-dc1.lab.local","12/24/2016 8:21:18 AM",,,"security","Information","Info","Logoff"
"S-1-5-18","LAB-DC1$","LAB","0xb23db6","3","4634","0","0","12545","0","-9214364837600034816","53744","Microsoft-Windows-Security-Auditing","54849625-5478-4994-a5ba-3e3b0328c30d","Security","500","1640","lab-dc1.lab.local","12/24/2016 8:21:07 AM",,,"security","Information","Info","Logoff"
"S-1-5-18","LAB-DC1$","LAB","0xb23e75","3","4634","0","0","12545","0","-9214364837600034816","53743","Microsoft-Windows-Security-Auditing","54849625-5478-4994-a5ba-3e3b0328c30d","Security","500","1640","lab-dc1.lab.local","12/24/2016 8:21:07 AM",,,"security","Information","Info","Logoff"
"S-1-5-18","LAB-DC1$","LAB","0xb23eba","3","4634","0","0","12545","0","-9214364837600034816","53742","Microsoft-Windows-Security-Auditing","54849625-5478-4994-a5ba-3e3b0328c30d","Security","500","5844","lab-dc1.lab.local","12/24/2016 8:21:07 AM",,,"security","Information","Info","Logoff"
"S-1-5-18","LAB-DC1$","LAB","0xb108ad","3","4634","0","0","12545","0","-9214364837600034816","53732","Microsoft-Windows-Security-Auditing","54849625-5478-4994-a5ba-3e3b0328c30d","Security","500","5844","lab-dc1.lab.local","12/24/2016 8:20:42 AM",,,"security","Information","Info","Logoff"
"S-1-5-18","LAB-DC1$","LAB","0xaffa3a","3","4634","0","0","12545","0","-9214364837600034816","53718","Microsoft-Windows-Security-Auditing","54849625-5478-4994-a5ba-3e3b0328c30d","Security","500","5844","lab-dc1.lab.local","12/24/2016 8:19:42 AM",,,"security","Information","Info","Logoff"
"S-1-5-18","LAB-DC1$","LAB","0xaff183","3","4634","0","0","12545","0","-9214364837600034816","53715","Microsoft-Windows-Security-Auditing","54849625-5478-4994-a5ba-3e3b0328c30d","Security","500","5844","lab-dc1.lab.local","12/24/2016 8:19:32 AM",,,"security","Information","Info","Logoff"
"S-1-5-18","LAB-DC1$","LAB","0xaf2b35","3","4634","0","0","12545","0","-9214364837600034816","53711","Microsoft-Windows-Security-Auditing","54849625-5478-4994-a5ba-3e3b0328c30d","Security","500","1640","lab-dc1.lab.local","12/24/2016 8:18:42 AM",,,"security","Information","Info","Logoff"
"S-1-5-18","LAB-DC1$","LAB","0xad8552","3","4634","0","0","12545","0","-9214364837600034816","53697","Microsoft-Windows-Security-Auditing","54849625-5478-4994-a5ba-3e3b0328c30d","Security","500","1640","lab-dc1.lab.local","12/24/2016 8:17:42 AM",,,"security","Information","Info","Logoff"
"S-1-5-18","LAB-DC1$","LAB","0xad718e","3","4634","0","0","12545","0","-9214364837600034816","53692","Microsoft-Windows-Security-Auditing","54849625-5478-4994-a5ba-3e3b0328c30d","Security","500","1640","lab-dc1.lab.local","12/24/2016 8:16:57 AM",,,"security","Information","Info","Logoff"
"S-1-5-18","LAB-DC1$","LAB","0xad710d","3","4634","0","0","12545","0","-9214364837600034816","53689","Microsoft-Windows-Security-Auditing","54849625-5478-4994-a5ba-3e3b0328c30d","Security","500","1640","lab-dc1.lab.local","12/24/2016 8:16:57 AM",,,"security","Information","Info","Logoff"
"S-1-5-18","LAB-DC1$","LAB","0xad68f2","3","4634","0","0","12545","0","-9214364837600034816","53685","Microsoft-Windows-Security-Auditing","54849625-5478-4994-a5ba-3e3b0328c30d","Security","500","1640","lab-dc1.lab.local","12/24/2016 8:16:42 AM",,,"security","Information","Info","Logoff"
"S-1-5-18","LAB-DC1$","LAB","0xac0888","3","4634","0","0","12545","0","-9214364837600034816","53682","Microsoft-Windows-Security-Auditing","54849625-5478-4994-a5ba-3e3b0328c30d","Security","500","1640","lab-dc1.lab.local","12/24/2016 8:16:17 AM",,,"security","Information","Info","Logoff"
"S-1-5-18","LAB-DC1$","LAB","0xabface","3","4634","0","0","12545","0","-9214364837600034816","53681","Microsoft-Windows-Security-Auditing","54849625-5478-4994-a5ba-3e3b0328c30d","Security","500","6468","lab-dc1.lab.local","12/24/2016 8:16:06 AM",,,"security","Information","Info","Logoff"
"S-1-5-18","LAB-DC1$","LAB","0xabfba4","3","4634","0","0","12545","0","-9214364837600034816","53680","Microsoft-Windows-Security-Auditing","54849625-5478-4994-a5ba-3e3b0328c30d","Security","500","1640","lab-dc1.lab.local","12/24/2016 8:16:06 AM",,,"security","Information","Info","Logoff"
"S-1-5-18","LAB-DC1$","LAB","0xabfbf6","3","4634","0","0","12545","0","-9214364837600034816","53679","Microsoft-Windows-Security-Auditing","54849625-5478-4994-a5ba-3e3b0328c30d","Security","500","1640","lab-dc1.lab.local","12/24/2016 8:16:06 AM",,,"security","Information","Info","Logoff"
"S-1-5-18","LAB-DC1$","LAB","0xab3b92","3","4634","0","0","12545","0","-9214364837600034816","53669","Microsoft-Windows-Security-Auditing","54849625-5478-4994-a5ba-3e3b0328c30d","Security","500","6468","lab-dc1.lab.local","12/24/2016 8:15:42 AM",,,"security","Information","Info","Logoff"
"S-1-5-18","LAB-DC1$","LAB","0xaa2279","3","4634","0","0","12545","0","-9214364837600034816","53665","Microsoft-Windows-Security-Auditing","54849625-5478-4994-a5ba-3e3b0328c30d","Security","500","6468","lab-dc1.lab.local","12/24/2016 8:14:42 AM",,,"security","Information","Info","Logoff"
"S-1-5-18","LAB-DC1$","LAB","0xa867ab","3","4634","0","0","12545","0","-9214364837600034816","53661","Microsoft-Windows-Security-Auditing","54849625-5478-4994-a5ba-3e3b0328c30d","Security","500","6468","lab-dc1.lab.local","12/24/2016 8:13:42 AM",,,"security","Information","Info","Logoff"
"S-1-5-18","LAB-DC1$","LAB","0xa64973","3","4634","0","0","12545","0","-9214364837600034816","53649","Microsoft-Windows-Security-Auditing","54849625-5478-4994-a5ba-3e3b0328c30d","Security","500","5336","lab-dc1.lab.local","12/24/2016 8:12:42 AM",,,"security","Information","Info","Logoff"
"S-1-5-18","LAB-DC1$","LAB","0xa641a2","3","4634","0","0","12545","0","-9214364837600034816","53646","Microsoft-Windows-Security-Auditing","54849625-5478-4994-a5ba-3e3b0328c30d","Security","500","7076","lab-dc1.lab.local","12/24/2016 8:11:56 AM",,,"security","Information","Info","Logoff"
"S-1-5-18","LAB-DC1$","LAB","0xa64139","3","4634","0","0","12545","0","-9214364837600034816","53643","Microsoft-Windows-Security-Auditing","54849625-5478-4994-a5ba-3e3b0328c30d","Security","500","7076","lab-dc1.lab.local","12/24/2016 8:11:56 AM",,,"security","Information","Info","Logoff"
"S-1-5-18","LAB-DC1$","LAB","0xa63c17","3","4634","0","0","12545","0","-9214364837600034816","53639","Microsoft-Windows-Security-Auditing","54849625-5478-4994-a5ba-3e3b0328c30d","Security","500","7076","lab-dc1.lab.local","12/24/2016 8:11:42 AM",,,"security","Information","Info","Logoff"
"S-1-5-18","LAB-DC1$","LAB","0xa616be","3","4634","0","0","12545","0","-9214364837600034816","53634","Microsoft-Windows-Security-Auditing","54849625-5478-4994-a5ba-3e3b0328c30d","Security","500","6404","lab-dc1.lab.local","12/24/2016 8:11:16 AM",,,"security","Information","Info","Logoff"
"S-1-5-18","LAB-DC1$","LAB","0xa61503","3","4634","0","0","12545","0","-9214364837600034816","53633","Microsoft-Windows-Security-Auditing","54849625-5478-4994-a5ba-3e3b0328c30d","Security","500","6404","lab-dc1.lab.local","12/24/2016 8:11:05 AM",,,"security","Information","Info","Logoff"
"S-1-5-18","LAB-DC1$","LAB","0xa615c2","3","4634","0","0","12545","0","-9214364837600034816","53632","Microsoft-Windows-Security-Auditing","54849625-5478-4994-a5ba-3e3b0328c30d","Security","500","6404","lab-dc1.lab.local","12/24/2016 8:11:05 AM",,,"security","Information","Info","Logoff"
"S-1-5-18","LAB-DC1$","LAB","0xa61607","3","4634","0","0","12545","0","-9214364837600034816","53631","Microsoft-Windows-Security-Auditing","54849625-5478-4994-a5ba-3e3b0328c30d","Security","500","6404","lab-dc1.lab.local","12/24/2016 8:11:05 AM",,,"security","Information","Info","Logoff"
"S-1-5-18","LAB-DC1$","LAB","0xa60fe6","3","4634","0","0","12545","0","-9214364837600034816","53621","Microsoft-Windows-Security-Auditing","54849625-5478-4994-a5ba-3e3b0328c30d","Security","500","6404","lab-dc1.lab.local","12/24/2016 8:10:42 AM",,,"security","Information","Info","Logoff"
"S-1-5-18","LAB-DC1$","LAB","0xa60009","3","4634","0","0","12545","0","-9214364837600034816","53617","Microsoft-Windows-Security-Auditing","54849625-5478-4994-a5ba-3e3b0328c30d","Security","500","6404","lab-dc1.lab.local","12/24/2016 8:09:42 AM",,,"security","Information","Info","Logoff"
"S-1-5-18","LAB-DC1$","LAB","0xa5fe1e","3","4634","0","0","12545","0","-9214364837600034816","53614","Microsoft-Windows-Security-Auditing","54849625-5478-4994-a5ba-3e3b0328c30d","Security","500","1884","lab-dc1.lab.local","12/24/2016 8:09:32 AM",,,"security","Information","Info","Logoff"
"S-1-5-18","LAB-DC1$","LAB","0xa5f576","3","4634","0","0","12545","0","-9214364837600034816","53610","Microsoft-Windows-Security-Auditing","54849625-5478-4994-a5ba-3e3b0328c30d","Security","500","1884","lab-dc1.lab.local","12/24/2016 8:08:42 AM",,,"security","Information","Info","Logoff"
"S-1-5-21-1821399794-337311051-3185148185-1001","LAB-DC1$","LAB","0xa59b52","3","4634","0","0","12545","0","-9214364837600034816","53607","Microsoft-Windows-Security-Auditing","54849625-5478-4994-a5ba-3e3b0328c30d","Security","500","1884","lab-dc1.lab.local","12/24/2016 8:08:15 AM",,,"security","Information","Info","Logoff"
"S-1-5-18","LAB-DC1$","LAB","0xa5e0d9","3","4634","0","0","12545","0","-9214364837600034816","53605","Microsoft-Windows-Security-Auditing","54849625-5478-4994-a5ba-3e3b0328c30d","Security","500","5748","lab-dc1.lab.local","12/24/2016 8:07:42 AM",,,"security","Information","Info","Logoff"
"S-1-5-18","LAB-DC1$","LAB","0xa5d47c","3","4634","0","0","12545","0","-9214364837600034816","53602","Microsoft-Windows-Security-Auditing","54849625-5478-4994-a5ba-3e3b0328c30d","Security","500","5748","lab-dc1.lab.local","12/24/2016 8:06:55 AM",,,"security","Information","Info","Logoff"
"S-1-5-18","LAB-DC1$","LAB","0xa5d413","3","4634","0","0","12545","0","-9214364837600034816","53599","Microsoft-Windows-Security-Auditing","54849625-5478-4994-a5ba-3e3b0328c30d","Security","500","5748","lab-dc1.lab.local","12/24/2016 8:06:54 AM",,,"security","Information","Info","Logoff"
"S-1-5-18","LAB-DC1$","LAB","0xa5d02b","3","4634","0","0","12545","0","-9214364837600034816","53595","Microsoft-Windows-Security-Auditing","54849625-5478-4994-a5ba-3e3b0328c30d","Security","500","1884","lab-dc1.lab.local","12/24/2016 8:06:42 AM",,,"security","Information","Info","Logoff"
"S-1-5-18","LAB-DC1$","LAB","0xa5b0a7","3","4634","0","0","12545","0","-9214364837600034816","53592","Microsoft-Windows-Security-Auditing","54849625-5478-4994-a5ba-3e3b0328c30d","Security","500","5748","lab-dc1.lab.local","12/24/2016 8:06:15 AM",,,"security","Information","Info","Logoff"
"S-1-5-18","LAB-DC1$","LAB","0xa5af3c","3","4634","0","0","12545","0","-9214364837600034816","53591","Microsoft-Windows-Security-Auditing","54849625-5478-4994-a5ba-3e3b0328c30d","Security","500","1884","lab-dc1.lab.local","12/24/2016 8:06:05 AM",,,"security","Information","Info","Logoff"
"S-1-5-18","LAB-DC1$","LAB","0xa5affb","3","4634","0","0","12545","0","-9214364837600034816","53590","Microsoft-Windows-Security-Auditing","54849625-5478-4994-a5ba-3e3b0328c30d","Security","500","1884","lab-dc1.lab.local","12/24/2016 8:06:05 AM",,,"security","Information","Info","Logoff"
"S-1-5-18","LAB-DC1$","LAB","0xa5b042","3","4634","0","0","12545","0","-9214364837600034816","53589","Microsoft-Windows-Security-Auditing","54849625-5478-4994-a5ba-3e3b0328c30d","Security","500","1884","lab-dc1.lab.local","12/24/2016 8:06:05 AM",,,"security","Information","Info","Logoff"
"S-1-5-18","LAB-DC1$","LAB","0xa5a891","3","4634","0","0","12545","0","-9214364837600034816","53579","Microsoft-Windows-Security-Auditing","54849625-5478-4994-a5ba-3e3b0328c30d","Security","500","1884","lab-dc1.lab.local","12/24/2016 8:05:42 AM",,,"security","Information","Info","Logoff"
"S-1-5-18","LAB-DC1$","LAB","0xa59d3c","3","4634","0","0","12545","0","-9214364837600034816","53575","Microsoft-Windows-Security-Auditing","54849625-5478-4994-a5ba-3e3b0328c30d","Security","500","1884","lab-dc1.lab.local","12/24/2016 8:04:42 AM",,,"security","Information","Info","Logoff"
"S-1-5-18","LAB-DC1$","LAB","0xa590c9","3","4634","0","0","12545","0","-9214364837600034816","53569","Microsoft-Windows-Security-Auditing","54849625-5478-4994-a5ba-3e3b0328c30d","Security","500","5748","lab-dc1.lab.local","12/24/2016 8:03:42 AM",,,"security","Information","Info","Logoff"
"S-1-5-18","LAB-DC1$","LAB","0xa58308","3","4634","0","0","12545","0","-9214364837600034816","53565","Microsoft-Windows-Security-Auditing","54849625-5478-4994-a5ba-3e3b0328c30d","Security","500","6844","lab-dc1.lab.local","12/24/2016 8:02:42 AM",,,"security","Information","Info","Logoff"
"S-1-5-18","LAB-DC1$","LAB","0xa55a77","3","4634","0","0","12545","0","-9214364837600034816","53562","Microsoft-Windows-Security-Auditing","54849625-5478-4994-a5ba-3e3b0328c30d","Security","500","5748","lab-dc1.lab.local","12/24/2016 8:02:35 AM",,,"security","Information","Info","Logoff"
"S-1-5-18","LAB-DC1$","LAB","0xa57f58","3","4634","0","0","12545","0","-9214364837600034816","53561","Microsoft-Windows-Security-Auditing","54849625-5478-4994-a5ba-3e3b0328c30d","Security","500","6544","lab-dc1.lab.local","12/24/2016 8:01:53 AM",,,"security","Information","Info","Logoff"
"S-1-5-18","LAB-DC1$","LAB","0xa57eee","3","4634","0","0","12545","0","-9214364837600034816","53558","Microsoft-Windows-Security-Auditing","54849625-5478-4994-a5ba-3e3b0328c30d","Security","500","5748","lab-dc1.lab.local","12/24/2016 8:01:53 AM",,,"security","Information","Info","Logoff"
"S-1-5-18","LAB-DC1$","LAB","0xa57ae4","3","4634","0","0","12545","0","-9214364837600034816","53554","Microsoft-Windows-Security-Auditing","54849625-5478-4994-a5ba-3e3b0328c30d","Security","500","5748","lab-dc1.lab.local","12/24/2016 8:01:42 AM",,,"security","Information","Info","Logoff"
"S-1-5-18","LAB-DC1$","LAB","0xa55c40","3","4634","0","0","12545","0","-9214364837600034816","53551","Microsoft-Windows-Security-Auditing","54849625-5478-4994-a5ba-3e3b0328c30d","Security","500","5748","lab-dc1.lab.local","12/24/2016 8:01:15 AM",,,"security","Information","Info","Logoff"
"S-1-5-18","LAB-DC1$","LAB","0xa55aca","3","4634","0","0","12545","0","-9214364837600034816","53550","Microsoft-Windows-Security-Auditing","54849625-5478-4994-a5ba-3e3b0328c30d","Security","500","6744","lab-dc1.lab.local","12/24/2016 8:01:04 AM",,,"security","Information","Info","Logoff"
"S-1-5-18","LAB-DC1$","LAB","0xa55b89","3","4634","0","0","12545","0","-9214364837600034816","53549","Microsoft-Windows-Security-Auditing","54849625-5478-4994-a5ba-3e3b0328c30d","Security","500","5748","lab-dc1.lab.local","12/24/2016 8:01:04 AM",,,"security","Information","Info","Logoff"
"S-1-5-18","LAB-DC1$","LAB","0xa55bcf","3","4634","0","0","12545","0","-9214364837600034816","53548","Microsoft-Windows-Security-Auditing","54849625-5478-4994-a5ba-3e3b0328c30d","Security","500","6744","lab-dc1.lab.local","12/24/2016 8:01:04 AM",,,"security","Information","Info","Logoff"
"S-1-5-18","LAB-DC1$","LAB","0xa555c8","3","4634","0","0","12545","0","-9214364837600034816","53536","Microsoft-Windows-Security-Auditing","54849625-5478-4994-a5ba-3e3b0328c30d","Security","500","6544","lab-dc1.lab.local","12/24/2016 8:00:42 AM",,,"security","Information","Info","Logoff"
"S-1-5-18","LAB-DC1$","LAB","0xa54e93","3","4634","0","0","12545","0","-9214364837600034816","53532","Microsoft-Windows-Security-Auditing","54849625-5478-4994-a5ba-3e3b0328c30d","Security","500","6544","lab-dc1.lab.local","12/24/2016 7:59:42 AM",,,"security","Information","Info","Logoff"
"S-1-5-18","LAB-DC1$","LAB","0xa54bf3","3","4634","0","0","12545","0","-9214364837600034816","53529","Microsoft-Windows-Security-Auditing","54849625-5478-4994-a5ba-3e3b0328c30d","Security","500","3324","lab-dc1.lab.local","12/24/2016 7:59:32 AM",,,"security","Information","Info","Logoff"
"S-1-5-18","LAB-DC1$","LAB","0xa54679","3","4634","0","0","12545","0","-9214364837600034816","53525","Microsoft-Windows-Security-Auditing","54849625-5478-4994-a5ba-3e3b0328c30d","Security","500","3324","lab-dc1.lab.local","12/24/2016 7:58:42 AM",,,"security","Information","Info","Logoff"
"S-1-5-18","LAB-DC1$","LAB","0xa53e77","3","4634","0","0","12545","0","-9214364837600034816","53521","Microsoft-Windows-Security-Auditing","54849625-5478-4994-a5ba-3e3b0328c30d","Security","500","6744","lab-dc1.lab.local","12/24/2016 7:57:42 AM",,,"security","Information","Info","Logoff"
"S-1-5-18","LAB-DC1$","LAB","0xa5389e","3","4634","0","0","12545","0","-9214364837600034816","53517","Microsoft-Windows-Security-Auditing","54849625-5478-4994-a5ba-3e3b0328c30d","Security","500","6744","lab-dc1.lab.local","12/24/2016 7:56:53 AM",,,"security","Information","Info","Logoff"
"S-1-5-18","LAB-DC1$","LAB","0xa53835","3","4634","0","0","12545","0","-9214364837600034816","53514","Microsoft-Windows-Security-Auditing","54849625-5478-4994-a5ba-3e3b0328c30d","Security","500","6744","lab-dc1.lab.local","12/24/2016 7:56:53 AM",,,"security","Information","Info","Logoff"
"S-1-5-18","LAB-DC1$","LAB","0xa534e9","3","4634","0","0","12545","0","-9214364837600034816","53510","Microsoft-Windows-Security-Auditing","54849625-5478-4994-a5ba-3e3b0328c30d","Security","500","4876","lab-dc1.lab.local","12/24/2016 7:56:43 AM",,,"security","Information","Info","Logoff"
"S-1-5-18","LAB-DC1$","LAB","0xa51321","3","4634","0","0","12545","0","-9214364837600034816","53507","Microsoft-Windows-Security-Auditing","54849625-5478-4994-a5ba-3e3b0328c30d","Security","500","4876","lab-dc1.lab.local","12/24/2016 7:56:15 AM",,,"security","Information","Info","Logoff"
"S-1-5-18","LAB-DC1$","LAB","0xa511b8","3","4634","0","0","12545","0","-9214364837600034816","53506","Microsoft-Windows-Security-Auditing","54849625-5478-4994-a5ba-3e3b0328c30d","Security","500","2412","lab-dc1.lab.local","12/24/2016 7:56:04 AM",,,"security","Information","Info","Logoff"
"S-1-5-18","LAB-DC1$","LAB","0xa51277","3","4634","0","0","12545","0","-9214364837600034816","53505","Microsoft-Windows-Security-Auditing","54849625-5478-4994-a5ba-3e3b0328c30d","Security","500","6744","lab-dc1.lab.local","12/24/2016 7:56:04 AM",,,"security","Information","Info","Logoff"
"S-1-5-18","LAB-DC1$","LAB","0xa512be","3","4634","0","0","12545","0","-9214364837600034816","53504","Microsoft-Windows-Security-Auditing","54849625-5478-4994-a5ba-3e3b0328c30d","Security","500","6744","lab-dc1.lab.local","12/24/2016 7:56:04 AM",,,"security","Information","Info","Logoff"
"S-1-5-18","LAB-DC1$","LAB","0xa50bb2","3","4634","0","0","12545","0","-9214364837600034816","53494","Microsoft-Windows-Security-Auditing","54849625-5478-4994-a5ba-3e3b0328c30d","Security","500","2412","lab-dc1.lab.local","12/24/2016 7:55:43 AM",,,"security","Information","Info","Logoff"
"S-1-5-18","LAB-DC1$","LAB","0xa4fc0f","3","4634","0","0","12545","0","-9214364837600034816","53491","Microsoft-Windows-Security-Auditing","54849625-5478-4994-a5ba-3e3b0328c30d","Security","500","2412","lab-dc1.lab.local","12/24/2016 7:54:43 AM",,,"security","Information","Info","Logoff"
"S-1-5-18","LAB-DC1$","LAB","0xa4ecf7","3","4634","0","0","12545","0","-9214364837600034816","53476","Microsoft-Windows-Security-Auditing","54849625-5478-4994-a5ba-3e3b0328c30d","Security","500","2412","lab-dc1.lab.local","12/24/2016 7:53:43 AM",,,"security","Information","Info","Logoff"
"S-1-5-18","LAB-DC1$","LAB","0xa461d2","3","4634","0","0","12545","0","-9214364837600034816","53461","Microsoft-Windows-Security-Auditing","54849625-5478-4994-a5ba-3e3b0328c30d","Security","500","2412","lab-dc1.lab.local","12/24/2016 7:52:43 AM",,,"security","Information","Info","Logoff"
"S-1-5-18","LAB-DC1$","LAB","0xa3da96","3","4634","0","0","12545","0","-9214364837600034816","53458","Microsoft-Windows-Security-Auditing","54849625-5478-4994-a5ba-3e3b0328c30d","Security","500","2412","lab-dc1.lab.local","12/24/2016 7:51:52 AM",,,"security","Information","Info","Logoff"
"S-1-5-18","LAB-DC1$","LAB","0xa3da2d","3","4634","0","0","12545","0","-9214364837600034816","53455","Microsoft-Windows-Security-Auditing","54849625-5478-4994-a5ba-3e3b0328c30d","Security","500","2412","lab-dc1.lab.local","12/24/2016 7:51:52 AM",,,"security","Information","Info","Logoff"
"S-1-5-18","LAB-DC1$","LAB","0xa3d8e2","3","4634","0","0","12545","0","-9214364837600034816","53452","Microsoft-Windows-Security-Auditing","54849625-5478-4994-a5ba-3e3b0328c30d","Security","500","2412","lab-dc1.lab.local","12/24/2016 7:51:43 AM",,,"security","Information","Info","Logoff"
"S-1-5-18","LAB-DC1$","LAB","0xa3b4c3","3","4634","0","0","12545","0","-9214364837600034816","53447","Microsoft-Windows-Security-Auditing","54849625-5478-4994-a5ba-3e3b0328c30d","Security","500","1576","lab-dc1.lab.local","12/24/2016 7:51:14 AM",,,"security","Information","Info","Logoff"
"S-1-5-18","LAB-DC1$","LAB","0xa3b348","3","4634","0","0","12545","0","-9214364837600034816","53446","Microsoft-Windows-Security-Auditing","54849625-5478-4994-a5ba-3e3b0328c30d","Security","500","1576","lab-dc1.lab.local","12/24/2016 7:51:04 AM",,,"security","Information","Info","Logoff"
"S-1-5-18","LAB-DC1$","LAB","0xa3b407","3","4634","0","0","12545","0","-9214364837600034816","53445","Microsoft-Windows-Security-Auditing","54849625-5478-4994-a5ba-3e3b0328c30d","Security","500","6432","lab-dc1.lab.local","12/24/2016 7:51:04 AM",,,"security","Information","Info","Logoff"
"S-1-5-18","LAB-DC1$","LAB","0xa3b44c","3","4634","0","0","12545","0","-9214364837600034816","53444","Microsoft-Windows-Security-Auditing","54849625-5478-4994-a5ba-3e3b0328c30d","Security","500","6432","lab-dc1.lab.local","12/24/2016 7:51:04 AM",,,"security","Information","Info","Logoff"
"S-1-5-18","LAB-DC1$","LAB","0xa3b136","3","4634","0","0","12545","0","-9214364837600034816","53435","Microsoft-Windows-Security-Auditing","54849625-5478-4994-a5ba-3e3b0328c30d","Security","500","6432","lab-dc1.lab.local","12/24/2016 7:50:43 AM",,,"security","Information","Info","Logoff"
"S-1-5-18","LAB-DC1$","LAB","0xa38e12","3","4634","0","0","12545","0","-9214364837600034816","53432","Microsoft-Windows-Security-Auditing","54849625-5478-4994-a5ba-3e3b0328c30d","Security","500","6432","lab-dc1.lab.local","12/24/2016 7:49:43 AM",,,"security","Information","Info","Logoff"
"S-1-5-18","LAB-DC1$","LAB","0xa389c3","3","4634","0","0","12545","0","-9214364837600034816","53429","Microsoft-Windows-Security-Auditing","54849625-5478-4994-a5ba-3e3b0328c30d","Security","500","6432","lab-dc1.lab.local","12/24/2016 7:49:33 AM",,,"security","Information","Info","Logoff"
"S-1-5-18","LAB-DC1$","LAB","0xa38628","3","4634","0","0","12545","0","-9214364837600034816","53426","Microsoft-Windows-Security-Auditing","54849625-5478-4994-a5ba-3e3b0328c30d","Security","500","6432","lab-dc1.lab.local","12/24/2016 7:48:43 AM",,,"security","Information","Info","Logoff"
"S-1-5-18","LAB-DC1$","LAB","0xa33a48","3","4634","0","0","12545","0","-9214364837600034816","53423","Microsoft-Windows-Security-Auditing","54849625-5478-4994-a5ba-3e3b0328c30d","Security","500","1576","lab-dc1.lab.local","12/24/2016 7:47:43 AM",,,"security","Information","Info","Logoff"
"S-1-5-18","LAB-DC1$","LAB","0xa1e5f2","3","4634","0","0","12545","0","-9214364837600034816","53417","Microsoft-Windows-Security-Auditing","54849625-5478-4994-a5ba-3e3b0328c30d","Security","500","1576","lab-dc1.lab.local","12/24/2016 7:46:53 AM",,,"security","Information","Info","Logoff"
"S-1-5-18","LAB-DC1$","LAB","0xa1e525","3","4634","0","0","12545","0","-9214364837600034816","53414","Microsoft-Windows-Security-Auditing","54849625-5478-4994-a5ba-3e3b0328c30d","Security","500","6432","lab-dc1.lab.local","12/24/2016 7:46:53 AM",,,"security","Information","Info","Logoff"
"S-1-5-18","LAB-DC1$","LAB","0xa1b6bb","3","4634","0","0","12545","0","-9214364837600034816","53410","Microsoft-Windows-Security-Auditing","54849625-5478-4994-a5ba-3e3b0328c30d","Security","500","6432","lab-dc1.lab.local","12/24/2016 7:46:51 AM",,,"security","Information","Info","Logoff"
"S-1-5-18","LAB-DC1$","LAB","0xa1b652","3","4634","0","0","12545","0","-9214364837600034816","53407","Microsoft-Windows-Security-Auditing","54849625-5478-4994-a5ba-3e3b0328c30d","Security","500","6996","lab-dc1.lab.local","12/24/2016 7:46:51 AM",,,"security","Information","Info","Logoff"
"S-1-5-18","LAB-DC1$","LAB","0xa1b415","3","4634","0","0","12545","0","-9214364837600034816","53404","Microsoft-Windows-Security-Auditing","54849625-5478-4994-a5ba-3e3b0328c30d","Security","500","6996","lab-dc1.lab.local","12/24/2016 7:46:43 AM",,,"security","Information","Info","Logoff"
"S-1-5-18","LAB-DC1$","LAB","0xa19758","3","4634","0","0","12545","0","-9214364837600034816","53401","Microsoft-Windows-Security-Auditing","54849625-5478-4994-a5ba-3e3b0328c30d","Security","500","6996","lab-dc1.lab.local","12/24/2016 7:46:15 AM",,,"security","Information","Info","Logoff"
"S-1-5-18","LAB-DC1$","LAB","0xa195fd","3","4634","0","0","12545","0","-9214364837600034816","53400","Microsoft-Windows-Security-Auditing","54849625-5478-4994-a5ba-3e3b0328c30d","Security","500","6432","lab-dc1.lab.local","12/24/2016 7:46:03 AM",,,"security","Information","Info","Logoff"
"S-1-5-18","LAB-DC1$","LAB","0xa196bc","3","4634","0","0","12545","0","-9214364837600034816","53399","Microsoft-Windows-Security-Auditing","54849625-5478-4994-a5ba-3e3b0328c30d","Security","500","6996","lab-dc1.lab.local","12/24/2016 7:46:03 AM",,,"security","Information","Info","Logoff"
"S-1-5-18","LAB-DC1$","LAB","0xa19702","3","4634","0","0","12545","0","-9214364837600034816","53398","Microsoft-Windows-Security-Auditing","54849625-5478-4994-a5ba-3e3b0328c30d","Security","500","6432","lab-dc1.lab.local","12/24/2016 7:46:03 AM",,,"security","Information","Info","Logoff"
"S-1-5-18","LAB-DC1$","LAB","0xa177d0","3","4634","0","0","12545","0","-9214364837600034816","53389","Microsoft-Windows-Security-Auditing","54849625-5478-4994-a5ba-3e3b0328c30d","Security","500","6996","lab-dc1.lab.local","12/24/2016 7:45:43 AM",,,"security","Information","Info","Logoff"
"S-1-5-18","LAB-DC1$","LAB","0x9cd0d6","3","4634","0","0","12545","0","-9214364837600034816","53278","Microsoft-Windows-Security-Auditing","54849625-5478-4994-a5ba-3e3b0328c30d","Security","500","6764","lab-dc1.lab.local","12/24/2016 7:44:43 AM",,,"security","Information","Info","Logoff"
"S-1-5-18","LAB-DC1$","LAB","0x9c95b5","3","4634","0","0","12545","0","-9214364837600034816","53261","Microsoft-Windows-Security-Auditing","54849625-5478-4994-a5ba-3e3b0328c30d","Security","500","6432","lab-dc1.lab.local","12/24/2016 7:43:43 AM",,,"security","Information","Info","Logoff"
"S-1-5-18","LAB-DC1$","LAB","0x9c231e","3","4634","0","0","12545","0","-9214364837600034816","53255","Microsoft-Windows-Security-Auditing","54849625-5478-4994-a5ba-3e3b0328c30d","Security","500","6432","lab-dc1.lab.local","12/24/2016 7:42:43 AM",,,"security","Information","Info","Logoff"
"S-1-5-18","LAB-DC1$","LAB","0x9c203a","3","4634","0","0","12545","0","-9214364837600034816","53252","Microsoft-Windows-Security-Auditing","54849625-5478-4994-a5ba-3e3b0328c30d","Security","500","6432","lab-dc1.lab.local","12/24/2016 7:41:49 AM",,,"security","Information","Info","Logoff"
"S-1-5-18","LAB-DC1$","LAB","0x9c1fd1","3","4634","0","0","12545","0","-9214364837600034816","53249","Microsoft-Windows-Security-Auditing","54849625-5478-4994-a5ba-3e3b0328c30d","Security","500","6432","lab-dc1.lab.local","12/24/2016 7:41:49 AM",,,"security","Information","Info","Logoff"
"S-1-5-18","LAB-DC1$","LAB","0x9c1e96","3","4634","0","0","12545","0","-9214364837600034816","53246","Microsoft-Windows-Security-Auditing","54849625-5478-4994-a5ba-3e3b0328c30d","Security","500","6432","lab-dc1.lab.local","12/24/2016 7:41:43 AM",,,"security","Information","Info","Logoff"
"S-1-5-18","LAB-DC1$","LAB","0x9bfa33","3","4634","0","0","12545","0","-9214364837600034816","53243","Microsoft-Windows-Security-Auditing","54849625-5478-4994-a5ba-3e3b0328c30d","Security","500","6432","lab-dc1.lab.local","12/24/2016 7:41:13 AM",,,"security","Information","Info","Logoff"
"S-1-5-18","LAB-DC1$","LAB","0x9bf88d","3","4634","0","0","12545","0","-9214364837600034816","53242","Microsoft-Windows-Security-Auditing","54849625-5478-4994-a5ba-3e3b0328c30d","Security","500","6432","lab-dc1.lab.local","12/24/2016 7:41:02 AM",,,"security","Information","Info","Logoff"
"S-1-5-18","LAB-DC1$","LAB","0x9bf94e","3","4634","0","0","12545","0","-9214364837600034816","53241","Microsoft-Windows-Security-Auditing","54849625-5478-4994-a5ba-3e3b0328c30d","Security","500","6432","lab-dc1.lab.local","12/24/2016 7:41:02 AM",,,"security","Information","Info","Logoff"
"S-1-5-18","LAB-DC1$","LAB","0x9bf993","3","4634","0","0","12545","0","-9214364837600034816","53240","Microsoft-Windows-Security-Auditing","54849625-5478-4994-a5ba-3e3b0328c30d","Security","500","3196","lab-dc1.lab.local","12/24/2016 7:41:02 AM",,,"security","Information","Info","Logoff"
"S-1-5-18","LAB-DC1$","LAB","0x9be71d","3","4634","0","0","12545","0","-9214364837600034816","53231","Microsoft-Windows-Security-Auditing","54849625-5478-4994-a5ba-3e3b0328c30d","Security","500","3196","lab-dc1.lab.local","12/24/2016 7:40:43 AM",,,"security","Information","Info","Logoff"
"S-1-5-18","LAB-DC1$","LAB","0x9b2c7f","3","4634","0","0","12545","0","-9214364837600034816","53144","Microsoft-Windows-Security-Auditing","54849625-5478-4994-a5ba-3e3b0328c30d","Security","500","6432","lab-dc1.lab.local","12/24/2016 7:39:43 AM",,,"security","Information","Info","Logoff"
"S-1-5-18","LAB-DC1$","LAB","0x9afb12","3","4634","0","0","12545","0","-9214364837600034816","53061","Microsoft-Windows-Security-Auditing","54849625-5478-4994-a5ba-3e3b0328c30d","Security","500","3196","lab-dc1.lab.local","12/24/2016 7:39:33 AM",,,"security","Information","Info","Logoff"
"S-1-5-18","LAB-DC1$","LAB","0x9ad921","3","4634","0","0","12545","0","-9214364837600034816","53057","Microsoft-Windows-Security-Auditing","54849625-5478-4994-a5ba-3e3b0328c30d","Security","500","6944","lab-dc1.lab.local","12/24/2016 7:38:43 AM",,,"security","Information","Info","Logoff"
"S-1-5-18","LAB-DC1$","LAB","0x9a6a80","3","4634","0","0","12545","0","-9214364837600034816","53053","Microsoft-Windows-Security-Auditing","54849625-5478-4994-a5ba-3e3b0328c30d","Security","500","5572","lab-dc1.lab.local","12/24/2016 7:37:43 AM",,,"security","Information","Info","Logoff"
"S-1-5-18","LAB-DC1$","LAB","0x99fd50","3","4634","0","0","12545","0","-9214364837600034816","53049","Microsoft-Windows-Security-Auditing","54849625-5478-4994-a5ba-3e3b0328c30d","Security","500","5572","lab-dc1.lab.local","12/24/2016 7:36:48 AM",,,"security","Information","Info","Logoff"
"S-1-5-18","LAB-DC1$","LAB","0x99fcd3","3","4634","0","0","12545","0","-9214364837600034816","53046","Microsoft-Windows-Security-Auditing","54849625-5478-4994-a5ba-3e3b0328c30d","Security","500","6944","lab-dc1.lab.local","12/24/2016 7:36:48 AM",,,"security","Information","Info","Logoff"
"S-1-5-18","LAB-DC1$","LAB","0x99f81a","3","4634","0","0","12545","0","-9214364837600034816","53043","Microsoft-Windows-Security-Auditing","54849625-5478-4994-a5ba-3e3b0328c30d","Security","500","6944","lab-dc1.lab.local","12/24/2016 7:36:43 AM",,,"security","Information","Info","Logoff"
"S-1-5-18","LAB-DC1$","LAB","0x99b868","3","4634","0","0","12545","0","-9214364837600034816","53040","Microsoft-Windows-Security-Auditing","54849625-5478-4994-a5ba-3e3b0328c30d","Security","500","6944","lab-dc1.lab.local","12/24/2016 7:36:12 AM",,,"security","Information","Info","Logoff"
"S-1-5-18","LAB-DC1$","LAB","0x9939e3","3","4634","0","0","12545","0","-9214364837600034816","53039","Microsoft-Windows-Security-Auditing","54849625-5478-4994-a5ba-3e3b0328c30d","Security","500","6984","lab-dc1.lab.local","12/24/2016 7:36:09 AM",,,"security","Information","Info","Logoff"
"S-1-5-18","LAB-DC1$","LAB","0x99b6ac","3","4634","0","0","12545","0","-9214364837600034816","53038","Microsoft-Windows-Security-Auditing","54849625-5478-4994-a5ba-3e3b0328c30d","Security","500","6944","lab-dc1.lab.local","12/24/2016 7:36:01 AM",,,"security","Information","Info","Logoff"
"S-1-5-18","LAB-DC1$","LAB","0x99b76b","3","4634","0","0","12545","0","-9214364837600034816","53037","Microsoft-Windows-Security-Auditing","54849625-5478-4994-a5ba-3e3b0328c30d","Security","500","6944","lab-dc1.lab.local","12/24/2016 7:36:01 AM",,,"security","Information","Info","Logoff"
"S-1-5-18","LAB-DC1$","LAB","0x99b7b2","3","4634","0","0","12545","0","-9214364837600034816","53036","Microsoft-Windows-Security-Auditing","54849625-5478-4994-a5ba-3e3b0328c30d","Security","500","5572","lab-dc1.lab.local","12/24/2016 7:36:01 AM",,,"security","Information","Info","Logoff"
"S-1-5-18","LAB-DC1$","LAB","0x9978ed","3","4634","0","0","12545","0","-9214364837600034816","53019","Microsoft-Windows-Security-Auditing","54849625-5478-4994-a5ba-3e3b0328c30d","Security","500","6944","lab-dc1.lab.local","12/24/2016 7:35:43 AM",,,"security","Information","Info","Logoff"
"S-1-5-18","LAB-DC1$","LAB","0x9941c2","3","4634","0","0","12545","0","-9214364837600034816","53016","Microsoft-Windows-Security-Auditing","54849625-5478-4994-a5ba-3e3b0328c30d","Security","500","5572","lab-dc1.lab.local","12/24/2016 7:34:43 AM",,,"security","Information","Info","Logoff"
"S-1-5-18","LAB-DC1$","LAB","0x98eda0","3","4634","0","0","12545","0","-9214364837600034816","53011","Microsoft-Windows-Security-Auditing","54849625-5478-4994-a5ba-3e3b0328c30d","Security","500","5572","lab-dc1.lab.local","12/24/2016 7:33:43 AM",,,"security","Information","Info","Logoff"
"S-1-5-18","LAB-DC1$","LAB","0x989b65","3","4634","0","0","12545","0","-9214364837600034816","53000","Microsoft-Windows-Security-Auditing","54849625-5478-4994-a5ba-3e3b0328c30d","Security","500","5572","lab-dc1.lab.local","12/24/2016 7:32:43 AM",,,"security","Information","Info","Logoff"
"S-1-5-18","LAB-DC1$","LAB","0x9812aa","3","4634","0","0","12545","0","-9214364837600034816","52997","Microsoft-Windows-Security-Auditing","54849625-5478-4994-a5ba-3e3b0328c30d","Security","500","4900","lab-dc1.lab.local","12/24/2016 7:32:33 AM",,,"security","Information","Info","Logoff"
"S-1-5-18","LAB-DC1$","LAB","0x4bb804","3","4634","0","0","12545","0","-9214364837600034816","52991","Microsoft-Windows-Security-Auditing","54849625-5478-4994-a5ba-3e3b0328c30d","Security","500","2236","lab-dc1.lab.local","12/24/2016 7:32:05 AM",,,"security","Information","Info","Logoff"
"S-1-5-18","LAB-DC1$","LAB","0x4b8710","3","4634","0","0","12545","0","-9214364837600034816","52988","Microsoft-Windows-Security-Auditing","54849625-5478-4994-a5ba-3e3b0328c30d","Security","500","2236","lab-dc1.lab.local","12/24/2016 7:31:47 AM",,,"security","Information","Info","Logoff"
"S-1-5-18","LAB-DC1$","LAB","0x9854e4","3","4634","0","0","12545","0","-9214364837600034816","52987","Microsoft-Windows-Security-Auditing","54849625-5478-4994-a5ba-3e3b0328c30d","Security","500","4900","lab-dc1.lab.local","12/24/2016 7:31:47 AM",,,"security","Information","Info","Logoff"
"S-1-5-18","LAB-DC1$","LAB","0x985469","3","4634","0","0","12545","0","-9214364837600034816","52984","Microsoft-Windows-Security-Auditing","54849625-5478-4994-a5ba-3e3b0328c30d","Security","500","4900","lab-dc1.lab.local","12/24/2016 7:31:46 AM",,,"security","Information","Info","Logoff"
"S-1-5-18","LAB-DC1$","LAB","0x4b84e4","3","4634","0","0","12545","0","-9214364837600034816","52979","Microsoft-Windows-Security-Auditing","54849625-5478-4994-a5ba-3e3b0328c30d","Security","500","4900","lab-dc1.lab.local","12/24/2016 7:31:45 AM",,,"security","Information","Info","Logoff"
"S-1-5-18","LAB-DC1$","LAB","0x9850c1","3","4634","0","0","12545","0","-9214364837600034816","52978","Microsoft-Windows-Security-Auditing","54849625-5478-4994-a5ba-3e3b0328c30d","Security","500","4900","lab-dc1.lab.local","12/24/2016 7:31:43 AM",,,"security","Information","Info","Logoff"
"S-1-5-18","LAB-DC1$","LAB","0x9814c0","3","4634","0","0","12545","0","-9214364837600034816","52973","Microsoft-Windows-Security-Auditing","54849625-5478-4994-a5ba-3e3b0328c30d","Security","500","2236","lab-dc1.lab.local","12/24/2016 7:31:15 AM",,,"security","Information","Info","Logoff"
"S-1-5-18","LAB-DC1$","LAB","0x981330","3","4634","0","0","12545","0","-9214364837600034816","52972","Microsoft-Windows-Security-Auditing","54849625-5478-4994-a5ba-3e3b0328c30d","Security","500","2236","lab-dc1.lab.local","12/24/2016 7:31:01 AM",,,"security","Information","Info","Logoff"
"S-1-5-18","LAB-DC1$","LAB","0x9813f6","3","4634","0","0","12545","0","-9214364837600034816","52971","Microsoft-Windows-Security-Auditing","54849625-5478-4994-a5ba-3e3b0328c30d","Security","500","2236","lab-dc1.lab.local","12/24/2016 7:31:00 AM",,,"security","Information","Info","Logoff"
"S-1-5-18","LAB-DC1$","LAB","0x981446","3","4634","0","0","12545","0","-9214364837600034816","52970","Microsoft-Windows-Security-Auditing","54849625-5478-4994-a5ba-3e3b0328c30d","Security","500","2236","lab-dc1.lab.local","12/24/2016 7:31:00 AM",,,"security","Information","Info","Logoff"
"S-1-5-21-1821399794-337311051-3185148185-1001","LAB-DC1$","LAB","0x97f87f","3","4634","0","0","12545","0","-9214364837600034816","52941","Microsoft-Windows-Security-Auditing","54849625-5478-4994-a5ba-3e3b0328c30d","Security","500","2236","lab-dc1.lab.local","12/24/2016 7:30:54 AM",,,"security","Information","Info","Logoff"
"S-1-5-18","LAB-DC1$","LAB","0x97ee9f","3","4634","0","0","12545","0","-9214364837600034816","52934","Microsoft-Windows-Security-Auditing","54849625-5478-4994-a5ba-3e3b0328c30d","Security","500","4900","lab-dc1.lab.local","12/24/2016 7:30:43 AM",,,"security","Information","Info","Logoff"
"S-1-5-18","LAB-DC1$","LAB","0x4a5fcd","3","4634","0","0","12545","0","-9214364837600034816","52922","Microsoft-Windows-Security-Auditing","54849625-5478-4994-a5ba-3e3b0328c30d","Security","500","4900","lab-dc1.lab.local","12/24/2016 7:30:40 AM",,,"security","Information","Info","Logoff"
"S-1-5-21-1821399794-337311051-3185148185-1001","LAB-DC1$","LAB","0x979e4a","3","4634","0","0","12545","0","-9214364837600034816","52885","Microsoft-Windows-Security-Auditing","54849625-5478-4994-a5ba-3e3b0328c30d","Security","500","6240","lab-dc1.lab.local","12/23/2016 8:49:12 PM",,,"security","Information","Info","Logoff"
"S-1-5-21-1821399794-337311051-3185148185-1001","LAB-DC1$","LAB","0x977b27","3","4634","0","0","12545","0","-9214364837600034816","52855","Microsoft-Windows-Security-Auditing","54849625-5478-4994-a5ba-3e3b0328c30d","Security","500","4900","lab-dc1.lab.local","12/23/2016 8:49:00 PM",,,"security","Information","Info","Logoff"
"S-1-5-18","LAB-DC1$","LAB","0x9776eb","3","4634","0","0","12545","0","-9214364837600034816","52848","Microsoft-Windows-Security-Auditing","54849625-5478-4994-a5ba-3e3b0328c30d","Security","500","2236","lab-dc1.lab.local","12/23/2016 8:48:57 PM",,,"security","Information","Info","Logoff"
"S-1-5-18","LAB-DC1$","LAB","0x9760f5","3","4634","0","0","12545","0","-9214364837600034816","52845","Microsoft-Windows-Security-Auditing","54849625-5478-4994-a5ba-3e3b0328c30d","Security","500","2236","lab-dc1.lab.local","12/23/2016 8:48:47 PM",,,"security","Information","Info","Logoff"
"S-1-5-18","LAB-DC1$","LAB","0x9744f4","3","4634","0","0","12545","0","-9214364837600034816","52837","Microsoft-Windows-Security-Auditing","54849625-5478-4994-a5ba-3e3b0328c30d","Security","500","2236","lab-dc1.lab.local","12/23/2016 8:47:57 PM",,,"security","Information","Info","Logoff"
"S-1-5-18","LAB-DC1$","LAB","0x9719f3","3","4634","0","0","12545","0","-9214364837600034816","52834","Microsoft-Windows-Security-Auditing","54849625-5478-4994-a5ba-3e3b0328c30d","Security","500","4900","lab-dc1.lab.local","12/23/2016 8:46:57 PM",,,"security","Information","Info","Logoff"
"S-1-5-18","LAB-DC1$","LAB","0x952f32","3","4634","0","0","12545","0","-9214364837600034816","52831","Microsoft-Windows-Security-Auditing","54849625-5478-4994-a5ba-3e3b0328c30d","Security","500","4900","lab-dc1.lab.local","12/23/2016 8:46:48 PM",,,"security","Information","Info","Logoff"
"S-1-5-18","LAB-DC1$","LAB","0x96efdd","3","4634","0","0","12545","0","-9214364837600034816","52830","Microsoft-Windows-Security-Auditing","54849625-5478-4994-a5ba-3e3b0328c30d","Security","500","2236","lab-dc1.lab.local","12/23/2016 8:45:59 PM",,,"security","Information","Info","Logoff"
"S-1-5-18","LAB-DC1$","LAB","0x96ef62","3","4634","0","0","12545","0","-9214364837600034816","52827","Microsoft-Windows-Security-Auditing","54849625-5478-4994-a5ba-3e3b0328c30d","Security","500","2236","lab-dc1.lab.local","12/23/2016 8:45:59 PM",,,"security","Information","Info","Logoff"
"S-1-5-18","LAB-DC1$","LAB","0x96ed06","3","4634","0","0","12545","0","-9214364837600034816","52824","Microsoft-Windows-Security-Auditing","54849625-5478-4994-a5ba-3e3b0328c30d","Security","500","2236","lab-dc1.lab.local","12/23/2016 8:45:57 PM",,,"security","Information","Info","Logoff"
"S-1-5-18","LAB-DC1$","LAB","0x95378a","3","4634","0","0","12545","0","-9214364837600034816","52821","Microsoft-Windows-Security-Auditing","54849625-5478-4994-a5ba-3e3b0328c30d","Security","500","2236","lab-dc1.lab.local","12/23/2016 8:45:24 PM",,,"security","Information","Info","Logoff"
"S-1-5-18","LAB-DC1$","LAB","0x9535e4","3","4634","0","0","12545","0","-9214364837600034816","52812","Microsoft-Windows-Security-Auditing","54849625-5478-4994-a5ba-3e3b0328c30d","Security","500","4900","lab-dc1.lab.local","12/23/2016 8:45:13 PM",,,"security","Information","Info","Logoff"
"S-1-5-18","LAB-DC1$","LAB","0x9536a3","3","4634","0","0","12545","0","-9214364837600034816","52811","Microsoft-Windows-Security-Auditing","54849625-5478-4994-a5ba-3e3b0328c30d","Security","500","2236","lab-dc1.lab.local","12/23/2016 8:45:13 PM",,,"security","Information","Info","Logoff"
"S-1-5-18","LAB-DC1$","LAB","0x9536e9","3","4634","0","0","12545","0","-9214364837600034816","52810","Microsoft-Windows-Security-Auditing","54849625-5478-4994-a5ba-3e3b0328c30d","Security","500","2236","lab-dc1.lab.local","12/23/2016 8:45:13 PM",,,"security","Information","Info","Logoff"
"S-1-5-18","LAB-DC1$","LAB","0x952066","3","4634","0","0","12545","0","-9214364837600034816","52799","Microsoft-Windows-Security-Auditing","54849625-5478-4994-a5ba-3e3b0328c30d","Security","500","2236","lab-dc1.lab.local","12/23/2016 8:44:57 PM",,,"security","Information","Info","Logoff"
"S-1-5-18","LAB-DC1$","LAB","0x94f9a4","3","4634","0","0","12545","0","-9214364837600034816","52796","Microsoft-Windows-Security-Auditing","54849625-5478-4994-a5ba-3e3b0328c30d","Security","500","4900","lab-dc1.lab.local","12/23/2016 8:43:57 PM",,,"security","Information","Info","Logoff"
"S-1-5-18","LAB-DC1$","LAB","0x94d3a9","3","4634","0","0","12545","0","-9214364837600034816","52793","Microsoft-Windows-Security-Auditing","54849625-5478-4994-a5ba-3e3b0328c30d","Security","500","2236","lab-dc1.lab.local","12/23/2016 8:42:57 PM",,,"security","Information","Info","Logoff"
"S-1-5-18","LAB-DC1$","LAB","0x94a23a","3","4634","0","0","12545","0","-9214364837600034816","52779","Microsoft-Windows-Security-Auditing","54849625-5478-4994-a5ba-3e3b0328c30d","Security","500","2236","lab-dc1.lab.local","12/23/2016 8:41:57 PM",,,"security","Information","Info","Logoff"
