#TYPE Selected.System.Diagnostics.Eventing.Reader.EventLogRecord
"TargetUserSid","TargetUserName","TargetDomainName","TargetLogonId","LogonType","Id","Version","Level","Task","Opcode","Keywords","RecordId","ProviderName","ProviderId","LogName","ProcessId","ThreadId","MachineName","TimeCreated","ActivityId","RelatedActivityId","ContainerLog","LevelDisplayName","OpcodeDisplayName","TaskDisplayName"
"S-1-5-18","LAB-DC1$","LAB","0x12641d3","3","4624","1","0","12544","0","-9214364837600034816","55644","Microsoft-Windows-Security-Auditing","54849625-5478-4994-a5ba-3e3b0328c30d","Security","0x0","1560","lab-dc1.lab.local","12/24/2016 10:55:12 AM",,,"security","Information","Info","Logon"
"S-1-5-18","LAB-DC1$","LAB","0x12438f0","3","4624","1","0","12544","0","-9214364837600034816","55638","Microsoft-Windows-Security-Auditing","54849625-5478-4994-a5ba-3e3b0328c30d","Security","0x0","6844","lab-dc1.lab.local","12/24/2016 10:55:00 AM",,,"security","Information","Info","Logon"
"S-1-5-18","LAB-DC1$","LAB","0x1242c6f","3","4624","1","0","12544","0","-9214364837600034816","55636","Microsoft-Windows-Security-Auditing","54849625-5478-4994-a5ba-3e3b0328c30d","Security","0x0","1560","lab-dc1.lab.local","12/24/2016 10:54:59 AM",,,"security","Information","Info","Logon"
"S-1-5-18","LAB-DC1$","LAB","0x1242bfb","3","4624","1","0","12544","0","-9214364837600034816","55634","Microsoft-Windows-Security-Auditing","54849625-5478-4994-a5ba-3e3b0328c30d","Security","0x0","3336","lab-dc1.lab.local","12/24/2016 10:54:59 AM",,,"security","Information","Info","Logon"
"S-1-5-18","LAB-DC1$","LAB","0x1242b12","3","4624","1","0","12544","0","-9214364837600034816","55632","Microsoft-Windows-Security-Auditing","54849625-5478-4994-a5ba-3e3b0328c30d","Security","0x0","1068","lab-dc1.lab.local","12/24/2016 10:54:59 AM",,,"security","Information","Info","Logon"
"S-1-5-18","LAB-DC1$","LAB","0x11ec947","3","4624","1","0","12544","0","-9214364837600034816","55629","Microsoft-Windows-Security-Auditing","54849625-5478-4994-a5ba-3e3b0328c30d","Security","0x0","1068","lab-dc1.lab.local","12/24/2016 10:54:12 AM",,,"security","Information","Info","Logon"
"S-1-5-18","LAB-DC1$","LAB","0x11c6cae","3","4624","1","0","12544","0","-9214364837600034816","55625","Microsoft-Windows-Security-Auditing","54849625-5478-4994-a5ba-3e3b0328c30d","Security","0x0","1068","lab-dc1.lab.local","12/24/2016 10:53:12 AM",,,"security","Information","Info","Logon"
"S-1-5-18","LAB-DC1$","LAB","0x118d236","3","4624","1","0","12544","0","-9214364837600034816","55622","Microsoft-Windows-Security-Auditing","54849625-5478-4994-a5ba-3e3b0328c30d","Security","0x0","6844","lab-dc1.lab.local","12/24/2016 10:52:50 AM",,,"security","Information","Info","Logon"
"S-1-5-18","LAB-DC1$","LAB","0x113a1eb","3","4624","1","0","12544","0","-9214364837600034816","55608","Microsoft-Windows-Security-Auditing","54849625-5478-4994-a5ba-3e3b0328c30d","Security","0x0","1068","lab-dc1.lab.local","12/24/2016 10:52:12 AM",,,"security","Information","Info","Logon"
"S-1-5-18","LAB-DC1$","LAB","0x11045ad","3","4624","1","0","12544","0","-9214364837600034816","55597","Microsoft-Windows-Security-Auditing","54849625-5478-4994-a5ba-3e3b0328c30d","Security","0x0","1068","lab-dc1.lab.local","12/24/2016 10:51:12 AM",,,"security","Information","Info","Logon"
"S-1-5-18","LAB-DC1$","LAB","0x1104307","3","4624","1","0","12544","0","-9214364837600034816","55594","Microsoft-Windows-Security-Auditing","54849625-5478-4994-a5ba-3e3b0328c30d","Security","0x0","1068","lab-dc1.lab.local","12/24/2016 10:51:06 AM",,,"security","Information","Info","Logon"
"S-1-5-18","LAB-DC1$","LAB","0x110429c","3","4624","1","0","12544","0","-9214364837600034816","55591","Microsoft-Windows-Security-Auditing","54849625-5478-4994-a5ba-3e3b0328c30d","Security","0x0","1560","lab-dc1.lab.local","12/24/2016 10:51:06 AM",,,"security","Information","Info","Logon"
"S-1-5-18","LAB-DC1$","LAB","0x1103269","3","4624","1","0","12544","0","-9214364837600034816","55588","Microsoft-Windows-Security-Auditing","54849625-5478-4994-a5ba-3e3b0328c30d","Security","0x0","1068","lab-dc1.lab.local","12/24/2016 10:50:12 AM",,,"security","Information","Info","Logon"
"S-1-5-18","LAB-DC1$","LAB","0x1101216","3","4624","1","0","12544","0","-9214364837600034816","55582","Microsoft-Windows-Security-Auditing","54849625-5478-4994-a5ba-3e3b0328c30d","Security","0x0","6844","lab-dc1.lab.local","12/24/2016 10:49:59 AM",,,"security","Information","Info","Logon"
"S-1-5-18","LAB-DC1$","LAB","0x1101198","3","4624","1","0","12544","0","-9214364837600034816","55580","Microsoft-Windows-Security-Auditing","54849625-5478-4994-a5ba-3e3b0328c30d","Security","0x0","1560","lab-dc1.lab.local","12/24/2016 10:49:58 AM",,,"security","Information","Info","Logon"
"S-1-5-18","LAB-DC1$","LAB","0x1101151","3","4624","1","0","12544","0","-9214364837600034816","55578","Microsoft-Windows-Security-Auditing","54849625-5478-4994-a5ba-3e3b0328c30d","Security","0x0","6844","lab-dc1.lab.local","12/24/2016 10:49:58 AM",,,"security","Information","Info","Logon"
"S-1-5-18","LAB-DC1$","LAB","0x1101092","3","4624","1","0","12544","0","-9214364837600034816","55576","Microsoft-Windows-Security-Auditing","54849625-5478-4994-a5ba-3e3b0328c30d","Security","0x0","1560","lab-dc1.lab.local","12/24/2016 10:49:58 AM",,,"security","Information","Info","Logon"
"S-1-5-18","LAB-DC1$","LAB","0x10ffb4c","3","4624","1","0","12544","0","-9214364837600034816","55562","Microsoft-Windows-Security-Auditing","54849625-5478-4994-a5ba-3e3b0328c30d","Security","0x0","1068","lab-dc1.lab.local","12/24/2016 10:49:12 AM",,,"security","Information","Info","Logon"
"S-1-5-18","LAB-DC1$","LAB","0x10fe487","3","4624","1","0","12544","0","-9214364837600034816","55548","Microsoft-Windows-Security-Auditing","54849625-5478-4994-a5ba-3e3b0328c30d","Security","0x0","1068","lab-dc1.lab.local","12/24/2016 10:48:12 AM",,,"security","Information","Info","Logon"
"S-1-5-18","LAB-DC1$","LAB","0x10fb6e7","3","4624","1","0","12544","0","-9214364837600034816","55523","Microsoft-Windows-Security-Auditing","54849625-5478-4994-a5ba-3e3b0328c30d","Security","0x0","1560","lab-dc1.lab.local","12/24/2016 10:47:12 AM",,,"security","Information","Info","Logon"
"S-1-5-18","LAB-DC1$","LAB","0x10f8b42","3","4624","1","0","12544","0","-9214364837600034816","55508","Microsoft-Windows-Security-Auditing","54849625-5478-4994-a5ba-3e3b0328c30d","Security","0x0","1068","lab-dc1.lab.local","12/24/2016 10:46:12 AM",,,"security","Information","Info","Logon"
"S-1-5-18","LAB-DC1$","LAB","0x10f8935","3","4624","1","0","12544","0","-9214364837600034816","55505","Microsoft-Windows-Security-Auditing","54849625-5478-4994-a5ba-3e3b0328c30d","Security","0x0","1068","lab-dc1.lab.local","12/24/2016 10:46:05 AM",,,"security","Information","Info","Logon"
"S-1-5-18","LAB-DC1$","LAB","0x10f88c8","3","4624","1","0","12544","0","-9214364837600034816","55502","Microsoft-Windows-Security-Auditing","54849625-5478-4994-a5ba-3e3b0328c30d","Security","0x0","1560","lab-dc1.lab.local","12/24/2016 10:46:05 AM",,,"security","Information","Info","Logon"
"S-1-5-18","LAB-DC1$","LAB","0x10d49fa","3","4624","1","0","12544","0","-9214364837600034816","55477","Microsoft-Windows-Security-Auditing","54849625-5478-4994-a5ba-3e3b0328c30d","Security","0x0","1552","lab-dc1.lab.local","12/24/2016 10:45:12 AM",,,"security","Information","Info","Logon"
"S-1-5-18","LAB-DC1$","LAB","0x10bae9e","3","4624","1","0","12544","0","-9214364837600034816","55471","Microsoft-Windows-Security-Auditing","54849625-5478-4994-a5ba-3e3b0328c30d","Security","0x0","6664","lab-dc1.lab.local","12/24/2016 10:44:58 AM",,,"security","Information","Info","Logon"
"S-1-5-18","LAB-DC1$","LAB","0x10ba070","3","4624","1","0","12544","0","-9214364837600034816","55469","Microsoft-Windows-Security-Auditing","54849625-5478-4994-a5ba-3e3b0328c30d","Security","0x0","1552","lab-dc1.lab.local","12/24/2016 10:44:58 AM",,,"security","Information","Info","Logon"
"S-1-5-18","LAB-DC1$","LAB","0x10ba001","3","4624","1","0","12544","0","-9214364837600034816","55467","Microsoft-Windows-Security-Auditing","54849625-5478-4994-a5ba-3e3b0328c30d","Security","0x0","6664","lab-dc1.lab.local","12/24/2016 10:44:58 AM",,,"security","Information","Info","Logon"
"S-1-5-18","LAB-DC1$","LAB","0x10b9f27","3","4624","1","0","12544","0","-9214364837600034816","55465","Microsoft-Windows-Security-Auditing","54849625-5478-4994-a5ba-3e3b0328c30d","Security","0x0","1068","lab-dc1.lab.local","12/24/2016 10:44:58 AM",,,"security","Information","Info","Logon"
"S-1-5-18","LAB-DC1$","LAB","0x1090849","3","4624","1","0","12544","0","-9214364837600034816","55461","Microsoft-Windows-Security-Auditing","54849625-5478-4994-a5ba-3e3b0328c30d","Security","0x0","1068","lab-dc1.lab.local","12/24/2016 10:44:12 AM",,,"security","Information","Info","Logon"
"S-1-5-18","LAB-DC1$","LAB","0x105aaae","3","4624","1","0","12544","0","-9214364837600034816","55458","Microsoft-Windows-Security-Auditing","54849625-5478-4994-a5ba-3e3b0328c30d","Security","0x0","1552","lab-dc1.lab.local","12/24/2016 10:43:12 AM",,,"security","Information","Info","Logon"
"S-1-5-18","LAB-DC1$","LAB","0x1030f31","3","4624","1","0","12544","0","-9214364837600034816","55433","Microsoft-Windows-Security-Auditing","54849625-5478-4994-a5ba-3e3b0328c30d","Security","0x0","6664","lab-dc1.lab.local","12/24/2016 10:42:50 AM",,,"security","Information","Info","Logon"
"S-1-5-18","LAB-DC1$","LAB","0x102f8aa","3","4624","1","0","12544","0","-9214364837600034816","55429","Microsoft-Windows-Security-Auditing","54849625-5478-4994-a5ba-3e3b0328c30d","Security","0x0","1068","lab-dc1.lab.local","12/24/2016 10:42:12 AM",,,"security","Information","Info","Logon"
"S-1-5-18","LAB-DC1$","LAB","0x102d9f7","3","4624","1","0","12544","0","-9214364837600034816","55415","Microsoft-Windows-Security-Auditing","54849625-5478-4994-a5ba-3e3b0328c30d","Security","0x0","1552","lab-dc1.lab.local","12/24/2016 10:41:12 AM",,,"security","Information","Info","Logon"
"S-1-5-18","LAB-DC1$","LAB","0x101d0b2","3","4624","1","0","12544","0","-9214364837600034816","55412","Microsoft-Windows-Security-Auditing","54849625-5478-4994-a5ba-3e3b0328c30d","Security","0x0","1552","lab-dc1.lab.local","12/24/2016 10:41:04 AM",,,"security","Information","Info","Logon"
"S-1-5-18","LAB-DC1$","LAB","0x101cb4f","3","4624","1","0","12544","0","-9214364837600034816","55409","Microsoft-Windows-Security-Auditing","54849625-5478-4994-a5ba-3e3b0328c30d","Security","0x0","1552","lab-dc1.lab.local","12/24/2016 10:41:03 AM",,,"security","Information","Info","Logon"
"S-1-5-18","LAB-DC1$","LAB","0xfa2c1c","3","4624","1","0","12544","0","-9214364837600034816","55395","Microsoft-Windows-Security-Auditing","54849625-5478-4994-a5ba-3e3b0328c30d","Security","0x0","1068","lab-dc1.lab.local","12/24/2016 10:40:12 AM",,,"security","Information","Info","Logon"
"S-1-5-18","LAB-DC1$","LAB","0xf84c53","3","4624","1","0","12544","0","-9214364837600034816","55378","Microsoft-Windows-Security-Auditing","54849625-5478-4994-a5ba-3e3b0328c30d","Security","0x0","6664","lab-dc1.lab.local","12/24/2016 10:39:57 AM",,,"security","Information","Info","Logon"
"S-1-5-18","LAB-DC1$","LAB","0xf84bbb","3","4624","1","0","12544","0","-9214364837600034816","55376","Microsoft-Windows-Security-Auditing","54849625-5478-4994-a5ba-3e3b0328c30d","Security","0x0","1552","lab-dc1.lab.local","12/24/2016 10:39:57 AM",,,"security","Information","Info","Logon"
"S-1-5-18","LAB-DC1$","LAB","0xf84b74","3","4624","1","0","12544","0","-9214364837600034816","55374","Microsoft-Windows-Security-Auditing","54849625-5478-4994-a5ba-3e3b0328c30d","Security","0x0","7560","lab-dc1.lab.local","12/24/2016 10:39:57 AM",,,"security","Information","Info","Logon"
"S-1-5-18","LAB-DC1$","LAB","0xf84ab5","3","4624","1","0","12544","0","-9214364837600034816","55372","Microsoft-Windows-Security-Auditing","54849625-5478-4994-a5ba-3e3b0328c30d","Security","0x0","1068","lab-dc1.lab.local","12/24/2016 10:39:57 AM",,,"security","Information","Info","Logon"
"S-1-5-18","LAB-DC1$","LAB","0xf1e6b5","3","4624","1","0","12544","0","-9214364837600034816","55368","Microsoft-Windows-Security-Auditing","54849625-5478-4994-a5ba-3e3b0328c30d","Security","0x0","1068","lab-dc1.lab.local","12/24/2016 10:39:12 AM",,,"security","Information","Info","Logon"
"S-1-5-18","LAB-DC1$","LAB","0xf0d646","3","4624","1","0","12544","0","-9214364837600034816","55335","Microsoft-Windows-Security-Auditing","54849625-5478-4994-a5ba-3e3b0328c30d","Security","0x0","1068","lab-dc1.lab.local","12/24/2016 10:38:12 AM",,,"security","Information","Info","Logon"
"S-1-5-18","LAB-DC1$","LAB","0xf0cc5c","3","4624","1","0","12544","0","-9214364837600034816","55333","Microsoft-Windows-Security-Auditing","54849625-5478-4994-a5ba-3e3b0328c30d","Security","0x0","7560","lab-dc1.lab.local","12/24/2016 10:38:04 AM",,,"security","Information","Info","Logon"
"S-1-5-18","LAB-DC1$","LAB","0xf0a99d","3","4624","1","0","12544","0","-9214364837600034816","55322","Microsoft-Windows-Security-Auditing","54849625-5478-4994-a5ba-3e3b0328c30d","Security","0x0","1068","lab-dc1.lab.local","12/24/2016 10:37:12 AM",,,"security","Information","Info","Logon"
"S-1-5-18","LAB-DC1$","LAB","0xf093fb","3","4624","1","0","12544","0","-9214364837600034816","55318","Microsoft-Windows-Security-Auditing","54849625-5478-4994-a5ba-3e3b0328c30d","Security","0x0","1068","lab-dc1.lab.local","12/24/2016 10:36:12 AM",,,"security","Information","Info","Logon"
"S-1-5-18","LAB-DC1$","LAB","0xf08faa","3","4624","1","0","12544","0","-9214364837600034816","55315","Microsoft-Windows-Security-Auditing","54849625-5478-4994-a5ba-3e3b0328c30d","Security","0x0","1068","lab-dc1.lab.local","12/24/2016 10:36:02 AM",,,"security","Information","Info","Logon"
"S-1-5-18","LAB-DC1$","LAB","0xf08f3b","3","4624","1","0","12544","0","-9214364837600034816","55312","Microsoft-Windows-Security-Auditing","54849625-5478-4994-a5ba-3e3b0328c30d","Security","0x0","1552","lab-dc1.lab.local","12/24/2016 10:36:02 AM",,,"security","Information","Info","Logon"
"S-1-5-18","LAB-DC1$","LAB","0xf05465","3","4624","1","0","12544","0","-9214364837600034816","55301","Microsoft-Windows-Security-Auditing","54849625-5478-4994-a5ba-3e3b0328c30d","Security","0x0","1552","lab-dc1.lab.local","12/24/2016 10:35:12 AM",,,"security","Information","Info","Logon"
"S-1-5-18","LAB-DC1$","LAB","0xf03523","3","4624","1","0","12544","0","-9214364837600034816","55295","Microsoft-Windows-Security-Auditing","54849625-5478-4994-a5ba-3e3b0328c30d","Security","0x0","7560","lab-dc1.lab.local","12/24/2016 10:34:56 AM",,,"security","Information","Info","Logon"
"S-1-5-18","LAB-DC1$","LAB","0xf0348b","3","4624","1","0","12544","0","-9214364837600034816","55293","Microsoft-Windows-Security-Auditing","54849625-5478-4994-a5ba-3e3b0328c30d","Security","0x0","1552","lab-dc1.lab.local","12/24/2016 10:34:56 AM",,,"security","Information","Info","Logon"
"S-1-5-18","LAB-DC1$","LAB","0xf03444","3","4624","1","0","12544","0","-9214364837600034816","55291","Microsoft-Windows-Security-Auditing","54849625-5478-4994-a5ba-3e3b0328c30d","Security","0x0","7560","lab-dc1.lab.local","12/24/2016 10:34:56 AM",,,"security","Information","Info","Logon"
"S-1-5-18","LAB-DC1$","LAB","0xf03385","3","4624","1","0","12544","0","-9214364837600034816","55289","Microsoft-Windows-Security-Auditing","54849625-5478-4994-a5ba-3e3b0328c30d","Security","0x0","1068","lab-dc1.lab.local","12/24/2016 10:34:56 AM",,,"security","Information","Info","Logon"
"S-1-5-18","LAB-DC1$","LAB","0xf03333","3","4624","1","0","12544","0","-9214364837600034816","55287","Microsoft-Windows-Security-Auditing","54849625-5478-4994-a5ba-3e3b0328c30d","Security","0x0","6664","lab-dc1.lab.local","12/24/2016 10:34:56 AM",,,"security","Information","Info","Logon"
"S-1-5-18","LAB-DC1$","LAB","0xf01ffb","3","4624","1","0","12544","0","-9214364837600034816","55284","Microsoft-Windows-Security-Auditing","54849625-5478-4994-a5ba-3e3b0328c30d","Security","0x0","1068","lab-dc1.lab.local","12/24/2016 10:34:12 AM",,,"security","Information","Info","Logon"
"S-1-5-18","LAB-DC1$","LAB","0xf01094","3","4624","1","0","12544","0","-9214364837600034816","55281","Microsoft-Windows-Security-Auditing","54849625-5478-4994-a5ba-3e3b0328c30d","Security","0x0","1068","lab-dc1.lab.local","12/24/2016 10:33:12 AM",,,"security","Information","Info","Logon"
"S-1-5-18","LAB-DC1$","LAB","0xf009bf","3","4624","1","0","12544","0","-9214364837600034816","55278","Microsoft-Windows-Security-Auditing","54849625-5478-4994-a5ba-3e3b0328c30d","Security","0x0","7560","lab-dc1.lab.local","12/24/2016 10:32:50 AM",,,"security","Information","Info","Logon"
"S-1-5-18","LAB-DC1$","LAB","0xeffd39","3","4624","1","0","12544","0","-9214364837600034816","55275","Microsoft-Windows-Security-Auditing","54849625-5478-4994-a5ba-3e3b0328c30d","Security","0x0","1068","lab-dc1.lab.local","12/24/2016 10:32:12 AM",,,"security","Information","Info","Logon"
"S-1-5-18","LAB-DC1$","LAB","0xefe917","3","4624","1","0","12544","0","-9214364837600034816","55272","Microsoft-Windows-Security-Auditing","54849625-5478-4994-a5ba-3e3b0328c30d","Security","0x0","1068","lab-dc1.lab.local","12/24/2016 10:31:12 AM",,,"security","Information","Info","Logon"
"S-1-5-18","LAB-DC1$","LAB","0xefe590","3","4624","1","0","12544","0","-9214364837600034816","55269","Microsoft-Windows-Security-Auditing","54849625-5478-4994-a5ba-3e3b0328c30d","Security","0x0","1068","lab-dc1.lab.local","12/24/2016 10:31:01 AM",,,"security","Information","Info","Logon"
"S-1-5-18","LAB-DC1$","LAB","0xefe523","3","4624","1","0","12544","0","-9214364837600034816","55266","Microsoft-Windows-Security-Auditing","54849625-5478-4994-a5ba-3e3b0328c30d","Security","0x0","1552","lab-dc1.lab.local","12/24/2016 10:31:01 AM",,,"security","Information","Info","Logon"
"S-1-5-18","LAB-DC1$","LAB","0xefd5dc","3","4624","1","0","12544","0","-9214364837600034816","55263","Microsoft-Windows-Security-Auditing","54849625-5478-4994-a5ba-3e3b0328c30d","Security","0x0","1552","lab-dc1.lab.local","12/24/2016 10:30:12 AM",,,"security","Information","Info","Logon"
"S-1-5-18","LAB-DC1$","LAB","0xefb26b","3","4624","1","0","12544","0","-9214364837600034816","55257","Microsoft-Windows-Security-Auditing","54849625-5478-4994-a5ba-3e3b0328c30d","Security","0x0","6664","lab-dc1.lab.local","12/24/2016 10:29:55 AM",,,"security","Information","Info","Logon"
"S-1-5-18","LAB-DC1$","LAB","0xefb1e2","3","4624","1","0","12544","0","-9214364837600034816","55255","Microsoft-Windows-Security-Auditing","54849625-5478-4994-a5ba-3e3b0328c30d","Security","0x0","1552","lab-dc1.lab.local","12/24/2016 10:29:55 AM",,,"security","Information","Info","Logon"
"S-1-5-18","LAB-DC1$","LAB","0xefb19a","3","4624","1","0","12544","0","-9214364837600034816","55253","Microsoft-Windows-Security-Auditing","54849625-5478-4994-a5ba-3e3b0328c30d","Security","0x0","6664","lab-dc1.lab.local","12/24/2016 10:29:55 AM",,,"security","Information","Info","Logon"
"S-1-5-18","LAB-DC1$","LAB","0xefb0db","3","4624","1","0","12544","0","-9214364837600034816","55251","Microsoft-Windows-Security-Auditing","54849625-5478-4994-a5ba-3e3b0328c30d","Security","0x0","1068","lab-dc1.lab.local","12/24/2016 10:29:55 AM",,,"security","Information","Info","Logon"
"S-1-5-18","LAB-DC1$","LAB","0xef773c","3","4624","1","0","12544","0","-9214364837600034816","55229","Microsoft-Windows-Security-Auditing","54849625-5478-4994-a5ba-3e3b0328c30d","Security","0x0","1068","lab-dc1.lab.local","12/24/2016 10:29:12 AM",,,"security","Information","Info","Logon"
"S-1-5-18","LAB-DC1$","LAB","0xef6541","3","4624","1","0","12544","0","-9214364837600034816","55226","Microsoft-Windows-Security-Auditing","54849625-5478-4994-a5ba-3e3b0328c30d","Security","0x0","1068","lab-dc1.lab.local","12/24/2016 10:28:12 AM",,,"security","Information","Info","Logon"
"S-1-5-18","LAB-DC1$","LAB","0xef38d1","3","4624","1","0","12544","0","-9214364837600034816","55212","Microsoft-Windows-Security-Auditing","54849625-5478-4994-a5ba-3e3b0328c30d","Security","0x0","1068","lab-dc1.lab.local","12/24/2016 10:27:12 AM",,,"security","Information","Info","Logon"
"S-1-5-18","LAB-DC1$","LAB","0xef185d","3","4624","1","0","12544","0","-9214364837600034816","55209","Microsoft-Windows-Security-Auditing","54849625-5478-4994-a5ba-3e3b0328c30d","Security","0x0","1068","lab-dc1.lab.local","12/24/2016 10:26:12 AM",,,"security","Information","Info","Logon"
"S-1-5-18","LAB-DC1$","LAB","0xef13c5","3","4624","1","0","12544","0","-9214364837600034816","55204","Microsoft-Windows-Security-Auditing","54849625-5478-4994-a5ba-3e3b0328c30d","Security","0x0","1068","lab-dc1.lab.local","12/24/2016 10:26:00 AM",,,"security","Information","Info","Logon"
"S-1-5-18","LAB-DC1$","LAB","0xef1356","3","4624","1","0","12544","0","-9214364837600034816","55201","Microsoft-Windows-Security-Auditing","54849625-5478-4994-a5ba-3e3b0328c30d","Security","0x0","1552","lab-dc1.lab.local","12/24/2016 10:25:59 AM",,,"security","Information","Info","Logon"
"S-1-5-18","LAB-DC1$","LAB","0xeefa08","3","4624","1","0","12544","0","-9214364837600034816","55198","Microsoft-Windows-Security-Auditing","54849625-5478-4994-a5ba-3e3b0328c30d","Security","0x0","1552","lab-dc1.lab.local","12/24/2016 10:25:12 AM",,,"security","Information","Info","Logon"
"S-1-5-18","LAB-DC1$","LAB","0xeeda59","3","4624","1","0","12544","0","-9214364837600034816","55190","Microsoft-Windows-Security-Auditing","54849625-5478-4994-a5ba-3e3b0328c30d","Security","0x0","6664","lab-dc1.lab.local","12/24/2016 10:24:55 AM",,,"security","Information","Info","Logon"
"S-1-5-18","LAB-DC1$","LAB","0xeed9f4","3","4624","1","0","12544","0","-9214364837600034816","55188","Microsoft-Windows-Security-Auditing","54849625-5478-4994-a5ba-3e3b0328c30d","Security","0x0","1552","lab-dc1.lab.local","12/24/2016 10:24:54 AM",,,"security","Information","Info","Logon"
"S-1-5-18","LAB-DC1$","LAB","0xeed9ad","3","4624","1","0","12544","0","-9214364837600034816","55186","Microsoft-Windows-Security-Auditing","54849625-5478-4994-a5ba-3e3b0328c30d","Security","0x0","6664","lab-dc1.lab.local","12/24/2016 10:24:54 AM",,,"security","Information","Info","Logon"
"S-1-5-18","LAB-DC1$","LAB","0xeed8ee","3","4624","1","0","12544","0","-9214364837600034816","55184","Microsoft-Windows-Security-Auditing","54849625-5478-4994-a5ba-3e3b0328c30d","Security","0x0","1068","lab-dc1.lab.local","12/24/2016 10:24:54 AM",,,"security","Information","Info","Logon"
"S-1-5-18","LAB-DC1$","LAB","0xeebeba","3","4624","1","0","12544","0","-9214364837600034816","55171","Microsoft-Windows-Security-Auditing","54849625-5478-4994-a5ba-3e3b0328c30d","Security","0x0","1068","lab-dc1.lab.local","12/24/2016 10:24:12 AM",,,"security","Information","Info","Logon"
"S-1-5-18","LAB-DC1$","LAB","0xeeaa38","3","4624","1","0","12544","0","-9214364837600034816","55167","Microsoft-Windows-Security-Auditing","54849625-5478-4994-a5ba-3e3b0328c30d","Security","0x0","1068","lab-dc1.lab.local","12/24/2016 10:23:12 AM",,,"security","Information","Info","Logon"
"S-1-5-18","LAB-DC1$","LAB","0xee9fc3","3","4624","1","0","12544","0","-9214364837600034816","55163","Microsoft-Windows-Security-Auditing","54849625-5478-4994-a5ba-3e3b0328c30d","Security","0x0","4508","lab-dc1.lab.local","12/24/2016 10:22:50 AM",,,"security","Information","Info","Logon"
"S-1-5-18","LAB-DC1$","LAB","0xed90c5","3","4624","1","0","12544","0","-9214364837600034816","55160","Microsoft-Windows-Security-Auditing","54849625-5478-4994-a5ba-3e3b0328c30d","Security","0x0","1068","lab-dc1.lab.local","12/24/2016 10:22:12 AM",,,"security","Information","Info","Logon"
"S-1-5-18","LAB-DC1$","LAB","0xec5d95","3","4624","1","0","12544","0","-9214364837600034816","55148","Microsoft-Windows-Security-Auditing","54849625-5478-4994-a5ba-3e3b0328c30d","Security","0x0","1068","lab-dc1.lab.local","12/24/2016 10:21:12 AM",,,"security","Information","Info","Logon"
"S-1-5-18","LAB-DC1$","LAB","0xec5b97","3","4624","1","0","12544","0","-9214364837600034816","55145","Microsoft-Windows-Security-Auditing","54849625-5478-4994-a5ba-3e3b0328c30d","Security","0x0","1068","lab-dc1.lab.local","12/24/2016 10:20:58 AM",,,"security","Information","Info","Logon"
"S-1-5-18","LAB-DC1$","LAB","0xec5b2e","3","4624","1","0","12544","0","-9214364837600034816","55142","Microsoft-Windows-Security-Auditing","54849625-5478-4994-a5ba-3e3b0328c30d","Security","0x0","1552","lab-dc1.lab.local","12/24/2016 10:20:58 AM",,,"security","Information","Info","Logon"
"S-1-5-18","LAB-DC1$","LAB","0xeb68a8","3","4624","1","0","12544","0","-9214364837600034816","55127","Microsoft-Windows-Security-Auditing","54849625-5478-4994-a5ba-3e3b0328c30d","Security","0x0","1552","lab-dc1.lab.local","12/24/2016 10:20:12 AM",,,"security","Information","Info","Logon"
"S-1-5-18","LAB-DC1$","LAB","0xeb456f","3","4624","1","0","12544","0","-9214364837600034816","55121","Microsoft-Windows-Security-Auditing","54849625-5478-4994-a5ba-3e3b0328c30d","Security","0x0","4508","lab-dc1.lab.local","12/24/2016 10:19:54 AM",,,"security","Information","Info","Logon"
"S-1-5-18","LAB-DC1$","LAB","0xeb44fa","3","4624","1","0","12544","0","-9214364837600034816","55119","Microsoft-Windows-Security-Auditing","54849625-5478-4994-a5ba-3e3b0328c30d","Security","0x0","1552","lab-dc1.lab.local","12/24/2016 10:19:54 AM",,,"security","Information","Info","Logon"
"S-1-5-18","LAB-DC1$","LAB","0xeb44b5","3","4624","1","0","12544","0","-9214364837600034816","55117","Microsoft-Windows-Security-Auditing","54849625-5478-4994-a5ba-3e3b0328c30d","Security","0x0","4896","lab-dc1.lab.local","12/24/2016 10:19:54 AM",,,"security","Information","Info","Logon"
"S-1-5-18","LAB-DC1$","LAB","0xeb43f6","3","4624","1","0","12544","0","-9214364837600034816","55115","Microsoft-Windows-Security-Auditing","54849625-5478-4994-a5ba-3e3b0328c30d","Security","0x0","1552","lab-dc1.lab.local","12/24/2016 10:19:54 AM",,,"security","Information","Info","Logon"
"S-1-5-18","LAB-DC1$","LAB","0xeb33ac","3","4624","1","0","12544","0","-9214364837600034816","55100","Microsoft-Windows-Security-Auditing","54849625-5478-4994-a5ba-3e3b0328c30d","Security","0x0","1552","lab-dc1.lab.local","12/24/2016 10:19:12 AM",,,"security","Information","Info","Logon"
"S-1-5-18","LAB-DC1$","LAB","0xea4287","3","4624","1","0","12544","0","-9214364837600034816","55088","Microsoft-Windows-Security-Auditing","54849625-5478-4994-a5ba-3e3b0328c30d","Security","0x0","1552","lab-dc1.lab.local","12/24/2016 10:18:12 AM",,,"security","Information","Info","Logon"
"S-1-5-18","LAB-DC1$","LAB","0xe911c7","3","4624","1","0","12544","0","-9214364837600034816","55073","Microsoft-Windows-Security-Auditing","54849625-5478-4994-a5ba-3e3b0328c30d","Security","0x0","1552","lab-dc1.lab.local","12/24/2016 10:17:12 AM",,,"security","Information","Info","Logon"
"S-1-5-18","LAB-DC1$","LAB","0xe7ba52","3","4624","1","0","12544","0","-9214364837600034816","55061","Microsoft-Windows-Security-Auditing","54849625-5478-4994-a5ba-3e3b0328c30d","Security","0x0","1552","lab-dc1.lab.local","12/24/2016 10:16:12 AM",,,"security","Information","Info","Logon"
"S-1-5-18","LAB-DC1$","LAB","0xe7b4f7","3","4624","1","0","12544","0","-9214364837600034816","55058","Microsoft-Windows-Security-Auditing","54849625-5478-4994-a5ba-3e3b0328c30d","Security","0x0","1552","lab-dc1.lab.local","12/24/2016 10:16:05 AM",,,"security","Information","Info","Logon"
"S-1-5-18","LAB-DC1$","LAB","0xe7b261","3","4624","1","0","12544","0","-9214364837600034816","55055","Microsoft-Windows-Security-Auditing","54849625-5478-4994-a5ba-3e3b0328c30d","Security","0x0","1552","lab-dc1.lab.local","12/24/2016 10:15:57 AM",,,"security","Information","Info","Logon"
"S-1-5-18","LAB-DC1$","LAB","0xe7b1f8","3","4624","1","0","12544","0","-9214364837600034816","55052","Microsoft-Windows-Security-Auditing","54849625-5478-4994-a5ba-3e3b0328c30d","Security","0x0","1068","lab-dc1.lab.local","12/24/2016 10:15:57 AM",,,"security","Information","Info","Logon"
"S-1-5-18","LAB-DC1$","LAB","0xe7a8dd","3","4624","1","0","12544","0","-9214364837600034816","55048","Microsoft-Windows-Security-Auditing","54849625-5478-4994-a5ba-3e3b0328c30d","Security","0x0","1552","lab-dc1.lab.local","12/24/2016 10:15:12 AM",,,"security","Information","Info","Logon"
"S-1-5-18","LAB-DC1$","LAB","0xe785c4","3","4624","1","0","12544","0","-9214364837600034816","55042","Microsoft-Windows-Security-Auditing","54849625-5478-4994-a5ba-3e3b0328c30d","Security","0x0","7684","lab-dc1.lab.local","12/24/2016 10:14:53 AM",,,"security","Information","Info","Logon"
"S-1-5-18","LAB-DC1$","LAB","0xe78561","3","4624","1","0","12544","0","-9214364837600034816","55040","Microsoft-Windows-Security-Auditing","54849625-5478-4994-a5ba-3e3b0328c30d","Security","0x0","1552","lab-dc1.lab.local","12/24/2016 10:14:53 AM",,,"security","Information","Info","Logon"
"S-1-5-18","LAB-DC1$","LAB","0xe78518","3","4624","1","0","12544","0","-9214364837600034816","55038","Microsoft-Windows-Security-Auditing","54849625-5478-4994-a5ba-3e3b0328c30d","Security","0x0","7684","lab-dc1.lab.local","12/24/2016 10:14:53 AM",,,"security","Information","Info","Logon"
"S-1-5-18","LAB-DC1$","LAB","0xe78459","3","4624","1","0","12544","0","-9214364837600034816","55036","Microsoft-Windows-Security-Auditing","54849625-5478-4994-a5ba-3e3b0328c30d","Security","0x0","1068","lab-dc1.lab.local","12/24/2016 10:14:53 AM",,,"security","Information","Info","Logon"
"S-1-5-18","LAB-DC1$","LAB","0xe778fb","3","4624","1","0","12544","0","-9214364837600034816","55032","Microsoft-Windows-Security-Auditing","54849625-5478-4994-a5ba-3e3b0328c30d","Security","0x0","1068","lab-dc1.lab.local","12/24/2016 10:14:12 AM",,,"security","Information","Info","Logon"
"S-1-5-18","LAB-DC1$","LAB","0xe75818","3","4624","1","0","12544","0","-9214364837600034816","55020","Microsoft-Windows-Security-Auditing","54849625-5478-4994-a5ba-3e3b0328c30d","Security","0x0","1068","lab-dc1.lab.local","12/24/2016 10:13:12 AM",,,"security","Information","Info","Logon"
"S-1-5-18","LAB-DC1$","LAB","0xe75219","3","4624","1","0","12544","0","-9214364837600034816","55016","Microsoft-Windows-Security-Auditing","54849625-5478-4994-a5ba-3e3b0328c30d","Security","0x0","2124","lab-dc1.lab.local","12/24/2016 10:12:50 AM",,,"security","Information","Info","Logon"
"S-1-5-18","LAB-DC1$","LAB","0xe74e04","3","4624","1","0","12544","0","-9214364837600034816","55013","Microsoft-Windows-Security-Auditing","54849625-5478-4994-a5ba-3e3b0328c30d","Security","0x0","1068","lab-dc1.lab.local","12/24/2016 10:12:12 AM",,,"security","Information","Info","Logon"
"S-1-5-18","LAB-DC1$","LAB","0xe71b23","3","4624","1","0","12544","0","-9214364837600034816","54990","Microsoft-Windows-Security-Auditing","54849625-5478-4994-a5ba-3e3b0328c30d","Security","0x0","1068","lab-dc1.lab.local","12/24/2016 10:11:12 AM",,,"security","Information","Info","Logon"
"S-1-5-18","LAB-DC1$","LAB","0xe7150a","3","4624","1","0","12544","0","-9214364837600034816","54987","Microsoft-Windows-Security-Auditing","54849625-5478-4994-a5ba-3e3b0328c30d","Security","0x0","1068","lab-dc1.lab.local","12/24/2016 10:10:56 AM",,,"security","Information","Info","Logon"
"S-1-5-18","LAB-DC1$","LAB","0xe714a1","3","4624","1","0","12544","0","-9214364837600034816","54984","Microsoft-Windows-Security-Auditing","54849625-5478-4994-a5ba-3e3b0328c30d","Security","0x0","1552","lab-dc1.lab.local","12/24/2016 10:10:55 AM",,,"security","Information","Info","Logon"
"S-1-5-18","LAB-DC1$","LAB","0xe7084f","3","4624","1","0","12544","0","-9214364837600034816","54980","Microsoft-Windows-Security-Auditing","54849625-5478-4994-a5ba-3e3b0328c30d","Security","0x0","1552","lab-dc1.lab.local","12/24/2016 10:10:12 AM",,,"security","Information","Info","Logon"
"S-1-5-18","LAB-DC1$","LAB","0xe6e902","3","4624","1","0","12544","0","-9214364837600034816","54974","Microsoft-Windows-Security-Auditing","54849625-5478-4994-a5ba-3e3b0328c30d","Security","0x0","7684","lab-dc1.lab.local","12/24/2016 10:09:52 AM",,,"security","Information","Info","Logon"
"S-1-5-18","LAB-DC1$","LAB","0xe6e883","3","4624","1","0","12544","0","-9214364837600034816","54972","Microsoft-Windows-Security-Auditing","54849625-5478-4994-a5ba-3e3b0328c30d","Security","0x0","1552","lab-dc1.lab.local","12/24/2016 10:09:52 AM",,,"security","Information","Info","Logon"
"S-1-5-18","LAB-DC1$","LAB","0xe6e83a","3","4624","1","0","12544","0","-9214364837600034816","54970","Microsoft-Windows-Security-Auditing","54849625-5478-4994-a5ba-3e3b0328c30d","Security","0x0","7380","lab-dc1.lab.local","12/24/2016 10:09:52 AM",,,"security","Information","Info","Logon"
"S-1-5-18","LAB-DC1$","LAB","0xe6e779","3","4624","1","0","12544","0","-9214364837600034816","54968","Microsoft-Windows-Security-Auditing","54849625-5478-4994-a5ba-3e3b0328c30d","Security","0x0","1552","lab-dc1.lab.local","12/24/2016 10:09:52 AM",,,"security","Information","Info","Logon"
"S-1-5-18","LAB-DC1$","LAB","0xe5a675","3","4624","1","0","12544","0","-9214364837600034816","54964","Microsoft-Windows-Security-Auditing","54849625-5478-4994-a5ba-3e3b0328c30d","Security","0x0","1552","lab-dc1.lab.local","12/24/2016 10:09:12 AM",,,"security","Information","Info","Logon"
"S-1-5-18","LAB-DC1$","LAB","0xe4bf62","3","4624","1","0","12544","0","-9214364837600034816","54960","Microsoft-Windows-Security-Auditing","54849625-5478-4994-a5ba-3e3b0328c30d","Security","0x0","1552","lab-dc1.lab.local","12/24/2016 10:08:12 AM",,,"security","Information","Info","Logon"
"S-1-5-18","LAB-DC1$","LAB","0xe35a9b","3","4624","1","0","12544","0","-9214364837600034816","54948","Microsoft-Windows-Security-Auditing","54849625-5478-4994-a5ba-3e3b0328c30d","Security","0x0","1552","lab-dc1.lab.local","12/24/2016 10:07:12 AM",,,"security","Information","Info","Logon"
"S-1-5-18","LAB-DC1$","LAB","0xe204bd","3","4624","1","0","12544","0","-9214364837600034816","54943","Microsoft-Windows-Security-Auditing","54849625-5478-4994-a5ba-3e3b0328c30d","Security","0x0","1552","lab-dc1.lab.local","12/24/2016 10:06:12 AM",,,"security","Information","Info","Logon"
"S-1-5-18","LAB-DC1$","LAB","0xe0a928","3","4624","1","0","12544","0","-9214364837600034816","54932","Microsoft-Windows-Security-Auditing","54849625-5478-4994-a5ba-3e3b0328c30d","Security","0x0","1552","lab-dc1.lab.local","12/24/2016 10:05:54 AM",,,"security","Information","Info","Logon"
"S-1-5-18","LAB-DC1$","LAB","0xe0a8bb","3","4624","1","0","12544","0","-9214364837600034816","54929","Microsoft-Windows-Security-Auditing","54849625-5478-4994-a5ba-3e3b0328c30d","Security","0x0","1068","lab-dc1.lab.local","12/24/2016 10:05:54 AM",,,"security","Information","Info","Logon"
"S-1-5-18","LAB-DC1$","LAB","0xe095da","3","4624","1","0","12544","0","-9214364837600034816","54925","Microsoft-Windows-Security-Auditing","54849625-5478-4994-a5ba-3e3b0328c30d","Security","0x0","1552","lab-dc1.lab.local","12/24/2016 10:05:12 AM",,,"security","Information","Info","Logon"
"S-1-5-18","LAB-DC1$","LAB","0xe07437","3","4624","1","0","12544","0","-9214364837600034816","54919","Microsoft-Windows-Security-Auditing","54849625-5478-4994-a5ba-3e3b0328c30d","Security","0x0","7532","lab-dc1.lab.local","12/24/2016 10:04:52 AM",,,"security","Information","Info","Logon"
"S-1-5-18","LAB-DC1$","LAB","0xe073a0","3","4624","1","0","12544","0","-9214364837600034816","54917","Microsoft-Windows-Security-Auditing","54849625-5478-4994-a5ba-3e3b0328c30d","Security","0x0","1552","lab-dc1.lab.local","12/24/2016 10:04:51 AM",,,"security","Information","Info","Logon"
"S-1-5-18","LAB-DC1$","LAB","0xe07359","3","4624","1","0","12544","0","-9214364837600034816","54915","Microsoft-Windows-Security-Auditing","54849625-5478-4994-a5ba-3e3b0328c30d","Security","0x0","7532","lab-dc1.lab.local","12/24/2016 10:04:51 AM",,,"security","Information","Info","Logon"
"S-1-5-18","LAB-DC1$","LAB","0xe07298","3","4624","1","0","12544","0","-9214364837600034816","54913","Microsoft-Windows-Security-Auditing","54849625-5478-4994-a5ba-3e3b0328c30d","Security","0x0","1068","lab-dc1.lab.local","12/24/2016 10:04:51 AM",,,"security","Information","Info","Logon"
"S-1-5-18","LAB-DC1$","LAB","0xe0724b","3","4624","1","0","12544","0","-9214364837600034816","54911","Microsoft-Windows-Security-Auditing","54849625-5478-4994-a5ba-3e3b0328c30d","Security","0x0","7684","lab-dc1.lab.local","12/24/2016 10:04:51 AM",,,"security","Information","Info","Logon"
"S-1-5-18","LAB-DC1$","LAB","0xe04f3b","3","4624","1","0","12544","0","-9214364837600034816","54899","Microsoft-Windows-Security-Auditing","54849625-5478-4994-a5ba-3e3b0328c30d","Security","0x0","1068","lab-dc1.lab.local","12/24/2016 10:04:12 AM",,,"security","Information","Info","Logon"
"S-1-5-18","LAB-DC1$","LAB","0xe03b9d","3","4624","1","0","12544","0","-9214364837600034816","54895","Microsoft-Windows-Security-Auditing","54849625-5478-4994-a5ba-3e3b0328c30d","Security","0x0","1068","lab-dc1.lab.local","12/24/2016 10:03:12 AM",,,"security","Information","Info","Logon"
"S-1-5-18","LAB-DC1$","LAB","0xe01b14","3","4624","1","0","12544","0","-9214364837600034816","54890","Microsoft-Windows-Security-Auditing","54849625-5478-4994-a5ba-3e3b0328c30d","Security","0x0","4304","lab-dc1.lab.local","12/24/2016 10:02:50 AM",,,"security","Information","Info","Logon"
"S-1-5-18","LAB-DC1$","LAB","0xe00c15","3","4624","1","0","12544","0","-9214364837600034816","54887","Microsoft-Windows-Security-Auditing","54849625-5478-4994-a5ba-3e3b0328c30d","Security","0x0","1068","lab-dc1.lab.local","12/24/2016 10:02:12 AM",,,"security","Information","Info","Logon"
"S-1-5-18","LAB-DC1$","LAB","0xdfe2da","3","4624","1","0","12544","0","-9214364837600034816","54875","Microsoft-Windows-Security-Auditing","54849625-5478-4994-a5ba-3e3b0328c30d","Security","0x0","1068","lab-dc1.lab.local","12/24/2016 10:01:12 AM",,,"security","Information","Info","Logon"
"S-1-5-18","LAB-DC1$","LAB","0xdfddb9","3","4624","1","0","12544","0","-9214364837600034816","54872","Microsoft-Windows-Security-Auditing","54849625-5478-4994-a5ba-3e3b0328c30d","Security","0x0","1068","lab-dc1.lab.local","12/24/2016 10:00:53 AM",,,"security","Information","Info","Logon"
"S-1-5-18","LAB-DC1$","LAB","0xdfdd4e","3","4624","1","0","12544","0","-9214364837600034816","54869","Microsoft-Windows-Security-Auditing","54849625-5478-4994-a5ba-3e3b0328c30d","Security","0x0","1068","lab-dc1.lab.local","12/24/2016 10:00:53 AM",,,"security","Information","Info","Logon"
"S-1-5-18","LAB-DC1$","LAB","0xdfce8c","3","4624","1","0","12544","0","-9214364837600034816","54865","Microsoft-Windows-Security-Auditing","54849625-5478-4994-a5ba-3e3b0328c30d","Security","0x0","1552","lab-dc1.lab.local","12/24/2016 10:00:12 AM",,,"security","Information","Info","Logon"
"S-1-5-18","LAB-DC1$","LAB","0xdf9ca3","3","4624","1","0","12544","0","-9214364837600034816","54859","Microsoft-Windows-Security-Auditing","54849625-5478-4994-a5ba-3e3b0328c30d","Security","0x0","4304","lab-dc1.lab.local","12/24/2016 9:59:51 AM",,,"security","Information","Info","Logon"
"S-1-5-18","LAB-DC1$","LAB","0xdf9b69","3","4624","1","0","12544","0","-9214364837600034816","54857","Microsoft-Windows-Security-Auditing","54849625-5478-4994-a5ba-3e3b0328c30d","Security","0x0","1068","lab-dc1.lab.local","12/24/2016 9:59:51 AM",,,"security","Information","Info","Logon"
"S-1-5-18","LAB-DC1$","LAB","0xdf9b20","3","4624","1","0","12544","0","-9214364837600034816","54855","Microsoft-Windows-Security-Auditing","54849625-5478-4994-a5ba-3e3b0328c30d","Security","0x0","8032","lab-dc1.lab.local","12/24/2016 9:59:51 AM",,,"security","Information","Info","Logon"
"S-1-5-18","LAB-DC1$","LAB","0xdf9a53","3","4624","1","0","12544","0","-9214364837600034816","54853","Microsoft-Windows-Security-Auditing","54849625-5478-4994-a5ba-3e3b0328c30d","Security","0x0","1552","lab-dc1.lab.local","12/24/2016 9:59:51 AM",,,"security","Information","Info","Logon"
"S-1-5-18","LAB-DC1$","LAB","0xdf8050","3","4624","1","0","12544","0","-9214364837600034816","54849","Microsoft-Windows-Security-Auditing","54849625-5478-4994-a5ba-3e3b0328c30d","Security","0x0","1552","lab-dc1.lab.local","12/24/2016 9:59:12 AM",,,"security","Information","Info","Logon"
"S-1-5-18","LAB-DC1$","LAB","0xdf590c","3","4624","1","0","12544","0","-9214364837600034816","54845","Microsoft-Windows-Security-Auditing","54849625-5478-4994-a5ba-3e3b0328c30d","Security","0x0","1552","lab-dc1.lab.local","12/24/2016 9:58:12 AM",,,"security","Information","Info","Logon"
"S-1-5-18","LAB-DC1$","LAB","0xdc940f","3","4624","1","0","12544","0","-9214364837600034816","54831","Microsoft-Windows-Security-Auditing","54849625-5478-4994-a5ba-3e3b0328c30d","Security","0x0","1552","lab-dc1.lab.local","12/24/2016 9:57:12 AM",,,"security","Information","Info","Logon"
"S-1-5-18","LAB-DC1$","LAB","0xdc7d79","3","4624","1","0","12544","0","-9214364837600034816","54827","Microsoft-Windows-Security-Auditing","54849625-5478-4994-a5ba-3e3b0328c30d","Security","0x0","1552","lab-dc1.lab.local","12/24/2016 9:56:12 AM",,,"security","Information","Info","Logon"
"S-1-5-18","LAB-DC1$","LAB","0xdc7544","3","4624","1","0","12544","0","-9214364837600034816","54823","Microsoft-Windows-Security-Auditing","54849625-5478-4994-a5ba-3e3b0328c30d","Security","0x0","1068","lab-dc1.lab.local","12/24/2016 9:55:52 AM",,,"security","Information","Info","Logon"
"S-1-5-18","LAB-DC1$","LAB","0xdc74d2","3","4624","1","0","12544","0","-9214364837600034816","54820","Microsoft-Windows-Security-Auditing","54849625-5478-4994-a5ba-3e3b0328c30d","Security","0x0","1552","lab-dc1.lab.local","12/24/2016 9:55:51 AM",,,"security","Information","Info","Logon"
"S-1-5-18","LAB-DC1$","LAB","0xd9c270","3","4624","1","0","12544","0","-9214364837600034816","54815","Microsoft-Windows-Security-Auditing","54849625-5478-4994-a5ba-3e3b0328c30d","Security","0x0","1068","lab-dc1.lab.local","12/24/2016 9:55:12 AM",,,"security","Information","Info","Logon"
"S-1-5-18","LAB-DC1$","LAB","0xd8cad0","3","4624","1","0","12544","0","-9214364837600034816","54808","Microsoft-Windows-Security-Auditing","54849625-5478-4994-a5ba-3e3b0328c30d","Security","0x0","8032","lab-dc1.lab.local","12/24/2016 9:54:50 AM",,,"security","Information","Info","Logon"
"S-1-5-18","LAB-DC1$","LAB","0xd8bed6","3","4624","1","0","12544","0","-9214364837600034816","54806","Microsoft-Windows-Security-Auditing","54849625-5478-4994-a5ba-3e3b0328c30d","Security","0x0","1552","lab-dc1.lab.local","12/24/2016 9:54:50 AM",,,"security","Information","Info","Logon"
"S-1-5-18","LAB-DC1$","LAB","0xd8be6d","3","4624","1","0","12544","0","-9214364837600034816","54804","Microsoft-Windows-Security-Auditing","54849625-5478-4994-a5ba-3e3b0328c30d","Security","0x0","8032","lab-dc1.lab.local","12/24/2016 9:54:50 AM",,,"security","Information","Info","Logon"
"S-1-5-18","LAB-DC1$","LAB","0xd8bd92","3","4624","1","0","12544","0","-9214364837600034816","54802","Microsoft-Windows-Security-Auditing","54849625-5478-4994-a5ba-3e3b0328c30d","Security","0x0","1552","lab-dc1.lab.local","12/24/2016 9:54:50 AM",,,"security","Information","Info","Logon"
"S-1-5-18","LAB-DC1$","LAB","0xd6f7d7","3","4624","1","0","12544","0","-9214364837600034816","54799","Microsoft-Windows-Security-Auditing","54849625-5478-4994-a5ba-3e3b0328c30d","Security","0x0","1552","lab-dc1.lab.local","12/24/2016 9:54:12 AM",,,"security","Information","Info","Logon"
"S-1-5-18","LAB-DC1$","LAB","0xd52d70","3","4624","1","0","12544","0","-9214364837600034816","54794","Microsoft-Windows-Security-Auditing","54849625-5478-4994-a5ba-3e3b0328c30d","Security","0x0","1552","lab-dc1.lab.local","12/24/2016 9:53:12 AM",,,"security","Information","Info","Logon"
"S-1-5-18","LAB-DC1$","LAB","0xd4b119","3","4624","1","0","12544","0","-9214364837600034816","54791","Microsoft-Windows-Security-Auditing","54849625-5478-4994-a5ba-3e3b0328c30d","Security","0x0","1068","lab-dc1.lab.local","12/24/2016 9:53:09 AM",,,"security","Information","Info","Logon"
"S-1-5-18","LAB-DC1$","LAB","0xd4ab95","3","4624","1","0","12544","0","-9214364837600034816","54788","Microsoft-Windows-Security-Auditing","54849625-5478-4994-a5ba-3e3b0328c30d","Security","0x0","8032","lab-dc1.lab.local","12/24/2016 9:53:09 AM",,,"security","Information","Info","Logon"
"S-1-5-18","LAB-DC1$","LAB","0xd30c45","3","4624","1","0","12544","0","-9214364837600034816","54784","Microsoft-Windows-Security-Auditing","54849625-5478-4994-a5ba-3e3b0328c30d","Security","0x0","8032","lab-dc1.lab.local","12/24/2016 9:52:50 AM",,,"security","Information","Info","Logon"
"S-1-5-18","LAB-DC1$","LAB","0xd2f3fc","3","4624","1","0","12544","0","-9214364837600034816","54771","Microsoft-Windows-Security-Auditing","54849625-5478-4994-a5ba-3e3b0328c30d","Security","0x0","1068","lab-dc1.lab.local","12/24/2016 9:52:12 AM",,,"security","Information","Info","Logon"
"S-1-5-18","LAB-DC1$","LAB","0xd2e06b","3","4624","1","0","12544","0","-9214364837600034816","54763","Microsoft-Windows-Security-Auditing","54849625-5478-4994-a5ba-3e3b0328c30d","Security","0x0","1068","lab-dc1.lab.local","12/24/2016 9:51:12 AM",,,"security","Information","Info","Logon"
"S-1-5-18","LAB-DC1$","LAB","0xd2db19","3","4624","1","0","12544","0","-9214364837600034816","54759","Microsoft-Windows-Security-Auditing","54849625-5478-4994-a5ba-3e3b0328c30d","Security","0x0","1068","lab-dc1.lab.local","12/24/2016 9:50:50 AM",,,"security","Information","Info","Logon"
"S-1-5-18","LAB-DC1$","LAB","0xd2dab0","3","4624","1","0","12544","0","-9214364837600034816","54756","Microsoft-Windows-Security-Auditing","54849625-5478-4994-a5ba-3e3b0328c30d","Security","0x0","1552","lab-dc1.lab.local","12/24/2016 9:50:50 AM",,,"security","Information","Info","Logon"
"S-1-5-18","LAB-DC1$","LAB","0xd2d0ff","3","4624","1","0","12544","0","-9214364837600034816","54753","Microsoft-Windows-Security-Auditing","54849625-5478-4994-a5ba-3e3b0328c30d","Security","0x0","1552","lab-dc1.lab.local","12/24/2016 9:50:12 AM",,,"security","Information","Info","Logon"
"S-1-5-18","LAB-DC1$","LAB","0xd2ae5a","3","4624","1","0","12544","0","-9214364837600034816","54745","Microsoft-Windows-Security-Auditing","54849625-5478-4994-a5ba-3e3b0328c30d","Security","0x0","3712","lab-dc1.lab.local","12/24/2016 9:49:49 AM",,,"security","Information","Info","Logon"
"S-1-5-18","LAB-DC1$","LAB","0xd2addc","3","4624","1","0","12544","0","-9214364837600034816","54743","Microsoft-Windows-Security-Auditing","54849625-5478-4994-a5ba-3e3b0328c30d","Security","0x0","1552","lab-dc1.lab.local","12/24/2016 9:49:49 AM",,,"security","Information","Info","Logon"
"S-1-5-18","LAB-DC1$","LAB","0xd2ad95","3","4624","1","0","12544","0","-9214364837600034816","54741","Microsoft-Windows-Security-Auditing","54849625-5478-4994-a5ba-3e3b0328c30d","Security","0x0","3712","lab-dc1.lab.local","12/24/2016 9:49:49 AM",,,"security","Information","Info","Logon"
"S-1-5-18","LAB-DC1$","LAB","0xd2acd6","3","4624","1","0","12544","0","-9214364837600034816","54739","Microsoft-Windows-Security-Auditing","54849625-5478-4994-a5ba-3e3b0328c30d","Security","0x0","1068","lab-dc1.lab.local","12/24/2016 9:49:49 AM",,,"security","Information","Info","Logon"
"S-1-5-18","LAB-DC1$","LAB","0xd29d25","3","4624","1","0","12544","0","-9214364837600034816","54736","Microsoft-Windows-Security-Auditing","54849625-5478-4994-a5ba-3e3b0328c30d","Security","0x0","1552","lab-dc1.lab.local","12/24/2016 9:49:12 AM",,,"security","Information","Info","Logon"
"S-1-5-18","LAB-DC1$","LAB","0xd140d2","3","4624","1","0","12544","0","-9214364837600034816","54732","Microsoft-Windows-Security-Auditing","54849625-5478-4994-a5ba-3e3b0328c30d","Security","0x0","1552","lab-dc1.lab.local","12/24/2016 9:48:12 AM",,,"security","Information","Info","Logon"
"S-1-5-18","LAB-DC1$","LAB","0xcfc5bc","3","4624","1","0","12544","0","-9214364837600034816","54720","Microsoft-Windows-Security-Auditing","54849625-5478-4994-a5ba-3e3b0328c30d","Security","0x0","1552","lab-dc1.lab.local","12/24/2016 9:47:12 AM",,,"security","Information","Info","Logon"
"S-1-5-18","LAB-DC1$","LAB","0xccb5cf","3","4624","1","0","12544","0","-9214364837600034816","54702","Microsoft-Windows-Security-Auditing","54849625-5478-4994-a5ba-3e3b0328c30d","Security","0x0","1552","lab-dc1.lab.local","12/24/2016 9:46:12 AM",,,"security","Information","Info","Logon"
"S-1-5-18","LAB-DC1$","LAB","0xccae80","3","4624","1","0","12544","0","-9214364837600034816","54698","Microsoft-Windows-Security-Auditing","54849625-5478-4994-a5ba-3e3b0328c30d","Security","0x0","1068","lab-dc1.lab.local","12/24/2016 9:45:49 AM",,,"security","Information","Info","Logon"
"S-1-5-18","LAB-DC1$","LAB","0xccae13","3","4624","1","0","12544","0","-9214364837600034816","54695","Microsoft-Windows-Security-Auditing","54849625-5478-4994-a5ba-3e3b0328c30d","Security","0x0","1552","lab-dc1.lab.local","12/24/2016 9:45:49 AM",,,"security","Information","Info","Logon"
"S-1-5-18","LAB-DC1$","LAB","0xcca511","3","4624","1","0","12544","0","-9214364837600034816","54692","Microsoft-Windows-Security-Auditing","54849625-5478-4994-a5ba-3e3b0328c30d","Security","0x0","1552","lab-dc1.lab.local","12/24/2016 9:45:12 AM",,,"security","Information","Info","Logon"
"S-1-5-18","LAB-DC1$","LAB","0xcc80d5","3","4624","1","0","12544","0","-9214364837600034816","54685","Microsoft-Windows-Security-Auditing","54849625-5478-4994-a5ba-3e3b0328c30d","Security","0x0","7496","lab-dc1.lab.local","12/24/2016 9:44:49 AM",,,"security","Information","Info","Logon"
"S-1-5-18","LAB-DC1$","LAB","0xcc804e","3","4624","1","0","12544","0","-9214364837600034816","54683","Microsoft-Windows-Security-Auditing","54849625-5478-4994-a5ba-3e3b0328c30d","Security","0x0","1552","lab-dc1.lab.local","12/24/2016 9:44:48 AM",,,"security","Information","Info","Logon"
"S-1-5-18","LAB-DC1$","LAB","0xcc8009","3","4624","1","0","12544","0","-9214364837600034816","54681","Microsoft-Windows-Security-Auditing","54849625-5478-4994-a5ba-3e3b0328c30d","Security","0x0","5596","lab-dc1.lab.local","12/24/2016 9:44:48 AM",,,"security","Information","Info","Logon"
