"S-1-5-18","LAB-DC1$","LAB","0xb7295d","3","4624","1","0","12544","0","-9214364837600034816","53824","Microsoft-Windows-Security-Auditing","54849625-5478-4994-a5ba-3e3b0328c30d","Security","0x0","6588","lab-dc1.lab.local","12/24/2016 8:29:21 AM",,,"security","Information","Info","Logon"
"S-1-5-18","LAB-DC1$","LAB","0xb71a2a","3","4624","1","0","12544","0","-9214364837600034816","53820","Microsoft-Windows-Security-Auditing","54849625-5478-4994-a5ba-3e3b0328c30d","Security","0x0","1068","lab-dc1.lab.local","12/24/2016 8:28:42 AM",,,"security","Information","Info","Logon"
"S-1-5-18","LAB-DC1$","LAB","0xb7017d","3","4624","1","0","12544","0","-9214364837600034816","53816","Microsoft-Windows-Security-Auditing","54849625-5478-4994-a5ba-3e3b0328c30d","Security","0x0","1068","lab-dc1.lab.local","12/24/2016 8:27:42 AM",,,"security","Information","Info","Logon"
"S-1-5-18","LAB-DC1$","LAB","0xb6ef53","3","4624","1","0","12544","0","-9214364837600034816","53813","Microsoft-Windows-Security-Auditing","54849625-5478-4994-a5ba-3e3b0328c30d","Security","0x0","1068","lab-dc1.lab.local","12/24/2016 8:27:00 AM",,,"security","Information","Info","Logon"
"S-1-5-18","LAB-DC1$","LAB","0xb6eee4","3","4624","1","0","12544","0","-9214364837600034816","53810","Microsoft-Windows-Security-Auditing","54849625-5478-4994-a5ba-3e3b0328c30d","Security","0x0","1552","lab-dc1.lab.local","12/24/2016 8:27:00 AM",,,"security","Information","Info","Logon"
"S-1-5-18","LAB-DC1$","LAB","0xb6e5ef","3","4624","1","0","12544","0","-9214364837600034816","53806","Microsoft-Windows-Security-Auditing","54849625-5478-4994-a5ba-3e3b0328c30d","Security","0x0","1552","lab-dc1.lab.local","12/24/2016 8:26:42 AM",,,"security","Information","Info","Logon"
"S-1-5-18","LAB-DC1$","LAB","0xb6bfee","3","4624","1","0","12544","0","-9214364837600034816","53800","Microsoft-Windows-Security-Auditing","54849625-5478-4994-a5ba-3e3b0328c30d","Security","0x0","7020","lab-dc1.lab.local","12/24/2016 8:26:08 AM",,,"security","Information","Info","Logon"
"S-1-5-18","LAB-DC1$","LAB","0xb6bf74","3","4624","1","0","12544","0","-9214364837600034816","53798","Microsoft-Windows-Security-Auditing","54849625-5478-4994-a5ba-3e3b0328c30d","Security","0x0","1552","lab-dc1.lab.local","12/24/2016 8:26:07 AM",,,"security","Information","Info","Logon"
"S-1-5-18","LAB-DC1$","LAB","0xb6bf2f","3","4624","1","0","12544","0","-9214364837600034816","53796","Microsoft-Windows-Security-Auditing","54849625-5478-4994-a5ba-3e3b0328c30d","Security","0x0","7020","lab-dc1.lab.local","12/24/2016 8:26:07 AM",,,"security","Information","Info","Logon"
"S-1-5-18","LAB-DC1$","LAB","0xb6be70","3","4624","1","0","12544","0","-9214364837600034816","53794","Microsoft-Windows-Security-Auditing","54849625-5478-4994-a5ba-3e3b0328c30d","Security","0x0","1552","lab-dc1.lab.local","12/24/2016 8:26:07 AM",,,"security","Information","Info","Logon"
"S-1-5-18","LAB-DC1$","LAB","0xb6b380","3","4624","1","0","12544","0","-9214364837600034816","53790","Microsoft-Windows-Security-Auditing","54849625-5478-4994-a5ba-3e3b0328c30d","Security","0x0","1552","lab-dc1.lab.local","12/24/2016 8:25:42 AM",,,"security","Information","Info","Logon"
"S-1-5-18","LAB-DC1$","LAB","0xb47684","3","4624","1","0","12544","0","-9214364837600034816","53776","Microsoft-Windows-Security-Auditing","54849625-5478-4994-a5ba-3e3b0328c30d","Security","0x0","1552","lab-dc1.lab.local","12/24/2016 8:24:42 AM",,,"security","Information","Info","Logon"
"S-1-5-18","LAB-DC1$","LAB","0xb45f63","3","4624","1","0","12544","0","-9214364837600034816","53772","Microsoft-Windows-Security-Auditing","54849625-5478-4994-a5ba-3e3b0328c30d","Security","0x0","1552","lab-dc1.lab.local","12/24/2016 8:23:42 AM",,,"security","Information","Info","Logon"
"S-1-5-18","LAB-DC1$","LAB","0xb319fc","3","4624","1","0","12544","0","-9214364837600034816","53768","Microsoft-Windows-Security-Auditing","54849625-5478-4994-a5ba-3e3b0328c30d","Security","0x0","1552","lab-dc1.lab.local","12/24/2016 8:22:42 AM",,,"security","Information","Info","Logon"
"S-1-5-18","LAB-DC1$","LAB","0xb2d488","3","4624","1","0","12544","0","-9214364837600034816","53765","Microsoft-Windows-Security-Auditing","54849625-5478-4994-a5ba-3e3b0328c30d","Security","0x0","1068","lab-dc1.lab.local","12/24/2016 8:22:35 AM",,,"security","Information","Info","Logon"
"S-1-5-18","LAB-DC1$","LAB","0xb26cd3","3","4624","1","0","12544","0","-9214364837600034816","53754","Microsoft-Windows-Security-Auditing","54849625-5478-4994-a5ba-3e3b0328c30d","Security","0x0","1068","lab-dc1.lab.local","12/24/2016 8:21:59 AM",,,"security","Information","Info","Logon"
"S-1-5-18","LAB-DC1$","LAB","0xb26c66","3","4624","1","0","12544","0","-9214364837600034816","53751","Microsoft-Windows-Security-Auditing","54849625-5478-4994-a5ba-3e3b0328c30d","Security","0x0","1552","lab-dc1.lab.local","12/24/2016 8:21:58 AM",,,"security","Information","Info","Logon"
"S-1-5-18","LAB-DC1$","LAB","0xb263f9","3","4624","1","0","12544","0","-9214364837600034816","53747","Microsoft-Windows-Security-Auditing","54849625-5478-4994-a5ba-3e3b0328c30d","Security","0x0","1552","lab-dc1.lab.local","12/24/2016 8:21:42 AM",,,"security","Information","Info","Logon"
"S-1-5-18","LAB-DC1$","LAB","0xb23f32","3","4624","1","0","12544","0","-9214364837600034816","53741","Microsoft-Windows-Security-Auditing","54849625-5478-4994-a5ba-3e3b0328c30d","Security","0x0","5844","lab-dc1.lab.local","12/24/2016 8:21:07 AM",,,"security","Information","Info","Logon"
"S-1-5-18","LAB-DC1$","LAB","0xb23eba","3","4624","1","0","12544","0","-9214364837600034816","53739","Microsoft-Windows-Security-Auditing","54849625-5478-4994-a5ba-3e3b0328c30d","Security","0x0","1552","lab-dc1.lab.local","12/24/2016 8:21:07 AM",,,"security","Information","Info","Logon"
"S-1-5-18","LAB-DC1$","LAB","0xb23e75","3","4624","1","0","12544","0","-9214364837600034816","53737","Microsoft-Windows-Security-Auditing","54849625-5478-4994-a5ba-3e3b0328c30d","Security","0x0","5844","lab-dc1.lab.local","12/24/2016 8:21:07 AM",,,"security","Information","Info","Logon"
"S-1-5-18","LAB-DC1$","LAB","0xb23db6","3","4624","1","0","12544","0","-9214364837600034816","53735","Microsoft-Windows-Security-Auditing","54849625-5478-4994-a5ba-3e3b0328c30d","Security","0x0","1068","lab-dc1.lab.local","12/24/2016 8:21:07 AM",,,"security","Information","Info","Logon"
"S-1-5-18","LAB-DC1$","LAB","0xb108ad","3","4624","1","0","12544","0","-9214364837600034816","53731","Microsoft-Windows-Security-Auditing","54849625-5478-4994-a5ba-3e3b0328c30d","Security","0x0","1068","lab-dc1.lab.local","12/24/2016 8:20:42 AM",,,"security","Information","Info","Logon"
"S-1-5-18","LAB-DC1$","LAB","0xaffa3a","3","4624","1","0","12544","0","-9214364837600034816","53717","Microsoft-Windows-Security-Auditing","54849625-5478-4994-a5ba-3e3b0328c30d","Security","0x0","1068","lab-dc1.lab.local","12/24/2016 8:19:42 AM",,,"security","Information","Info","Logon"
"S-1-5-18","LAB-DC1$","LAB","0xaff183","3","4624","1","0","12544","0","-9214364837600034816","53714","Microsoft-Windows-Security-Auditing","54849625-5478-4994-a5ba-3e3b0328c30d","Security","0x0","5844","lab-dc1.lab.local","12/24/2016 8:19:21 AM",,,"security","Information","Info","Logon"
"S-1-5-18","LAB-DC1$","LAB","0xaf2b35","3","4624","1","0","12544","0","-9214364837600034816","53710","Microsoft-Windows-Security-Auditing","54849625-5478-4994-a5ba-3e3b0328c30d","Security","0x0","1068","lab-dc1.lab.local","12/24/2016 8:18:42 AM",,,"security","Information","Info","Logon"
"S-1-5-18","LAB-DC1$","LAB","0xad8552","3","4624","1","0","12544","0","-9214364837600034816","53696","Microsoft-Windows-Security-Auditing","54849625-5478-4994-a5ba-3e3b0328c30d","Security","0x0","1552","lab-dc1.lab.local","12/24/2016 8:17:42 AM",,,"security","Information","Info","Logon"
"S-1-5-18","LAB-DC1$","LAB","0xad718e","3","4624","1","0","12544","0","-9214364837600034816","53691","Microsoft-Windows-Security-Auditing","54849625-5478-4994-a5ba-3e3b0328c30d","Security","0x0","1552","lab-dc1.lab.local","12/24/2016 8:16:57 AM",,,"security","Information","Info","Logon"
"S-1-5-18","LAB-DC1$","LAB","0xad710d","3","4624","1","0","12544","0","-9214364837600034816","53688","Microsoft-Windows-Security-Auditing","54849625-5478-4994-a5ba-3e3b0328c30d","Security","0x0","1068","lab-dc1.lab.local","12/24/2016 8:16:57 AM",,,"security","Information","Info","Logon"
"S-1-5-18","LAB-DC1$","LAB","0xad68f2","3","4624","1","0","12544","0","-9214364837600034816","53684","Microsoft-Windows-Security-Auditing","54849625-5478-4994-a5ba-3e3b0328c30d","Security","0x0","1552","lab-dc1.lab.local","12/24/2016 8:16:42 AM",,,"security","Information","Info","Logon"
"S-1-5-18","LAB-DC1$","LAB","0xac0888","3","4624","1","0","12544","0","-9214364837600034816","53678","Microsoft-Windows-Security-Auditing","54849625-5478-4994-a5ba-3e3b0328c30d","Security","0x0","1640","lab-dc1.lab.local","12/24/2016 8:16:06 AM",,,"security","Information","Info","Logon"
"S-1-5-18","LAB-DC1$","LAB","0xabfbf6","3","4624","1","0","12544","0","-9214364837600034816","53676","Microsoft-Windows-Security-Auditing","54849625-5478-4994-a5ba-3e3b0328c30d","Security","0x0","1552","lab-dc1.lab.local","12/24/2016 8:16:06 AM",,,"security","Information","Info","Logon"
"S-1-5-18","LAB-DC1$","LAB","0xabfba4","3","4624","1","0","12544","0","-9214364837600034816","53674","Microsoft-Windows-Security-Auditing","54849625-5478-4994-a5ba-3e3b0328c30d","Security","0x0","1640","lab-dc1.lab.local","12/24/2016 8:16:06 AM",,,"security","Information","Info","Logon"
"S-1-5-18","LAB-DC1$","LAB","0xabface","3","4624","1","0","12544","0","-9214364837600034816","53672","Microsoft-Windows-Security-Auditing","54849625-5478-4994-a5ba-3e3b0328c30d","Security","0x0","1552","lab-dc1.lab.local","12/24/2016 8:16:06 AM",,,"security","Information","Info","Logon"
"S-1-5-18","LAB-DC1$","LAB","0xab3b92","3","4624","1","0","12544","0","-9214364837600034816","53668","Microsoft-Windows-Security-Auditing","54849625-5478-4994-a5ba-3e3b0328c30d","Security","0x0","1552","lab-dc1.lab.local","12/24/2016 8:15:42 AM",,,"security","Information","Info","Logon"
"S-1-5-18","LAB-DC1$","LAB","0xaa2279","3","4624","1","0","12544","0","-9214364837600034816","53664","Microsoft-Windows-Security-Auditing","54849625-5478-4994-a5ba-3e3b0328c30d","Security","0x0","1552","lab-dc1.lab.local","12/24/2016 8:14:42 AM",,,"security","Information","Info","Logon"
"S-1-5-18","LAB-DC1$","LAB","0xa867ab","3","4624","1","0","12544","0","-9214364837600034816","53660","Microsoft-Windows-Security-Auditing","54849625-5478-4994-a5ba-3e3b0328c30d","Security","0x0","1552","lab-dc1.lab.local","12/24/2016 8:13:42 AM",,,"security","Information","Info","Logon"
"S-1-5-18","LAB-DC1$","LAB","0xa64973","3","4624","1","0","12544","0","-9214364837600034816","53648","Microsoft-Windows-Security-Auditing","54849625-5478-4994-a5ba-3e3b0328c30d","Security","0x0","1552","lab-dc1.lab.local","12/24/2016 8:12:42 AM",,,"security","Information","Info","Logon"
"S-1-5-18","LAB-DC1$","LAB","0xa641a2","3","4624","1","0","12544","0","-9214364837600034816","53645","Microsoft-Windows-Security-Auditing","54849625-5478-4994-a5ba-3e3b0328c30d","Security","0x0","1068","lab-dc1.lab.local","12/24/2016 8:11:56 AM",,,"security","Information","Info","Logon"
"S-1-5-18","LAB-DC1$","LAB","0xa64139","3","4624","1","0","12544","0","-9214364837600034816","53642","Microsoft-Windows-Security-Auditing","54849625-5478-4994-a5ba-3e3b0328c30d","Security","0x0","1552","lab-dc1.lab.local","12/24/2016 8:11:56 AM",,,"security","Information","Info","Logon"
"S-1-5-18","LAB-DC1$","LAB","0xa63c17","3","4624","1","0","12544","0","-9214364837600034816","53638","Microsoft-Windows-Security-Auditing","54849625-5478-4994-a5ba-3e3b0328c30d","Security","0x0","1552","lab-dc1.lab.local","12/24/2016 8:11:42 AM",,,"security","Information","Info","Logon"
"S-1-5-18","LAB-DC1$","LAB","0xa616be","3","4624","1","0","12544","0","-9214364837600034816","53630","Microsoft-Windows-Security-Auditing","54849625-5478-4994-a5ba-3e3b0328c30d","Security","0x0","6404","lab-dc1.lab.local","12/24/2016 8:11:05 AM",,,"security","Information","Info","Logon"
"S-1-5-18","LAB-DC1$","LAB","0xa61607","3","4624","1","0","12544","0","-9214364837600034816","53628","Microsoft-Windows-Security-Auditing","54849625-5478-4994-a5ba-3e3b0328c30d","Security","0x0","1552","lab-dc1.lab.local","12/24/2016 8:11:05 AM",,,"security","Information","Info","Logon"
"S-1-5-18","LAB-DC1$","LAB","0xa615c2","3","4624","1","0","12544","0","-9214364837600034816","53626","Microsoft-Windows-Security-Auditing","54849625-5478-4994-a5ba-3e3b0328c30d","Security","0x0","6404","lab-dc1.lab.local","12/24/2016 8:11:05 AM",,,"security","Information","Info","Logon"
"S-1-5-18","LAB-DC1$","LAB","0xa61503","3","4624","1","0","12544","0","-9214364837600034816","53624","Microsoft-Windows-Security-Auditing","54849625-5478-4994-a5ba-3e3b0328c30d","Security","0x0","1068","lab-dc1.lab.local","12/24/2016 8:11:05 AM",,,"security","Information","Info","Logon"
"S-1-5-18","LAB-DC1$","LAB","0xa60fe6","3","4624","1","0","12544","0","-9214364837600034816","53620","Microsoft-Windows-Security-Auditing","54849625-5478-4994-a5ba-3e3b0328c30d","Security","0x0","1068","lab-dc1.lab.local","12/24/2016 8:10:42 AM",,,"security","Information","Info","Logon"
"S-1-5-18","LAB-DC1$","LAB","0xa60009","3","4624","1","0","12544","0","-9214364837600034816","53616","Microsoft-Windows-Security-Auditing","54849625-5478-4994-a5ba-3e3b0328c30d","Security","0x0","1068","lab-dc1.lab.local","12/24/2016 8:09:42 AM",,,"security","Information","Info","Logon"
"S-1-5-18","LAB-DC1$","LAB","0xa5fe1e","3","4624","1","0","12544","0","-9214364837600034816","53613","Microsoft-Windows-Security-Auditing","54849625-5478-4994-a5ba-3e3b0328c30d","Security","0x0","1884","lab-dc1.lab.local","12/24/2016 8:09:21 AM",,,"security","Information","Info","Logon"
"S-1-5-18","LAB-DC1$","LAB","0xa5f576","3","4624","1","0","12544","0","-9214364837600034816","53609","Microsoft-Windows-Security-Auditing","54849625-5478-4994-a5ba-3e3b0328c30d","Security","0x0","1068","lab-dc1.lab.local","12/24/2016 8:08:42 AM",,,"security","Information","Info","Logon"
"S-1-5-18","LAB-DC1$","LAB","0xa5e0d9","3","4624","1","0","12544","0","-9214364837600034816","53604","Microsoft-Windows-Security-Auditing","54849625-5478-4994-a5ba-3e3b0328c30d","Security","0x0","1068","lab-dc1.lab.local","12/24/2016 8:07:42 AM",,,"security","Information","Info","Logon"
"S-1-5-18","LAB-DC1$","LAB","0xa5d47c","3","4624","1","0","12544","0","-9214364837600034816","53601","Microsoft-Windows-Security-Auditing","54849625-5478-4994-a5ba-3e3b0328c30d","Security","0x0","1068","lab-dc1.lab.local","12/24/2016 8:06:55 AM",,,"security","Information","Info","Logon"
"S-1-5-18","LAB-DC1$","LAB","0xa5d413","3","4624","1","0","12544","0","-9214364837600034816","53598","Microsoft-Windows-Security-Auditing","54849625-5478-4994-a5ba-3e3b0328c30d","Security","0x0","1068","lab-dc1.lab.local","12/24/2016 8:06:54 AM",,,"security","Information","Info","Logon"
"S-1-5-18","LAB-DC1$","LAB","0xa5d02b","3","4624","1","0","12544","0","-9214364837600034816","53594","Microsoft-Windows-Security-Auditing","54849625-5478-4994-a5ba-3e3b0328c30d","Security","0x0","1552","lab-dc1.lab.local","12/24/2016 8:06:42 AM",,,"security","Information","Info","Logon"
"S-1-5-18","LAB-DC1$","LAB","0xa5b0a7","3","4624","1","0","12544","0","-9214364837600034816","53588","Microsoft-Windows-Security-Auditing","54849625-5478-4994-a5ba-3e3b0328c30d","Security","0x0","1884","lab-dc1.lab.local","12/24/2016 8:06:05 AM",,,"security","Information","Info","Logon"
"S-1-5-18","LAB-DC1$","LAB","0xa5b042","3","4624","1","0","12544","0","-9214364837600034816","53586","Microsoft-Windows-Security-Auditing","54849625-5478-4994-a5ba-3e3b0328c30d","Security","0x0","1552","lab-dc1.lab.local","12/24/2016 8:06:04 AM",,,"security","Information","Info","Logon"
"S-1-5-18","LAB-DC1$","LAB","0xa5affb","3","4624","1","0","12544","0","-9214364837600034816","53584","Microsoft-Windows-Security-Auditing","54849625-5478-4994-a5ba-3e3b0328c30d","Security","0x0","1884","lab-dc1.lab.local","12/24/2016 8:06:04 AM",,,"security","Information","Info","Logon"
"S-1-5-18","LAB-DC1$","LAB","0xa5af3c","3","4624","1","0","12544","0","-9214364837600034816","53582","Microsoft-Windows-Security-Auditing","54849625-5478-4994-a5ba-3e3b0328c30d","Security","0x0","1552","lab-dc1.lab.local","12/24/2016 8:06:04 AM",,,"security","Information","Info","Logon"
"S-1-5-18","LAB-DC1$","LAB","0xa5a891","3","4624","1","0","12544","0","-9214364837600034816","53578","Microsoft-Windows-Security-Auditing","54849625-5478-4994-a5ba-3e3b0328c30d","Security","0x0","1552","lab-dc1.lab.local","12/24/2016 8:05:42 AM",,,"security","Information","Info","Logon"
"S-1-5-18","LAB-DC1$","LAB","0xa59d3c","3","4624","1","0","12544","0","-9214364837600034816","53574","Microsoft-Windows-Security-Auditing","54849625-5478-4994-a5ba-3e3b0328c30d","Security","0x0","1552","lab-dc1.lab.local","12/24/2016 8:04:42 AM",,,"security","Information","Info","Logon"
"S-1-5-21-1821399794-337311051-3185148185-1001","LAB-DC1$","LAB","0xa59b52","3","4624","1","0","12544","0","-9214364837600034816","53572","Microsoft-Windows-Security-Auditing","54849625-5478-4994-a5ba-3e3b0328c30d","Security","0x0","1884","lab-dc1.lab.local","12/24/2016 8:04:37 AM",,,"security","Information","Info","Logon"
"S-1-5-18","LAB-DC1$","LAB","0xa590c9","3","4624","1","0","12544","0","-9214364837600034816","53568","Microsoft-Windows-Security-Auditing","54849625-5478-4994-a5ba-3e3b0328c30d","Security","0x0","1552","lab-dc1.lab.local","12/24/2016 8:03:42 AM",,,"security","Information","Info","Logon"
"S-1-5-18","LAB-DC1$","LAB","0xa58308","3","4624","1","0","12544","0","-9214364837600034816","53564","Microsoft-Windows-Security-Auditing","54849625-5478-4994-a5ba-3e3b0328c30d","Security","0x0","1552","lab-dc1.lab.local","12/24/2016 8:02:42 AM",,,"security","Information","Info","Logon"
"S-1-5-18","LAB-DC1$","LAB","0xa57f58","3","4624","1","0","12544","0","-9214364837600034816","53560","Microsoft-Windows-Security-Auditing","54849625-5478-4994-a5ba-3e3b0328c30d","Security","0x0","1068","lab-dc1.lab.local","12/24/2016 8:01:53 AM",,,"security","Information","Info","Logon"
"S-1-5-18","LAB-DC1$","LAB","0xa57eee","3","4624","1","0","12544","0","-9214364837600034816","53557","Microsoft-Windows-Security-Auditing","54849625-5478-4994-a5ba-3e3b0328c30d","Security","0x0","1552","lab-dc1.lab.local","12/24/2016 8:01:53 AM",,,"security","Information","Info","Logon"
"S-1-5-18","LAB-DC1$","LAB","0xa57ae4","3","4624","1","0","12544","0","-9214364837600034816","53553","Microsoft-Windows-Security-Auditing","54849625-5478-4994-a5ba-3e3b0328c30d","Security","0x0","1552","lab-dc1.lab.local","12/24/2016 8:01:42 AM",,,"security","Information","Info","Logon"
"S-1-5-18","LAB-DC1$","LAB","0xa55c40","3","4624","1","0","12544","0","-9214364837600034816","53547","Microsoft-Windows-Security-Auditing","54849625-5478-4994-a5ba-3e3b0328c30d","Security","0x0","6744","lab-dc1.lab.local","12/24/2016 8:01:04 AM",,,"security","Information","Info","Logon"
"S-1-5-18","LAB-DC1$","LAB","0xa55bcf","3","4624","1","0","12544","0","-9214364837600034816","53545","Microsoft-Windows-Security-Auditing","54849625-5478-4994-a5ba-3e3b0328c30d","Security","0x0","1552","lab-dc1.lab.local","12/24/2016 8:01:03 AM",,,"security","Information","Info","Logon"
"S-1-5-18","LAB-DC1$","LAB","0xa55b89","3","4624","1","0","12544","0","-9214364837600034816","53543","Microsoft-Windows-Security-Auditing","54849625-5478-4994-a5ba-3e3b0328c30d","Security","0x0","6744","lab-dc1.lab.local","12/24/2016 8:01:03 AM",,,"security","Information","Info","Logon"
"S-1-5-18","LAB-DC1$","LAB","0xa55aca","3","4624","1","0","12544","0","-9214364837600034816","53541","Microsoft-Windows-Security-Auditing","54849625-5478-4994-a5ba-3e3b0328c30d","Security","0x0","1068","lab-dc1.lab.local","12/24/2016 8:01:03 AM",,,"security","Information","Info","Logon"
"S-1-5-18","LAB-DC1$","LAB","0xa55a77","3","4624","1","0","12544","0","-9214364837600034816","53539","Microsoft-Windows-Security-Auditing","54849625-5478-4994-a5ba-3e3b0328c30d","Security","0x0","5748","lab-dc1.lab.local","12/24/2016 8:01:03 AM",,,"security","Information","Info","Logon"
"S-1-5-18","LAB-DC1$","LAB","0xa555c8","3","4624","1","0","12544","0","-9214364837600034816","53535","Microsoft-Windows-Security-Auditing","54849625-5478-4994-a5ba-3e3b0328c30d","Security","0x0","1068","lab-dc1.lab.local","12/24/2016 8:00:42 AM",,,"security","Information","Info","Logon"
"S-1-5-18","LAB-DC1$","LAB","0xa54e93","3","4624","1","0","12544","0","-9214364837600034816","53531","Microsoft-Windows-Security-Auditing","54849625-5478-4994-a5ba-3e3b0328c30d","Security","0x0","1068","lab-dc1.lab.local","12/24/2016 7:59:42 AM",,,"security","Information","Info","Logon"
"S-1-5-18","LAB-DC1$","LAB","0xa54bf3","3","4624","1","0","12544","0","-9214364837600034816","53528","Microsoft-Windows-Security-Auditing","54849625-5478-4994-a5ba-3e3b0328c30d","Security","0x0","3324","lab-dc1.lab.local","12/24/2016 7:59:21 AM",,,"security","Information","Info","Logon"
"S-1-5-18","LAB-DC1$","LAB","0xa54679","3","4624","1","0","12544","0","-9214364837600034816","53524","Microsoft-Windows-Security-Auditing","54849625-5478-4994-a5ba-3e3b0328c30d","Security","0x0","1068","lab-dc1.lab.local","12/24/2016 7:58:42 AM",,,"security","Information","Info","Logon"
"S-1-5-18","LAB-DC1$","LAB","0xa53e77","3","4624","1","0","12544","0","-9214364837600034816","53520","Microsoft-Windows-Security-Auditing","54849625-5478-4994-a5ba-3e3b0328c30d","Security","0x0","1068","lab-dc1.lab.local","12/24/2016 7:57:42 AM",,,"security","Information","Info","Logon"
"S-1-5-18","LAB-DC1$","LAB","0xa5389e","3","4624","1","0","12544","0","-9214364837600034816","53516","Microsoft-Windows-Security-Auditing","54849625-5478-4994-a5ba-3e3b0328c30d","Security","0x0","1068","lab-dc1.lab.local","12/24/2016 7:56:53 AM",,,"security","Information","Info","Logon"
"S-1-5-18","LAB-DC1$","LAB","0xa53835","3","4624","1","0","12544","0","-9214364837600034816","53513","Microsoft-Windows-Security-Auditing","54849625-5478-4994-a5ba-3e3b0328c30d","Security","0x0","1552","lab-dc1.lab.local","12/24/2016 7:56:53 AM",,,"security","Information","Info","Logon"
"S-1-5-18","LAB-DC1$","LAB","0xa534e9","3","4624","1","0","12544","0","-9214364837600034816","53509","Microsoft-Windows-Security-Auditing","54849625-5478-4994-a5ba-3e3b0328c30d","Security","0x0","1552","lab-dc1.lab.local","12/24/2016 7:56:43 AM",,,"security","Information","Info","Logon"
"S-1-5-18","LAB-DC1$","LAB","0xa51321","3","4624","1","0","12544","0","-9214364837600034816","53503","Microsoft-Windows-Security-Auditing","54849625-5478-4994-a5ba-3e3b0328c30d","Security","0x0","6744","lab-dc1.lab.local","12/24/2016 7:56:04 AM",,,"security","Information","Info","Logon"
"S-1-5-18","LAB-DC1$","LAB","0xa512be","3","4624","1","0","12544","0","-9214364837600034816","53501","Microsoft-Windows-Security-Auditing","54849625-5478-4994-a5ba-3e3b0328c30d","Security","0x0","1552","lab-dc1.lab.local","12/24/2016 7:56:04 AM",,,"security","Information","Info","Logon"
"S-1-5-18","LAB-DC1$","LAB","0xa51277","3","4624","1","0","12544","0","-9214364837600034816","53499","Microsoft-Windows-Security-Auditing","54849625-5478-4994-a5ba-3e3b0328c30d","Security","0x0","6744","lab-dc1.lab.local","12/24/2016 7:56:04 AM",,,"security","Information","Info","Logon"
"S-1-5-18","LAB-DC1$","LAB","0xa511b8","3","4624","1","0","12544","0","-9214364837600034816","53497","Microsoft-Windows-Security-Auditing","54849625-5478-4994-a5ba-3e3b0328c30d","Security","0x0","1552","lab-dc1.lab.local","12/24/2016 7:56:04 AM",,,"security","Information","Info","Logon"
"S-1-5-18","LAB-DC1$","LAB","0xa50bb2","3","4624","1","0","12544","0","-9214364837600034816","53493","Microsoft-Windows-Security-Auditing","54849625-5478-4994-a5ba-3e3b0328c30d","Security","0x0","1068","lab-dc1.lab.local","12/24/2016 7:55:43 AM",,,"security","Information","Info","Logon"
"S-1-5-18","LAB-DC1$","LAB","0xa4fc0f","3","4624","1","0","12544","0","-9214364837600034816","53490","Microsoft-Windows-Security-Auditing","54849625-5478-4994-a5ba-3e3b0328c30d","Security","0x0","1552","lab-dc1.lab.local","12/24/2016 7:54:43 AM",,,"security","Information","Info","Logon"
"S-1-5-18","LAB-DC1$","LAB","0xa4ecf7","3","4624","1","0","12544","0","-9214364837600034816","53475","Microsoft-Windows-Security-Auditing","54849625-5478-4994-a5ba-3e3b0328c30d","Security","0x0","1552","lab-dc1.lab.local","12/24/2016 7:53:43 AM",,,"security","Information","Info","Logon"
"S-1-5-18","LAB-DC1$","LAB","0xa461d2","3","4624","1","0","12544","0","-9214364837600034816","53460","Microsoft-Windows-Security-Auditing","54849625-5478-4994-a5ba-3e3b0328c30d","Security","0x0","1552","lab-dc1.lab.local","12/24/2016 7:52:43 AM",,,"security","Information","Info","Logon"
"S-1-5-18","LAB-DC1$","LAB","0xa3da96","3","4624","1","0","12544","0","-9214364837600034816","53457","Microsoft-Windows-Security-Auditing","54849625-5478-4994-a5ba-3e3b0328c30d","Security","0x0","1068","lab-dc1.lab.local","12/24/2016 7:51:52 AM",,,"security","Information","Info","Logon"
"S-1-5-18","LAB-DC1$","LAB","0xa3da2d","3","4624","1","0","12544","0","-9214364837600034816","53454","Microsoft-Windows-Security-Auditing","54849625-5478-4994-a5ba-3e3b0328c30d","Security","0x0","1552","lab-dc1.lab.local","12/24/2016 7:51:52 AM",,,"security","Information","Info","Logon"
"S-1-5-18","LAB-DC1$","LAB","0xa3d8e2","3","4624","1","0","12544","0","-9214364837600034816","53451","Microsoft-Windows-Security-Auditing","54849625-5478-4994-a5ba-3e3b0328c30d","Security","0x0","1552","lab-dc1.lab.local","12/24/2016 7:51:43 AM",,,"security","Information","Info","Logon"
"S-1-5-18","LAB-DC1$","LAB","0xa3b4c3","3","4624","1","0","12544","0","-9214364837600034816","53443","Microsoft-Windows-Security-Auditing","54849625-5478-4994-a5ba-3e3b0328c30d","Security","0x0","1576","lab-dc1.lab.local","12/24/2016 7:51:04 AM",,,"security","Information","Info","Logon"
"S-1-5-18","LAB-DC1$","LAB","0xa3b44c","3","4624","1","0","12544","0","-9214364837600034816","53441","Microsoft-Windows-Security-Auditing","54849625-5478-4994-a5ba-3e3b0328c30d","Security","0x0","1552","lab-dc1.lab.local","12/24/2016 7:51:03 AM",,,"security","Information","Info","Logon"
"S-1-5-18","LAB-DC1$","LAB","0xa3b407","3","4624","1","0","12544","0","-9214364837600034816","53439","Microsoft-Windows-Security-Auditing","54849625-5478-4994-a5ba-3e3b0328c30d","Security","0x0","6432","lab-dc1.lab.local","12/24/2016 7:51:03 AM",,,"security","Information","Info","Logon"
"S-1-5-18","LAB-DC1$","LAB","0xa3b348","3","4624","1","0","12544","0","-9214364837600034816","53437","Microsoft-Windows-Security-Auditing","54849625-5478-4994-a5ba-3e3b0328c30d","Security","0x0","1068","lab-dc1.lab.local","12/24/2016 7:51:03 AM",,,"security","Information","Info","Logon"
"S-1-5-18","LAB-DC1$","LAB","0xa3b136","3","4624","1","0","12544","0","-9214364837600034816","53434","Microsoft-Windows-Security-Auditing","54849625-5478-4994-a5ba-3e3b0328c30d","Security","0x0","1068","lab-dc1.lab.local","12/24/2016 7:50:43 AM",,,"security","Information","Info","Logon"
"S-1-5-18","LAB-DC1$","LAB","0xa38e12","3","4624","1","0","12544","0","-9214364837600034816","53431","Microsoft-Windows-Security-Auditing","54849625-5478-4994-a5ba-3e3b0328c30d","Security","0x0","1068","lab-dc1.lab.local","12/24/2016 7:49:43 AM",,,"security","Information","Info","Logon"
"S-1-5-18","LAB-DC1$","LAB","0xa389c3","3","4624","1","0","12544","0","-9214364837600034816","53428","Microsoft-Windows-Security-Auditing","54849625-5478-4994-a5ba-3e3b0328c30d","Security","0x0","6432","lab-dc1.lab.local","12/24/2016 7:49:22 AM",,,"security","Information","Info","Logon"
"S-1-5-18","LAB-DC1$","LAB","0xa38628","3","4624","1","0","12544","0","-9214364837600034816","53425","Microsoft-Windows-Security-Auditing","54849625-5478-4994-a5ba-3e3b0328c30d","Security","0x0","1068","lab-dc1.lab.local","12/24/2016 7:48:43 AM",,,"security","Information","Info","Logon"
"S-1-5-18","LAB-DC1$","LAB","0xa33a48","3","4624","1","0","12544","0","-9214364837600034816","53422","Microsoft-Windows-Security-Auditing","54849625-5478-4994-a5ba-3e3b0328c30d","Security","0x0","1552","lab-dc1.lab.local","12/24/2016 7:47:43 AM",,,"security","Information","Info","Logon"
"S-1-5-18","LAB-DC1$","LAB","0xa1e5f2","3","4624","1","0","12544","0","-9214364837600034816","53416","Microsoft-Windows-Security-Auditing","54849625-5478-4994-a5ba-3e3b0328c30d","Security","0x0","1068","lab-dc1.lab.local","12/24/2016 7:46:53 AM",,,"security","Information","Info","Logon"
"S-1-5-18","LAB-DC1$","LAB","0xa1e525","3","4624","1","0","12544","0","-9214364837600034816","53413","Microsoft-Windows-Security-Auditing","54849625-5478-4994-a5ba-3e3b0328c30d","Security","0x0","1068","lab-dc1.lab.local","12/24/2016 7:46:53 AM",,,"security","Information","Info","Logon"
"S-1-5-18","LAB-DC1$","LAB","0xa1b6bb","3","4624","1","0","12544","0","-9214364837600034816","53409","Microsoft-Windows-Security-Auditing","54849625-5478-4994-a5ba-3e3b0328c30d","Security","0x0","1552","lab-dc1.lab.local","12/24/2016 7:46:51 AM",,,"security","Information","Info","Logon"
"S-1-5-18","LAB-DC1$","LAB","0xa1b652","3","4624","1","0","12544","0","-9214364837600034816","53406","Microsoft-Windows-Security-Auditing","54849625-5478-4994-a5ba-3e3b0328c30d","Security","0x0","1552","lab-dc1.lab.local","12/24/2016 7:46:51 AM",,,"security","Information","Info","Logon"
"S-1-5-18","LAB-DC1$","LAB","0xa1b415","3","4624","1","0","12544","0","-9214364837600034816","53403","Microsoft-Windows-Security-Auditing","54849625-5478-4994-a5ba-3e3b0328c30d","Security","0x0","1552","lab-dc1.lab.local","12/24/2016 7:46:43 AM",,,"security","Information","Info","Logon"
"S-1-5-18","LAB-DC1$","LAB","0xa19758","3","4624","1","0","12544","0","-9214364837600034816","53397","Microsoft-Windows-Security-Auditing","54849625-5478-4994-a5ba-3e3b0328c30d","Security","0x0","6432","lab-dc1.lab.local","12/24/2016 7:46:03 AM",,,"security","Information","Info","Logon"
"S-1-5-18","LAB-DC1$","LAB","0xa19702","3","4624","1","0","12544","0","-9214364837600034816","53395","Microsoft-Windows-Security-Auditing","54849625-5478-4994-a5ba-3e3b0328c30d","Security","0x0","1552","lab-dc1.lab.local","12/24/2016 7:46:02 AM",,,"security","Information","Info","Logon"
"S-1-5-18","LAB-DC1$","LAB","0xa196bc","3","4624","1","0","12544","0","-9214364837600034816","53393","Microsoft-Windows-Security-Auditing","54849625-5478-4994-a5ba-3e3b0328c30d","Security","0x0","6432","lab-dc1.lab.local","12/24/2016 7:46:02 AM",,,"security","Information","Info","Logon"
"S-1-5-18","LAB-DC1$","LAB","0xa195fd","3","4624","1","0","12544","0","-9214364837600034816","53391","Microsoft-Windows-Security-Auditing","54849625-5478-4994-a5ba-3e3b0328c30d","Security","0x0","1068","lab-dc1.lab.local","12/24/2016 7:46:02 AM",,,"security","Information","Info","Logon"
"S-1-5-18","LAB-DC1$","LAB","0xa177d0","3","4624","1","0","12544","0","-9214364837600034816","53388","Microsoft-Windows-Security-Auditing","54849625-5478-4994-a5ba-3e3b0328c30d","Security","0x0","1068","lab-dc1.lab.local","12/24/2016 7:45:43 AM",,,"security","Information","Info","Logon"
"S-1-5-18","LAB-DC1$","LAB","0x9cd0d6","3","4624","1","0","12544","0","-9214364837600034816","53277","Microsoft-Windows-Security-Auditing","54849625-5478-4994-a5ba-3e3b0328c30d","Security","0x0","1068","lab-dc1.lab.local","12/24/2016 7:44:43 AM",,,"security","Information","Info","Logon"
"S-1-5-18","LAB-DC1$","LAB","0x9c95b5","3","4624","1","0","12544","0","-9214364837600034816","53260","Microsoft-Windows-Security-Auditing","54849625-5478-4994-a5ba-3e3b0328c30d","Security","0x0","1552","lab-dc1.lab.local","12/24/2016 7:43:43 AM",,,"security","Information","Info","Logon"
"S-1-5-18","LAB-DC1$","LAB","0x9c231e","3","4624","1","0","12544","0","-9214364837600034816","53254","Microsoft-Windows-Security-Auditing","54849625-5478-4994-a5ba-3e3b0328c30d","Security","0x0","1068","lab-dc1.lab.local","12/24/2016 7:42:43 AM",,,"security","Information","Info","Logon"
"S-1-5-18","LAB-DC1$","LAB","0x9c203a","3","4624","1","0","12544","0","-9214364837600034816","53251","Microsoft-Windows-Security-Auditing","54849625-5478-4994-a5ba-3e3b0328c30d","Security","0x0","1068","lab-dc1.lab.local","12/24/2016 7:41:49 AM",,,"security","Information","Info","Logon"
"S-1-5-18","LAB-DC1$","LAB","0x9c1fd1","3","4624","1","0","12544","0","-9214364837600034816","53248","Microsoft-Windows-Security-Auditing","54849625-5478-4994-a5ba-3e3b0328c30d","Security","0x0","1552","lab-dc1.lab.local","12/24/2016 7:41:49 AM",,,"security","Information","Info","Logon"
"S-1-5-18","LAB-DC1$","LAB","0x9c1e96","3","4624","1","0","12544","0","-9214364837600034816","53245","Microsoft-Windows-Security-Auditing","54849625-5478-4994-a5ba-3e3b0328c30d","Security","0x0","1552","lab-dc1.lab.local","12/24/2016 7:41:43 AM",,,"security","Information","Info","Logon"
"S-1-5-18","LAB-DC1$","LAB","0x9bfa33","3","4624","1","0","12544","0","-9214364837600034816","53239","Microsoft-Windows-Security-Auditing","54849625-5478-4994-a5ba-3e3b0328c30d","Security","0x0","3196","lab-dc1.lab.local","12/24/2016 7:41:02 AM",,,"security","Information","Info","Logon"
"S-1-5-18","LAB-DC1$","LAB","0x9bf993","3","4624","1","0","12544","0","-9214364837600034816","53237","Microsoft-Windows-Security-Auditing","54849625-5478-4994-a5ba-3e3b0328c30d","Security","0x0","1552","lab-dc1.lab.local","12/24/2016 7:41:02 AM",,,"security","Information","Info","Logon"
"S-1-5-18","LAB-DC1$","LAB","0x9bf94e","3","4624","1","0","12544","0","-9214364837600034816","53235","Microsoft-Windows-Security-Auditing","54849625-5478-4994-a5ba-3e3b0328c30d","Security","0x0","3196","lab-dc1.lab.local","12/24/2016 7:41:02 AM",,,"security","Information","Info","Logon"
"S-1-5-18","LAB-DC1$","LAB","0x9bf88d","3","4624","1","0","12544","0","-9214364837600034816","53233","Microsoft-Windows-Security-Auditing","54849625-5478-4994-a5ba-3e3b0328c30d","Security","0x0","1068","lab-dc1.lab.local","12/24/2016 7:41:02 AM",,,"security","Information","Info","Logon"
"S-1-5-18","LAB-DC1$","LAB","0x9be71d","3","4624","1","0","12544","0","-9214364837600034816","53230","Microsoft-Windows-Security-Auditing","54849625-5478-4994-a5ba-3e3b0328c30d","Security","0x0","1552","lab-dc1.lab.local","12/24/2016 7:40:43 AM",,,"security","Information","Info","Logon"
"S-1-5-18","LAB-DC1$","LAB","0x9b2c7f","3","4624","1","0","12544","0","-9214364837600034816","53143","Microsoft-Windows-Security-Auditing","54849625-5478-4994-a5ba-3e3b0328c30d","Security","0x0","1068","lab-dc1.lab.local","12/24/2016 7:39:43 AM",,,"security","Information","Info","Logon"
"S-1-5-18","LAB-DC1$","LAB","0x9afb12","3","4624","1","0","12544","0","-9214364837600034816","53059","Microsoft-Windows-Security-Auditing","54849625-5478-4994-a5ba-3e3b0328c30d","Security","0x0","6944","lab-dc1.lab.local","12/24/2016 7:39:22 AM",,,"security","Information","Info","Logon"
"S-1-5-18","LAB-DC1$","LAB","0x9ad921","3","4624","1","0","12544","0","-9214364837600034816","53056","Microsoft-Windows-Security-Auditing","54849625-5478-4994-a5ba-3e3b0328c30d","Security","0x0","1068","lab-dc1.lab.local","12/24/2016 7:38:43 AM",,,"security","Information","Info","Logon"
"S-1-5-18","LAB-DC1$","LAB","0x9a6a80","3","4624","1","0","12544","0","-9214364837600034816","53052","Microsoft-Windows-Security-Auditing","54849625-5478-4994-a5ba-3e3b0328c30d","Security","0x0","1068","lab-dc1.lab.local","12/24/2016 7:37:43 AM",,,"security","Information","Info","Logon"
"S-1-5-18","LAB-DC1$","LAB","0x99fd50","3","4624","1","0","12544","0","-9214364837600034816","53048","Microsoft-Windows-Security-Auditing","54849625-5478-4994-a5ba-3e3b0328c30d","Security","0x0","1068","lab-dc1.lab.local","12/24/2016 7:36:48 AM",,,"security","Information","Info","Logon"
"S-1-5-18","LAB-DC1$","LAB","0x99fcd3","3","4624","1","0","12544","0","-9214364837600034816","53045","Microsoft-Windows-Security-Auditing","54849625-5478-4994-a5ba-3e3b0328c30d","Security","0x0","1552","lab-dc1.lab.local","12/24/2016 7:36:48 AM",,,"security","Information","Info","Logon"
"S-1-5-18","LAB-DC1$","LAB","0x99f81a","3","4624","1","0","12544","0","-9214364837600034816","53042","Microsoft-Windows-Security-Auditing","54849625-5478-4994-a5ba-3e3b0328c30d","Security","0x0","1552","lab-dc1.lab.local","12/24/2016 7:36:43 AM",,,"security","Information","Info","Logon"
"S-1-5-18","LAB-DC1$","LAB","0x99b868","3","4624","1","0","12544","0","-9214364837600034816","53035","Microsoft-Windows-Security-Auditing","54849625-5478-4994-a5ba-3e3b0328c30d","Security","0x0","5572","lab-dc1.lab.local","12/24/2016 7:36:01 AM",,,"security","Information","Info","Logon"
"S-1-5-18","LAB-DC1$","LAB","0x99b7b2","3","4624","1","0","12544","0","-9214364837600034816","53033","Microsoft-Windows-Security-Auditing","54849625-5478-4994-a5ba-3e3b0328c30d","Security","0x0","1068","lab-dc1.lab.local","12/24/2016 7:36:01 AM",,,"security","Information","Info","Logon"
"S-1-5-18","LAB-DC1$","LAB","0x99b76b","3","4624","1","0","12544","0","-9214364837600034816","53031","Microsoft-Windows-Security-Auditing","54849625-5478-4994-a5ba-3e3b0328c30d","Security","0x0","6944","lab-dc1.lab.local","12/24/2016 7:36:01 AM",,,"security","Information","Info","Logon"
"S-1-5-18","LAB-DC1$","LAB","0x99b6ac","3","4624","1","0","12544","0","-9214364837600034816","53029","Microsoft-Windows-Security-Auditing","54849625-5478-4994-a5ba-3e3b0328c30d","Security","0x0","1068","lab-dc1.lab.local","12/24/2016 7:36:01 AM",,,"security","Information","Info","Logon"
"S-1-5-18","LAB-DC1$","LAB","0x9978ed","3","4624","1","0","12544","0","-9214364837600034816","53018","Microsoft-Windows-Security-Auditing","54849625-5478-4994-a5ba-3e3b0328c30d","Security","0x0","1552","lab-dc1.lab.local","12/24/2016 7:35:43 AM",,,"security","Information","Info","Logon"
"S-1-5-18","LAB-DC1$","LAB","0x9941c2","3","4624","1","0","12544","0","-9214364837600034816","53015","Microsoft-Windows-Security-Auditing","54849625-5478-4994-a5ba-3e3b0328c30d","Security","0x0","1552","lab-dc1.lab.local","12/24/2016 7:34:43 AM",,,"security","Information","Info","Logon"
"S-1-5-18","LAB-DC1$","LAB","0x9939e3","3","4624","1","0","12544","0","-9214364837600034816","53013","Microsoft-Windows-Security-Auditing","54849625-5478-4994-a5ba-3e3b0328c30d","Security","0x0","5572","lab-dc1.lab.local","12/24/2016 7:34:34 AM",,,"security","Information","Info","Logon"
"S-1-5-18","LAB-DC1$","LAB","0x98eda0","3","4624","1","0","12544","0","-9214364837600034816","53010","Microsoft-Windows-Security-Auditing","54849625-5478-4994-a5ba-3e3b0328c30d","Security","0x0","1552","lab-dc1.lab.local","12/24/2016 7:33:43 AM",,,"security","Information","Info","Logon"
"S-1-5-18","LAB-DC1$","LAB","0x989b65","3","4624","1","0","12544","0","-9214364837600034816","52999","Microsoft-Windows-Security-Auditing","54849625-5478-4994-a5ba-3e3b0328c30d","Security","0x0","1552","lab-dc1.lab.local","12/24/2016 7:32:43 AM",,,"security","Information","Info","Logon"
"S-1-5-18","LAB-DC1$","LAB","0x986298","3","4624","1","0","12544","0","-9214364837600034816","52993","Microsoft-Windows-Security-Auditing","54849625-5478-4994-a5ba-3e3b0328c30d","Security","0x0","1552","lab-dc1.lab.local","12/24/2016 7:32:05 AM",,,"security","Information","Info","Logon"
"S-1-5-18","LAB-DC1$","LAB","0x9855fb","3","4624","1","0","12544","0","-9214364837600034816","52990","Microsoft-Windows-Security-Auditing","54849625-5478-4994-a5ba-3e3b0328c30d","Security","0x0","1552","lab-dc1.lab.local","12/24/2016 7:31:48 AM",,,"security","Information","Info","Logon"
"S-1-5-18","LAB-DC1$","LAB","0x9854e4","3","4624","1","0","12544","0","-9214364837600034816","52986","Microsoft-Windows-Security-Auditing","54849625-5478-4994-a5ba-3e3b0328c30d","Security","0x0","1552","lab-dc1.lab.local","12/24/2016 7:31:47 AM",,,"security","Information","Info","Logon"
"S-1-5-18","LAB-DC1$","LAB","0x985469","3","4624","1","0","12544","0","-9214364837600034816","52983","Microsoft-Windows-Security-Auditing","54849625-5478-4994-a5ba-3e3b0328c30d","Security","0x0","1068","lab-dc1.lab.local","12/24/2016 7:31:46 AM",,,"security","Information","Info","Logon"
"S-1-5-18","LAB-DC1$","LAB","0x985272","3","4624","1","0","12544","0","-9214364837600034816","52981","Microsoft-Windows-Security-Auditing","54849625-5478-4994-a5ba-3e3b0328c30d","Security","0x0","1552","lab-dc1.lab.local","12/24/2016 7:31:45 AM",,,"security","Information","Info","Logon"
"S-1-5-18","LAB-DC1$","LAB","0x9850c1","3","4624","1","0","12544","0","-9214364837600034816","52977","Microsoft-Windows-Security-Auditing","54849625-5478-4994-a5ba-3e3b0328c30d","Security","0x0","1068","lab-dc1.lab.local","12/24/2016 7:31:43 AM",,,"security","Information","Info","Logon"
"S-1-5-18","LAB-DC1$","LAB","0x9814c0","3","4624","1","0","12544","0","-9214364837600034816","52969","Microsoft-Windows-Security-Auditing","54849625-5478-4994-a5ba-3e3b0328c30d","Security","0x0","2236","lab-dc1.lab.local","12/24/2016 7:31:00 AM",,,"security","Information","Info","Logon"
"S-1-5-18","LAB-DC1$","LAB","0x981446","3","4624","1","0","12544","0","-9214364837600034816","52967","Microsoft-Windows-Security-Auditing","54849625-5478-4994-a5ba-3e3b0328c30d","Security","0x0","1552","lab-dc1.lab.local","12/24/2016 7:31:00 AM",,,"security","Information","Info","Logon"
"S-1-5-18","LAB-DC1$","LAB","0x9813f6","3","4624","1","0","12544","0","-9214364837600034816","52965","Microsoft-Windows-Security-Auditing","54849625-5478-4994-a5ba-3e3b0328c30d","Security","0x0","4900","lab-dc1.lab.local","12/24/2016 7:31:00 AM",,,"security","Information","Info","Logon"
"S-1-5-18","LAB-DC1$","LAB","0x981330","3","4624","1","0","12544","0","-9214364837600034816","52963","Microsoft-Windows-Security-Auditing","54849625-5478-4994-a5ba-3e3b0328c30d","Security","0x0","1552","lab-dc1.lab.local","12/24/2016 7:31:00 AM",,,"security","Information","Info","Logon"
"S-1-5-18","LAB-DC1$","LAB","0x9812aa","3","4624","1","0","12544","0","-9214364837600034816","52961","Microsoft-Windows-Security-Auditing","54849625-5478-4994-a5ba-3e3b0328c30d","Security","0x0","6240","lab-dc1.lab.local","12/24/2016 7:31:00 AM",,,"security","Information","Info","Logon"
"S-1-5-21-1821399794-337311051-3185148185-1001","LAB-DC1$","LAB","0x97f87f","3","4624","1","0","12544","0","-9214364837600034816","52940","Microsoft-Windows-Security-Auditing","54849625-5478-4994-a5ba-3e3b0328c30d","Security","0x0","1068","lab-dc1.lab.local","12/24/2016 7:30:54 AM",,,"security","Information","Info","Logon"
"S-1-5-18","LAB-DC1$","LAB","0x97ee9f","3","4624","1","0","12544","0","-9214364837600034816","52933","Microsoft-Windows-Security-Auditing","54849625-5478-4994-a5ba-3e3b0328c30d","Security","0x0","1068","lab-dc1.lab.local","12/24/2016 7:30:43 AM",,,"security","Information","Info","Logon"
"S-1-5-18","LAB-DC1$","LAB","0x97dcd2","3","4624","1","0","12544","0","-9214364837600034816","52924","Microsoft-Windows-Security-Auditing","54849625-5478-4994-a5ba-3e3b0328c30d","Security","0x0","1068","lab-dc1.lab.local","12/24/2016 7:30:40 AM",,,"security","Information","Info","Logon"
"S-1-5-21-1821399794-337311051-3185148185-1001","LAB-DC1$","LAB","0x979e4a","3","4624","1","0","12544","0","-9214364837600034816","52884","Microsoft-Windows-Security-Auditing","54849625-5478-4994-a5ba-3e3b0328c30d","Security","0x0","1068","lab-dc1.lab.local","12/23/2016 8:49:12 PM",,,"security","Information","Info","Logon"
"S-1-5-21-1821399794-337311051-3185148185-1001","LAB-DC1$","LAB","0x977b27","3","4624","1","0","12544","0","-9214364837600034816","52854","Microsoft-Windows-Security-Auditing","54849625-5478-4994-a5ba-3e3b0328c30d","Security","0x0","1552","lab-dc1.lab.local","12/23/2016 8:49:00 PM",,,"security","Information","Info","Logon"
"S-1-5-18","LAB-DC1$","LAB","0x9776eb","3","4624","1","0","12544","0","-9214364837600034816","52847","Microsoft-Windows-Security-Auditing","54849625-5478-4994-a5ba-3e3b0328c30d","Security","0x0","1552","lab-dc1.lab.local","12/23/2016 8:48:57 PM",,,"security","Information","Info","Logon"
"S-1-5-18","LAB-DC1$","LAB","0x9760f5","3","4624","1","0","12544","0","-9214364837600034816","52839","Microsoft-Windows-Security-Auditing","54849625-5478-4994-a5ba-3e3b0328c30d","Security","0x0","2236","lab-dc1.lab.local","12/23/2016 8:48:36 PM",,,"security","Information","Info","Logon"
"S-1-5-18","LAB-DC1$","LAB","0x9744f4","3","4624","1","0","12544","0","-9214364837600034816","52836","Microsoft-Windows-Security-Auditing","54849625-5478-4994-a5ba-3e3b0328c30d","Security","0x0","1552","lab-dc1.lab.local","12/23/2016 8:47:57 PM",,,"security","Information","Info","Logon"
"S-1-5-18","LAB-DC1$","LAB","0x9719f3","3","4624","1","0","12544","0","-9214364837600034816","52833","Microsoft-Windows-Security-Auditing","54849625-5478-4994-a5ba-3e3b0328c30d","Security","0x0","1552","lab-dc1.lab.local","12/23/2016 8:46:57 PM",,,"security","Information","Info","Logon"
"S-1-5-18","LAB-DC1$","LAB","0x96efdd","3","4624","1","0","12544","0","-9214364837600034816","52829","Microsoft-Windows-Security-Auditing","54849625-5478-4994-a5ba-3e3b0328c30d","Security","0x0","1552","lab-dc1.lab.local","12/23/2016 8:45:59 PM",,,"security","Information","Info","Logon"
"S-1-5-18","LAB-DC1$","LAB","0x96ef62","3","4624","1","0","12544","0","-9214364837600034816","52826","Microsoft-Windows-Security-Auditing","54849625-5478-4994-a5ba-3e3b0328c30d","Security","0x0","1068","lab-dc1.lab.local","12/23/2016 8:45:59 PM",,,"security","Information","Info","Logon"
"S-1-5-18","LAB-DC1$","LAB","0x96ed06","3","4624","1","0","12544","0","-9214364837600034816","52823","Microsoft-Windows-Security-Auditing","54849625-5478-4994-a5ba-3e3b0328c30d","Security","0x0","1552","lab-dc1.lab.local","12/23/2016 8:45:57 PM",,,"security","Information","Info","Logon"
"S-1-5-18","LAB-DC1$","LAB","0x95378a","3","4624","1","0","12544","0","-9214364837600034816","52809","Microsoft-Windows-Security-Auditing","54849625-5478-4994-a5ba-3e3b0328c30d","Security","0x0","2236","lab-dc1.lab.local","12/23/2016 8:45:13 PM",,,"security","Information","Info","Logon"
"S-1-5-18","LAB-DC1$","LAB","0x9536e9","3","4624","1","0","12544","0","-9214364837600034816","52807","Microsoft-Windows-Security-Auditing","54849625-5478-4994-a5ba-3e3b0328c30d","Security","0x0","1552","lab-dc1.lab.local","12/23/2016 8:45:13 PM",,,"security","Information","Info","Logon"
"S-1-5-18","LAB-DC1$","LAB","0x9536a3","3","4624","1","0","12544","0","-9214364837600034816","52805","Microsoft-Windows-Security-Auditing","54849625-5478-4994-a5ba-3e3b0328c30d","Security","0x0","2236","lab-dc1.lab.local","12/23/2016 8:45:13 PM",,,"security","Information","Info","Logon"
"S-1-5-18","LAB-DC1$","LAB","0x9535e4","3","4624","1","0","12544","0","-9214364837600034816","52803","Microsoft-Windows-Security-Auditing","54849625-5478-4994-a5ba-3e3b0328c30d","Security","0x0","1068","lab-dc1.lab.local","12/23/2016 8:45:13 PM",,,"security","Information","Info","Logon"
"S-1-5-18","LAB-DC1$","LAB","0x952f32","3","4624","1","0","12544","0","-9214364837600034816","52801","Microsoft-Windows-Security-Auditing","54849625-5478-4994-a5ba-3e3b0328c30d","Security","0x0","4900","lab-dc1.lab.local","12/23/2016 8:45:13 PM",,,"security","Information","Info","Logon"
"S-1-5-18","LAB-DC1$","LAB","0x952066","3","4624","1","0","12544","0","-9214364837600034816","52798","Microsoft-Windows-Security-Auditing","54849625-5478-4994-a5ba-3e3b0328c30d","Security","0x0","1552","lab-dc1.lab.local","12/23/2016 8:44:57 PM",,,"security","Information","Info","Logon"
"S-1-5-18","LAB-DC1$","LAB","0x94f9a4","3","4624","1","0","12544","0","-9214364837600034816","52795","Microsoft-Windows-Security-Auditing","54849625-5478-4994-a5ba-3e3b0328c30d","Security","0x0","1068","lab-dc1.lab.local","12/23/2016 8:43:57 PM",,,"security","Information","Info","Logon"
"S-1-5-18","LAB-DC1$","LAB","0x94d3a9","3","4624","1","0","12544","0","-9214364837600034816","52792","Microsoft-Windows-Security-Auditing","54849625-5478-4994-a5ba-3e3b0328c30d","Security","0x0","1068","lab-dc1.lab.local","12/23/2016 8:42:57 PM",,,"security","Information","Info","Logon"
"S-1-5-18","LAB-DC1$","LAB","0x94a23a","3","4624","1","0","12544","0","-9214364837600034816","52778","Microsoft-Windows-Security-Auditing","54849625-5478-4994-a5ba-3e3b0328c30d","Security","0x0","1068","lab-dc1.lab.local","12/23/2016 8:41:57 PM",,,"security","Information","Info","Logon"
"S-1-5-18","LAB-DC1$","LAB","0x933591","3","4624","1","0","12544","0","-9214364837600034816","52756","Microsoft-Windows-Security-Auditing","54849625-5478-4994-a5ba-3e3b0328c30d","Security","0x0","1068","lab-dc1.lab.local","12/23/2016 8:40:57 PM",,,"security","Information","Info","Logon"
"S-1-5-18","LAB-DC1$","LAB","0x933513","3","4624","1","0","12544","0","-9214364837600034816","52753","Microsoft-Windows-Security-Auditing","54849625-5478-4994-a5ba-3e3b0328c30d","Security","0x0","1552","lab-dc1.lab.local","12/23/2016 8:40:57 PM",,,"security","Information","Info","Logon"
"S-1-5-18","LAB-DC1$","LAB","0x933400","3","4624","1","0","12544","0","-9214364837600034816","52750","Microsoft-Windows-Security-Auditing","54849625-5478-4994-a5ba-3e3b0328c30d","Security","0x0","1552","lab-dc1.lab.local","12/23/2016 8:40:57 PM",,,"security","Information","Info","Logon"
"S-1-5-18","LAB-DC1$","LAB","0x92fc25","3","4624","1","0","12544","0","-9214364837600034816","52744","Microsoft-Windows-Security-Auditing","54849625-5478-4994-a5ba-3e3b0328c30d","Security","0x0","2236","lab-dc1.lab.local","12/23/2016 8:40:13 PM",,,"security","Information","Info","Logon"
"S-1-5-18","LAB-DC1$","LAB","0x92fb97","3","4624","1","0","12544","0","-9214364837600034816","52742","Microsoft-Windows-Security-Auditing","54849625-5478-4994-a5ba-3e3b0328c30d","Security","0x0","1552","lab-dc1.lab.local","12/23/2016 8:40:12 PM",,,"security","Information","Info","Logon"
